*********************************************************************
* LD Score Regression (LDSC)
* Version 1.0.0
* (C) 2014-2015 Brendan Bulik-Sullivan and Hilary Finucane
* Broad Institute of MIT and Harvard / MIT Department of Mathematics
* GNU General Public License v3
*********************************************************************
Call: 
./ldsc.py \
--ref-ld-chr eur_w_ld_chr/ \
--out /home/eerdem/notebooks/CELLECT-Analyser/out/genetic_correlation/gc/ASD_2019_Net100_Pair18_29 \
--rg /home/eerdem/CELLECT/gwas/ASD_2019/ASD_iPSYCH-PGC_ASD_Nov2017.sumstats.gz,/home/eerdem/CELLECT/gwas/BIG-S2_rs-fMRI/ukb_phase1to3_fmri_edge_dec21_2019_pheno606.sumstats.gz \
--w-ld-chr eur_w_ld_chr/ 

Beginning analysis at Tue Dec  8 18:56:57 2020
Reading summary statistics from /home/eerdem/CELLECT/gwas/ASD_2019/ASD_iPSYCH-PGC_ASD_Nov2017.sumstats.gz ...
Read summary statistics for 1050225 SNPs.
Reading reference panel LD Score from eur_w_ld_chr/[1-22] ...
Read reference panel LD Scores for 1290028 SNPs.
Removing partitioned LD Scores with zero variance.
Reading regression weight LD Score from eur_w_ld_chr/[1-22] ...
Read regression weight LD Scores for 1290028 SNPs.
After merging with reference panel LD, 1045173 SNPs remain.
After merging with regression SNP LD, 1045173 SNPs remain.
Computing rg for phenotype 2/2
Reading summary statistics from /home/eerdem/CELLECT/gwas/BIG-S2_rs-fMRI/ukb_phase1to3_fmri_edge_dec21_2019_pheno606.sumstats.gz ...
Read summary statistics for 1149479 SNPs.
After merging with summary statistics, 1024172 SNPs remain.
1024172 SNPs with valid alleles.

Heritability of phenotype 1
---------------------------
Total Observed scale h2: 0.1949 (0.0174)
Lambda GC: 1.1735
Mean Chi^2: 1.2017
Intercept: 1.0089 (0.01)
Ratio: 0.0441 (0.0498)

Heritability of phenotype 2/2
-----------------------------
Total Observed scale h2: 0.0624 (0.0176)
Lambda GC: 1.0404
Mean Chi^2: 1.045
Intercept: 1.001 (0.0088)
Ratio: 0.0212 (0.195)

Genetic Covariance
------------------
Total Observed scale gencov: 0.0353 (0.0129)
Mean z1*z2: 0.02
Intercept: -0.0108 (0.0064)

Genetic Correlation
-------------------
Genetic Correlation: 0.3205 (0.1145)
Z-score: 2.8003
P: 0.0051


Summary of Genetic Correlation Results
p1                                                                                                p2      rg      se       z       p  h2_obs  h2_obs_se  h2_int  h2_int_se  gcov_int  gcov_int_se
/home/eerdem/CELLECT/gwas/ASD_2019/ASD_iPSYCH-PGC_ASD_Nov2017.sumstats.gz  /home/eerdem/CELLECT/gwas/BIG-S2_rs-fMRI/ukb_phase1to3_fmri_edge_dec21_2019_pheno606.sumstats.gz  0.3205  0.1145  2.8003  0.0051  0.0624     0.0176   1.001     0.0088   -0.0108       0.0064

Analysis finished at Tue Dec  8 18:57:20 2020
Total time elapsed: 23.17s
