*********************************************************************
* LD Score Regression (LDSC)
* Version 1.0.0
* (C) 2014-2015 Brendan Bulik-Sullivan and Hilary Finucane
* Broad Institute of MIT and Harvard / MIT Department of Mathematics
* GNU General Public License v3
*********************************************************************
Call: 
./ldsc.py \
--ref-ld-chr eur_w_ld_chr/ \
--out /home/eerdem/notebooks/CELLECT-Analyser/out/genetic_correlation/gc/ASD_2019_model1b_superiorfrontal \
--rg /home/eerdem/CELLECT/gwas/ASD_2019/ASD_iPSYCH-PGC_ASD_Nov2017.sumstats.gz,/home/eerdem/CELLECT/cortical_ROI_CHARGE2020/model1b_superiorfrontal_SAMPLESIZE.sumstats.gz \
--w-ld-chr eur_w_ld_chr/ 

Beginning analysis at Tue Dec  8 19:49:42 2020
Reading summary statistics from /home/eerdem/CELLECT/gwas/ASD_2019/ASD_iPSYCH-PGC_ASD_Nov2017.sumstats.gz ...
Read summary statistics for 1050225 SNPs.
Reading reference panel LD Score from eur_w_ld_chr/[1-22] ...
Read reference panel LD Scores for 1290028 SNPs.
Removing partitioned LD Scores with zero variance.
Reading regression weight LD Score from eur_w_ld_chr/[1-22] ...
Read regression weight LD Scores for 1290028 SNPs.
After merging with reference panel LD, 1045173 SNPs remain.
After merging with regression SNP LD, 1045173 SNPs remain.
Computing rg for phenotype 2/2
Reading summary statistics from /home/eerdem/CELLECT/cortical_ROI_CHARGE2020/model1b_superiorfrontal_SAMPLESIZE.sumstats.gz ...
Read summary statistics for 1186453 SNPs.
After merging with summary statistics, 1040468 SNPs remain.
1040468 SNPs with valid alleles.

Heritability of phenotype 1
---------------------------
Total Observed scale h2: 0.1946 (0.0172)
Lambda GC: 1.1719
Mean Chi^2: 1.2002
Intercept: 1.0081 (0.0098)
Ratio: 0.0406 (0.0491)

Heritability of phenotype 2/2
-----------------------------
Total Observed scale h2: 0.0769 (0.0242)
Lambda GC: 1.0236
Mean Chi^2: 1.0339
Intercept: 0.9975 (0.0073)
Ratio < 0 (usually indicates GC correction).

Genetic Covariance
------------------
Total Observed scale gencov: 0.0066 (0.0128)
Mean z1*z2: 0.0071
Intercept: 0.0024 (0.0059)

Genetic Correlation
-------------------
Genetic Correlation: 0.0536 (0.1056)
Z-score: 0.5074
P: 0.6119


Summary of Genetic Correlation Results
p1                                                                                           p2      rg      se       z       p  h2_obs  h2_obs_se  h2_int  h2_int_se  gcov_int  gcov_int_se
/home/eerdem/CELLECT/gwas/ASD_2019/ASD_iPSYCH-PGC_ASD_Nov2017.sumstats.gz  /home/eerdem/CELLECT/cortical_ROI_CHARGE2020/model1b_superiorfrontal_SAMPLESIZE.sumstats.gz  0.0536  0.1056  0.5074  0.6119  0.0769     0.0242  0.9975     0.0073    0.0024       0.0059

Analysis finished at Tue Dec  8 19:50:02 2020
Total time elapsed: 19.36s
