*********************************************************************
* LD Score Regression (LDSC)
* Version 1.0.0
* (C) 2014-2015 Brendan Bulik-Sullivan and Hilary Finucane
* Broad Institute of MIT and Harvard / MIT Department of Mathematics
* GNU General Public License v3
*********************************************************************
Call: 
./ldsc.py \
--ref-ld-chr eur_w_ld_chr/ \
--out /home/eerdem/notebooks/CELLECT-Analyser/out/genetic_correlation/gc/ASD_2019_ukb_phase1to3_fapcs_dec21_2019_pheno78 \
--rg /home/eerdem/CELLECT/gwas/ASD_2019/ASD_iPSYCH-PGC_ASD_Nov2017.sumstats.gz,/home/eerdem/CELLECT/gwas/BIG-S2_DTI2020_munged/ukb_phase1to3_fapcs_dec21_2019_pheno78.sumstats.gz \
--w-ld-chr eur_w_ld_chr/ 

Beginning analysis at Tue Dec  8 20:04:12 2020
Reading summary statistics from /home/eerdem/CELLECT/gwas/ASD_2019/ASD_iPSYCH-PGC_ASD_Nov2017.sumstats.gz ...
Read summary statistics for 1050225 SNPs.
Reading reference panel LD Score from eur_w_ld_chr/[1-22] ...
Read reference panel LD Scores for 1290028 SNPs.
Removing partitioned LD Scores with zero variance.
Reading regression weight LD Score from eur_w_ld_chr/[1-22] ...
Read regression weight LD Scores for 1290028 SNPs.
After merging with reference panel LD, 1045173 SNPs remain.
After merging with regression SNP LD, 1045173 SNPs remain.
Computing rg for phenotype 2/2
Reading summary statistics from /home/eerdem/CELLECT/gwas/BIG-S2_DTI2020_munged/ukb_phase1to3_fapcs_dec21_2019_pheno78.sumstats.gz ...
Read summary statistics for 1149074 SNPs.
After merging with summary statistics, 1023801 SNPs remain.
1023801 SNPs with valid alleles.

Heritability of phenotype 1
---------------------------
Total Observed scale h2: 0.1948 (0.0174)
Lambda GC: 1.1735
Mean Chi^2: 1.2019
Intercept: 1.0092 (0.0101)
Ratio: 0.0457 (0.0498)

Heritability of phenotype 2/2
-----------------------------
Total Observed scale h2: 0.194 (0.0203)
Lambda GC: 1.1201
Mean Chi^2: 1.1456
Intercept: 1.018 (0.0087)
Ratio: 0.1235 (0.0601)

Genetic Covariance
------------------
Total Observed scale gencov: -0.015 (0.0113)
Mean z1*z2: -0.0045
Intercept: 0.0064 (0.006)

Genetic Correlation
-------------------
Genetic Correlation: -0.0774 (0.0585)
Z-score: -1.3225
P: 0.186


Summary of Genetic Correlation Results
p1                                                                                                  p2      rg      se       z      p  h2_obs  h2_obs_se  h2_int  h2_int_se  gcov_int  gcov_int_se
/home/eerdem/CELLECT/gwas/ASD_2019/ASD_iPSYCH-PGC_ASD_Nov2017.sumstats.gz  /home/eerdem/CELLECT/gwas/BIG-S2_DTI2020_munged/ukb_phase1to3_fapcs_dec21_2019_pheno78.sumstats.gz -0.0774  0.0585 -1.3225  0.186   0.194     0.0203   1.018     0.0087    0.0064        0.006

Analysis finished at Tue Dec  8 20:04:32 2020
Total time elapsed: 20.18s
