*********************************************************************
* LD Score Regression (LDSC)
* Version 1.0.0
* (C) 2014-2015 Brendan Bulik-Sullivan and Hilary Finucane
* Broad Institute of MIT and Harvard / MIT Department of Mathematics
* GNU General Public License v3
*********************************************************************
Call: 
./ldsc.py \
--ref-ld-chr eur_w_ld_chr/ \
--out /home/eerdem/notebooks/CELLECT-Analyser/out/genetic_correlation/gc/ASD_2019_model1a_frontalpole \
--rg /home/eerdem/CELLECT/gwas/ASD_2019/ASD_iPSYCH-PGC_ASD_Nov2017.sumstats.gz,/home/eerdem/CELLECT/cortical_ROI_CHARGE2020/model1a_frontalpole_SAMPLESIZE.sumstats.gz \
--w-ld-chr eur_w_ld_chr/ 

Beginning analysis at Tue Dec  8 15:44:27 2020
Reading summary statistics from /home/eerdem/CELLECT/gwas/ASD_2019/ASD_iPSYCH-PGC_ASD_Nov2017.sumstats.gz ...
Read summary statistics for 1050225 SNPs.
Reading reference panel LD Score from eur_w_ld_chr/[1-22] ...
Read reference panel LD Scores for 1290028 SNPs.
Removing partitioned LD Scores with zero variance.
Reading regression weight LD Score from eur_w_ld_chr/[1-22] ...
Read regression weight LD Scores for 1290028 SNPs.
After merging with reference panel LD, 1045173 SNPs remain.
After merging with regression SNP LD, 1045173 SNPs remain.
Computing rg for phenotype 2/2
Reading summary statistics from /home/eerdem/CELLECT/cortical_ROI_CHARGE2020/model1a_frontalpole_SAMPLESIZE.sumstats.gz ...
Read summary statistics for 1191333 SNPs.
After merging with summary statistics, 1041359 SNPs remain.
1041359 SNPs with valid alleles.

Heritability of phenotype 1
---------------------------
Total Observed scale h2: 0.1936 (0.0171)
Lambda GC: 1.1725
Mean Chi^2: 1.2002
Intercept: 1.0091 (0.0097)
Ratio: 0.0457 (0.0487)

Heritability of phenotype 2/2
-----------------------------
Total Observed scale h2: 0.0774 (0.0284)
Lambda GC: 1.0255
Mean Chi^2: 1.0289
Intercept: 0.9988 (0.008)
Ratio < 0 (usually indicates GC correction).

Genetic Covariance
------------------
Total Observed scale gencov: -0.0157 (0.0167)
Mean z1*z2: -0.0131
Intercept: -0.0003 (0.0068)

Genetic Correlation
-------------------
Genetic Correlation: -0.128 (0.1346)
Z-score: -0.9509
P: 0.3417


Summary of Genetic Correlation Results
p1                                                                                       p2     rg      se       z       p  h2_obs  h2_obs_se  h2_int  h2_int_se  gcov_int  gcov_int_se
/home/eerdem/CELLECT/gwas/ASD_2019/ASD_iPSYCH-PGC_ASD_Nov2017.sumstats.gz  /home/eerdem/CELLECT/cortical_ROI_CHARGE2020/model1a_frontalpole_SAMPLESIZE.sumstats.gz -0.128  0.1346 -0.9509  0.3417  0.0774     0.0284  0.9988      0.008   -0.0003       0.0068

Analysis finished at Tue Dec  8 15:44:50 2020
Total time elapsed: 22.69s
