*********************************************************************
* LD Score Regression (LDSC)
* Version 1.0.0
* (C) 2014-2015 Brendan Bulik-Sullivan and Hilary Finucane
* Broad Institute of MIT and Harvard / MIT Department of Mathematics
* GNU General Public License v3
*********************************************************************
Call: 
./ldsc.py \
--ref-ld-chr eur_w_ld_chr/ \
--out /home/eerdem/notebooks/CELLECT-Analyser/out/genetic_correlation/gc/BIG-S2_ROIvolume_left_hippocampus2019_model1a_cortex \
--rg /home/eerdem/CELLECT/gwas/BIG-S2_ROI_volume2019/ukb_roi_volume_may12_2019_phase1and2_pheno81_allchr_withA2.sumstats.gz,/home/eerdem/CELLECT/cortical_ROI_CHARGE2020/model1a_cortex_SAMPLESIZE.sumstats.gz \
--w-ld-chr eur_w_ld_chr/ 

Beginning analysis at Tue Dec  8 15:14:12 2020
Reading summary statistics from /home/eerdem/CELLECT/gwas/BIG-S2_ROI_volume2019/ukb_roi_volume_may12_2019_phase1and2_pheno81_allchr_withA2.sumstats.gz ...
Read summary statistics for 1163455 SNPs.
Reading reference panel LD Score from eur_w_ld_chr/[1-22] ...
Read reference panel LD Scores for 1290028 SNPs.
Removing partitioned LD Scores with zero variance.
Reading regression weight LD Score from eur_w_ld_chr/[1-22] ...
Read regression weight LD Scores for 1290028 SNPs.
After merging with reference panel LD, 1156597 SNPs remain.
After merging with regression SNP LD, 1156597 SNPs remain.
Computing rg for phenotype 2/2
Reading summary statistics from /home/eerdem/CELLECT/cortical_ROI_CHARGE2020/model1a_cortex_SAMPLESIZE.sumstats.gz ...
Read summary statistics for 1076965 SNPs.
After merging with summary statistics, 1059311 SNPs remain.
1059311 SNPs with valid alleles.

Heritability of phenotype 1
---------------------------
Total Observed scale h2: 0.3752 (0.0432)
Lambda GC: 1.1142
Mean Chi^2: 1.1505
Intercept: 1.0054 (0.0086)
Ratio: 0.0362 (0.0574)

Heritability of phenotype 2/2
-----------------------------
Total Observed scale h2: 0.3051 (0.039)
Lambda GC: 1.1097
Mean Chi^2: 1.1258
Intercept: 1.0085 (0.0088)
Ratio: 0.0676 (0.0699)

Genetic Covariance
------------------
Total Observed scale gencov: 0.0165 (0.0224)
Mean z1*z2: 0.0311
Intercept: 0.0252 (0.0056)

Genetic Correlation
-------------------
Genetic Correlation: 0.0488 (0.066)
Z-score: 0.7399
P: 0.4593


Summary of Genetic Correlation Results
p1                                                                                  p2      rg     se       z       p  h2_obs  h2_obs_se  h2_int  h2_int_se  gcov_int  gcov_int_se
/home/eerdem/CELLECT/gwas/BIG-S2_ROI_volume2019/ukb_roi_volume_may12_2019_phase1and2_pheno81_allchr_withA2.sumstats.gz  /home/eerdem/CELLECT/cortical_ROI_CHARGE2020/model1a_cortex_SAMPLESIZE.sumstats.gz  0.0488  0.066  0.7399  0.4593  0.3051      0.039  1.0085     0.0088    0.0252       0.0056

Analysis finished at Tue Dec  8 15:14:35 2020
Total time elapsed: 22.38s
