*********************************************************************
* LD Score Regression (LDSC)
* Version 1.0.0
* (C) 2014-2015 Brendan Bulik-Sullivan and Hilary Finucane
* Broad Institute of MIT and Harvard / MIT Department of Mathematics
* GNU General Public License v3
*********************************************************************
Call: 
./ldsc.py \
--ref-ld-chr eur_w_ld_chr/ \
--out /home/eerdem/notebooks/CELLECT-Analyser/out/genetic_correlation/gc/BIG-S2_ROIvolume_right_hippocampus2019_ukb_phase1to3_fapcs_dec21_2019_pheno2 \
--rg /home/eerdem/CELLECT/gwas/BIG-S2_ROI_volume2019/ukb_roi_volume_may12_2019_phase1and2_pheno94_allchr_withA2.sumstats.gz,/home/eerdem/CELLECT/gwas/BIG-S2_DTI2020_munged/ukb_phase1to3_fapcs_dec21_2019_pheno2.sumstats.gz \
--w-ld-chr eur_w_ld_chr/ 

Beginning analysis at Tue Dec  8 16:03:12 2020
Reading summary statistics from /home/eerdem/CELLECT/gwas/BIG-S2_ROI_volume2019/ukb_roi_volume_may12_2019_phase1and2_pheno94_allchr_withA2.sumstats.gz ...
Read summary statistics for 1163455 SNPs.
Reading reference panel LD Score from eur_w_ld_chr/[1-22] ...
Read reference panel LD Scores for 1290028 SNPs.
Removing partitioned LD Scores with zero variance.
Reading regression weight LD Score from eur_w_ld_chr/[1-22] ...
Read regression weight LD Scores for 1290028 SNPs.
After merging with reference panel LD, 1156597 SNPs remain.
After merging with regression SNP LD, 1156597 SNPs remain.
Computing rg for phenotype 2/2
Reading summary statistics from /home/eerdem/CELLECT/gwas/BIG-S2_DTI2020_munged/ukb_phase1to3_fapcs_dec21_2019_pheno2.sumstats.gz ...
Read summary statistics for 1149074 SNPs.
After merging with summary statistics, 1141418 SNPs remain.
1141418 SNPs with valid alleles.

Heritability of phenotype 1
---------------------------
Total Observed scale h2: 0.3635 (0.0444)
Lambda GC: 1.1001
Mean Chi^2: 1.1403
Intercept: 1.0042 (0.0073)
Ratio: 0.0302 (0.0521)

Heritability of phenotype 2/2
-----------------------------
Total Observed scale h2: 0.2895 (0.0244)
Lambda GC: 1.1524
Mean Chi^2: 1.1947
Intercept: 1.0111 (0.008)
Ratio: 0.0572 (0.0412)

Genetic Covariance
------------------
Total Observed scale gencov: 0.0376 (0.0172)
Mean z1*z2: 0.0279
Intercept: 0.0093 (0.0048)

Genetic Correlation
-------------------
Genetic Correlation: 0.116 (0.0537)
Z-score: 2.1604
P: 0.0307


Summary of Genetic Correlation Results
p1                                                                                                 p2     rg      se       z       p  h2_obs  h2_obs_se  h2_int  h2_int_se  gcov_int  gcov_int_se
/home/eerdem/CELLECT/gwas/BIG-S2_ROI_volume2019/ukb_roi_volume_may12_2019_phase1and2_pheno94_allchr_withA2.sumstats.gz  /home/eerdem/CELLECT/gwas/BIG-S2_DTI2020_munged/ukb_phase1to3_fapcs_dec21_2019_pheno2.sumstats.gz  0.116  0.0537  2.1604  0.0307  0.2895     0.0244  1.0111      0.008    0.0093       0.0048

Analysis finished at Tue Dec  8 16:03:35 2020
Total time elapsed: 23.09s
