*********************************************************************
* LD Score Regression (LDSC)
* Version 1.0.0
* (C) 2014-2015 Brendan Bulik-Sullivan and Hilary Finucane
* Broad Institute of MIT and Harvard / MIT Department of Mathematics
* GNU General Public License v3
*********************************************************************
Call: 
./ldsc.py \
--ref-ld-chr eur_w_ld_chr/ \
--out /home/eerdem/notebooks/CELLECT-Analyser/out/genetic_correlation/gc/BIG-S2_ROIvolume_right_hippocampus2019_Net_Edge_ICA1 \
--rg /home/eerdem/CELLECT/gwas/BIG-S2_ROI_volume2019/ukb_roi_volume_may12_2019_phase1and2_pheno94_allchr_withA2.sumstats.gz,/home/eerdem/CELLECT/gwas/BIG-S2_rs-fMRI/ukb_phase1to3_fmri_edge_dec21_2019_pheno1696.sumstats.gz \
--w-ld-chr eur_w_ld_chr/ 

Beginning analysis at Tue Dec  8 19:07:57 2020
Reading summary statistics from /home/eerdem/CELLECT/gwas/BIG-S2_ROI_volume2019/ukb_roi_volume_may12_2019_phase1and2_pheno94_allchr_withA2.sumstats.gz ...
Read summary statistics for 1163455 SNPs.
Reading reference panel LD Score from eur_w_ld_chr/[1-22] ...
Read reference panel LD Scores for 1290028 SNPs.
Removing partitioned LD Scores with zero variance.
Reading regression weight LD Score from eur_w_ld_chr/[1-22] ...
Read regression weight LD Scores for 1290028 SNPs.
After merging with reference panel LD, 1156597 SNPs remain.
After merging with regression SNP LD, 1156597 SNPs remain.
Computing rg for phenotype 2/2
Reading summary statistics from /home/eerdem/CELLECT/gwas/BIG-S2_rs-fMRI/ukb_phase1to3_fmri_edge_dec21_2019_pheno1696.sumstats.gz ...
Read summary statistics for 1149479 SNPs.
After merging with summary statistics, 1141871 SNPs remain.
1141871 SNPs with valid alleles.

Heritability of phenotype 1
---------------------------
Total Observed scale h2: 0.3628 (0.0443)
Lambda GC: 1.1001
Mean Chi^2: 1.1402
Intercept: 1.0044 (0.0072)
Ratio: 0.0314 (0.0516)

Heritability of phenotype 2/2
-----------------------------
Total Observed scale h2: 0.1105 (0.0163)
Lambda GC: 1.0744
Mean Chi^2: 1.0792
Intercept: 1.0088 (0.0071)
Ratio: 0.1117 (0.0892)

Genetic Covariance
------------------
Total Observed scale gencov: 0.0078 (0.0149)
Mean z1*z2: 0.0042
Intercept: 0.0006 (0.005)

Genetic Correlation
-------------------
Genetic Correlation: 0.039 (0.0748)
Z-score: 0.5211
P: 0.6023


Summary of Genetic Correlation Results
p1                                                                                                 p2     rg      se       z       p  h2_obs  h2_obs_se  h2_int  h2_int_se  gcov_int  gcov_int_se
/home/eerdem/CELLECT/gwas/BIG-S2_ROI_volume2019/ukb_roi_volume_may12_2019_phase1and2_pheno94_allchr_withA2.sumstats.gz  /home/eerdem/CELLECT/gwas/BIG-S2_rs-fMRI/ukb_phase1to3_fmri_edge_dec21_2019_pheno1696.sumstats.gz  0.039  0.0748  0.5211  0.6023  0.1105     0.0163  1.0088     0.0071    0.0006        0.005

Analysis finished at Tue Dec  8 19:08:19 2020
Total time elapsed: 22.12s
