*********************************************************************
* LD Score Regression (LDSC)
* Version 1.0.0
* (C) 2014-2015 Brendan Bulik-Sullivan and Hilary Finucane
* Broad Institute of MIT and Harvard / MIT Department of Mathematics
* GNU General Public License v3
*********************************************************************
Call: 
./ldsc.py \
--ref-ld-chr eur_w_ld_chr/ \
--out /home/eerdem/notebooks/CELLECT-Analyser/out/genetic_correlation/gc/BIG-S2_ROIvolume_left_hippocampus2019_Net100_Node36 \
--rg /home/eerdem/CELLECT/gwas/BIG-S2_ROI_volume2019/ukb_roi_volume_may12_2019_phase1and2_pheno81_allchr_withA2.sumstats.gz,/home/eerdem/CELLECT/gwas/BIG-S2_rs-fMRI/ukb_phase1to3_fmri_node_dec21_2019_pheno57.sumstats.gz \
--w-ld-chr eur_w_ld_chr/ 

Beginning analysis at Tue Dec  8 15:14:12 2020
Reading summary statistics from /home/eerdem/CELLECT/gwas/BIG-S2_ROI_volume2019/ukb_roi_volume_may12_2019_phase1and2_pheno81_allchr_withA2.sumstats.gz ...
Read summary statistics for 1163455 SNPs.
Reading reference panel LD Score from eur_w_ld_chr/[1-22] ...
Read reference panel LD Scores for 1290028 SNPs.
Removing partitioned LD Scores with zero variance.
Reading regression weight LD Score from eur_w_ld_chr/[1-22] ...
Read regression weight LD Scores for 1290028 SNPs.
After merging with reference panel LD, 1156597 SNPs remain.
After merging with regression SNP LD, 1156597 SNPs remain.
Computing rg for phenotype 2/2
Reading summary statistics from /home/eerdem/CELLECT/gwas/BIG-S2_rs-fMRI/ukb_phase1to3_fmri_node_dec21_2019_pheno57.sumstats.gz ...
Read summary statistics for 1149479 SNPs.
After merging with summary statistics, 1141871 SNPs remain.
1141871 SNPs with valid alleles.

Heritability of phenotype 1
---------------------------
Total Observed scale h2: 0.3717 (0.0394)
Lambda GC: 1.1082
Mean Chi^2: 1.1411
Intercept: 1.0036 (0.0073)
Ratio: 0.0257 (0.052)

Heritability of phenotype 2/2
-----------------------------
Total Observed scale h2: 0.1717 (0.0195)
Lambda GC: 1.0929
Mean Chi^2: 1.1133
Intercept: 1.0008 (0.0091)
Ratio: 0.0071 (0.0802)

Genetic Covariance
------------------
Total Observed scale gencov: 0.0007 (0.0169)
Mean z1*z2: 0.0258
Intercept: 0.0257 (0.005)

Genetic Correlation
-------------------
Genetic Correlation: 0.0029 (0.067)
Z-score: 0.0437
P: 0.9651


Summary of Genetic Correlation Results
p1                                                                                               p2      rg     se       z       p  h2_obs  h2_obs_se  h2_int  h2_int_se  gcov_int  gcov_int_se
/home/eerdem/CELLECT/gwas/BIG-S2_ROI_volume2019/ukb_roi_volume_may12_2019_phase1and2_pheno81_allchr_withA2.sumstats.gz  /home/eerdem/CELLECT/gwas/BIG-S2_rs-fMRI/ukb_phase1to3_fmri_node_dec21_2019_pheno57.sumstats.gz  0.0029  0.067  0.0437  0.9651  0.1717     0.0195  1.0008     0.0091    0.0257        0.005

Analysis finished at Tue Dec  8 15:14:35 2020
Total time elapsed: 22.88s
