*********************************************************************
* LD Score Regression (LDSC)
* Version 1.0.0
* (C) 2014-2015 Brendan Bulik-Sullivan and Hilary Finucane
* Broad Institute of MIT and Harvard / MIT Department of Mathematics
* GNU General Public License v3
*********************************************************************
Call: 
./ldsc.py \
--ref-ld-chr eur_w_ld_chr/ \
--out /home/eerdem/notebooks/CELLECT-Analyser/out/genetic_correlation/gc/BIG-S2_ROIvolume_left_hippocampus2019_ukb_phase1to3_dti441_dec21_2019_pheno376 \
--rg /home/eerdem/CELLECT/gwas/BIG-S2_ROI_volume2019/ukb_roi_volume_may12_2019_phase1and2_pheno81_allchr_withA2.sumstats.gz,/home/eerdem/CELLECT/gwas/BIG-S2_DTI2020_munged/ukb_phase1to3_dti441_dec21_2019_pheno376.sumstats.gz \
--w-ld-chr eur_w_ld_chr/ 

Beginning analysis at Tue Dec  8 15:10:42 2020
Reading summary statistics from /home/eerdem/CELLECT/gwas/BIG-S2_ROI_volume2019/ukb_roi_volume_may12_2019_phase1and2_pheno81_allchr_withA2.sumstats.gz ...
Read summary statistics for 1163455 SNPs.
Reading reference panel LD Score from eur_w_ld_chr/[1-22] ...
Read reference panel LD Scores for 1290028 SNPs.
Removing partitioned LD Scores with zero variance.
Reading regression weight LD Score from eur_w_ld_chr/[1-22] ...
Read regression weight LD Scores for 1290028 SNPs.
After merging with reference panel LD, 1156597 SNPs remain.
After merging with regression SNP LD, 1156597 SNPs remain.
Computing rg for phenotype 2/2
Reading summary statistics from /home/eerdem/CELLECT/gwas/BIG-S2_DTI2020_munged/ukb_phase1to3_dti441_dec21_2019_pheno376.sumstats.gz ...
Read summary statistics for 1149074 SNPs.
After merging with summary statistics, 1141418 SNPs remain.
1141418 SNPs with valid alleles.

Heritability of phenotype 1
---------------------------
Total Observed scale h2: 0.3725 (0.0396)
Lambda GC: 1.1082
Mean Chi^2: 1.1412
Intercept: 1.0034 (0.0074)
Ratio: 0.0242 (0.0523)

Heritability of phenotype 2/2
-----------------------------
Total Observed scale h2: 0.1492 (0.0206)
Lambda GC: 1.0775
Mean Chi^2: 1.0946
Intercept: 1.001 (0.0079)
Ratio: 0.0104 (0.0836)

Genetic Covariance
------------------
Total Observed scale gencov: 0.0223 (0.0183)
Mean z1*z2: 0.0092
Intercept: 0.0015 (0.005)

Genetic Correlation
-------------------
Genetic Correlation: 0.0946 (0.0777)
Z-score: 1.2165
P: 0.2238


Summary of Genetic Correlation Results
p1                                                                                                    p2      rg      se       z       p  h2_obs  h2_obs_se  h2_int  h2_int_se  gcov_int  gcov_int_se
/home/eerdem/CELLECT/gwas/BIG-S2_ROI_volume2019/ukb_roi_volume_may12_2019_phase1and2_pheno81_allchr_withA2.sumstats.gz  /home/eerdem/CELLECT/gwas/BIG-S2_DTI2020_munged/ukb_phase1to3_dti441_dec21_2019_pheno376.sumstats.gz  0.0946  0.0777  1.2165  0.2238  0.1492     0.0206   1.001     0.0079    0.0015        0.005

Analysis finished at Tue Dec  8 15:11:00 2020
Total time elapsed: 17.85s
