*********************************************************************
* LD Score Regression (LDSC)
* Version 1.0.0
* (C) 2014-2015 Brendan Bulik-Sullivan and Hilary Finucane
* Broad Institute of MIT and Harvard / MIT Department of Mathematics
* GNU General Public License v3
*********************************************************************
Call: 
./ldsc.py \
--ref-ld-chr eur_w_ld_chr/ \
--out /home/eerdem/notebooks/CELLECT-Analyser/out/genetic_correlation/gc/BIG-S2_ROIvolume_right_hippocampus2019_model1a_medialorbitofrontal \
--rg /home/eerdem/CELLECT/gwas/BIG-S2_ROI_volume2019/ukb_roi_volume_may12_2019_phase1and2_pheno94_allchr_withA2.sumstats.gz,/home/eerdem/CELLECT/cortical_ROI_CHARGE2020/model1a_medialorbitofrontal_SAMPLESIZE.sumstats.gz \
--w-ld-chr eur_w_ld_chr/ 

Beginning analysis at Tue Dec  8 19:41:42 2020
Reading summary statistics from /home/eerdem/CELLECT/gwas/BIG-S2_ROI_volume2019/ukb_roi_volume_may12_2019_phase1and2_pheno94_allchr_withA2.sumstats.gz ...
Read summary statistics for 1163455 SNPs.
Reading reference panel LD Score from eur_w_ld_chr/[1-22] ...
Read reference panel LD Scores for 1290028 SNPs.
Removing partitioned LD Scores with zero variance.
Reading regression weight LD Score from eur_w_ld_chr/[1-22] ...
Read regression weight LD Scores for 1290028 SNPs.
After merging with reference panel LD, 1156597 SNPs remain.
After merging with regression SNP LD, 1156597 SNPs remain.
Computing rg for phenotype 2/2
Reading summary statistics from /home/eerdem/CELLECT/cortical_ROI_CHARGE2020/model1a_medialorbitofrontal_SAMPLESIZE.sumstats.gz ...
Read summary statistics for 1191336 SNPs.
After merging with summary statistics, 1149046 SNPs remain.
1149046 SNPs with valid alleles.

Heritability of phenotype 1
---------------------------
Total Observed scale h2: 0.3563 (0.0453)
Lambda GC: 1.1001
Mean Chi^2: 1.1398
Intercept: 1.0061 (0.0077)
Ratio: 0.0439 (0.0549)

Heritability of phenotype 2/2
-----------------------------
Total Observed scale h2: 0.1558 (0.0263)
Lambda GC: 1.0475
Mean Chi^2: 1.0472
Intercept: 0.9901 (0.0058)
Ratio < 0 (usually indicates GC correction).

Genetic Covariance
------------------
Total Observed scale gencov: -0.0251 (0.0198)
Mean z1*z2: -0.0103
Intercept: 0.0007 (0.0048)

Genetic Correlation
-------------------
Genetic Correlation: -0.1066 (0.0842)
Z-score: -1.2651
P: 0.2058


Summary of Genetic Correlation Results
p1                                                                                               p2      rg      se       z       p  h2_obs  h2_obs_se  h2_int  h2_int_se  gcov_int  gcov_int_se
/home/eerdem/CELLECT/gwas/BIG-S2_ROI_volume2019/ukb_roi_volume_may12_2019_phase1and2_pheno94_allchr_withA2.sumstats.gz  /home/eerdem/CELLECT/cortical_ROI_CHARGE2020/model1a_medialorbitofrontal_SAMPLESIZE.sumstats.gz -0.1066  0.0842 -1.2651  0.2058  0.1558     0.0263  0.9901     0.0058    0.0007       0.0048

Analysis finished at Tue Dec  8 19:42:05 2020
Total time elapsed: 22.96s
