*********************************************************************
* LD Score Regression (LDSC)
* Version 1.0.0
* (C) 2014-2015 Brendan Bulik-Sullivan and Hilary Finucane
* Broad Institute of MIT and Harvard / MIT Department of Mathematics
* GNU General Public License v3
*********************************************************************
Call: 
./ldsc.py \
--ref-ld-chr eur_w_ld_chr/ \
--out /home/eerdem/notebooks/CELLECT-Analyser/out/genetic_correlation/gc/BIP_PGC3_Net100_Pair5_45 \
--rg /home/eerdem/CELLECT-revised/gwas/BIP_PGC3/BIP_PGC3.sumstats.gz,/home/eerdem/CELLECT/gwas/BIG-S2_rs-fMRI/ukb_phase1to3_fmri_edge_dec21_2019_pheno1161.sumstats.gz \
--w-ld-chr eur_w_ld_chr/ 

Beginning analysis at Tue Dec  8 16:06:12 2020
Reading summary statistics from /home/eerdem/CELLECT-revised/gwas/BIP_PGC3/BIP_PGC3.sumstats.gz ...
Read summary statistics for 1122331 SNPs.
Reading reference panel LD Score from eur_w_ld_chr/[1-22] ...
Read reference panel LD Scores for 1290028 SNPs.
Removing partitioned LD Scores with zero variance.
Reading regression weight LD Score from eur_w_ld_chr/[1-22] ...
Read regression weight LD Scores for 1290028 SNPs.
After merging with reference panel LD, 1117606 SNPs remain.
After merging with regression SNP LD, 1117606 SNPs remain.
Computing rg for phenotype 2/2
Reading summary statistics from /home/eerdem/CELLECT/gwas/BIG-S2_rs-fMRI/ukb_phase1to3_fmri_edge_dec21_2019_pheno1161.sumstats.gz ...
Read summary statistics for 1149479 SNPs.
After merging with summary statistics, 1093217 SNPs remain.
1093217 SNPs with valid alleles.

Heritability of phenotype 1
---------------------------
Total Observed scale h2: 0.0697 (0.003)
Lambda GC: 1.4719
Mean Chi^2: 1.6159
Intercept: 1.0365 (0.0114)
Ratio: 0.0592 (0.0185)

Heritability of phenotype 2/2
-----------------------------
Total Observed scale h2: 0.199 (0.0236)
Lambda GC: 1.1065
Mean Chi^2: 1.1326
Intercept: 1.001 (0.008)
Ratio: 0.0079 (0.0601)

Genetic Covariance
------------------
Total Observed scale gencov: -0.0021 (0.0054)
Mean z1*z2: -0.0104
Intercept: -0.0035 (0.0071)

Genetic Correlation
-------------------
Genetic Correlation: -0.0176 (0.0455)
Z-score: -0.3877
P: 0.6982


Summary of Genetic Correlation Results
p1                                                                                                 p2      rg      se       z       p  h2_obs  h2_obs_se  h2_int  h2_int_se  gcov_int  gcov_int_se
/home/eerdem/CELLECT-revised/gwas/BIP_PGC3/BIP_PGC3.sumstats.gz  /home/eerdem/CELLECT/gwas/BIG-S2_rs-fMRI/ukb_phase1to3_fmri_edge_dec21_2019_pheno1161.sumstats.gz -0.0176  0.0455 -0.3877  0.6982   0.199     0.0236   1.001      0.008   -0.0035       0.0071

Analysis finished at Tue Dec  8 16:06:30 2020
Total time elapsed: 17.85s
