*********************************************************************
* LD Score Regression (LDSC)
* Version 1.0.0
* (C) 2014-2015 Brendan Bulik-Sullivan and Hilary Finucane
* Broad Institute of MIT and Harvard / MIT Department of Mathematics
* GNU General Public License v3
*********************************************************************
Call: 
./ldsc.py \
--ref-ld-chr eur_w_ld_chr/ \
--out /home/eerdem/notebooks/CELLECT-Analyser/out/genetic_correlation/gc/BIP_PGC3_Net100_Pair20_30 \
--rg /home/eerdem/CELLECT-revised/gwas/BIP_PGC3/BIP_PGC3.sumstats.gz,/home/eerdem/CELLECT/gwas/BIG-S2_rs-fMRI/ukb_phase1to3_fmri_edge_dec21_2019_pheno636.sumstats.gz \
--w-ld-chr eur_w_ld_chr/ 

Beginning analysis at Tue Dec  8 18:00:27 2020
Reading summary statistics from /home/eerdem/CELLECT-revised/gwas/BIP_PGC3/BIP_PGC3.sumstats.gz ...
Read summary statistics for 1122331 SNPs.
Reading reference panel LD Score from eur_w_ld_chr/[1-22] ...
Read reference panel LD Scores for 1290028 SNPs.
Removing partitioned LD Scores with zero variance.
Reading regression weight LD Score from eur_w_ld_chr/[1-22] ...
Read regression weight LD Scores for 1290028 SNPs.
After merging with reference panel LD, 1117606 SNPs remain.
After merging with regression SNP LD, 1117606 SNPs remain.
Computing rg for phenotype 2/2
Reading summary statistics from /home/eerdem/CELLECT/gwas/BIG-S2_rs-fMRI/ukb_phase1to3_fmri_edge_dec21_2019_pheno636.sumstats.gz ...
Read summary statistics for 1149479 SNPs.
After merging with summary statistics, 1093217 SNPs remain.
1093217 SNPs with valid alleles.

Heritability of phenotype 1
---------------------------
Total Observed scale h2: 0.0697 (0.003)
Lambda GC: 1.4719
Mean Chi^2: 1.6159
Intercept: 1.0365 (0.0114)
Ratio: 0.0592 (0.0185)

Heritability of phenotype 2/2
-----------------------------
Total Observed scale h2: 0.0555 (0.0151)
Lambda GC: 1.0435
Mean Chi^2: 1.0425
Intercept: 1.0054 (0.0072)
Ratio: 0.1276 (0.1705)

Genetic Covariance
------------------
Total Observed scale gencov: 0.0013 (0.0043)
Mean z1*z2: -0.0026
Intercept: -0.0058 (0.0059)

Genetic Correlation
-------------------
Genetic Correlation: 0.0214 (0.0686)
Z-score: 0.3119
P: 0.7551


Summary of Genetic Correlation Results
p1                                                                                                p2      rg      se       z       p  h2_obs  h2_obs_se  h2_int  h2_int_se  gcov_int  gcov_int_se
/home/eerdem/CELLECT-revised/gwas/BIP_PGC3/BIP_PGC3.sumstats.gz  /home/eerdem/CELLECT/gwas/BIG-S2_rs-fMRI/ukb_phase1to3_fmri_edge_dec21_2019_pheno636.sumstats.gz  0.0214  0.0686  0.3119  0.7551  0.0555     0.0151  1.0054     0.0072   -0.0058       0.0059

Analysis finished at Tue Dec  8 18:00:46 2020
Total time elapsed: 19.31s
