*********************************************************************
* LD Score Regression (LDSC)
* Version 1.0.0
* (C) 2014-2015 Brendan Bulik-Sullivan and Hilary Finucane
* Broad Institute of MIT and Harvard / MIT Department of Mathematics
* GNU General Public License v3
*********************************************************************
Call: 
./ldsc.py \
--ref-ld-chr eur_w_ld_chr/ \
--out /home/eerdem/notebooks/CELLECT-Analyser/out/genetic_correlation/gc/BIP_PGC3_ukb_phase1to3_dti441_dec21_2019_pheno382 \
--rg /home/eerdem/CELLECT-revised/gwas/BIP_PGC3/BIP_PGC3.sumstats.gz,/home/eerdem/CELLECT/gwas/BIG-S2_DTI2020_munged/ukb_phase1to3_dti441_dec21_2019_pheno382.sumstats.gz \
--w-ld-chr eur_w_ld_chr/ 

Beginning analysis at Tue Dec  8 17:53:27 2020
Reading summary statistics from /home/eerdem/CELLECT-revised/gwas/BIP_PGC3/BIP_PGC3.sumstats.gz ...
Read summary statistics for 1122331 SNPs.
Reading reference panel LD Score from eur_w_ld_chr/[1-22] ...
Read reference panel LD Scores for 1290028 SNPs.
Removing partitioned LD Scores with zero variance.
Reading regression weight LD Score from eur_w_ld_chr/[1-22] ...
Read regression weight LD Scores for 1290028 SNPs.
After merging with reference panel LD, 1117606 SNPs remain.
After merging with regression SNP LD, 1117606 SNPs remain.
Computing rg for phenotype 2/2
Reading summary statistics from /home/eerdem/CELLECT/gwas/BIG-S2_DTI2020_munged/ukb_phase1to3_dti441_dec21_2019_pheno382.sumstats.gz ...
Read summary statistics for 1149074 SNPs.
After merging with summary statistics, 1092789 SNPs remain.
1092789 SNPs with valid alleles.

Heritability of phenotype 1
---------------------------
Total Observed scale h2: 0.0697 (0.003)
Lambda GC: 1.4719
Mean Chi^2: 1.616
Intercept: 1.0366 (0.0114)
Ratio: 0.0595 (0.0186)

Heritability of phenotype 2/2
-----------------------------
Total Observed scale h2: 0.2128 (0.0243)
Lambda GC: 1.1183
Mean Chi^2: 1.1516
Intercept: 1.0152 (0.0085)
Ratio: 0.1005 (0.056)

Genetic Covariance
------------------
Total Observed scale gencov: 0.0092 (0.0052)
Mean z1*z2: 0.0179
Intercept: -0.0019 (0.0065)

Genetic Correlation
-------------------
Genetic Correlation: 0.0759 (0.0434)
Z-score: 1.7499
P: 0.0801


Summary of Genetic Correlation Results
p1                                                                                                    p2      rg      se       z       p  h2_obs  h2_obs_se  h2_int  h2_int_se  gcov_int  gcov_int_se
/home/eerdem/CELLECT-revised/gwas/BIP_PGC3/BIP_PGC3.sumstats.gz  /home/eerdem/CELLECT/gwas/BIG-S2_DTI2020_munged/ukb_phase1to3_dti441_dec21_2019_pheno382.sumstats.gz  0.0759  0.0434  1.7499  0.0801  0.2128     0.0243  1.0152     0.0085   -0.0019       0.0065

Analysis finished at Tue Dec  8 17:53:49 2020
Total time elapsed: 21.49s
