*********************************************************************
* LD Score Regression (LDSC)
* Version 1.0.0
* (C) 2014-2015 Brendan Bulik-Sullivan and Hilary Finucane
* Broad Institute of MIT and Harvard / MIT Department of Mathematics
* GNU General Public License v3
*********************************************************************
Call: 
./ldsc.py \
--ref-ld-chr eur_w_ld_chr/ \
--out /home/eerdem/notebooks/CELLECT-Analyser/out/genetic_correlation/gc/fixed_amygdala_MEGAMETA_Z1.TBL_ukb_phase1to3_fapcs_dec21_2019_pheno10 \
--rg /home/eerdem/CELLECT/gwas/subcortical_2017/fixed_amygdala_MEGAMETA_Z1.TBL.sumstats.gz,/home/eerdem/CELLECT/gwas/BIG-S2_DTI2020_munged/ukb_phase1to3_fapcs_dec21_2019_pheno10.sumstats.gz \
--w-ld-chr eur_w_ld_chr/ 

Beginning analysis at Tue Dec  8 20:26:27 2020
Reading summary statistics from /home/eerdem/CELLECT/gwas/subcortical_2017/fixed_amygdala_MEGAMETA_Z1.TBL.sumstats.gz ...
Read summary statistics for 1161432 SNPs.
Reading reference panel LD Score from eur_w_ld_chr/[1-22] ...
Read reference panel LD Scores for 1290028 SNPs.
Removing partitioned LD Scores with zero variance.
Reading regression weight LD Score from eur_w_ld_chr/[1-22] ...
Read regression weight LD Scores for 1290028 SNPs.
After merging with reference panel LD, 1156396 SNPs remain.
After merging with regression SNP LD, 1156396 SNPs remain.
Computing rg for phenotype 2/2
Reading summary statistics from /home/eerdem/CELLECT/gwas/BIG-S2_DTI2020_munged/ukb_phase1to3_fapcs_dec21_2019_pheno10.sumstats.gz ...
Read summary statistics for 1149074 SNPs.
After merging with summary statistics, 1124729 SNPs remain.
1124729 SNPs with valid alleles.

Heritability of phenotype 1
---------------------------
Total Observed scale h2: 0.0553 (0.0197)
Lambda GC: 1.0241
Mean Chi^2: 1.0285
Intercept: 1.0006 (0.0065)
Ratio: 0.0197 (0.2279)

Heritability of phenotype 2/2
-----------------------------
Total Observed scale h2: 0.0485 (0.0154)
Lambda GC: 1.0391
Mean Chi^2: 1.0346
Intercept: 1.0043 (0.0066)
Ratio: 0.1237 (0.191)

Genetic Covariance
------------------
Total Observed scale gencov: -0.0052 (0.0117)
Mean z1*z2: 0.0043
Intercept: 0.0077 (0.0047)

Genetic Correlation
-------------------
Genetic Correlation: -0.1011 (0.2254)
Z-score: -0.4482
P: 0.654


Summary of Genetic Correlation Results
p1                                                                                                  p2      rg      se       z      p  h2_obs  h2_obs_se  h2_int  h2_int_se  gcov_int  gcov_int_se
/home/eerdem/CELLECT/gwas/subcortical_2017/fixed_amygdala_MEGAMETA_Z1.TBL.sumstats.gz  /home/eerdem/CELLECT/gwas/BIG-S2_DTI2020_munged/ukb_phase1to3_fapcs_dec21_2019_pheno10.sumstats.gz -0.1011  0.2254 -0.4482  0.654  0.0485     0.0154  1.0043     0.0066    0.0077       0.0047

Analysis finished at Tue Dec  8 20:26:50 2020
Total time elapsed: 22.82s
