*********************************************************************
* LD Score Regression (LDSC)
* Version 1.0.0
* (C) 2014-2015 Brendan Bulik-Sullivan and Hilary Finucane
* Broad Institute of MIT and Harvard / MIT Department of Mathematics
* GNU General Public License v3
*********************************************************************
Call: 
./ldsc.py \
--ref-ld-chr eur_w_ld_chr/ \
--out /home/eerdem/notebooks/CELLECT-Analyser/out/genetic_correlation/gc/fixed_accumbens_MEGAMETA_Z1.TBL_model1d_parsopercularis \
--rg /home/eerdem/CELLECT/gwas/subcortical_2017/fixed_accumbens_MEGAMETA_Z1.TBL.sumstats.gz,/home/eerdem/CELLECT/cortical_ROI_CHARGE2020/model1d_parsopercularis_SAMPLESIZE.sumstats.gz \
--w-ld-chr eur_w_ld_chr/ 

Beginning analysis at Tue Dec  8 20:23:57 2020
Reading summary statistics from /home/eerdem/CELLECT/gwas/subcortical_2017/fixed_accumbens_MEGAMETA_Z1.TBL.sumstats.gz ...
Read summary statistics for 1160999 SNPs.
Reading reference panel LD Score from eur_w_ld_chr/[1-22] ...
Read reference panel LD Scores for 1290028 SNPs.
Removing partitioned LD Scores with zero variance.
Reading regression weight LD Score from eur_w_ld_chr/[1-22] ...
Read regression weight LD Scores for 1290028 SNPs.
After merging with reference panel LD, 1156057 SNPs remain.
After merging with regression SNP LD, 1156057 SNPs remain.
Computing rg for phenotype 2/2
Reading summary statistics from /home/eerdem/CELLECT/cortical_ROI_CHARGE2020/model1d_parsopercularis_SAMPLESIZE.sumstats.gz ...
Read summary statistics for 1186137 SNPs.
After merging with summary statistics, 1150971 SNPs remain.
1150971 SNPs with valid alleles.

Heritability of phenotype 1
---------------------------
Total Observed scale h2: 0.1409 (0.0217)
Lambda GC: 1.0567
Mean Chi^2: 1.0653
Intercept: 0.9991 (0.0073)
Ratio < 0 (usually indicates GC correction).

Heritability of phenotype 2/2
-----------------------------
Total Observed scale h2: 0.1624 (0.0235)
Lambda GC: 1.0558
Mean Chi^2: 1.0677
Intercept: 0.9938 (0.0068)
Ratio < 0 (usually indicates GC correction).

Genetic Covariance
------------------
Total Observed scale gencov: -0.0229 (0.0168)
Mean z1*z2: -0.0175
Intercept: -0.007 (0.0051)

Genetic Correlation
-------------------
Genetic Correlation: -0.1512 (0.1121)
Z-score: -1.349
P: 0.1773


Summary of Genetic Correlation Results
p1                                                                                           p2      rg      se      z       p  h2_obs  h2_obs_se  h2_int  h2_int_se  gcov_int  gcov_int_se
/home/eerdem/CELLECT/gwas/subcortical_2017/fixed_accumbens_MEGAMETA_Z1.TBL.sumstats.gz  /home/eerdem/CELLECT/cortical_ROI_CHARGE2020/model1d_parsopercularis_SAMPLESIZE.sumstats.gz -0.1512  0.1121 -1.349  0.1773  0.1624     0.0235  0.9938     0.0068    -0.007       0.0051

Analysis finished at Tue Dec  8 20:24:22 2020
Total time elapsed: 24.63s
