*********************************************************************
* LD Score Regression (LDSC)
* Version 1.0.0
* (C) 2014-2015 Brendan Bulik-Sullivan and Hilary Finucane
* Broad Institute of MIT and Harvard / MIT Department of Mathematics
* GNU General Public License v3
*********************************************************************
Call: 
./ldsc.py \
--ref-ld-chr eur_w_ld_chr/ \
--out /home/eerdem/notebooks/CELLECT-Analyser/out/genetic_correlation/gc/fixed_putamen_MEGAMETA_Z1.TBL_ukb_phase1to3_dti441_dec21_2019_pheno39 \
--rg /home/eerdem/CELLECT/gwas/subcortical_2017/fixed_putamen_MEGAMETA_Z1.TBL.sumstats.gz,/home/eerdem/CELLECT/gwas/BIG-S2_DTI2020_munged/ukb_phase1to3_dti441_dec21_2019_pheno39.sumstats.gz \
--w-ld-chr eur_w_ld_chr/ 

Beginning analysis at Tue Dec  8 18:35:27 2020
Reading summary statistics from /home/eerdem/CELLECT/gwas/subcortical_2017/fixed_putamen_MEGAMETA_Z1.TBL.sumstats.gz ...
Read summary statistics for 1161620 SNPs.
Reading reference panel LD Score from eur_w_ld_chr/[1-22] ...
Read reference panel LD Scores for 1290028 SNPs.
Removing partitioned LD Scores with zero variance.
Reading regression weight LD Score from eur_w_ld_chr/[1-22] ...
Read regression weight LD Scores for 1290028 SNPs.
After merging with reference panel LD, 1156543 SNPs remain.
After merging with regression SNP LD, 1156543 SNPs remain.
Computing rg for phenotype 2/2
Reading summary statistics from /home/eerdem/CELLECT/gwas/BIG-S2_DTI2020_munged/ukb_phase1to3_dti441_dec21_2019_pheno39.sumstats.gz ...
Read summary statistics for 1149074 SNPs.
After merging with summary statistics, 1124833 SNPs remain.
1124833 SNPs with valid alleles.

Heritability of phenotype 1
---------------------------
Total Observed scale h2: 0.2501 (0.0302)
Lambda GC: 1.0689
Mean Chi^2: 1.1049
Intercept: 0.9758 (0.0079)
Ratio < 0 (usually indicates GC correction).

Heritability of phenotype 2/2
-----------------------------
Total Observed scale h2: 0.2912 (0.0253)
Lambda GC: 1.1607
Mean Chi^2: 1.2094
Intercept: 1.0246 (0.0093)
Ratio: 0.1174 (0.0446)

Genetic Covariance
------------------
Total Observed scale gencov: -0.046 (0.0149)
Mean z1*z2: -0.0294
Intercept: -0.0034 (0.0051)

Genetic Correlation
-------------------
Genetic Correlation: -0.1706 (0.0571)
Z-score: -2.9893
P: 0.0028


Summary of Genetic Correlation Results
p1                                                                                                   p2      rg      se       z       p  h2_obs  h2_obs_se  h2_int  h2_int_se  gcov_int  gcov_int_se
/home/eerdem/CELLECT/gwas/subcortical_2017/fixed_putamen_MEGAMETA_Z1.TBL.sumstats.gz  /home/eerdem/CELLECT/gwas/BIG-S2_DTI2020_munged/ukb_phase1to3_dti441_dec21_2019_pheno39.sumstats.gz -0.1706  0.0571 -2.9893  0.0028  0.2912     0.0253  1.0246     0.0093   -0.0034       0.0051

Analysis finished at Tue Dec  8 18:35:50 2020
Total time elapsed: 22.75s
