*********************************************************************
* LD Score Regression (LDSC)
* Version 1.0.0
* (C) 2014-2015 Brendan Bulik-Sullivan and Hilary Finucane
* Broad Institute of MIT and Harvard / MIT Department of Mathematics
* GNU General Public License v3
*********************************************************************
Call: 
./ldsc.py \
--ref-ld-chr eur_w_ld_chr/ \
--out /home/eerdem/notebooks/CELLECT-Analyser/out/genetic_correlation/gc/fixed_caudate_MEGAMETA_Z1.TBL_ukb_phase1to3_fapcs_dec21_2019_pheno60 \
--rg /home/eerdem/CELLECT/gwas/subcortical_2017/fixed_caudate_MEGAMETA_Z1.TBL.sumstats.gz,/home/eerdem/CELLECT/gwas/BIG-S2_DTI2020_munged/ukb_phase1to3_fapcs_dec21_2019_pheno60.sumstats.gz \
--w-ld-chr eur_w_ld_chr/ 

Beginning analysis at Tue Dec  8 16:13:42 2020
Reading summary statistics from /home/eerdem/CELLECT/gwas/subcortical_2017/fixed_caudate_MEGAMETA_Z1.TBL.sumstats.gz ...
Read summary statistics for 1161447 SNPs.
Reading reference panel LD Score from eur_w_ld_chr/[1-22] ...
Read reference panel LD Scores for 1290028 SNPs.
Removing partitioned LD Scores with zero variance.
Reading regression weight LD Score from eur_w_ld_chr/[1-22] ...
Read regression weight LD Scores for 1290028 SNPs.
After merging with reference panel LD, 1156407 SNPs remain.
After merging with regression SNP LD, 1156407 SNPs remain.
Computing rg for phenotype 2/2
Reading summary statistics from /home/eerdem/CELLECT/gwas/BIG-S2_DTI2020_munged/ukb_phase1to3_fapcs_dec21_2019_pheno60.sumstats.gz ...
Read summary statistics for 1149074 SNPs.
After merging with summary statistics, 1124735 SNPs remain.
1124735 SNPs with valid alleles.

Heritability of phenotype 1
---------------------------
Total Observed scale h2: 0.2492 (0.0261)
Lambda GC: 1.0991
Mean Chi^2: 1.1247
Intercept: 0.9966 (0.0082)
Ratio < 0 (usually indicates GC correction).

Heritability of phenotype 2/2
-----------------------------
Total Observed scale h2: 0.1277 (0.0173)
Lambda GC: 1.0822
Mean Chi^2: 1.0901
Intercept: 1.0094 (0.0074)
Ratio: 0.1043 (0.0816)

Genetic Covariance
------------------
Total Observed scale gencov: -0.0435 (0.0138)
Mean z1*z2: -0.0199
Intercept: 0.0046 (0.0053)

Genetic Correlation
-------------------
Genetic Correlation: -0.2438 (0.0771)
Z-score: -3.1628
P: 0.0016


Summary of Genetic Correlation Results
p1                                                                                                  p2      rg      se       z       p  h2_obs  h2_obs_se  h2_int  h2_int_se  gcov_int  gcov_int_se
/home/eerdem/CELLECT/gwas/subcortical_2017/fixed_caudate_MEGAMETA_Z1.TBL.sumstats.gz  /home/eerdem/CELLECT/gwas/BIG-S2_DTI2020_munged/ukb_phase1to3_fapcs_dec21_2019_pheno60.sumstats.gz -0.2438  0.0771 -3.1628  0.0016  0.1277     0.0173  1.0094     0.0074    0.0046       0.0053

Analysis finished at Tue Dec  8 16:14:06 2020
Total time elapsed: 23.72s
