*********************************************************************
* LD Score Regression (LDSC)
* Version 1.0.0
* (C) 2014-2015 Brendan Bulik-Sullivan and Hilary Finucane
* Broad Institute of MIT and Harvard / MIT Department of Mathematics
* GNU General Public License v3
*********************************************************************
Call: 
./ldsc.py \
--ref-ld-chr eur_w_ld_chr/ \
--out /home/eerdem/notebooks/CELLECT-Analyser/out/genetic_correlation/gc/fixed_caudate_MEGAMETA_Z1.TBL_Net100_Pair7_10 \
--rg /home/eerdem/CELLECT/gwas/subcortical_2017/fixed_caudate_MEGAMETA_Z1.TBL.sumstats.gz,/home/eerdem/CELLECT/gwas/BIG-S2_rs-fMRI/ukb_phase1to3_fmri_edge_dec21_2019_pheno253.sumstats.gz \
--w-ld-chr eur_w_ld_chr/ 

Beginning analysis at Tue Dec  8 19:47:12 2020
Reading summary statistics from /home/eerdem/CELLECT/gwas/subcortical_2017/fixed_caudate_MEGAMETA_Z1.TBL.sumstats.gz ...
Read summary statistics for 1161447 SNPs.
Reading reference panel LD Score from eur_w_ld_chr/[1-22] ...
Read reference panel LD Scores for 1290028 SNPs.
Removing partitioned LD Scores with zero variance.
Reading regression weight LD Score from eur_w_ld_chr/[1-22] ...
Read regression weight LD Scores for 1290028 SNPs.
After merging with reference panel LD, 1156407 SNPs remain.
After merging with regression SNP LD, 1156407 SNPs remain.
Computing rg for phenotype 2/2
Reading summary statistics from /home/eerdem/CELLECT/gwas/BIG-S2_rs-fMRI/ukb_phase1to3_fmri_edge_dec21_2019_pheno253.sumstats.gz ...
Read summary statistics for 1149479 SNPs.
After merging with summary statistics, 1125184 SNPs remain.
1125184 SNPs with valid alleles.

Heritability of phenotype 1
---------------------------
Total Observed scale h2: 0.2493 (0.0261)
Lambda GC: 1.0986
Mean Chi^2: 1.1247
Intercept: 0.9966 (0.0081)
Ratio < 0 (usually indicates GC correction).

Heritability of phenotype 2/2
-----------------------------
Total Observed scale h2: 0.0843 (0.0168)
Lambda GC: 1.0473
Mean Chi^2: 1.0561
Intercept: 1.0004 (0.0069)
Ratio: 0.0065 (0.1232)

Genetic Covariance
------------------
Total Observed scale gencov: 0.023 (0.0125)
Mean z1*z2: 0.0056
Intercept: -0.008 (0.0049)

Genetic Correlation
-------------------
Genetic Correlation: 0.1586 (0.0877)
Z-score: 1.8086
P: 0.0705


Summary of Genetic Correlation Results
p1                                                                                                p2      rg      se       z       p  h2_obs  h2_obs_se  h2_int  h2_int_se  gcov_int  gcov_int_se
/home/eerdem/CELLECT/gwas/subcortical_2017/fixed_caudate_MEGAMETA_Z1.TBL.sumstats.gz  /home/eerdem/CELLECT/gwas/BIG-S2_rs-fMRI/ukb_phase1to3_fmri_edge_dec21_2019_pheno253.sumstats.gz  0.1586  0.0877  1.8086  0.0705  0.0843     0.0168  1.0004     0.0069    -0.008       0.0049

Analysis finished at Tue Dec  8 19:47:34 2020
Total time elapsed: 21.43s
