*********************************************************************
* LD Score Regression (LDSC)
* Version 1.0.0
* (C) 2014-2015 Brendan Bulik-Sullivan and Hilary Finucane
* Broad Institute of MIT and Harvard / MIT Department of Mathematics
* GNU General Public License v3
*********************************************************************
Call: 
./ldsc.py \
--ref-ld-chr eur_w_ld_chr/ \
--out /home/eerdem/notebooks/CELLECT-Analyser/out/genetic_correlation/gc/fixed_accumbens_MEGAMETA_Z1.TBL_Net_Edge_ICA3 \
--rg /home/eerdem/CELLECT/gwas/subcortical_2017/fixed_accumbens_MEGAMETA_Z1.TBL.sumstats.gz,/home/eerdem/CELLECT/gwas/BIG-S2_rs-fMRI/ukb_phase1to3_fmri_edge_dec21_2019_pheno1698.sumstats.gz \
--w-ld-chr eur_w_ld_chr/ 

Beginning analysis at Tue Dec  8 18:37:42 2020
Reading summary statistics from /home/eerdem/CELLECT/gwas/subcortical_2017/fixed_accumbens_MEGAMETA_Z1.TBL.sumstats.gz ...
Read summary statistics for 1160999 SNPs.
Reading reference panel LD Score from eur_w_ld_chr/[1-22] ...
Read reference panel LD Scores for 1290028 SNPs.
Removing partitioned LD Scores with zero variance.
Reading regression weight LD Score from eur_w_ld_chr/[1-22] ...
Read regression weight LD Scores for 1290028 SNPs.
After merging with reference panel LD, 1156057 SNPs remain.
After merging with regression SNP LD, 1156057 SNPs remain.
Computing rg for phenotype 2/2
Reading summary statistics from /home/eerdem/CELLECT/gwas/BIG-S2_rs-fMRI/ukb_phase1to3_fmri_edge_dec21_2019_pheno1698.sumstats.gz ...
Read summary statistics for 1149479 SNPs.
After merging with summary statistics, 1124957 SNPs remain.
1124957 SNPs with valid alleles.

Heritability of phenotype 1
---------------------------
Total Observed scale h2: 0.1395 (0.0225)
Lambda GC: 1.0582
Mean Chi^2: 1.0671
Intercept: 1.0009 (0.0074)
Ratio: 0.0139 (0.1098)

Heritability of phenotype 2/2
-----------------------------
Total Observed scale h2: 0.3474 (0.0506)
Lambda GC: 1.1478
Mean Chi^2: 1.2263
Intercept: 0.9914 (0.0146)
Ratio < 0 (usually indicates GC correction).

Genetic Covariance
------------------
Total Observed scale gencov: 0.0119 (0.0149)
Mean z1*z2: 0.0034
Intercept: -0.0059 (0.0051)

Genetic Correlation
-------------------
Genetic Correlation: 0.0542 (0.068)
Z-score: 0.7968
P: 0.4256


Summary of Genetic Correlation Results
p1                                                                                                 p2      rg     se       z       p  h2_obs  h2_obs_se  h2_int  h2_int_se  gcov_int  gcov_int_se
/home/eerdem/CELLECT/gwas/subcortical_2017/fixed_accumbens_MEGAMETA_Z1.TBL.sumstats.gz  /home/eerdem/CELLECT/gwas/BIG-S2_rs-fMRI/ukb_phase1to3_fmri_edge_dec21_2019_pheno1698.sumstats.gz  0.0542  0.068  0.7968  0.4256  0.3474     0.0506  0.9914     0.0146   -0.0059       0.0051

Analysis finished at Tue Dec  8 18:38:06 2020
Total time elapsed: 23.76s
