*********************************************************************
* LD Score Regression (LDSC)
* Version 1.0.0
* (C) 2014-2015 Brendan Bulik-Sullivan and Hilary Finucane
* Broad Institute of MIT and Harvard / MIT Department of Mathematics
* GNU General Public License v3
*********************************************************************
Call: 
./ldsc.py \
--ref-ld-chr eur_w_ld_chr/ \
--out /home/eerdem/notebooks/CELLECT-Analyser/out/genetic_correlation/gc/fixed_pallidum_MEGAMETA_Z1.TBL_model1d_entorhinal \
--rg /home/eerdem/CELLECT/gwas/subcortical_2017/fixed_pallidum_MEGAMETA_Z1.TBL.sumstats.gz,/home/eerdem/CELLECT/cortical_ROI_CHARGE2020/model1d_entorhinal_SAMPLESIZE.sumstats.gz \
--w-ld-chr eur_w_ld_chr/ 

Beginning analysis at Tue Dec  8 15:17:12 2020
Reading summary statistics from /home/eerdem/CELLECT/gwas/subcortical_2017/fixed_pallidum_MEGAMETA_Z1.TBL.sumstats.gz ...
Read summary statistics for 1161388 SNPs.
Reading reference panel LD Score from eur_w_ld_chr/[1-22] ...
Read reference panel LD Scores for 1290028 SNPs.
Removing partitioned LD Scores with zero variance.
Reading regression weight LD Score from eur_w_ld_chr/[1-22] ...
Read regression weight LD Scores for 1290028 SNPs.
After merging with reference panel LD, 1156363 SNPs remain.
After merging with regression SNP LD, 1156363 SNPs remain.
Computing rg for phenotype 2/2
Reading summary statistics from /home/eerdem/CELLECT/cortical_ROI_CHARGE2020/model1d_entorhinal_SAMPLESIZE.sumstats.gz ...
Read summary statistics for 1185403 SNPs.
After merging with summary statistics, 1151282 SNPs remain.
1151282 SNPs with valid alleles.

Heritability of phenotype 1
---------------------------
Total Observed scale h2: 0.1428 (0.0249)
Lambda GC: 1.049
Mean Chi^2: 1.064
Intercept: 0.9905 (0.0071)
Ratio < 0 (usually indicates GC correction).

Heritability of phenotype 2/2
-----------------------------
Total Observed scale h2: 0.1243 (0.0233)
Lambda GC: 1.0394
Mean Chi^2: 1.0473
Intercept: 0.991 (0.0069)
Ratio < 0 (usually indicates GC correction).

Genetic Covariance
------------------
Total Observed scale gencov: 0.0302 (0.015)
Mean z1*z2: 0.0261
Intercept: 0.0119 (0.0042)

Genetic Correlation
-------------------
Genetic Correlation: 0.2269 (0.1161)
Z-score: 1.9548
P: 0.0506


Summary of Genetic Correlation Results
p1                                                                                      p2      rg      se       z       p  h2_obs  h2_obs_se  h2_int  h2_int_se  gcov_int  gcov_int_se
/home/eerdem/CELLECT/gwas/subcortical_2017/fixed_pallidum_MEGAMETA_Z1.TBL.sumstats.gz  /home/eerdem/CELLECT/cortical_ROI_CHARGE2020/model1d_entorhinal_SAMPLESIZE.sumstats.gz  0.2269  0.1161  1.9548  0.0506  0.1243     0.0233   0.991     0.0069    0.0119       0.0042

Analysis finished at Tue Dec  8 15:17:36 2020
Total time elapsed: 23.75s
