*********************************************************************
* LD Score Regression (LDSC)
* Version 1.0.0
* (C) 2014-2015 Brendan Bulik-Sullivan and Hilary Finucane
* Broad Institute of MIT and Harvard / MIT Department of Mathematics
* GNU General Public License v3
*********************************************************************
Call: 
./ldsc.py \
--ref-ld-chr eur_w_ld_chr/ \
--out /home/eerdem/notebooks/CELLECT-Analyser/out/genetic_correlation/gc/fixed_putamen_MEGAMETA_Z1.TBL_Net100_Node8 \
--rg /home/eerdem/CELLECT/gwas/subcortical_2017/fixed_putamen_MEGAMETA_Z1.TBL.sumstats.gz,/home/eerdem/CELLECT/gwas/BIG-S2_rs-fMRI/ukb_phase1to3_fmri_node_dec21_2019_pheno29.sumstats.gz \
--w-ld-chr eur_w_ld_chr/ 

Beginning analysis at Tue Dec  8 16:23:12 2020
Reading summary statistics from /home/eerdem/CELLECT/gwas/subcortical_2017/fixed_putamen_MEGAMETA_Z1.TBL.sumstats.gz ...
Read summary statistics for 1161620 SNPs.
Reading reference panel LD Score from eur_w_ld_chr/[1-22] ...
Read reference panel LD Scores for 1290028 SNPs.
Removing partitioned LD Scores with zero variance.
Reading regression weight LD Score from eur_w_ld_chr/[1-22] ...
Read regression weight LD Scores for 1290028 SNPs.
After merging with reference panel LD, 1156543 SNPs remain.
After merging with regression SNP LD, 1156543 SNPs remain.
Computing rg for phenotype 2/2
Reading summary statistics from /home/eerdem/CELLECT/gwas/BIG-S2_rs-fMRI/ukb_phase1to3_fmri_node_dec21_2019_pheno29.sumstats.gz ...
Read summary statistics for 1149479 SNPs.
After merging with summary statistics, 1125282 SNPs remain.
1125282 SNPs with valid alleles.

Heritability of phenotype 1
---------------------------
Total Observed scale h2: 0.2505 (0.0301)
Lambda GC: 1.0689
Mean Chi^2: 1.1048
Intercept: 0.9756 (0.0079)
Ratio < 0 (usually indicates GC correction).

Heritability of phenotype 2/2
-----------------------------
Total Observed scale h2: 0.0983 (0.0169)
Lambda GC: 1.0564
Mean Chi^2: 1.0633
Intercept: 0.9994 (0.0079)
Ratio < 0 (usually indicates GC correction).

Genetic Covariance
------------------
Total Observed scale gencov: 0.0176 (0.0131)
Mean z1*z2: 0.008
Intercept: -0.0017 (0.0049)

Genetic Correlation
-------------------
Genetic Correlation: 0.112 (0.0833)
Z-score: 1.3443
P: 0.1788


Summary of Genetic Correlation Results
p1                                                                                               p2     rg      se       z       p  h2_obs  h2_obs_se  h2_int  h2_int_se  gcov_int  gcov_int_se
/home/eerdem/CELLECT/gwas/subcortical_2017/fixed_putamen_MEGAMETA_Z1.TBL.sumstats.gz  /home/eerdem/CELLECT/gwas/BIG-S2_rs-fMRI/ukb_phase1to3_fmri_node_dec21_2019_pheno29.sumstats.gz  0.112  0.0833  1.3443  0.1788  0.0983     0.0169  0.9994     0.0079   -0.0017       0.0049

Analysis finished at Tue Dec  8 16:23:35 2020
Total time elapsed: 22.49s
