*********************************************************************
* LD Score Regression (LDSC)
* Version 1.0.0
* (C) 2014-2015 Brendan Bulik-Sullivan and Hilary Finucane
* Broad Institute of MIT and Harvard / MIT Department of Mathematics
* GNU General Public License v3
*********************************************************************
Call: 
./ldsc.py \
--ref-ld-chr eur_w_ld_chr/ \
--out /home/eerdem/notebooks/CELLECT-Analyser/out/genetic_correlation/gc/fixed_pallidum_MEGAMETA_Z1.TBL_ukb_phase1to3_dti441_dec21_2019_pheno271 \
--rg /home/eerdem/CELLECT/gwas/subcortical_2017/fixed_pallidum_MEGAMETA_Z1.TBL.sumstats.gz,/home/eerdem/CELLECT/gwas/BIG-S2_DTI2020_munged/ukb_phase1to3_dti441_dec21_2019_pheno271.sumstats.gz \
--w-ld-chr eur_w_ld_chr/ 

Beginning analysis at Tue Dec  8 16:50:12 2020
Reading summary statistics from /home/eerdem/CELLECT/gwas/subcortical_2017/fixed_pallidum_MEGAMETA_Z1.TBL.sumstats.gz ...
Read summary statistics for 1161388 SNPs.
Reading reference panel LD Score from eur_w_ld_chr/[1-22] ...
Read reference panel LD Scores for 1290028 SNPs.
Removing partitioned LD Scores with zero variance.
Reading regression weight LD Score from eur_w_ld_chr/[1-22] ...
Read regression weight LD Scores for 1290028 SNPs.
After merging with reference panel LD, 1156363 SNPs remain.
After merging with regression SNP LD, 1156363 SNPs remain.
Computing rg for phenotype 2/2
Reading summary statistics from /home/eerdem/CELLECT/gwas/BIG-S2_DTI2020_munged/ukb_phase1to3_dti441_dec21_2019_pheno271.sumstats.gz ...
Read summary statistics for 1149074 SNPs.
After merging with summary statistics, 1124712 SNPs remain.
1124712 SNPs with valid alleles.

Heritability of phenotype 1
---------------------------
Total Observed scale h2: 0.143 (0.0248)
Lambda GC: 1.05
Mean Chi^2: 1.0647
Intercept: 0.9904 (0.0072)
Ratio < 0 (usually indicates GC correction).

Heritability of phenotype 2/2
-----------------------------
Total Observed scale h2: 0.2051 (0.0221)
Lambda GC: 1.0964
Mean Chi^2: 1.1225
Intercept: 0.992 (0.008)
Ratio < 0 (usually indicates GC correction).

Genetic Covariance
------------------
Total Observed scale gencov: 5.6692e-05 (0.0173)
Mean z1*z2: 0.0099
Intercept: 0.0083 (0.0058)

Genetic Correlation
-------------------
Genetic Correlation: 0.0003 (0.1019)
Z-score: 0.0032
P: 0.9974


Summary of Genetic Correlation Results
p1                                                                                                    p2      rg      se       z       p  h2_obs  h2_obs_se  h2_int  h2_int_se  gcov_int  gcov_int_se
/home/eerdem/CELLECT/gwas/subcortical_2017/fixed_pallidum_MEGAMETA_Z1.TBL.sumstats.gz  /home/eerdem/CELLECT/gwas/BIG-S2_DTI2020_munged/ukb_phase1to3_dti441_dec21_2019_pheno271.sumstats.gz  0.0003  0.1019  0.0032  0.9974  0.2051     0.0221   0.992      0.008    0.0083       0.0058

Analysis finished at Tue Dec  8 16:50:35 2020
Total time elapsed: 23.04s
