*********************************************************************
* LD Score Regression (LDSC)
* Version 1.0.0
* (C) 2014-2015 Brendan Bulik-Sullivan and Hilary Finucane
* Broad Institute of MIT and Harvard / MIT Department of Mathematics
* GNU General Public License v3
*********************************************************************
Call: 
./ldsc.py \
--ref-ld-chr eur_w_ld_chr/ \
--out /home/eerdem/notebooks/CELLECT-Analyser/out/genetic_correlation/gc/fixed_amygdala_MEGAMETA_Z1.TBL_ukb_phase1to3_dti441_dec21_2019_pheno307 \
--rg /home/eerdem/CELLECT/gwas/subcortical_2017/fixed_amygdala_MEGAMETA_Z1.TBL.sumstats.gz,/home/eerdem/CELLECT/gwas/BIG-S2_DTI2020_munged/ukb_phase1to3_dti441_dec21_2019_pheno307.sumstats.gz \
--w-ld-chr eur_w_ld_chr/ 

Beginning analysis at Tue Dec  8 19:48:57 2020
Reading summary statistics from /home/eerdem/CELLECT/gwas/subcortical_2017/fixed_amygdala_MEGAMETA_Z1.TBL.sumstats.gz ...
Read summary statistics for 1161432 SNPs.
Reading reference panel LD Score from eur_w_ld_chr/[1-22] ...
Read reference panel LD Scores for 1290028 SNPs.
Removing partitioned LD Scores with zero variance.
Reading regression weight LD Score from eur_w_ld_chr/[1-22] ...
Read regression weight LD Scores for 1290028 SNPs.
After merging with reference panel LD, 1156396 SNPs remain.
After merging with regression SNP LD, 1156396 SNPs remain.
Computing rg for phenotype 2/2
Reading summary statistics from /home/eerdem/CELLECT/gwas/BIG-S2_DTI2020_munged/ukb_phase1to3_dti441_dec21_2019_pheno307.sumstats.gz ...
Read summary statistics for 1149073 SNPs.
After merging with summary statistics, 1124728 SNPs remain.
1124728 SNPs with valid alleles.

Heritability of phenotype 1
---------------------------
Total Observed scale h2: 0.0553 (0.0197)
Lambda GC: 1.0241
Mean Chi^2: 1.0285
Intercept: 1.0006 (0.0065)
Ratio: 0.0197 (0.2279)

Heritability of phenotype 2/2
-----------------------------
Total Observed scale h2: 0.3212 (0.0331)
Lambda GC: 1.1437
Mean Chi^2: 1.214
Intercept: 1.0148 (0.0097)
Ratio: 0.0692 (0.0453)

Genetic Covariance
------------------
Total Observed scale gencov: -0.0057 (0.0126)
Mean z1*z2: 0.0063
Intercept: 0.0098 (0.005)

Genetic Correlation
-------------------
Genetic Correlation: -0.0428 (0.0951)
Z-score: -0.4499
P: 0.6528


Summary of Genetic Correlation Results
p1                                                                                                    p2      rg      se       z       p  h2_obs  h2_obs_se  h2_int  h2_int_se  gcov_int  gcov_int_se
/home/eerdem/CELLECT/gwas/subcortical_2017/fixed_amygdala_MEGAMETA_Z1.TBL.sumstats.gz  /home/eerdem/CELLECT/gwas/BIG-S2_DTI2020_munged/ukb_phase1to3_dti441_dec21_2019_pheno307.sumstats.gz -0.0428  0.0951 -0.4499  0.6528  0.3212     0.0331  1.0148     0.0097    0.0098        0.005

Analysis finished at Tue Dec  8 19:49:18 2020
Total time elapsed: 21.13s
