*********************************************************************
* LD Score Regression (LDSC)
* Version 1.0.0
* (C) 2014-2015 Brendan Bulik-Sullivan and Hilary Finucane
* Broad Institute of MIT and Harvard / MIT Department of Mathematics
* GNU General Public License v3
*********************************************************************
Call: 
./ldsc.py \
--ref-ld-chr eur_w_ld_chr/ \
--out /home/eerdem/notebooks/CELLECT-Analyser/out/genetic_correlation/gc/fixed_caudate_MEGAMETA_Z1.TBL_Net25_Pair11_15 \
--rg /home/eerdem/CELLECT/gwas/subcortical_2017/fixed_caudate_MEGAMETA_Z1.TBL.sumstats.gz,/home/eerdem/CELLECT/gwas/BIG-S2_rs-fMRI/ukb_phase1to3_fmri_edge_dec21_2019_pheno102.sumstats.gz \
--w-ld-chr eur_w_ld_chr/ 

Beginning analysis at Tue Dec  8 15:21:12 2020
Reading summary statistics from /home/eerdem/CELLECT/gwas/subcortical_2017/fixed_caudate_MEGAMETA_Z1.TBL.sumstats.gz ...
Read summary statistics for 1161447 SNPs.
Reading reference panel LD Score from eur_w_ld_chr/[1-22] ...
Read reference panel LD Scores for 1290028 SNPs.
Removing partitioned LD Scores with zero variance.
Reading regression weight LD Score from eur_w_ld_chr/[1-22] ...
Read regression weight LD Scores for 1290028 SNPs.
After merging with reference panel LD, 1156407 SNPs remain.
After merging with regression SNP LD, 1156407 SNPs remain.
Computing rg for phenotype 2/2
Reading summary statistics from /home/eerdem/CELLECT/gwas/BIG-S2_rs-fMRI/ukb_phase1to3_fmri_edge_dec21_2019_pheno102.sumstats.gz ...
Read summary statistics for 1149479 SNPs.
After merging with summary statistics, 1125184 SNPs remain.
1125184 SNPs with valid alleles.

Heritability of phenotype 1
---------------------------
Total Observed scale h2: 0.2493 (0.0261)
Lambda GC: 1.0986
Mean Chi^2: 1.1247
Intercept: 0.9966 (0.0081)
Ratio < 0 (usually indicates GC correction).

Heritability of phenotype 2/2
-----------------------------
Total Observed scale h2: 0.0459 (0.0139)
Lambda GC: 1.0353
Mean Chi^2: 1.0442
Intercept: 1.014 (0.0066)
Ratio: 0.317 (0.1484)

Genetic Covariance
------------------
Total Observed scale gencov: -0.0091 (0.0123)
Mean z1*z2: -0.0003
Intercept: 0.0048 (0.005)

Genetic Correlation
-------------------
Genetic Correlation: -0.0853 (0.1148)
Z-score: -0.7429
P: 0.4575


Summary of Genetic Correlation Results
p1                                                                                                p2      rg      se       z       p  h2_obs  h2_obs_se  h2_int  h2_int_se  gcov_int  gcov_int_se
/home/eerdem/CELLECT/gwas/subcortical_2017/fixed_caudate_MEGAMETA_Z1.TBL.sumstats.gz  /home/eerdem/CELLECT/gwas/BIG-S2_rs-fMRI/ukb_phase1to3_fmri_edge_dec21_2019_pheno102.sumstats.gz -0.0853  0.1148 -0.7429  0.4575  0.0459     0.0139   1.014     0.0066    0.0048        0.005

Analysis finished at Tue Dec  8 15:21:37 2020
Total time elapsed: 24.66s
