*********************************************************************
* LD Score Regression (LDSC)
* Version 1.0.0
* (C) 2014-2015 Brendan Bulik-Sullivan and Hilary Finucane
* Broad Institute of MIT and Harvard / MIT Department of Mathematics
* GNU General Public License v3
*********************************************************************
Call: 
./ldsc.py \
--ref-ld-chr eur_w_ld_chr/ \
--out /home/eerdem/notebooks/CELLECT-Analyser/out/genetic_correlation/gc/fixed_thalamus_MEGAMETA_Z1.TBL_Net100_Pair11_46 \
--rg /home/eerdem/CELLECT/gwas/subcortical_2017/fixed_thalamus_MEGAMETA_Z1.TBL.sumstats.gz,/home/eerdem/CELLECT/gwas/BIG-S2_rs-fMRI/ukb_phase1to3_fmri_edge_dec21_2019_pheno1211.sumstats.gz \
--w-ld-chr eur_w_ld_chr/ 

Beginning analysis at Tue Dec  8 19:17:27 2020
Reading summary statistics from /home/eerdem/CELLECT/gwas/subcortical_2017/fixed_thalamus_MEGAMETA_Z1.TBL.sumstats.gz ...
Read summary statistics for 1161466 SNPs.
Reading reference panel LD Score from eur_w_ld_chr/[1-22] ...
Read reference panel LD Scores for 1290028 SNPs.
Removing partitioned LD Scores with zero variance.
Reading regression weight LD Score from eur_w_ld_chr/[1-22] ...
Read regression weight LD Scores for 1290028 SNPs.
After merging with reference panel LD, 1156423 SNPs remain.
After merging with regression SNP LD, 1156423 SNPs remain.
Computing rg for phenotype 2/2
Reading summary statistics from /home/eerdem/CELLECT/gwas/BIG-S2_rs-fMRI/ukb_phase1to3_fmri_edge_dec21_2019_pheno1211.sumstats.gz ...
Read summary statistics for 1149479 SNPs.
After merging with summary statistics, 1125194 SNPs remain.
1125194 SNPs with valid alleles.

Heritability of phenotype 1
---------------------------
Total Observed scale h2: 0.1637 (0.0203)
Lambda GC: 1.066
Mean Chi^2: 1.0739
Intercept: 0.9913 (0.0069)
Ratio < 0 (usually indicates GC correction).

Heritability of phenotype 2/2
-----------------------------
Total Observed scale h2: 0.1139 (0.0192)
Lambda GC: 1.0748
Mean Chi^2: 1.0831
Intercept: 1.0082 (0.0074)
Ratio: 0.0982 (0.0892)

Genetic Covariance
------------------
Total Observed scale gencov: -0.0019 (0.0123)
Mean z1*z2: 0.0017
Intercept: 0.0035 (0.0044)

Genetic Correlation
-------------------
Genetic Correlation: -0.0138 (0.09)
Z-score: -0.1538
P: 0.8778


Summary of Genetic Correlation Results
p1                                                                                                 p2      rg    se       z       p  h2_obs  h2_obs_se  h2_int  h2_int_se  gcov_int  gcov_int_se
/home/eerdem/CELLECT/gwas/subcortical_2017/fixed_thalamus_MEGAMETA_Z1.TBL.sumstats.gz  /home/eerdem/CELLECT/gwas/BIG-S2_rs-fMRI/ukb_phase1to3_fmri_edge_dec21_2019_pheno1211.sumstats.gz -0.0138  0.09 -0.1538  0.8778  0.1139     0.0192  1.0082     0.0074    0.0035       0.0044

Analysis finished at Tue Dec  8 19:17:50 2020
Total time elapsed: 22.68s
