*********************************************************************
* LD Score Regression (LDSC)
* Version 1.0.0
* (C) 2014-2015 Brendan Bulik-Sullivan and Hilary Finucane
* Broad Institute of MIT and Harvard / MIT Department of Mathematics
* GNU General Public License v3
*********************************************************************
Call: 
./ldsc.py \
--ref-ld-chr eur_w_ld_chr/ \
--out /home/eerdem/notebooks/CELLECT-Analyser/out/genetic_correlation/gc/fixed_putamen_MEGAMETA_Z1.TBL_ukb_phase1to3_fapcs_dec21_2019_pheno92 \
--rg /home/eerdem/CELLECT/gwas/subcortical_2017/fixed_putamen_MEGAMETA_Z1.TBL.sumstats.gz,/home/eerdem/CELLECT/gwas/BIG-S2_DTI2020_munged/ukb_phase1to3_fapcs_dec21_2019_pheno92.sumstats.gz \
--w-ld-chr eur_w_ld_chr/ 

Beginning analysis at Tue Dec  8 18:14:57 2020
Reading summary statistics from /home/eerdem/CELLECT/gwas/subcortical_2017/fixed_putamen_MEGAMETA_Z1.TBL.sumstats.gz ...
Read summary statistics for 1161620 SNPs.
Reading reference panel LD Score from eur_w_ld_chr/[1-22] ...
Read reference panel LD Scores for 1290028 SNPs.
Removing partitioned LD Scores with zero variance.
Reading regression weight LD Score from eur_w_ld_chr/[1-22] ...
Read regression weight LD Scores for 1290028 SNPs.
After merging with reference panel LD, 1156543 SNPs remain.
After merging with regression SNP LD, 1156543 SNPs remain.
Computing rg for phenotype 2/2
Reading summary statistics from /home/eerdem/CELLECT/gwas/BIG-S2_DTI2020_munged/ukb_phase1to3_fapcs_dec21_2019_pheno92.sumstats.gz ...
Read summary statistics for 1149074 SNPs.
After merging with summary statistics, 1124833 SNPs remain.
1124833 SNPs with valid alleles.

Heritability of phenotype 1
---------------------------
Total Observed scale h2: 0.2501 (0.0302)
Lambda GC: 1.0689
Mean Chi^2: 1.1049
Intercept: 0.9758 (0.0079)
Ratio < 0 (usually indicates GC correction).

Heritability of phenotype 2/2
-----------------------------
Total Observed scale h2: 0.2745 (0.0277)
Lambda GC: 1.1357
Mean Chi^2: 1.18
Intercept: 1.0045 (0.0088)
Ratio: 0.0248 (0.0492)

Genetic Covariance
------------------
Total Observed scale gencov: -0.0011 (0.0151)
Mean z1*z2: 0.0067
Intercept: 0.0048 (0.005)

Genetic Correlation
-------------------
Genetic Correlation: -0.0042 (0.0578)
Z-score: -0.0727
P: 0.942


Summary of Genetic Correlation Results
p1                                                                                                  p2      rg      se       z      p  h2_obs  h2_obs_se  h2_int  h2_int_se  gcov_int  gcov_int_se
/home/eerdem/CELLECT/gwas/subcortical_2017/fixed_putamen_MEGAMETA_Z1.TBL.sumstats.gz  /home/eerdem/CELLECT/gwas/BIG-S2_DTI2020_munged/ukb_phase1to3_fapcs_dec21_2019_pheno92.sumstats.gz -0.0042  0.0578 -0.0727  0.942  0.2745     0.0277  1.0045     0.0088    0.0048        0.005

Analysis finished at Tue Dec  8 18:15:22 2020
Total time elapsed: 24.81s
