*********************************************************************
* LD Score Regression (LDSC)
* Version 1.0.0
* (C) 2014-2015 Brendan Bulik-Sullivan and Hilary Finucane
* Broad Institute of MIT and Harvard / MIT Department of Mathematics
* GNU General Public License v3
*********************************************************************
Call: 
./ldsc.py \
--ref-ld-chr eur_w_ld_chr/ \
--out /home/eerdem/notebooks/CELLECT-Analyser/out/genetic_correlation/gc/fixed_putamen_MEGAMETA_Z1.TBL_model1a_rostralanteriorcingulate \
--rg /home/eerdem/CELLECT/gwas/subcortical_2017/fixed_putamen_MEGAMETA_Z1.TBL.sumstats.gz,/home/eerdem/CELLECT/cortical_ROI_CHARGE2020/model1a_rostralanteriorcingulate_SAMPLESIZE.sumstats.gz \
--w-ld-chr eur_w_ld_chr/ 

Beginning analysis at Tue Dec  8 19:57:42 2020
Reading summary statistics from /home/eerdem/CELLECT/gwas/subcortical_2017/fixed_putamen_MEGAMETA_Z1.TBL.sumstats.gz ...
Read summary statistics for 1161620 SNPs.
Reading reference panel LD Score from eur_w_ld_chr/[1-22] ...
Read reference panel LD Scores for 1290028 SNPs.
Removing partitioned LD Scores with zero variance.
Reading regression weight LD Score from eur_w_ld_chr/[1-22] ...
Read regression weight LD Scores for 1290028 SNPs.
After merging with reference panel LD, 1156543 SNPs remain.
After merging with regression SNP LD, 1156543 SNPs remain.
Computing rg for phenotype 2/2
Reading summary statistics from /home/eerdem/CELLECT/cortical_ROI_CHARGE2020/model1a_rostralanteriorcingulate_SAMPLESIZE.sumstats.gz ...
Read summary statistics for 1191336 SNPs.
After merging with summary statistics, 1151455 SNPs remain.
1151455 SNPs with valid alleles.

Heritability of phenotype 1
---------------------------
Total Observed scale h2: 0.2487 (0.029)
Lambda GC: 1.068
Mean Chi^2: 1.1032
Intercept: 0.9759 (0.0075)
Ratio < 0 (usually indicates GC correction).

Heritability of phenotype 2/2
-----------------------------
Total Observed scale h2: 0.1633 (0.026)
Lambda GC: 1.0418
Mean Chi^2: 1.0519
Intercept: 0.9925 (0.0066)
Ratio < 0 (usually indicates GC correction).

Genetic Covariance
------------------
Total Observed scale gencov: 0.0016 (0.0175)
Mean z1*z2: 0.0042
Intercept: 0.0045 (0.005)

Genetic Correlation
-------------------
Genetic Correlation: 0.0079 (0.0873)
Z-score: 0.0901
P: 0.9282


Summary of Genetic Correlation Results
p1                                                                                                    p2      rg      se       z       p  h2_obs  h2_obs_se  h2_int  h2_int_se  gcov_int  gcov_int_se
/home/eerdem/CELLECT/gwas/subcortical_2017/fixed_putamen_MEGAMETA_Z1.TBL.sumstats.gz  /home/eerdem/CELLECT/cortical_ROI_CHARGE2020/model1a_rostralanteriorcingulate_SAMPLESIZE.sumstats.gz  0.0079  0.0873  0.0901  0.9282  0.1633      0.026  0.9925     0.0066    0.0045        0.005

Analysis finished at Tue Dec  8 19:58:03 2020
Total time elapsed: 20.91s
