*********************************************************************
* LD Score Regression (LDSC)
* Version 1.0.0
* (C) 2014-2015 Brendan Bulik-Sullivan and Hilary Finucane
* Broad Institute of MIT and Harvard / MIT Department of Mathematics
* GNU General Public License v3
*********************************************************************
Call: 
./ldsc.py \
--ref-ld-chr eur_w_ld_chr/ \
--out /home/eerdem/notebooks/CELLECT-Analyser/out/genetic_correlation/gc/fixed_amygdala_MEGAMETA_Z1.TBL_ukb_phase1to3_dti441_dec21_2019_pheno55 \
--rg /home/eerdem/CELLECT/gwas/subcortical_2017/fixed_amygdala_MEGAMETA_Z1.TBL.sumstats.gz,/home/eerdem/CELLECT/gwas/BIG-S2_DTI2020_munged/ukb_phase1to3_dti441_dec21_2019_pheno55.sumstats.gz \
--w-ld-chr eur_w_ld_chr/ 

Beginning analysis at Tue Dec  8 19:12:27 2020
Reading summary statistics from /home/eerdem/CELLECT/gwas/subcortical_2017/fixed_amygdala_MEGAMETA_Z1.TBL.sumstats.gz ...
Read summary statistics for 1161432 SNPs.
Reading reference panel LD Score from eur_w_ld_chr/[1-22] ...
Read reference panel LD Scores for 1290028 SNPs.
Removing partitioned LD Scores with zero variance.
Reading regression weight LD Score from eur_w_ld_chr/[1-22] ...
Read regression weight LD Scores for 1290028 SNPs.
After merging with reference panel LD, 1156396 SNPs remain.
After merging with regression SNP LD, 1156396 SNPs remain.
Computing rg for phenotype 2/2
Reading summary statistics from /home/eerdem/CELLECT/gwas/BIG-S2_DTI2020_munged/ukb_phase1to3_dti441_dec21_2019_pheno55.sumstats.gz ...
Read summary statistics for 1149074 SNPs.
After merging with summary statistics, 1124729 SNPs remain.
1124729 SNPs with valid alleles.

Heritability of phenotype 1
---------------------------
Total Observed scale h2: 0.0553 (0.0197)
Lambda GC: 1.0241
Mean Chi^2: 1.0285
Intercept: 1.0006 (0.0065)
Ratio: 0.0197 (0.2279)

Heritability of phenotype 2/2
-----------------------------
Total Observed scale h2: 0.3483 (0.0265)
Lambda GC: 1.1933
Mean Chi^2: 1.2426
Intercept: 1.0221 (0.0092)
Ratio: 0.091 (0.0381)

Genetic Covariance
------------------
Total Observed scale gencov: 0.0135 (0.0135)
Mean z1*z2: -0.0016
Intercept: -0.0106 (0.0052)

Genetic Correlation
-------------------
Genetic Correlation: 0.0972 (0.0972)
Z-score: 0.9994
P: 0.3176


Summary of Genetic Correlation Results
p1                                                                                                   p2      rg      se       z       p  h2_obs  h2_obs_se  h2_int  h2_int_se  gcov_int  gcov_int_se
/home/eerdem/CELLECT/gwas/subcortical_2017/fixed_amygdala_MEGAMETA_Z1.TBL.sumstats.gz  /home/eerdem/CELLECT/gwas/BIG-S2_DTI2020_munged/ukb_phase1to3_dti441_dec21_2019_pheno55.sumstats.gz  0.0972  0.0972  0.9994  0.3176  0.3483     0.0265  1.0221     0.0092   -0.0106       0.0052

Analysis finished at Tue Dec  8 19:12:48 2020
Total time elapsed: 20.99s
