*********************************************************************
* LD Score Regression (LDSC)
* Version 1.0.0
* (C) 2014-2015 Brendan Bulik-Sullivan and Hilary Finucane
* Broad Institute of MIT and Harvard / MIT Department of Mathematics
* GNU General Public License v3
*********************************************************************
Call: 
./ldsc.py \
--ref-ld-chr eur_w_ld_chr/ \
--out /home/eerdem/notebooks/CELLECT-Analyser/out/genetic_correlation/gc/fixed_thalamus_MEGAMETA_Z1.TBL_Net25_Node14 \
--rg /home/eerdem/CELLECT/gwas/subcortical_2017/fixed_thalamus_MEGAMETA_Z1.TBL.sumstats.gz,/home/eerdem/CELLECT/gwas/BIG-S2_rs-fMRI/ukb_phase1to3_fmri_node_dec21_2019_pheno14.sumstats.gz \
--w-ld-chr eur_w_ld_chr/ 

Beginning analysis at Tue Dec  8 17:35:12 2020
Reading summary statistics from /home/eerdem/CELLECT/gwas/subcortical_2017/fixed_thalamus_MEGAMETA_Z1.TBL.sumstats.gz ...
Read summary statistics for 1161466 SNPs.
Reading reference panel LD Score from eur_w_ld_chr/[1-22] ...
Read reference panel LD Scores for 1290028 SNPs.
Removing partitioned LD Scores with zero variance.
Reading regression weight LD Score from eur_w_ld_chr/[1-22] ...
Read regression weight LD Scores for 1290028 SNPs.
After merging with reference panel LD, 1156423 SNPs remain.
After merging with regression SNP LD, 1156423 SNPs remain.
Computing rg for phenotype 2/2
Reading summary statistics from /home/eerdem/CELLECT/gwas/BIG-S2_rs-fMRI/ukb_phase1to3_fmri_node_dec21_2019_pheno14.sumstats.gz ...
Read summary statistics for 1149479 SNPs.
After merging with summary statistics, 1125194 SNPs remain.
1125194 SNPs with valid alleles.

Heritability of phenotype 1
---------------------------
Total Observed scale h2: 0.1637 (0.0203)
Lambda GC: 1.066
Mean Chi^2: 1.0739
Intercept: 0.9913 (0.0069)
Ratio < 0 (usually indicates GC correction).

Heritability of phenotype 2/2
-----------------------------
Total Observed scale h2: 0.1533 (0.0249)
Lambda GC: 1.089
Mean Chi^2: 1.1174
Intercept: 1.0159 (0.0098)
Ratio: 0.1352 (0.0838)

Genetic Covariance
------------------
Total Observed scale gencov: -0.0025 (0.0137)
Mean z1*z2: -0.0023
Intercept: -0.0009 (0.0054)

Genetic Correlation
-------------------
Genetic Correlation: -0.0155 (0.0866)
Z-score: -0.179
P: 0.8579


Summary of Genetic Correlation Results
p1                                                                                               p2      rg      se      z       p  h2_obs  h2_obs_se  h2_int  h2_int_se  gcov_int  gcov_int_se
/home/eerdem/CELLECT/gwas/subcortical_2017/fixed_thalamus_MEGAMETA_Z1.TBL.sumstats.gz  /home/eerdem/CELLECT/gwas/BIG-S2_rs-fMRI/ukb_phase1to3_fmri_node_dec21_2019_pheno14.sumstats.gz -0.0155  0.0866 -0.179  0.8579  0.1533     0.0249  1.0159     0.0098   -0.0009       0.0054

Analysis finished at Tue Dec  8 17:35:37 2020
Total time elapsed: 24.74s
