*********************************************************************
* LD Score Regression (LDSC)
* Version 1.0.0
* (C) 2014-2015 Brendan Bulik-Sullivan and Hilary Finucane
* Broad Institute of MIT and Harvard / MIT Department of Mathematics
* GNU General Public License v3
*********************************************************************
Call: 
./ldsc.py \
--ref-ld-chr eur_w_ld_chr/ \
--out /home/eerdem/notebooks/CELLECT-Analyser/out/genetic_correlation/gc/fixed_putamen_MEGAMETA_Z1.TBL_Net100_Pair20_23 \
--rg /home/eerdem/CELLECT/gwas/subcortical_2017/fixed_putamen_MEGAMETA_Z1.TBL.sumstats.gz,/home/eerdem/CELLECT/gwas/BIG-S2_rs-fMRI/ukb_phase1to3_fmri_edge_dec21_2019_pheno461.sumstats.gz \
--w-ld-chr eur_w_ld_chr/ 

Beginning analysis at Tue Dec  8 18:52:42 2020
Reading summary statistics from /home/eerdem/CELLECT/gwas/subcortical_2017/fixed_putamen_MEGAMETA_Z1.TBL.sumstats.gz ...
Read summary statistics for 1161620 SNPs.
Reading reference panel LD Score from eur_w_ld_chr/[1-22] ...
Read reference panel LD Scores for 1290028 SNPs.
Removing partitioned LD Scores with zero variance.
Reading regression weight LD Score from eur_w_ld_chr/[1-22] ...
Read regression weight LD Scores for 1290028 SNPs.
After merging with reference panel LD, 1156543 SNPs remain.
After merging with regression SNP LD, 1156543 SNPs remain.
Computing rg for phenotype 2/2
Reading summary statistics from /home/eerdem/CELLECT/gwas/BIG-S2_rs-fMRI/ukb_phase1to3_fmri_edge_dec21_2019_pheno461.sumstats.gz ...
Read summary statistics for 1149479 SNPs.
After merging with summary statistics, 1125282 SNPs remain.
1125282 SNPs with valid alleles.

Heritability of phenotype 1
---------------------------
Total Observed scale h2: 0.2505 (0.0301)
Lambda GC: 1.0689
Mean Chi^2: 1.1048
Intercept: 0.9756 (0.0079)
Ratio < 0 (usually indicates GC correction).

Heritability of phenotype 2/2
-----------------------------
Total Observed scale h2: 0.0489 (0.0146)
Lambda GC: 1.0336
Mean Chi^2: 1.0344
Intercept: 1.0022 (0.0069)
Ratio: 0.0641 (0.1995)

Genetic Covariance
------------------
Total Observed scale gencov: -0.0024 (0.0135)
Mean z1*z2: 0.0007
Intercept: 0.0021 (0.0051)

Genetic Correlation
-------------------
Genetic Correlation: -0.0213 (0.1223)
Z-score: -0.1741
P: 0.8618


Summary of Genetic Correlation Results
p1                                                                                                p2      rg      se       z       p  h2_obs  h2_obs_se  h2_int  h2_int_se  gcov_int  gcov_int_se
/home/eerdem/CELLECT/gwas/subcortical_2017/fixed_putamen_MEGAMETA_Z1.TBL.sumstats.gz  /home/eerdem/CELLECT/gwas/BIG-S2_rs-fMRI/ukb_phase1to3_fmri_edge_dec21_2019_pheno461.sumstats.gz -0.0213  0.1223 -0.1741  0.8618  0.0489     0.0146  1.0022     0.0069    0.0021       0.0051

Analysis finished at Tue Dec  8 18:53:04 2020
Total time elapsed: 21.68s
