*********************************************************************
* LD Score Regression (LDSC)
* Version 1.0.0
* (C) 2014-2015 Brendan Bulik-Sullivan and Hilary Finucane
* Broad Institute of MIT and Harvard / MIT Department of Mathematics
* GNU General Public License v3
*********************************************************************
Call: 
./ldsc.py \
--ref-ld-chr eur_w_ld_chr/ \
--out /home/eerdem/notebooks/CELLECT-Analyser/out/genetic_correlation/gc/HV_2016_ukb_phase1to3_dti441_dec21_2019_pheno439 \
--rg /home/eerdem/CELLECT/gwas/HV_2016/CHARGE-ENIGMA-HV-METAANALYSIS.sumstats.gz,/home/eerdem/CELLECT/gwas/BIG-S2_DTI2020_munged/ukb_phase1to3_dti441_dec21_2019_pheno439.sumstats.gz \
--w-ld-chr eur_w_ld_chr/ 

Beginning analysis at Tue Dec  8 20:01:27 2020
Reading summary statistics from /home/eerdem/CELLECT/gwas/HV_2016/CHARGE-ENIGMA-HV-METAANALYSIS.sumstats.gz ...
Read summary statistics for 1170668 SNPs.
Reading reference panel LD Score from eur_w_ld_chr/[1-22] ...
Read reference panel LD Scores for 1290028 SNPs.
Removing partitioned LD Scores with zero variance.
Reading regression weight LD Score from eur_w_ld_chr/[1-22] ...
Read regression weight LD Scores for 1290028 SNPs.
After merging with reference panel LD, 1161016 SNPs remain.
After merging with regression SNP LD, 1161016 SNPs remain.
Computing rg for phenotype 2/2
Reading summary statistics from /home/eerdem/CELLECT/gwas/BIG-S2_DTI2020_munged/ukb_phase1to3_dti441_dec21_2019_pheno439.sumstats.gz ...
Read summary statistics for 1149074 SNPs.
After merging with summary statistics, 1126312 SNPs remain.
1126312 SNPs with valid alleles.

Heritability of phenotype 1
---------------------------
Total Observed scale h2: 0.1468 (0.025)
Lambda GC: 1.0597
Mean Chi^2: 1.0814
Intercept: 1.0022 (0.0078)
Ratio: 0.0269 (0.0957)

Heritability of phenotype 2/2
-----------------------------
Total Observed scale h2: 0.2089 (0.0233)
Lambda GC: 1.0998
Mean Chi^2: 1.1342
Intercept: 1.0052 (0.0084)
Ratio: 0.0384 (0.0625)

Genetic Covariance
------------------
Total Observed scale gencov: 0.0157 (0.0152)
Mean z1*z2: 0.0072
Intercept: -0.0019 (0.0056)

Genetic Correlation
-------------------
Genetic Correlation: 0.0896 (0.0865)
Z-score: 1.0361
P: 0.3001


Summary of Genetic Correlation Results
p1                                                                                                    p2      rg      se       z       p  h2_obs  h2_obs_se  h2_int  h2_int_se  gcov_int  gcov_int_se
/home/eerdem/CELLECT/gwas/HV_2016/CHARGE-ENIGMA-HV-METAANALYSIS.sumstats.gz  /home/eerdem/CELLECT/gwas/BIG-S2_DTI2020_munged/ukb_phase1to3_dti441_dec21_2019_pheno439.sumstats.gz  0.0896  0.0865  1.0361  0.3001  0.2089     0.0233  1.0052     0.0084   -0.0019       0.0056

Analysis finished at Tue Dec  8 20:01:51 2020
Total time elapsed: 23.94s
