*********************************************************************
* LD Score Regression (LDSC)
* Version 1.0.0
* (C) 2014-2015 Brendan Bulik-Sullivan and Hilary Finucane
* Broad Institute of MIT and Harvard / MIT Department of Mathematics
* GNU General Public License v3
*********************************************************************
Call: 
./ldsc.py \
--ref-ld-chr eur_w_ld_chr/ \
--out /home/eerdem/notebooks/CELLECT-Analyser/out/genetic_correlation/gc/HV_2016_model1a_caudalmiddlefrontal \
--rg /home/eerdem/CELLECT/gwas/HV_2016/CHARGE-ENIGMA-HV-METAANALYSIS.sumstats.gz,/home/eerdem/CELLECT/cortical_ROI_CHARGE2020/model1a_caudalmiddlefrontal_SAMPLESIZE.sumstats.gz \
--w-ld-chr eur_w_ld_chr/ 

Beginning analysis at Tue Dec  8 15:00:12 2020
Reading summary statistics from /home/eerdem/CELLECT/gwas/HV_2016/CHARGE-ENIGMA-HV-METAANALYSIS.sumstats.gz ...
Read summary statistics for 1170668 SNPs.
Reading reference panel LD Score from eur_w_ld_chr/[1-22] ...
Read reference panel LD Scores for 1290028 SNPs.
Removing partitioned LD Scores with zero variance.
Reading regression weight LD Score from eur_w_ld_chr/[1-22] ...
Read regression weight LD Scores for 1290028 SNPs.
After merging with reference panel LD, 1161016 SNPs remain.
After merging with regression SNP LD, 1161016 SNPs remain.
Computing rg for phenotype 2/2
Reading summary statistics from /home/eerdem/CELLECT/cortical_ROI_CHARGE2020/model1a_caudalmiddlefrontal_SAMPLESIZE.sumstats.gz ...
Read summary statistics for 1191338 SNPs.
After merging with summary statistics, 1155915 SNPs remain.
1155915 SNPs with valid alleles.

Heritability of phenotype 1
---------------------------
Total Observed scale h2: 0.1439 (0.0251)
Lambda GC: 1.0592
Mean Chi^2: 1.0798
Intercept: 1.0026 (0.0076)
Ratio: 0.0326 (0.0956)

Heritability of phenotype 2/2
-----------------------------
Total Observed scale h2: 0.1821 (0.0292)
Lambda GC: 1.0577
Mean Chi^2: 1.0635
Intercept: 0.9966 (0.0067)
Ratio < 0 (usually indicates GC correction).

Genetic Covariance
------------------
Total Observed scale gencov: -0.0263 (0.0171)
Mean z1*z2: -0.0166
Intercept: -0.0034 (0.0047)

Genetic Correlation
-------------------
Genetic Correlation: -0.1626 (0.1017)
Z-score: -1.5988
P: 0.1099


Summary of Genetic Correlation Results
p1                                                                                               p2      rg      se       z       p  h2_obs  h2_obs_se  h2_int  h2_int_se  gcov_int  gcov_int_se
/home/eerdem/CELLECT/gwas/HV_2016/CHARGE-ENIGMA-HV-METAANALYSIS.sumstats.gz  /home/eerdem/CELLECT/cortical_ROI_CHARGE2020/model1a_caudalmiddlefrontal_SAMPLESIZE.sumstats.gz -0.1626  0.1017 -1.5988  0.1099  0.1821     0.0292  0.9966     0.0067   -0.0034       0.0047

Analysis finished at Tue Dec  8 15:00:38 2020
Total time elapsed: 25.47s
