*********************************************************************
* LD Score Regression (LDSC)
* Version 1.0.0
* (C) 2014-2015 Brendan Bulik-Sullivan and Hilary Finucane
* Broad Institute of MIT and Harvard / MIT Department of Mathematics
* GNU General Public License v3
*********************************************************************
Call: 
./ldsc.py \
--ref-ld-chr eur_w_ld_chr/ \
--out /home/eerdem/notebooks/CELLECT-Analyser/out/genetic_correlation/gc/HV_2016_Net100_Node19 \
--rg /home/eerdem/CELLECT/gwas/HV_2016/CHARGE-ENIGMA-HV-METAANALYSIS.sumstats.gz,/home/eerdem/CELLECT/gwas/BIG-S2_rs-fMRI/ukb_phase1to3_fmri_node_dec21_2019_pheno40.sumstats.gz \
--w-ld-chr eur_w_ld_chr/ 

Beginning analysis at Tue Dec  8 17:08:12 2020
Reading summary statistics from /home/eerdem/CELLECT/gwas/HV_2016/CHARGE-ENIGMA-HV-METAANALYSIS.sumstats.gz ...
Read summary statistics for 1170668 SNPs.
Reading reference panel LD Score from eur_w_ld_chr/[1-22] ...
Read reference panel LD Scores for 1290028 SNPs.
Removing partitioned LD Scores with zero variance.
Reading regression weight LD Score from eur_w_ld_chr/[1-22] ...
Read regression weight LD Scores for 1290028 SNPs.
After merging with reference panel LD, 1161016 SNPs remain.
After merging with regression SNP LD, 1161016 SNPs remain.
Computing rg for phenotype 2/2
Reading summary statistics from /home/eerdem/CELLECT/gwas/BIG-S2_rs-fMRI/ukb_phase1to3_fmri_node_dec21_2019_pheno40.sumstats.gz ...
Read summary statistics for 1149479 SNPs.
After merging with summary statistics, 1126743 SNPs remain.
1126743 SNPs with valid alleles.

Heritability of phenotype 1
---------------------------
Total Observed scale h2: 0.1468 (0.025)
Lambda GC: 1.0597
Mean Chi^2: 1.0814
Intercept: 1.0022 (0.0078)
Ratio: 0.0272 (0.0953)

Heritability of phenotype 2/2
-----------------------------
Total Observed scale h2: 0.148 (0.0231)
Lambda GC: 1.0871
Mean Chi^2: 1.1085
Intercept: 1.0099 (0.0094)
Ratio: 0.0915 (0.0864)

Genetic Covariance
------------------
Total Observed scale gencov: 0.0119 (0.0141)
Mean z1*z2: 0.0079
Intercept: -0.0006 (0.0053)

Genetic Correlation
-------------------
Genetic Correlation: 0.081 (0.0948)
Z-score: 0.8546
P: 0.3928


Summary of Genetic Correlation Results
p1                                                                                               p2     rg      se       z       p  h2_obs  h2_obs_se  h2_int  h2_int_se  gcov_int  gcov_int_se
/home/eerdem/CELLECT/gwas/HV_2016/CHARGE-ENIGMA-HV-METAANALYSIS.sumstats.gz  /home/eerdem/CELLECT/gwas/BIG-S2_rs-fMRI/ukb_phase1to3_fmri_node_dec21_2019_pheno40.sumstats.gz  0.081  0.0948  0.8546  0.3928   0.148     0.0231  1.0099     0.0094   -0.0006       0.0053

Analysis finished at Tue Dec  8 17:08:36 2020
Total time elapsed: 24.24s
