*********************************************************************
* LD Score Regression (LDSC)
* Version 1.0.0
* (C) 2014-2015 Brendan Bulik-Sullivan and Hilary Finucane
* Broad Institute of MIT and Harvard / MIT Department of Mathematics
* GNU General Public License v3
*********************************************************************
Call: 
./ldsc.py \
--ref-ld-chr eur_w_ld_chr/ \
--out /home/eerdem/notebooks/CELLECT-Analyser/out/genetic_correlation/gc/InstantCoffee_2019_model1b_bankssts \
--rg /home/eerdem/CELLECT/gwas/InstantCoffee_2019/InstantCoffee_2019.sumstats.gz,/home/eerdem/CELLECT/cortical_ROI_CHARGE2020/model1b_bankssts_SAMPLESIZE.sumstats.gz \
--w-ld-chr eur_w_ld_chr/ 

Beginning analysis at Tue Dec  8 19:17:57 2020
Reading summary statistics from /home/eerdem/CELLECT/gwas/InstantCoffee_2019/InstantCoffee_2019.sumstats.gz ...
Read summary statistics for 1163209 SNPs.
Reading reference panel LD Score from eur_w_ld_chr/[1-22] ...
Read reference panel LD Scores for 1290028 SNPs.
Removing partitioned LD Scores with zero variance.
Reading regression weight LD Score from eur_w_ld_chr/[1-22] ...
Read regression weight LD Scores for 1290028 SNPs.
After merging with reference panel LD, 1137441 SNPs remain.
After merging with regression SNP LD, 1137441 SNPs remain.
Computing rg for phenotype 2/2
Reading summary statistics from /home/eerdem/CELLECT/cortical_ROI_CHARGE2020/model1b_bankssts_SAMPLESIZE.sumstats.gz ...
Read summary statistics for 1191502 SNPs.
After merging with summary statistics, 1129845 SNPs remain.
1129845 SNPs with valid alleles.

Heritability of phenotype 1
---------------------------
Total Observed scale h2: 0.0125 (0.0009)
Lambda GC: 1.2097
Mean Chi^2: 1.2346
Intercept: 1.0426 (0.0077)
Ratio: 0.1814 (0.033)

Heritability of phenotype 2/2
-----------------------------
Total Observed scale h2: 0.1471 (0.025)
Lambda GC: 1.0384
Mean Chi^2: 1.0372
Intercept: 0.9836 (0.0063)
Ratio < 0 (usually indicates GC correction).

Genetic Covariance
------------------
Total Observed scale gencov: -0.0026 (0.0021)
Mean z1*z2: -0.0062
Intercept: -0.0005 (0.0037)

Genetic Correlation
-------------------
Genetic Correlation: -0.0612 (0.0484)
Z-score: -1.2646
P: 0.206


Summary of Genetic Correlation Results
p1                                                                                    p2      rg      se       z      p  h2_obs  h2_obs_se  h2_int  h2_int_se  gcov_int  gcov_int_se
/home/eerdem/CELLECT/gwas/InstantCoffee_2019/InstantCoffee_2019.sumstats.gz  /home/eerdem/CELLECT/cortical_ROI_CHARGE2020/model1b_bankssts_SAMPLESIZE.sumstats.gz -0.0612  0.0484 -1.2646  0.206  0.1471      0.025  0.9836     0.0063   -0.0005       0.0037

Analysis finished at Tue Dec  8 19:18:21 2020
Total time elapsed: 23.35s
