*********************************************************************
* LD Score Regression (LDSC)
* Version 1.0.0
* (C) 2014-2015 Brendan Bulik-Sullivan and Hilary Finucane
* Broad Institute of MIT and Harvard / MIT Department of Mathematics
* GNU General Public License v3
*********************************************************************
Call: 
./ldsc.py \
--ref-ld-chr eur_w_ld_chr/ \
--out /home/eerdem/notebooks/CELLECT-Analyser/out/genetic_correlation/gc/model1b_lingual_Net100_Node40 \
--rg /home/eerdem/CELLECT/cortical_ROI_CHARGE2020/model1b_lingual_SAMPLESIZE.sumstats.gz,/home/eerdem/CELLECT/gwas/BIG-S2_rs-fMRI/ukb_phase1to3_fmri_node_dec21_2019_pheno61.sumstats.gz \
--w-ld-chr eur_w_ld_chr/ 

Beginning analysis at Tue Dec  8 16:32:42 2020
Reading summary statistics from /home/eerdem/CELLECT/cortical_ROI_CHARGE2020/model1b_lingual_SAMPLESIZE.sumstats.gz ...
Read summary statistics for 1186453 SNPs.
Reading reference panel LD Score from eur_w_ld_chr/[1-22] ...
Read reference panel LD Scores for 1290028 SNPs.
Removing partitioned LD Scores with zero variance.
Reading regression weight LD Score from eur_w_ld_chr/[1-22] ...
Read regression weight LD Scores for 1290028 SNPs.
After merging with reference panel LD, 1170095 SNPs remain.
After merging with regression SNP LD, 1170095 SNPs remain.
Computing rg for phenotype 2/2
Reading summary statistics from /home/eerdem/CELLECT/gwas/BIG-S2_rs-fMRI/ukb_phase1to3_fmri_node_dec21_2019_pheno61.sumstats.gz ...
Read summary statistics for 1149479 SNPs.
After merging with summary statistics, 1132624 SNPs remain.
1132624 SNPs with valid alleles.

Heritability of phenotype 1
---------------------------
Total Observed scale h2: 0.1077 (0.0218)
Lambda GC: 1.0437
Mean Chi^2: 1.0524
Intercept: 1.0061 (0.0064)
Ratio: 0.117 (0.1212)

Heritability of phenotype 2/2
-----------------------------
Total Observed scale h2: 0.1535 (0.0234)
Lambda GC: 1.0802
Mean Chi^2: 1.1092
Intercept: 1.0074 (0.0095)
Ratio: 0.0682 (0.0872)

Genetic Covariance
------------------
Total Observed scale gencov: 0.0159 (0.0131)
Mean z1*z2: 0.0059
Intercept: -0.0029 (0.0048)

Genetic Correlation
-------------------
Genetic Correlation: 0.1234 (0.1042)
Z-score: 1.1843
P: 0.2363


Summary of Genetic Correlation Results
p1                                                                                               p2      rg      se       z       p  h2_obs  h2_obs_se  h2_int  h2_int_se  gcov_int  gcov_int_se
/home/eerdem/CELLECT/cortical_ROI_CHARGE2020/model1b_lingual_SAMPLESIZE.sumstats.gz  /home/eerdem/CELLECT/gwas/BIG-S2_rs-fMRI/ukb_phase1to3_fmri_node_dec21_2019_pheno61.sumstats.gz  0.1234  0.1042  1.1843  0.2363  0.1535     0.0234  1.0074     0.0095   -0.0029       0.0048

Analysis finished at Tue Dec  8 16:33:04 2020
Total time elapsed: 21.8s
