*********************************************************************
* LD Score Regression (LDSC)
* Version 1.0.0
* (C) 2014-2015 Brendan Bulik-Sullivan and Hilary Finucane
* Broad Institute of MIT and Harvard / MIT Department of Mathematics
* GNU General Public License v3
*********************************************************************
Call: 
./ldsc.py \
--ref-ld-chr eur_w_ld_chr/ \
--out /home/eerdem/notebooks/CELLECT-Analyser/out/genetic_correlation/gc/model1a_superiortemporal_Net100_Node25 \
--rg /home/eerdem/CELLECT/cortical_ROI_CHARGE2020/model1a_superiortemporal_SAMPLESIZE.sumstats.gz,/home/eerdem/CELLECT/gwas/BIG-S2_rs-fMRI/ukb_phase1to3_fmri_node_dec21_2019_pheno46.sumstats.gz \
--w-ld-chr eur_w_ld_chr/ 

Beginning analysis at Tue Dec  8 16:42:27 2020
Reading summary statistics from /home/eerdem/CELLECT/cortical_ROI_CHARGE2020/model1a_superiortemporal_SAMPLESIZE.sumstats.gz ...
Read summary statistics for 1191333 SNPs.
Reading reference panel LD Score from eur_w_ld_chr/[1-22] ...
Read reference panel LD Scores for 1290028 SNPs.
Removing partitioned LD Scores with zero variance.
Reading regression weight LD Score from eur_w_ld_chr/[1-22] ...
Read regression weight LD Scores for 1290028 SNPs.
After merging with reference panel LD, 1174089 SNPs remain.
After merging with regression SNP LD, 1174089 SNPs remain.
Computing rg for phenotype 2/2
Reading summary statistics from /home/eerdem/CELLECT/gwas/BIG-S2_rs-fMRI/ukb_phase1to3_fmri_node_dec21_2019_pheno46.sumstats.gz ...
Read summary statistics for 1149479 SNPs.
After merging with summary statistics, 1135270 SNPs remain.
1135270 SNPs with valid alleles.

Heritability of phenotype 1
---------------------------
Total Observed scale h2: 0.307 (0.0531)
Lambda GC: 1.0729
Mean Chi^2: 1.0999
Intercept: 0.9835 (0.0099)
Ratio < 0 (usually indicates GC correction).

Heritability of phenotype 2/2
-----------------------------
Total Observed scale h2: 0.1826 (0.0215)
Lambda GC: 1.1039
Mean Chi^2: 1.1228
Intercept: 1.0056 (0.0089)
Ratio: 0.0459 (0.0721)

Genetic Covariance
------------------
Total Observed scale gencov: 0.0113 (0.0144)
Mean z1*z2: -0.002
Intercept: -0.0086 (0.0047)

Genetic Correlation
-------------------
Genetic Correlation: 0.0476 (0.0601)
Z-score: 0.792
P: 0.4284


Summary of Genetic Correlation Results
p1                                                                                               p2      rg      se      z       p  h2_obs  h2_obs_se  h2_int  h2_int_se  gcov_int  gcov_int_se
/home/eerdem/CELLECT/cortical_ROI_CHARGE2020/model1a_superiortemporal_SAMPLESIZE.sumstats.gz  /home/eerdem/CELLECT/gwas/BIG-S2_rs-fMRI/ukb_phase1to3_fmri_node_dec21_2019_pheno46.sumstats.gz  0.0476  0.0601  0.792  0.4284  0.1826     0.0215  1.0056     0.0089   -0.0086       0.0047

Analysis finished at Tue Dec  8 16:42:51 2020
Total time elapsed: 24.22s
