*********************************************************************
* LD Score Regression (LDSC)
* Version 1.0.0
* (C) 2014-2015 Brendan Bulik-Sullivan and Hilary Finucane
* Broad Institute of MIT and Harvard / MIT Department of Mathematics
* GNU General Public License v3
*********************************************************************
Call: 
./ldsc.py \
--ref-ld-chr eur_w_ld_chr/ \
--out /home/eerdem/notebooks/CELLECT-Analyser/out/genetic_correlation/gc/model1d_fusiform_model1a_insula \
--rg /home/eerdem/CELLECT/cortical_ROI_CHARGE2020/model1d_fusiform_SAMPLESIZE.sumstats.gz,/home/eerdem/CELLECT/cortical_ROI_CHARGE2020/model1a_insula_SAMPLESIZE.sumstats.gz \
--w-ld-chr eur_w_ld_chr/ 

Beginning analysis at Tue Dec  8 15:30:42 2020
Reading summary statistics from /home/eerdem/CELLECT/cortical_ROI_CHARGE2020/model1d_fusiform_SAMPLESIZE.sumstats.gz ...
Read summary statistics for 1185474 SNPs.
Reading reference panel LD Score from eur_w_ld_chr/[1-22] ...
Read reference panel LD Scores for 1290028 SNPs.
Removing partitioned LD Scores with zero variance.
Reading regression weight LD Score from eur_w_ld_chr/[1-22] ...
Read regression weight LD Scores for 1290028 SNPs.
After merging with reference panel LD, 1173094 SNPs remain.
After merging with regression SNP LD, 1173094 SNPs remain.
Computing rg for phenotype 2/2
Reading summary statistics from /home/eerdem/CELLECT/cortical_ROI_CHARGE2020/model1a_insula_SAMPLESIZE.sumstats.gz ...
Read summary statistics for 1189470 SNPs.
After merging with summary statistics, 1170710 SNPs remain.
1170710 SNPs with valid alleles.

Heritability of phenotype 1
---------------------------
Total Observed scale h2: 0.1758 (0.0255)
Lambda GC: 1.0592
Mean Chi^2: 1.0819
Intercept: 1.003 (0.0069)
Ratio: 0.0367 (0.0839)

Heritability of phenotype 2/2
-----------------------------
Total Observed scale h2: 0.1794 (0.0305)
Lambda GC: 1.0636
Mean Chi^2: 1.0662
Intercept: 1.0025 (0.0069)
Ratio: 0.0375 (0.1042)

Genetic Covariance
------------------
Total Observed scale gencov: 0.0264 (0.0181)
Mean z1*z2: -0.0532
Intercept: -0.064 (0.0048)

Genetic Correlation
-------------------
Genetic Correlation: 0.1485 (0.1035)
Z-score: 1.4351
P: 0.1513


Summary of Genetic Correlation Results
p1                                                                                  p2      rg      se       z       p  h2_obs  h2_obs_se  h2_int  h2_int_se  gcov_int  gcov_int_se
/home/eerdem/CELLECT/cortical_ROI_CHARGE2020/model1d_fusiform_SAMPLESIZE.sumstats.gz  /home/eerdem/CELLECT/cortical_ROI_CHARGE2020/model1a_insula_SAMPLESIZE.sumstats.gz  0.1485  0.1035  1.4351  0.1513  0.1794     0.0305  1.0025     0.0069    -0.064       0.0048

Analysis finished at Tue Dec  8 15:31:04 2020
Total time elapsed: 21.52s
