*********************************************************************
* LD Score Regression (LDSC)
* Version 1.0.0
* (C) 2014-2015 Brendan Bulik-Sullivan and Hilary Finucane
* Broad Institute of MIT and Harvard / MIT Department of Mathematics
* GNU General Public License v3
*********************************************************************
Call: 
./ldsc.py \
--ref-ld-chr eur_w_ld_chr/ \
--out /home/eerdem/notebooks/CELLECT-Analyser/out/genetic_correlation/gc/model1d_parstriangularis_ukb_phase1to3_fapcs_dec21_2019_pheno25 \
--rg /home/eerdem/CELLECT/cortical_ROI_CHARGE2020/model1d_parstriangularis_SAMPLESIZE.sumstats.gz,/home/eerdem/CELLECT/gwas/BIG-S2_DTI2020_munged/ukb_phase1to3_fapcs_dec21_2019_pheno25.sumstats.gz \
--w-ld-chr eur_w_ld_chr/ 

Beginning analysis at Tue Dec  8 17:11:57 2020
Reading summary statistics from /home/eerdem/CELLECT/cortical_ROI_CHARGE2020/model1d_parstriangularis_SAMPLESIZE.sumstats.gz ...
Read summary statistics for 1186151 SNPs.
Reading reference panel LD Score from eur_w_ld_chr/[1-22] ...
Read reference panel LD Scores for 1290028 SNPs.
Removing partitioned LD Scores with zero variance.
Reading regression weight LD Score from eur_w_ld_chr/[1-22] ...
Read regression weight LD Scores for 1290028 SNPs.
After merging with reference panel LD, 1173370 SNPs remain.
After merging with regression SNP LD, 1173370 SNPs remain.
Computing rg for phenotype 2/2
Reading summary statistics from /home/eerdem/CELLECT/gwas/BIG-S2_DTI2020_munged/ukb_phase1to3_fapcs_dec21_2019_pheno25.sumstats.gz ...
Read summary statistics for 1149074 SNPs.
After merging with summary statistics, 1134820 SNPs remain.
1134820 SNPs with valid alleles.

Heritability of phenotype 1
---------------------------
Total Observed scale h2: 0.1763 (0.0251)
Lambda GC: 1.0724
Mean Chi^2: 1.0863
Intercept: 1.0066 (0.0068)
Ratio: 0.076 (0.079)

Heritability of phenotype 2/2
-----------------------------
Total Observed scale h2: 0.0476 (0.015)
Lambda GC: 1.0193
Mean Chi^2: 1.0203
Intercept: 0.9902 (0.0069)
Ratio < 0 (usually indicates GC correction).

Genetic Covariance
------------------
Total Observed scale gencov: 0.0162 (0.0132)
Mean z1*z2: 0.0086
Intercept: -0.0004 (0.0047)

Genetic Correlation
-------------------
Genetic Correlation: 0.177 (0.1454)
Z-score: 1.2169
P: 0.2237


Summary of Genetic Correlation Results
p1                                                                                                  p2     rg      se       z       p  h2_obs  h2_obs_se  h2_int  h2_int_se  gcov_int  gcov_int_se
/home/eerdem/CELLECT/cortical_ROI_CHARGE2020/model1d_parstriangularis_SAMPLESIZE.sumstats.gz  /home/eerdem/CELLECT/gwas/BIG-S2_DTI2020_munged/ukb_phase1to3_fapcs_dec21_2019_pheno25.sumstats.gz  0.177  0.1454  1.2169  0.2237  0.0476      0.015  0.9902     0.0069   -0.0004       0.0047

Analysis finished at Tue Dec  8 17:12:22 2020
Total time elapsed: 24.56s
