*********************************************************************
* LD Score Regression (LDSC)
* Version 1.0.0
* (C) 2014-2015 Brendan Bulik-Sullivan and Hilary Finucane
* Broad Institute of MIT and Harvard / MIT Department of Mathematics
* GNU General Public License v3
*********************************************************************
Call: 
./ldsc.py \
--ref-ld-chr eur_w_ld_chr/ \
--out /home/eerdem/notebooks/CELLECT-Analyser/out/genetic_correlation/gc/model1d_parsopercularis_model1d_isthmuscingulate \
--rg /home/eerdem/CELLECT/cortical_ROI_CHARGE2020/model1d_parsopercularis_SAMPLESIZE.sumstats.gz,/home/eerdem/CELLECT/cortical_ROI_CHARGE2020/model1d_isthmuscingulate_SAMPLESIZE.sumstats.gz \
--w-ld-chr eur_w_ld_chr/ 

Beginning analysis at Tue Dec  8 19:39:12 2020
Reading summary statistics from /home/eerdem/CELLECT/cortical_ROI_CHARGE2020/model1d_parsopercularis_SAMPLESIZE.sumstats.gz ...
Read summary statistics for 1186137 SNPs.
Reading reference panel LD Score from eur_w_ld_chr/[1-22] ...
Read reference panel LD Scores for 1290028 SNPs.
Removing partitioned LD Scores with zero variance.
Reading regression weight LD Score from eur_w_ld_chr/[1-22] ...
Read regression weight LD Scores for 1290028 SNPs.
After merging with reference panel LD, 1173367 SNPs remain.
After merging with regression SNP LD, 1173367 SNPs remain.
Computing rg for phenotype 2/2
Reading summary statistics from /home/eerdem/CELLECT/cortical_ROI_CHARGE2020/model1d_isthmuscingulate_SAMPLESIZE.sumstats.gz ...
Read summary statistics for 1186147 SNPs.
After merging with summary statistics, 1173339 SNPs remain.
1173339 SNPs with valid alleles.

Heritability of phenotype 1
---------------------------
Total Observed scale h2: 0.1664 (0.0209)
Lambda GC: 1.0543
Mean Chi^2: 1.0665
Intercept: 0.992 (0.0059)
Ratio < 0 (usually indicates GC correction).

Heritability of phenotype 2/2
-----------------------------
Total Observed scale h2: 0.1495 (0.0223)
Lambda GC: 1.0587
Mean Chi^2: 1.0646
Intercept: 0.9989 (0.0065)
Ratio < 0 (usually indicates GC correction).

Genetic Covariance
------------------
Total Observed scale gencov: 0.0128 (0.0152)
Mean z1*z2: 0.0399
Intercept: 0.035 (0.0042)

Genetic Correlation
-------------------
Genetic Correlation: 0.0814 (0.0958)
Z-score: 0.8499
P: 0.3954


Summary of Genetic Correlation Results
p1                                                                                            p2      rg      se       z       p  h2_obs  h2_obs_se  h2_int  h2_int_se  gcov_int  gcov_int_se
/home/eerdem/CELLECT/cortical_ROI_CHARGE2020/model1d_parsopercularis_SAMPLESIZE.sumstats.gz  /home/eerdem/CELLECT/cortical_ROI_CHARGE2020/model1d_isthmuscingulate_SAMPLESIZE.sumstats.gz  0.0814  0.0958  0.8499  0.3954  0.1495     0.0223  0.9989     0.0065     0.035       0.0042

Analysis finished at Tue Dec  8 19:39:33 2020
Total time elapsed: 20.43s
