*********************************************************************
* LD Score Regression (LDSC)
* Version 1.0.0
* (C) 2014-2015 Brendan Bulik-Sullivan and Hilary Finucane
* Broad Institute of MIT and Harvard / MIT Department of Mathematics
* GNU General Public License v3
*********************************************************************
Call: 
./ldsc.py \
--ref-ld-chr eur_w_ld_chr/ \
--out /home/eerdem/notebooks/CELLECT-Analyser/out/genetic_correlation/gc/model1b_inferiortemporal_ukb_phase1to3_dti441_dec21_2019_pheno33 \
--rg /home/eerdem/CELLECT/cortical_ROI_CHARGE2020/model1b_inferiortemporal_SAMPLESIZE.sumstats.gz,/home/eerdem/CELLECT/gwas/BIG-S2_DTI2020_munged/ukb_phase1to3_dti441_dec21_2019_pheno33.sumstats.gz \
--w-ld-chr eur_w_ld_chr/ 

Beginning analysis at Tue Dec  8 20:00:12 2020
Reading summary statistics from /home/eerdem/CELLECT/cortical_ROI_CHARGE2020/model1b_inferiortemporal_SAMPLESIZE.sumstats.gz ...
Read summary statistics for 1186455 SNPs.
Reading reference panel LD Score from eur_w_ld_chr/[1-22] ...
Read reference panel LD Scores for 1290028 SNPs.
Removing partitioned LD Scores with zero variance.
Reading regression weight LD Score from eur_w_ld_chr/[1-22] ...
Read regression weight LD Scores for 1290028 SNPs.
After merging with reference panel LD, 1170096 SNPs remain.
After merging with regression SNP LD, 1170096 SNPs remain.
Computing rg for phenotype 2/2
Reading summary statistics from /home/eerdem/CELLECT/gwas/BIG-S2_DTI2020_munged/ukb_phase1to3_dti441_dec21_2019_pheno33.sumstats.gz ...
Read summary statistics for 1149074 SNPs.
After merging with summary statistics, 1132192 SNPs remain.
1132192 SNPs with valid alleles.

Heritability of phenotype 1
---------------------------
Total Observed scale h2: 0.1218 (0.0314)
Lambda GC: 1.0298
Mean Chi^2: 1.0412
Intercept: 0.9871 (0.0077)
Ratio < 0 (usually indicates GC correction).

Heritability of phenotype 2/2
-----------------------------
Total Observed scale h2: 0.3416 (0.0332)
Lambda GC: 1.171
Mean Chi^2: 1.222
Intercept: 0.9972 (0.0098)
Ratio < 0 (usually indicates GC correction).

Genetic Covariance
------------------
Total Observed scale gencov: -0.0758 (0.0273)
Mean z1*z2: -0.0546
Intercept: -0.0097 (0.0076)

Genetic Correlation
-------------------
Genetic Correlation: -0.3717 (0.109)
Z-score: -3.4109
P: 0.0006


Summary of Genetic Correlation Results
p1                                                                                                   p2      rg     se       z       p  h2_obs  h2_obs_se  h2_int  h2_int_se  gcov_int  gcov_int_se
/home/eerdem/CELLECT/cortical_ROI_CHARGE2020/model1b_inferiortemporal_SAMPLESIZE.sumstats.gz  /home/eerdem/CELLECT/gwas/BIG-S2_DTI2020_munged/ukb_phase1to3_dti441_dec21_2019_pheno33.sumstats.gz -0.3717  0.109 -3.4109  0.0006  0.3416     0.0332  0.9972     0.0098   -0.0097       0.0076

Analysis finished at Tue Dec  8 20:00:32 2020
Total time elapsed: 20.12s
