*********************************************************************
* LD Score Regression (LDSC)
* Version 1.0.0
* (C) 2014-2015 Brendan Bulik-Sullivan and Hilary Finucane
* Broad Institute of MIT and Harvard / MIT Department of Mathematics
* GNU General Public License v3
*********************************************************************
Call: 
./ldsc.py \
--ref-ld-chr eur_w_ld_chr/ \
--out /home/eerdem/notebooks/CELLECT-Analyser/out/genetic_correlation/gc/model1d_fusiform_Net100_Node52 \
--rg /home/eerdem/CELLECT/cortical_ROI_CHARGE2020/model1d_fusiform_SAMPLESIZE.sumstats.gz,/home/eerdem/CELLECT/gwas/BIG-S2_rs-fMRI/ukb_phase1to3_fmri_node_dec21_2019_pheno73.sumstats.gz \
--w-ld-chr eur_w_ld_chr/ 

Beginning analysis at Tue Dec  8 16:14:42 2020
Reading summary statistics from /home/eerdem/CELLECT/cortical_ROI_CHARGE2020/model1d_fusiform_SAMPLESIZE.sumstats.gz ...
Read summary statistics for 1185474 SNPs.
Reading reference panel LD Score from eur_w_ld_chr/[1-22] ...
Read reference panel LD Scores for 1290028 SNPs.
Removing partitioned LD Scores with zero variance.
Reading regression weight LD Score from eur_w_ld_chr/[1-22] ...
Read regression weight LD Scores for 1290028 SNPs.
After merging with reference panel LD, 1173094 SNPs remain.
After merging with regression SNP LD, 1173094 SNPs remain.
Computing rg for phenotype 2/2
Reading summary statistics from /home/eerdem/CELLECT/gwas/BIG-S2_rs-fMRI/ukb_phase1to3_fmri_node_dec21_2019_pheno73.sumstats.gz ...
Read summary statistics for 1149479 SNPs.
After merging with summary statistics, 1135111 SNPs remain.
1135111 SNPs with valid alleles.

Heritability of phenotype 1
---------------------------
Total Observed scale h2: 0.1782 (0.0271)
Lambda GC: 1.0592
Mean Chi^2: 1.0829
Intercept: 1.0025 (0.0072)
Ratio: 0.0296 (0.0872)

Heritability of phenotype 2/2
-----------------------------
Total Observed scale h2: 0.0966 (0.0168)
Lambda GC: 1.0635
Mean Chi^2: 1.0755
Intercept: 1.0124 (0.0078)
Ratio: 0.1646 (0.1034)

Genetic Covariance
------------------
Total Observed scale gencov: 0.0128 (0.0143)
Mean z1*z2: -0.009
Intercept: -0.0151 (0.0049)

Genetic Correlation
-------------------
Genetic Correlation: 0.0973 (0.1098)
Z-score: 0.886
P: 0.3756


Summary of Genetic Correlation Results
p1                                                                                               p2      rg      se      z       p  h2_obs  h2_obs_se  h2_int  h2_int_se  gcov_int  gcov_int_se
/home/eerdem/CELLECT/cortical_ROI_CHARGE2020/model1d_fusiform_SAMPLESIZE.sumstats.gz  /home/eerdem/CELLECT/gwas/BIG-S2_rs-fMRI/ukb_phase1to3_fmri_node_dec21_2019_pheno73.sumstats.gz  0.0973  0.1098  0.886  0.3756  0.0966     0.0168  1.0124     0.0078   -0.0151       0.0049

Analysis finished at Tue Dec  8 16:15:02 2020
Total time elapsed: 19.64s
