*********************************************************************
* LD Score Regression (LDSC)
* Version 1.0.0
* (C) 2014-2015 Brendan Bulik-Sullivan and Hilary Finucane
* Broad Institute of MIT and Harvard / MIT Department of Mathematics
* GNU General Public License v3
*********************************************************************
Call: 
./ldsc.py \
--ref-ld-chr eur_w_ld_chr/ \
--out /home/eerdem/notebooks/CELLECT-Analyser/out/genetic_correlation/gc/model1d_transversetemporal_ukb_phase1to3_fapcs_dec21_2019_pheno103 \
--rg /home/eerdem/CELLECT/cortical_ROI_CHARGE2020/model1d_transversetemporal_SAMPLESIZE.sumstats.gz,/home/eerdem/CELLECT/gwas/BIG-S2_DTI2020_munged/ukb_phase1to3_fapcs_dec21_2019_pheno103.sumstats.gz \
--w-ld-chr eur_w_ld_chr/ 

Beginning analysis at Tue Dec  8 18:18:42 2020
Reading summary statistics from /home/eerdem/CELLECT/cortical_ROI_CHARGE2020/model1d_transversetemporal_SAMPLESIZE.sumstats.gz ...
Read summary statistics for 1186171 SNPs.
Reading reference panel LD Score from eur_w_ld_chr/[1-22] ...
Read reference panel LD Scores for 1290028 SNPs.
Removing partitioned LD Scores with zero variance.
Reading regression weight LD Score from eur_w_ld_chr/[1-22] ...
Read regression weight LD Scores for 1290028 SNPs.
After merging with reference panel LD, 1173389 SNPs remain.
After merging with regression SNP LD, 1173389 SNPs remain.
Computing rg for phenotype 2/2
Reading summary statistics from /home/eerdem/CELLECT/gwas/BIG-S2_DTI2020_munged/ukb_phase1to3_fapcs_dec21_2019_pheno103.sumstats.gz ...
Read summary statistics for 1149074 SNPs.
After merging with summary statistics, 1134822 SNPs remain.
1134822 SNPs with valid alleles.

Heritability of phenotype 1
---------------------------
Total Observed scale h2: 0.215 (0.0236)
Lambda GC: 1.0731
Mean Chi^2: 1.0947
Intercept: 0.997 (0.0072)
Ratio < 0 (usually indicates GC correction).

Heritability of phenotype 2/2
-----------------------------
Total Observed scale h2: 0.1867 (0.0201)
Lambda GC: 1.1112
Mean Chi^2: 1.1298
Intercept: 1.0108 (0.0077)
Ratio: 0.0833 (0.0593)

Genetic Covariance
------------------
Total Observed scale gencov: -0.0047 (0.0157)
Mean z1*z2: 0.0096
Intercept: 0.0137 (0.0051)

Genetic Correlation
-------------------
Genetic Correlation: -0.0234 (0.0788)
Z-score: -0.2974
P: 0.7661


Summary of Genetic Correlation Results
p1                                                                                                   p2      rg      se       z       p  h2_obs  h2_obs_se  h2_int  h2_int_se  gcov_int  gcov_int_se
/home/eerdem/CELLECT/cortical_ROI_CHARGE2020/model1d_transversetemporal_SAMPLESIZE.sumstats.gz  /home/eerdem/CELLECT/gwas/BIG-S2_DTI2020_munged/ukb_phase1to3_fapcs_dec21_2019_pheno103.sumstats.gz -0.0234  0.0788 -0.2974  0.7661  0.1867     0.0201  1.0108     0.0077    0.0137       0.0051

Analysis finished at Tue Dec  8 18:19:06 2020
Total time elapsed: 23.42s
