*********************************************************************
* LD Score Regression (LDSC)
* Version 1.0.0
* (C) 2014-2015 Brendan Bulik-Sullivan and Hilary Finucane
* Broad Institute of MIT and Harvard / MIT Department of Mathematics
* GNU General Public License v3
*********************************************************************
Call: 
./ldsc.py \
--ref-ld-chr eur_w_ld_chr/ \
--out /home/eerdem/notebooks/CELLECT-Analyser/out/genetic_correlation/gc/model1d_posteriorcingulate_Net25_Node18 \
--rg /home/eerdem/CELLECT/cortical_ROI_CHARGE2020/model1d_posteriorcingulate_SAMPLESIZE.sumstats.gz,/home/eerdem/CELLECT/gwas/BIG-S2_rs-fMRI/ukb_phase1to3_fmri_node_dec21_2019_pheno18.sumstats.gz \
--w-ld-chr eur_w_ld_chr/ 

Beginning analysis at Tue Dec  8 19:20:12 2020
Reading summary statistics from /home/eerdem/CELLECT/cortical_ROI_CHARGE2020/model1d_posteriorcingulate_SAMPLESIZE.sumstats.gz ...
Read summary statistics for 1186151 SNPs.
Reading reference panel LD Score from eur_w_ld_chr/[1-22] ...
Read reference panel LD Scores for 1290028 SNPs.
Removing partitioned LD Scores with zero variance.
Reading regression weight LD Score from eur_w_ld_chr/[1-22] ...
Read regression weight LD Scores for 1290028 SNPs.
After merging with reference panel LD, 1173377 SNPs remain.
After merging with regression SNP LD, 1173377 SNPs remain.
Computing rg for phenotype 2/2
Reading summary statistics from /home/eerdem/CELLECT/gwas/BIG-S2_rs-fMRI/ukb_phase1to3_fmri_node_dec21_2019_pheno18.sumstats.gz ...
Read summary statistics for 1149479 SNPs.
After merging with summary statistics, 1135261 SNPs remain.
1135261 SNPs with valid alleles.

Heritability of phenotype 1
---------------------------
Total Observed scale h2: 0.1591 (0.0218)
Lambda GC: 1.068
Mean Chi^2: 1.0763
Intercept: 1.0038 (0.007)
Ratio: 0.0495 (0.0912)

Heritability of phenotype 2/2
-----------------------------
Total Observed scale h2: 0.152 (0.0246)
Lambda GC: 1.0771
Mean Chi^2: 1.0973
Intercept: 0.9976 (0.0084)
Ratio < 0 (usually indicates GC correction).

Genetic Covariance
------------------
Total Observed scale gencov: -0.0123 (0.0138)
Mean z1*z2: 0.0032
Intercept: 0.0104 (0.0046)

Genetic Correlation
-------------------
Genetic Correlation: -0.0789 (0.0889)
Z-score: -0.8872
P: 0.375


Summary of Genetic Correlation Results
p1                                                                                               p2      rg      se       z      p  h2_obs  h2_obs_se  h2_int  h2_int_se  gcov_int  gcov_int_se
/home/eerdem/CELLECT/cortical_ROI_CHARGE2020/model1d_posteriorcingulate_SAMPLESIZE.sumstats.gz  /home/eerdem/CELLECT/gwas/BIG-S2_rs-fMRI/ukb_phase1to3_fmri_node_dec21_2019_pheno18.sumstats.gz -0.0789  0.0889 -0.8872  0.375   0.152     0.0246  0.9976     0.0084    0.0104       0.0046

Analysis finished at Tue Dec  8 19:20:33 2020
Total time elapsed: 20.97s
