*********************************************************************
* LD Score Regression (LDSC)
* Version 1.0.0
* (C) 2014-2015 Brendan Bulik-Sullivan and Hilary Finucane
* Broad Institute of MIT and Harvard / MIT Department of Mathematics
* GNU General Public License v3
*********************************************************************
Call: 
./ldsc.py \
--ref-ld-chr eur_w_ld_chr/ \
--out /home/eerdem/notebooks/CELLECT-Analyser/out/genetic_correlation/gc/model1a_lateraloccipital_Net100_Node39 \
--rg /home/eerdem/CELLECT/cortical_ROI_CHARGE2020/model1a_lateraloccipital_SAMPLESIZE.sumstats.gz,/home/eerdem/CELLECT/gwas/BIG-S2_rs-fMRI/ukb_phase1to3_fmri_node_dec21_2019_pheno60.sumstats.gz \
--w-ld-chr eur_w_ld_chr/ 

Beginning analysis at Tue Dec  8 16:53:12 2020
Reading summary statistics from /home/eerdem/CELLECT/cortical_ROI_CHARGE2020/model1a_lateraloccipital_SAMPLESIZE.sumstats.gz ...
Read summary statistics for 1191336 SNPs.
Reading reference panel LD Score from eur_w_ld_chr/[1-22] ...
Read reference panel LD Scores for 1290028 SNPs.
Removing partitioned LD Scores with zero variance.
Reading regression weight LD Score from eur_w_ld_chr/[1-22] ...
Read regression weight LD Scores for 1290028 SNPs.
After merging with reference panel LD, 1174092 SNPs remain.
After merging with regression SNP LD, 1174092 SNPs remain.
Computing rg for phenotype 2/2
Reading summary statistics from /home/eerdem/CELLECT/gwas/BIG-S2_rs-fMRI/ukb_phase1to3_fmri_node_dec21_2019_pheno60.sumstats.gz ...
Read summary statistics for 1149479 SNPs.
After merging with summary statistics, 1135273 SNPs remain.
1135273 SNPs with valid alleles.

Heritability of phenotype 1
---------------------------
Total Observed scale h2: 0.2081 (0.0319)
Lambda GC: 1.065
Mean Chi^2: 1.0826
Intercept: 1.0092 (0.0069)
Ratio: 0.1109 (0.084)

Heritability of phenotype 2/2
-----------------------------
Total Observed scale h2: 0.153 (0.0235)
Lambda GC: 1.0809
Mean Chi^2: 1.1056
Intercept: 1.0067 (0.0089)
Ratio: 0.0634 (0.0838)

Genetic Covariance
------------------
Total Observed scale gencov: 0.0073 (0.0142)
Mean z1*z2: -0.0086
Intercept: -0.0116 (0.0044)

Genetic Correlation
-------------------
Genetic Correlation: 0.0407 (0.0807)
Z-score: 0.505
P: 0.6135


Summary of Genetic Correlation Results
p1                                                                                               p2      rg      se      z       p  h2_obs  h2_obs_se  h2_int  h2_int_se  gcov_int  gcov_int_se
/home/eerdem/CELLECT/cortical_ROI_CHARGE2020/model1a_lateraloccipital_SAMPLESIZE.sumstats.gz  /home/eerdem/CELLECT/gwas/BIG-S2_rs-fMRI/ukb_phase1to3_fmri_node_dec21_2019_pheno60.sumstats.gz  0.0407  0.0807  0.505  0.6135   0.153     0.0235  1.0067     0.0089   -0.0116       0.0044

Analysis finished at Tue Dec  8 16:53:36 2020
Total time elapsed: 24.15s
