*********************************************************************
* LD Score Regression (LDSC)
* Version 1.0.0
* (C) 2014-2015 Brendan Bulik-Sullivan and Hilary Finucane
* Broad Institute of MIT and Harvard / MIT Department of Mathematics
* GNU General Public License v3
*********************************************************************
Call: 
./ldsc.py \
--ref-ld-chr eur_w_ld_chr/ \
--out /home/eerdem/notebooks/CELLECT-Analyser/out/genetic_correlation/gc/model1d_superiorfrontal_Net100_Pair8_32 \
--rg /home/eerdem/CELLECT/cortical_ROI_CHARGE2020/model1d_superiorfrontal_SAMPLESIZE.sumstats.gz,/home/eerdem/CELLECT/gwas/BIG-S2_rs-fMRI/ukb_phase1to3_fmri_edge_dec21_2019_pheno683.sumstats.gz \
--w-ld-chr eur_w_ld_chr/ 

Beginning analysis at Tue Dec  8 20:22:57 2020
Reading summary statistics from /home/eerdem/CELLECT/cortical_ROI_CHARGE2020/model1d_superiorfrontal_SAMPLESIZE.sumstats.gz ...
Read summary statistics for 1186053 SNPs.
Reading reference panel LD Score from eur_w_ld_chr/[1-22] ...
Read reference panel LD Scores for 1290028 SNPs.
Removing partitioned LD Scores with zero variance.
Reading regression weight LD Score from eur_w_ld_chr/[1-22] ...
Read regression weight LD Scores for 1290028 SNPs.
After merging with reference panel LD, 1173221 SNPs remain.
After merging with regression SNP LD, 1173221 SNPs remain.
Computing rg for phenotype 2/2
Reading summary statistics from /home/eerdem/CELLECT/gwas/BIG-S2_rs-fMRI/ukb_phase1to3_fmri_edge_dec21_2019_pheno683.sumstats.gz ...
Read summary statistics for 1149479 SNPs.
After merging with summary statistics, 1135123 SNPs remain.
1135123 SNPs with valid alleles.

Heritability of phenotype 1
---------------------------
Total Observed scale h2: 0.2072 (0.0249)
Lambda GC: 1.0714
Mean Chi^2: 1.0842
Intercept: 0.9924 (0.0075)
Ratio < 0 (usually indicates GC correction).

Heritability of phenotype 2/2
-----------------------------
Total Observed scale h2: 0.0404 (0.0137)
Lambda GC: 1.0261
Mean Chi^2: 1.0307
Intercept: 1.0047 (0.0064)
Ratio: 0.1538 (0.2086)

Genetic Covariance
------------------
Total Observed scale gencov: -0.0056 (0.013)
Mean z1*z2: -0.0106
Intercept: -0.0074 (0.0046)

Genetic Correlation
-------------------
Genetic Correlation: -0.0612 (0.1418)
Z-score: -0.4314
P: 0.6662


Summary of Genetic Correlation Results
p1                                                                                                p2      rg      se       z       p  h2_obs  h2_obs_se  h2_int  h2_int_se  gcov_int  gcov_int_se
/home/eerdem/CELLECT/cortical_ROI_CHARGE2020/model1d_superiorfrontal_SAMPLESIZE.sumstats.gz  /home/eerdem/CELLECT/gwas/BIG-S2_rs-fMRI/ukb_phase1to3_fmri_edge_dec21_2019_pheno683.sumstats.gz -0.0612  0.1418 -0.4314  0.6662  0.0404     0.0137  1.0047     0.0064   -0.0074       0.0046

Analysis finished at Tue Dec  8 20:23:19 2020
Total time elapsed: 22.28s
