*********************************************************************
* LD Score Regression (LDSC)
* Version 1.0.0
* (C) 2014-2015 Brendan Bulik-Sullivan and Hilary Finucane
* Broad Institute of MIT and Harvard / MIT Department of Mathematics
* GNU General Public License v3
*********************************************************************
Call: 
./ldsc.py \
--ref-ld-chr eur_w_ld_chr/ \
--out /home/eerdem/notebooks/CELLECT-Analyser/out/genetic_correlation/gc/model1a_superiorfrontal_ukb_phase1to3_fapcs_dec21_2019_pheno70 \
--rg /home/eerdem/CELLECT/cortical_ROI_CHARGE2020/model1a_superiorfrontal_SAMPLESIZE.sumstats.gz,/home/eerdem/CELLECT/gwas/BIG-S2_DTI2020_munged/ukb_phase1to3_fapcs_dec21_2019_pheno70.sumstats.gz \
--w-ld-chr eur_w_ld_chr/ 

Beginning analysis at Tue Dec  8 18:34:42 2020
Reading summary statistics from /home/eerdem/CELLECT/cortical_ROI_CHARGE2020/model1a_superiorfrontal_SAMPLESIZE.sumstats.gz ...
Read summary statistics for 1191330 SNPs.
Reading reference panel LD Score from eur_w_ld_chr/[1-22] ...
Read reference panel LD Scores for 1290028 SNPs.
Removing partitioned LD Scores with zero variance.
Reading regression weight LD Score from eur_w_ld_chr/[1-22] ...
Read regression weight LD Scores for 1290028 SNPs.
After merging with reference panel LD, 1174086 SNPs remain.
After merging with regression SNP LD, 1174086 SNPs remain.
Computing rg for phenotype 2/2
Reading summary statistics from /home/eerdem/CELLECT/gwas/BIG-S2_DTI2020_munged/ukb_phase1to3_fapcs_dec21_2019_pheno70.sumstats.gz ...
Read summary statistics for 1149074 SNPs.
After merging with summary statistics, 1134831 SNPs remain.
1134831 SNPs with valid alleles.

Heritability of phenotype 1
---------------------------
Total Observed scale h2: 0.1973 (0.028)
Lambda GC: 1.0597
Mean Chi^2: 1.0719
Intercept: 1.0014 (0.007)
Ratio: 0.0189 (0.0967)

Heritability of phenotype 2/2
-----------------------------
Total Observed scale h2: 0.1525 (0.0182)
Lambda GC: 1.0859
Mean Chi^2: 1.1003
Intercept: 1.0048 (0.0066)
Ratio: 0.048 (0.0656)

Genetic Covariance
------------------
Total Observed scale gencov: -0.0146 (0.0145)
Mean z1*z2: 0.0061
Intercept: 0.0134 (0.0047)

Genetic Correlation
-------------------
Genetic Correlation: -0.0839 (0.0847)
Z-score: -0.9913
P: 0.3215


Summary of Genetic Correlation Results
p1                                                                                                  p2      rg      se       z       p  h2_obs  h2_obs_se  h2_int  h2_int_se  gcov_int  gcov_int_se
/home/eerdem/CELLECT/cortical_ROI_CHARGE2020/model1a_superiorfrontal_SAMPLESIZE.sumstats.gz  /home/eerdem/CELLECT/gwas/BIG-S2_DTI2020_munged/ukb_phase1to3_fapcs_dec21_2019_pheno70.sumstats.gz -0.0839  0.0847 -0.9913  0.3215  0.1525     0.0182  1.0048     0.0066    0.0134       0.0047

Analysis finished at Tue Dec  8 18:35:06 2020
Total time elapsed: 23.91s
