*********************************************************************
* LD Score Regression (LDSC)
* Version 1.0.0
* (C) 2014-2015 Brendan Bulik-Sullivan and Hilary Finucane
* Broad Institute of MIT and Harvard / MIT Department of Mathematics
* GNU General Public License v3
*********************************************************************
Call: 
./ldsc.py \
--ref-ld-chr eur_w_ld_chr/ \
--out /home/eerdem/notebooks/CELLECT-Analyser/out/genetic_correlation/gc/model1a_entorhinal_model1a_inferiorparietal \
--rg /home/eerdem/CELLECT/cortical_ROI_CHARGE2020/model1a_entorhinal_SAMPLESIZE.sumstats.gz,/home/eerdem/CELLECT/cortical_ROI_CHARGE2020/model1a_inferiorparietal_SAMPLESIZE.sumstats.gz \
--w-ld-chr eur_w_ld_chr/ 

Beginning analysis at Tue Dec  8 15:08:42 2020
Reading summary statistics from /home/eerdem/CELLECT/cortical_ROI_CHARGE2020/model1a_entorhinal_SAMPLESIZE.sumstats.gz ...
Read summary statistics for 1191327 SNPs.
Reading reference panel LD Score from eur_w_ld_chr/[1-22] ...
Read reference panel LD Scores for 1290028 SNPs.
Removing partitioned LD Scores with zero variance.
Reading regression weight LD Score from eur_w_ld_chr/[1-22] ...
Read regression weight LD Scores for 1290028 SNPs.
After merging with reference panel LD, 1174083 SNPs remain.
After merging with regression SNP LD, 1174083 SNPs remain.
Computing rg for phenotype 2/2
Reading summary statistics from /home/eerdem/CELLECT/cortical_ROI_CHARGE2020/model1a_inferiorparietal_SAMPLESIZE.sumstats.gz ...
Read summary statistics for 1191335 SNPs.
After merging with summary statistics, 1174080 SNPs remain.
1174080 SNPs with valid alleles.

Heritability of phenotype 1
---------------------------
Total Observed scale h2: 0.1311 (0.0283)
Lambda GC: 1.0327
Mean Chi^2: 1.0379
Intercept: 0.9891 (0.0066)
Ratio < 0 (usually indicates GC correction).

Heritability of phenotype 2/2
-----------------------------
Total Observed scale h2: 0.2639 (0.0308)
Lambda GC: 1.0699
Mean Chi^2: 1.0889
Intercept: 0.9964 (0.0064)
Ratio < 0 (usually indicates GC correction).

Genetic Covariance
------------------
Total Observed scale gencov: 0.0205 (0.0187)
Mean z1*z2: 0.0505
Intercept: 0.0438 (0.0045)

Genetic Correlation
-------------------
Genetic Correlation: 0.1099 (0.1005)
Z-score: 1.0945
P: 0.2737


Summary of Genetic Correlation Results
p1                                                                                            p2      rg      se       z       p  h2_obs  h2_obs_se  h2_int  h2_int_se  gcov_int  gcov_int_se
/home/eerdem/CELLECT/cortical_ROI_CHARGE2020/model1a_entorhinal_SAMPLESIZE.sumstats.gz  /home/eerdem/CELLECT/cortical_ROI_CHARGE2020/model1a_inferiorparietal_SAMPLESIZE.sumstats.gz  0.1099  0.1005  1.0945  0.2737  0.2639     0.0308  0.9964     0.0064    0.0438       0.0045

Analysis finished at Tue Dec  8 15:09:04 2020
Total time elapsed: 22.11s
