*********************************************************************
* LD Score Regression (LDSC)
* Version 1.0.0
* (C) 2014-2015 Brendan Bulik-Sullivan and Hilary Finucane
* Broad Institute of MIT and Harvard / MIT Department of Mathematics
* GNU General Public License v3
*********************************************************************
Call: 
./ldsc.py \
--ref-ld-chr eur_w_ld_chr/ \
--out /home/eerdem/notebooks/CELLECT-Analyser/out/genetic_correlation/gc/model1d_cuneus_model1d_bankssts \
--rg /home/eerdem/CELLECT/cortical_ROI_CHARGE2020/model1d_cuneus_SAMPLESIZE.sumstats.gz,/home/eerdem/CELLECT/cortical_ROI_CHARGE2020/model1d_bankssts_SAMPLESIZE.sumstats.gz \
--w-ld-chr eur_w_ld_chr/ 

Beginning analysis at Tue Dec  8 19:37:13 2020
Reading summary statistics from /home/eerdem/CELLECT/cortical_ROI_CHARGE2020/model1d_cuneus_SAMPLESIZE.sumstats.gz ...
Read summary statistics for 1186141 SNPs.
Reading reference panel LD Score from eur_w_ld_chr/[1-22] ...
Read reference panel LD Scores for 1290028 SNPs.
Removing partitioned LD Scores with zero variance.
Reading regression weight LD Score from eur_w_ld_chr/[1-22] ...
Read regression weight LD Scores for 1290028 SNPs.
After merging with reference panel LD, 1173377 SNPs remain.
After merging with regression SNP LD, 1173377 SNPs remain.
Computing rg for phenotype 2/2
Reading summary statistics from /home/eerdem/CELLECT/cortical_ROI_CHARGE2020/model1d_bankssts_SAMPLESIZE.sumstats.gz ...
Read summary statistics for 1186004 SNPs.
After merging with summary statistics, 1173257 SNPs remain.
1173257 SNPs with valid alleles.

Heritability of phenotype 1
---------------------------
Total Observed scale h2: 0.2521 (0.028)
Lambda GC: 1.0887
Mean Chi^2: 1.1056
Intercept: 0.9927 (0.0069)
Ratio < 0 (usually indicates GC correction).

Heritability of phenotype 2/2
-----------------------------
Total Observed scale h2: 0.1423 (0.0222)
Lambda GC: 1.0577
Mean Chi^2: 1.0628
Intercept: 1.0006 (0.0067)
Ratio: 0.009 (0.106)

Genetic Covariance
------------------
Total Observed scale gencov: -0.0482 (0.0175)
Mean z1*z2: -0.1916
Intercept: -0.1719 (0.0049)

Genetic Correlation
-------------------
Genetic Correlation: -0.2544 (0.0897)
Z-score: -2.8372
P: 0.0046


Summary of Genetic Correlation Results
p1                                                                                    p2      rg      se       z       p  h2_obs  h2_obs_se  h2_int  h2_int_se  gcov_int  gcov_int_se
/home/eerdem/CELLECT/cortical_ROI_CHARGE2020/model1d_cuneus_SAMPLESIZE.sumstats.gz  /home/eerdem/CELLECT/cortical_ROI_CHARGE2020/model1d_bankssts_SAMPLESIZE.sumstats.gz -0.2544  0.0897 -2.8372  0.0046  0.1423     0.0222  1.0006     0.0067   -0.1719       0.0049

Analysis finished at Tue Dec  8 19:37:32 2020
Total time elapsed: 19.68s
