*********************************************************************
* LD Score Regression (LDSC)
* Version 1.0.0
* (C) 2014-2015 Brendan Bulik-Sullivan and Hilary Finucane
* Broad Institute of MIT and Harvard / MIT Department of Mathematics
* GNU General Public License v3
*********************************************************************
Call: 
./ldsc.py \
--ref-ld-chr eur_w_ld_chr/ \
--out /home/eerdem/notebooks/CELLECT-Analyser/out/genetic_correlation/gc/model1b_supramarginal_ukb_phase1to3_dti441_dec21_2019_pheno102 \
--rg /home/eerdem/CELLECT/cortical_ROI_CHARGE2020/model1b_supramarginal_SAMPLESIZE.sumstats.gz,/home/eerdem/CELLECT/gwas/BIG-S2_DTI2020_munged/ukb_phase1to3_dti441_dec21_2019_pheno102.sumstats.gz \
--w-ld-chr eur_w_ld_chr/ 

Beginning analysis at Tue Dec  8 16:12:42 2020
Reading summary statistics from /home/eerdem/CELLECT/cortical_ROI_CHARGE2020/model1b_supramarginal_SAMPLESIZE.sumstats.gz ...
Read summary statistics for 1186455 SNPs.
Reading reference panel LD Score from eur_w_ld_chr/[1-22] ...
Read reference panel LD Scores for 1290028 SNPs.
Removing partitioned LD Scores with zero variance.
Reading regression weight LD Score from eur_w_ld_chr/[1-22] ...
Read regression weight LD Scores for 1290028 SNPs.
After merging with reference panel LD, 1170096 SNPs remain.
After merging with regression SNP LD, 1170096 SNPs remain.
Computing rg for phenotype 2/2
Reading summary statistics from /home/eerdem/CELLECT/gwas/BIG-S2_DTI2020_munged/ukb_phase1to3_dti441_dec21_2019_pheno102.sumstats.gz ...
Read summary statistics for 1149074 SNPs.
After merging with summary statistics, 1132192 SNPs remain.
1132192 SNPs with valid alleles.

Heritability of phenotype 1
---------------------------
Total Observed scale h2: 0.0726 (0.0205)
Lambda GC: 1.0348
Mean Chi^2: 1.0336
Intercept: 1.0021 (0.0063)
Ratio: 0.0616 (0.1884)

Heritability of phenotype 2/2
-----------------------------
Total Observed scale h2: 0.3229 (0.0263)
Lambda GC: 1.1512
Mean Chi^2: 1.2065
Intercept: 1.0012 (0.0082)
Ratio: 0.0059 (0.0395)

Genetic Covariance
------------------
Total Observed scale gencov: -0.0388 (0.0157)
Mean z1*z2: -0.0449
Intercept: -0.0237 (0.005)

Genetic Correlation
-------------------
Genetic Correlation: -0.2532 (0.105)
Z-score: -2.4116
P: 0.0159


Summary of Genetic Correlation Results
p1                                                                                                    p2      rg     se       z       p  h2_obs  h2_obs_se  h2_int  h2_int_se  gcov_int  gcov_int_se
/home/eerdem/CELLECT/cortical_ROI_CHARGE2020/model1b_supramarginal_SAMPLESIZE.sumstats.gz  /home/eerdem/CELLECT/gwas/BIG-S2_DTI2020_munged/ukb_phase1to3_dti441_dec21_2019_pheno102.sumstats.gz -0.2532  0.105 -2.4116  0.0159  0.3229     0.0263  1.0012     0.0082   -0.0237        0.005

Analysis finished at Tue Dec  8 16:13:04 2020
Total time elapsed: 21.72s
