*********************************************************************
* LD Score Regression (LDSC)
* Version 1.0.0
* (C) 2014-2015 Brendan Bulik-Sullivan and Hilary Finucane
* Broad Institute of MIT and Harvard / MIT Department of Mathematics
* GNU General Public License v3
*********************************************************************
Call: 
./ldsc.py \
--ref-ld-chr eur_w_ld_chr/ \
--out /home/eerdem/notebooks/CELLECT-Analyser/out/genetic_correlation/gc/model1b_middletemporal_model1b_insula \
--rg /home/eerdem/CELLECT/cortical_ROI_CHARGE2020/model1b_middletemporal_SAMPLESIZE.sumstats.gz,/home/eerdem/CELLECT/cortical_ROI_CHARGE2020/model1b_insula_SAMPLESIZE.sumstats.gz \
--w-ld-chr eur_w_ld_chr/ 

Beginning analysis at Tue Dec  8 19:26:42 2020
Reading summary statistics from /home/eerdem/CELLECT/cortical_ROI_CHARGE2020/model1b_middletemporal_SAMPLESIZE.sumstats.gz ...
Read summary statistics for 1186349 SNPs.
Reading reference panel LD Score from eur_w_ld_chr/[1-22] ...
Read reference panel LD Scores for 1290028 SNPs.
Removing partitioned LD Scores with zero variance.
Reading regression weight LD Score from eur_w_ld_chr/[1-22] ...
Read regression weight LD Scores for 1290028 SNPs.
After merging with reference panel LD, 1169875 SNPs remain.
After merging with regression SNP LD, 1169875 SNPs remain.
Computing rg for phenotype 2/2
Reading summary statistics from /home/eerdem/CELLECT/cortical_ROI_CHARGE2020/model1b_insula_SAMPLESIZE.sumstats.gz ...
Read summary statistics for 1186349 SNPs.
After merging with summary statistics, 1169875 SNPs remain.
1169875 SNPs with valid alleles.

Heritability of phenotype 1
---------------------------
Total Observed scale h2: 0.0818 (0.0222)
Lambda GC: 1.0365
Mean Chi^2: 1.0408
Intercept: 1.0067 (0.0063)
Ratio: 0.1646 (0.154)

Heritability of phenotype 2/2
-----------------------------
Total Observed scale h2: 0.1447 (0.0277)
Lambda GC: 1.0485
Mean Chi^2: 1.0682
Intercept: 1.0055 (0.0071)
Ratio: 0.0812 (0.1048)

Genetic Covariance
------------------
Total Observed scale gencov: 0.0588 (0.0153)
Mean z1*z2: 0.1307
Intercept: 0.107 (0.0044)

Genetic Correlation
-------------------
Genetic Correlation: 0.5403 (0.1547)
Z-score: 3.4915
P: 0.0005


Summary of Genetic Correlation Results
p1                                                                                  p2      rg      se       z       p  h2_obs  h2_obs_se  h2_int  h2_int_se  gcov_int  gcov_int_se
/home/eerdem/CELLECT/cortical_ROI_CHARGE2020/model1b_middletemporal_SAMPLESIZE.sumstats.gz  /home/eerdem/CELLECT/cortical_ROI_CHARGE2020/model1b_insula_SAMPLESIZE.sumstats.gz  0.5403  0.1547  3.4915  0.0005  0.1447     0.0277  1.0055     0.0071     0.107       0.0044

Analysis finished at Tue Dec  8 19:27:08 2020
Total time elapsed: 25.71s
