*********************************************************************
* LD Score Regression (LDSC)
* Version 1.0.0
* (C) 2014-2015 Brendan Bulik-Sullivan and Hilary Finucane
* Broad Institute of MIT and Harvard / MIT Department of Mathematics
* GNU General Public License v3
*********************************************************************
Call: 
./ldsc.py \
--ref-ld-chr eur_w_ld_chr/ \
--out /home/eerdem/notebooks/CELLECT-Analyser/out/genetic_correlation/gc/model1d_inferiortemporal_ukb_phase1to3_dti441_dec21_2019_pheno4 \
--rg /home/eerdem/CELLECT/cortical_ROI_CHARGE2020/model1d_inferiortemporal_SAMPLESIZE.sumstats.gz,/home/eerdem/CELLECT/gwas/BIG-S2_DTI2020_munged/ukb_phase1to3_dti441_dec21_2019_pheno4.sumstats.gz \
--w-ld-chr eur_w_ld_chr/ 

Beginning analysis at Tue Dec  8 20:02:42 2020
Reading summary statistics from /home/eerdem/CELLECT/cortical_ROI_CHARGE2020/model1d_inferiortemporal_SAMPLESIZE.sumstats.gz ...
Read summary statistics for 1186134 SNPs.
Reading reference panel LD Score from eur_w_ld_chr/[1-22] ...
Read reference panel LD Scores for 1290028 SNPs.
Removing partitioned LD Scores with zero variance.
Reading regression weight LD Score from eur_w_ld_chr/[1-22] ...
Read regression weight LD Scores for 1290028 SNPs.
After merging with reference panel LD, 1173386 SNPs remain.
After merging with regression SNP LD, 1173386 SNPs remain.
Computing rg for phenotype 2/2
Reading summary statistics from /home/eerdem/CELLECT/gwas/BIG-S2_DTI2020_munged/ukb_phase1to3_dti441_dec21_2019_pheno4.sumstats.gz ...
Read summary statistics for 1149074 SNPs.
After merging with summary statistics, 1134824 SNPs remain.
1134824 SNPs with valid alleles.

Heritability of phenotype 1
---------------------------
Total Observed scale h2: 0.2097 (0.0242)
Lambda GC: 1.0743
Mean Chi^2: 1.0781
Intercept: 0.9845 (0.0064)
Ratio < 0 (usually indicates GC correction).

Heritability of phenotype 2/2
-----------------------------
Total Observed scale h2: 0.279 (0.0226)
Lambda GC: 1.1431
Mean Chi^2: 1.1894
Intercept: 1.0147 (0.0073)
Ratio: 0.0774 (0.0384)

Genetic Covariance
------------------
Total Observed scale gencov: -0.0502 (0.0154)
Mean z1*z2: -0.0276
Intercept: 0.0006 (0.0051)

Genetic Correlation
-------------------
Genetic Correlation: -0.2074 (0.0641)
Z-score: -3.2338
P: 0.0012


Summary of Genetic Correlation Results
p1                                                                                                  p2      rg      se       z       p  h2_obs  h2_obs_se  h2_int  h2_int_se  gcov_int  gcov_int_se
/home/eerdem/CELLECT/cortical_ROI_CHARGE2020/model1d_inferiortemporal_SAMPLESIZE.sumstats.gz  /home/eerdem/CELLECT/gwas/BIG-S2_DTI2020_munged/ukb_phase1to3_dti441_dec21_2019_pheno4.sumstats.gz -0.2074  0.0641 -3.2338  0.0012   0.279     0.0226  1.0147     0.0073    0.0006       0.0051

Analysis finished at Tue Dec  8 20:03:04 2020
Total time elapsed: 21.32s
