*********************************************************************
* LD Score Regression (LDSC)
* Version 1.0.0
* (C) 2014-2015 Brendan Bulik-Sullivan and Hilary Finucane
* Broad Institute of MIT and Harvard / MIT Department of Mathematics
* GNU General Public License v3
*********************************************************************
Call: 
./ldsc.py \
--ref-ld-chr eur_w_ld_chr/ \
--out /home/eerdem/notebooks/CELLECT-Analyser/out/genetic_correlation/gc/model1d_rostralmiddlefrontal_ukb_phase1to3_dti441_dec21_2019_pheno29 \
--rg /home/eerdem/CELLECT/cortical_ROI_CHARGE2020/model1d_rostralmiddlefrontal_SAMPLESIZE.sumstats.gz,/home/eerdem/CELLECT/gwas/BIG-S2_DTI2020_munged/ukb_phase1to3_dti441_dec21_2019_pheno29.sumstats.gz \
--w-ld-chr eur_w_ld_chr/ 

Beginning analysis at Tue Dec  8 16:03:12 2020
Reading summary statistics from /home/eerdem/CELLECT/cortical_ROI_CHARGE2020/model1d_rostralmiddlefrontal_SAMPLESIZE.sumstats.gz ...
Read summary statistics for 1186098 SNPs.
Reading reference panel LD Score from eur_w_ld_chr/[1-22] ...
Read reference panel LD Scores for 1290028 SNPs.
Removing partitioned LD Scores with zero variance.
Reading regression weight LD Score from eur_w_ld_chr/[1-22] ...
Read regression weight LD Scores for 1290028 SNPs.
After merging with reference panel LD, 1173376 SNPs remain.
After merging with regression SNP LD, 1173376 SNPs remain.
Computing rg for phenotype 2/2
Reading summary statistics from /home/eerdem/CELLECT/gwas/BIG-S2_DTI2020_munged/ukb_phase1to3_dti441_dec21_2019_pheno29.sumstats.gz ...
Read summary statistics for 1149074 SNPs.
After merging with summary statistics, 1134822 SNPs remain.
1134822 SNPs with valid alleles.

Heritability of phenotype 1
---------------------------
Total Observed scale h2: 0.2047 (0.0228)
Lambda GC: 1.0763
Mean Chi^2: 1.0918
Intercept: 1.0002 (0.0073)
Ratio: 0.0023 (0.0791)

Heritability of phenotype 2/2
-----------------------------
Total Observed scale h2: 0.3067 (0.0282)
Lambda GC: 1.1433
Mean Chi^2: 1.1911
Intercept: 0.9977 (0.0081)
Ratio < 0 (usually indicates GC correction).

Genetic Covariance
------------------
Total Observed scale gencov: 0.0002 (0.0159)
Mean z1*z2: -0.0058
Intercept: -0.0046 (0.0047)

Genetic Correlation
-------------------
Genetic Correlation: 0.0006 (0.0634)
Z-score: 0.0097
P: 0.9923


Summary of Genetic Correlation Results
p1                                                                                                   p2      rg      se       z       p  h2_obs  h2_obs_se  h2_int  h2_int_se  gcov_int  gcov_int_se
/home/eerdem/CELLECT/cortical_ROI_CHARGE2020/model1d_rostralmiddlefrontal_SAMPLESIZE.sumstats.gz  /home/eerdem/CELLECT/gwas/BIG-S2_DTI2020_munged/ukb_phase1to3_dti441_dec21_2019_pheno29.sumstats.gz  0.0006  0.0634  0.0097  0.9923  0.3067     0.0282  0.9977     0.0081   -0.0046       0.0047

Analysis finished at Tue Dec  8 16:03:36 2020
Total time elapsed: 23.68s
