*********************************************************************
* LD Score Regression (LDSC)
* Version 1.0.0
* (C) 2014-2015 Brendan Bulik-Sullivan and Hilary Finucane
* Broad Institute of MIT and Harvard / MIT Department of Mathematics
* GNU General Public License v3
*********************************************************************
Call: 
./ldsc.py \
--ref-ld-chr eur_w_ld_chr/ \
--out /home/eerdem/notebooks/CELLECT-Analyser/out/genetic_correlation/gc/model1d_insula_Net100_Pair13_28 \
--rg /home/eerdem/CELLECT/cortical_ROI_CHARGE2020/model1d_insula_SAMPLESIZE.sumstats.gz,/home/eerdem/CELLECT/gwas/BIG-S2_rs-fMRI/ukb_phase1to3_fmri_edge_dec21_2019_pheno574.sumstats.gz \
--w-ld-chr eur_w_ld_chr/ 

Beginning analysis at Tue Dec  8 15:57:27 2020
Reading summary statistics from /home/eerdem/CELLECT/cortical_ROI_CHARGE2020/model1d_insula_SAMPLESIZE.sumstats.gz ...
Read summary statistics for 1186575 SNPs.
Reading reference panel LD Score from eur_w_ld_chr/[1-22] ...
Read reference panel LD Scores for 1290028 SNPs.
Removing partitioned LD Scores with zero variance.
Reading regression weight LD Score from eur_w_ld_chr/[1-22] ...
Read regression weight LD Scores for 1290028 SNPs.
After merging with reference panel LD, 1173337 SNPs remain.
After merging with regression SNP LD, 1173337 SNPs remain.
Computing rg for phenotype 2/2
Reading summary statistics from /home/eerdem/CELLECT/gwas/BIG-S2_rs-fMRI/ukb_phase1to3_fmri_edge_dec21_2019_pheno574.sumstats.gz ...
Read summary statistics for 1149479 SNPs.
After merging with summary statistics, 1135143 SNPs remain.
1135143 SNPs with valid alleles.

Heritability of phenotype 1
---------------------------
Total Observed scale h2: 0.2581 (0.0248)
Lambda GC: 1.1021
Mean Chi^2: 1.1158
Intercept: 0.9995 (0.0075)
Ratio < 0 (usually indicates GC correction).

Heritability of phenotype 2/2
-----------------------------
Total Observed scale h2: 0.0844 (0.0159)
Lambda GC: 1.0561
Mean Chi^2: 1.0609
Intercept: 1.006 (0.0072)
Ratio: 0.0979 (0.1176)

Genetic Covariance
------------------
Total Observed scale gencov: -0.0097 (0.0146)
Mean z1*z2: -0.0119
Intercept: -0.0066 (0.0047)

Genetic Correlation
-------------------
Genetic Correlation: -0.0656 (0.0999)
Z-score: -0.6567
P: 0.5114


Summary of Genetic Correlation Results
p1                                                                                                p2      rg      se       z       p  h2_obs  h2_obs_se  h2_int  h2_int_se  gcov_int  gcov_int_se
/home/eerdem/CELLECT/cortical_ROI_CHARGE2020/model1d_insula_SAMPLESIZE.sumstats.gz  /home/eerdem/CELLECT/gwas/BIG-S2_rs-fMRI/ukb_phase1to3_fmri_edge_dec21_2019_pheno574.sumstats.gz -0.0656  0.0999 -0.6567  0.5114  0.0844     0.0159   1.006     0.0072   -0.0066       0.0047

Analysis finished at Tue Dec  8 15:57:50 2020
Total time elapsed: 23.29s
