*********************************************************************
* LD Score Regression (LDSC)
* Version 1.0.0
* (C) 2014-2015 Brendan Bulik-Sullivan and Hilary Finucane
* Broad Institute of MIT and Harvard / MIT Department of Mathematics
* GNU General Public License v3
*********************************************************************
Call: 
./ldsc.py \
--ref-ld-chr eur_w_ld_chr/ \
--out /home/eerdem/notebooks/CELLECT-Analyser/out/genetic_correlation/gc/model1a_inferiortemporal_model1d_frontalpole \
--rg /home/eerdem/CELLECT/cortical_ROI_CHARGE2020/model1a_inferiortemporal_SAMPLESIZE.sumstats.gz,/home/eerdem/CELLECT/cortical_ROI_CHARGE2020/model1d_frontalpole_SAMPLESIZE.sumstats.gz \
--w-ld-chr eur_w_ld_chr/ 

Beginning analysis at Tue Dec  8 20:21:57 2020
Reading summary statistics from /home/eerdem/CELLECT/cortical_ROI_CHARGE2020/model1a_inferiortemporal_SAMPLESIZE.sumstats.gz ...
Read summary statistics for 1191336 SNPs.
Reading reference panel LD Score from eur_w_ld_chr/[1-22] ...
Read reference panel LD Scores for 1290028 SNPs.
Removing partitioned LD Scores with zero variance.
Reading regression weight LD Score from eur_w_ld_chr/[1-22] ...
Read regression weight LD Scores for 1290028 SNPs.
After merging with reference panel LD, 1174092 SNPs remain.
After merging with regression SNP LD, 1174092 SNPs remain.
Computing rg for phenotype 2/2
Reading summary statistics from /home/eerdem/CELLECT/cortical_ROI_CHARGE2020/model1d_frontalpole_SAMPLESIZE.sumstats.gz ...
Read summary statistics for 1186479 SNPs.
After merging with summary statistics, 1172700 SNPs remain.
1172700 SNPs with valid alleles.

Heritability of phenotype 1
---------------------------
Total Observed scale h2: 0.2304 (0.0286)
Lambda GC: 1.066
Mean Chi^2: 1.0749
Intercept: 0.994 (0.006)
Ratio < 0 (usually indicates GC correction).

Heritability of phenotype 2/2
-----------------------------
Total Observed scale h2: 0.0705 (0.0219)
Lambda GC: 1.0303
Mean Chi^2: 1.0345
Intercept: 1.0029 (0.0061)
Ratio: 0.0855 (0.1776)

Genetic Covariance
------------------
Total Observed scale gencov: -0.0089 (0.0167)
Mean z1*z2: -0.0577
Intercept: -0.0542 (0.0045)

Genetic Correlation
-------------------
Genetic Correlation: -0.0697 (0.1318)
Z-score: -0.5287
P: 0.597


Summary of Genetic Correlation Results
p1                                                                                       p2      rg      se       z      p  h2_obs  h2_obs_se  h2_int  h2_int_se  gcov_int  gcov_int_se
/home/eerdem/CELLECT/cortical_ROI_CHARGE2020/model1a_inferiortemporal_SAMPLESIZE.sumstats.gz  /home/eerdem/CELLECT/cortical_ROI_CHARGE2020/model1d_frontalpole_SAMPLESIZE.sumstats.gz -0.0697  0.1318 -0.5287  0.597  0.0705     0.0219  1.0029     0.0061   -0.0542       0.0045

Analysis finished at Tue Dec  8 20:22:19 2020
Total time elapsed: 22.06s
