*********************************************************************
* LD Score Regression (LDSC)
* Version 1.0.0
* (C) 2014-2015 Brendan Bulik-Sullivan and Hilary Finucane
* Broad Institute of MIT and Harvard / MIT Department of Mathematics
* GNU General Public License v3
*********************************************************************
Call: 
./ldsc.py \
--ref-ld-chr eur_w_ld_chr/ \
--out /home/eerdem/notebooks/CELLECT-Analyser/out/genetic_correlation/gc/model1d_posteriorcingulate_ukb_phase1to3_fapcs_dec21_2019_pheno11 \
--rg /home/eerdem/CELLECT/cortical_ROI_CHARGE2020/model1d_posteriorcingulate_SAMPLESIZE.sumstats.gz,/home/eerdem/CELLECT/gwas/BIG-S2_DTI2020_munged/ukb_phase1to3_fapcs_dec21_2019_pheno11.sumstats.gz \
--w-ld-chr eur_w_ld_chr/ 

Beginning analysis at Tue Dec  8 19:47:12 2020
Reading summary statistics from /home/eerdem/CELLECT/cortical_ROI_CHARGE2020/model1d_posteriorcingulate_SAMPLESIZE.sumstats.gz ...
Read summary statistics for 1186151 SNPs.
Reading reference panel LD Score from eur_w_ld_chr/[1-22] ...
Read reference panel LD Scores for 1290028 SNPs.
Removing partitioned LD Scores with zero variance.
Reading regression weight LD Score from eur_w_ld_chr/[1-22] ...
Read regression weight LD Scores for 1290028 SNPs.
After merging with reference panel LD, 1173377 SNPs remain.
After merging with regression SNP LD, 1173377 SNPs remain.
Computing rg for phenotype 2/2
Reading summary statistics from /home/eerdem/CELLECT/gwas/BIG-S2_DTI2020_munged/ukb_phase1to3_fapcs_dec21_2019_pheno11.sumstats.gz ...
Read summary statistics for 1149074 SNPs.
After merging with summary statistics, 1134826 SNPs remain.
1134826 SNPs with valid alleles.

Heritability of phenotype 1
---------------------------
Total Observed scale h2: 0.1594 (0.0217)
Lambda GC: 1.068
Mean Chi^2: 1.0763
Intercept: 1.0036 (0.007)
Ratio: 0.0473 (0.0917)

Heritability of phenotype 2/2
-----------------------------
Total Observed scale h2: 0.3054 (0.0276)
Lambda GC: 1.1515
Mean Chi^2: 1.2003
Intercept: 1.0065 (0.0078)
Ratio: 0.0323 (0.0391)

Genetic Covariance
------------------
Total Observed scale gencov: 0.0087 (0.0166)
Mean z1*z2: 0.0022
Intercept: -0.0038 (0.0052)

Genetic Correlation
-------------------
Genetic Correlation: 0.0396 (0.0752)
Z-score: 0.5259
P: 0.599


Summary of Genetic Correlation Results
p1                                                                                                  p2      rg      se       z      p  h2_obs  h2_obs_se  h2_int  h2_int_se  gcov_int  gcov_int_se
/home/eerdem/CELLECT/cortical_ROI_CHARGE2020/model1d_posteriorcingulate_SAMPLESIZE.sumstats.gz  /home/eerdem/CELLECT/gwas/BIG-S2_DTI2020_munged/ukb_phase1to3_fapcs_dec21_2019_pheno11.sumstats.gz  0.0396  0.0752  0.5259  0.599  0.3054     0.0276  1.0065     0.0078   -0.0038       0.0052

Analysis finished at Tue Dec  8 19:47:35 2020
Total time elapsed: 22.91s
