*********************************************************************
* LD Score Regression (LDSC)
* Version 1.0.0
* (C) 2014-2015 Brendan Bulik-Sullivan and Hilary Finucane
* Broad Institute of MIT and Harvard / MIT Department of Mathematics
* GNU General Public License v3
*********************************************************************
Call: 
./ldsc.py \
--ref-ld-chr eur_w_ld_chr/ \
--out /home/eerdem/notebooks/CELLECT-Analyser/out/genetic_correlation/gc/model1b_supramarginal_Net25_Node14 \
--rg /home/eerdem/CELLECT/cortical_ROI_CHARGE2020/model1b_supramarginal_SAMPLESIZE.sumstats.gz,/home/eerdem/CELLECT/gwas/BIG-S2_rs-fMRI/ukb_phase1to3_fmri_node_dec21_2019_pheno14.sumstats.gz \
--w-ld-chr eur_w_ld_chr/ 

Beginning analysis at Tue Dec  8 18:51:12 2020
Reading summary statistics from /home/eerdem/CELLECT/cortical_ROI_CHARGE2020/model1b_supramarginal_SAMPLESIZE.sumstats.gz ...
Read summary statistics for 1186455 SNPs.
Reading reference panel LD Score from eur_w_ld_chr/[1-22] ...
Read reference panel LD Scores for 1290028 SNPs.
Removing partitioned LD Scores with zero variance.
Reading regression weight LD Score from eur_w_ld_chr/[1-22] ...
Read regression weight LD Scores for 1290028 SNPs.
After merging with reference panel LD, 1170096 SNPs remain.
After merging with regression SNP LD, 1170096 SNPs remain.
Computing rg for phenotype 2/2
Reading summary statistics from /home/eerdem/CELLECT/gwas/BIG-S2_rs-fMRI/ukb_phase1to3_fmri_node_dec21_2019_pheno14.sumstats.gz ...
Read summary statistics for 1149479 SNPs.
After merging with summary statistics, 1132625 SNPs remain.
1132625 SNPs with valid alleles.

Heritability of phenotype 1
---------------------------
Total Observed scale h2: 0.0728 (0.0205)
Lambda GC: 1.035
Mean Chi^2: 1.0337
Intercept: 1.0021 (0.0063)
Ratio: 0.0613 (0.1877)

Heritability of phenotype 2/2
-----------------------------
Total Observed scale h2: 0.1513 (0.0249)
Lambda GC: 1.0888
Mean Chi^2: 1.1172
Intercept: 1.0175 (0.0098)
Ratio: 0.1491 (0.0836)

Genetic Covariance
------------------
Total Observed scale gencov: 0.0007 (0.0147)
Mean z1*z2: -0.0042
Intercept: -0.0044 (0.0051)

Genetic Correlation
-------------------
Genetic Correlation: 0.0069 (0.1411)
Z-score: 0.0491
P: 0.9608


Summary of Genetic Correlation Results
p1                                                                                               p2      rg      se       z       p  h2_obs  h2_obs_se  h2_int  h2_int_se  gcov_int  gcov_int_se
/home/eerdem/CELLECT/cortical_ROI_CHARGE2020/model1b_supramarginal_SAMPLESIZE.sumstats.gz  /home/eerdem/CELLECT/gwas/BIG-S2_rs-fMRI/ukb_phase1to3_fmri_node_dec21_2019_pheno14.sumstats.gz  0.0069  0.1411  0.0491  0.9608  0.1513     0.0249  1.0175     0.0098   -0.0044       0.0051

Analysis finished at Tue Dec  8 18:51:37 2020
Total time elapsed: 24.6s
