*********************************************************************
* LD Score Regression (LDSC)
* Version 1.0.0
* (C) 2014-2015 Brendan Bulik-Sullivan and Hilary Finucane
* Broad Institute of MIT and Harvard / MIT Department of Mathematics
* GNU General Public License v3
*********************************************************************
Call: 
./ldsc.py \
--ref-ld-chr eur_w_ld_chr/ \
--out /home/eerdem/notebooks/CELLECT-Analyser/out/genetic_correlation/gc/model1d_paracentral_Net100_Pair13_28 \
--rg /home/eerdem/CELLECT/cortical_ROI_CHARGE2020/model1d_paracentral_SAMPLESIZE.sumstats.gz,/home/eerdem/CELLECT/gwas/BIG-S2_rs-fMRI/ukb_phase1to3_fmri_edge_dec21_2019_pheno574.sumstats.gz \
--w-ld-chr eur_w_ld_chr/ 

Beginning analysis at Tue Dec  8 15:32:27 2020
Reading summary statistics from /home/eerdem/CELLECT/cortical_ROI_CHARGE2020/model1d_paracentral_SAMPLESIZE.sumstats.gz ...
Read summary statistics for 1185938 SNPs.
Reading reference panel LD Score from eur_w_ld_chr/[1-22] ...
Read reference panel LD Scores for 1290028 SNPs.
Removing partitioned LD Scores with zero variance.
Reading regression weight LD Score from eur_w_ld_chr/[1-22] ...
Read regression weight LD Scores for 1290028 SNPs.
After merging with reference panel LD, 1173275 SNPs remain.
After merging with regression SNP LD, 1173275 SNPs remain.
Computing rg for phenotype 2/2
Reading summary statistics from /home/eerdem/CELLECT/gwas/BIG-S2_rs-fMRI/ukb_phase1to3_fmri_edge_dec21_2019_pheno574.sumstats.gz ...
Read summary statistics for 1149479 SNPs.
After merging with summary statistics, 1135197 SNPs remain.
1135197 SNPs with valid alleles.

Heritability of phenotype 1
---------------------------
Total Observed scale h2: 0.11 (0.0223)
Lambda GC: 1.0553
Mean Chi^2: 1.066
Intercept: 1.0161 (0.0073)
Ratio: 0.2438 (0.1104)

Heritability of phenotype 2/2
-----------------------------
Total Observed scale h2: 0.0843 (0.0159)
Lambda GC: 1.0562
Mean Chi^2: 1.0609
Intercept: 1.0061 (0.0072)
Ratio: 0.0999 (0.1175)

Genetic Covariance
------------------
Total Observed scale gencov: -0.0169 (0.0126)
Mean z1*z2: -0.0109
Intercept: -0.0014 (0.0048)

Genetic Correlation
-------------------
Genetic Correlation: -0.1759 (0.1303)
Z-score: -1.3499
P: 0.1771


Summary of Genetic Correlation Results
p1                                                                                                p2      rg      se       z       p  h2_obs  h2_obs_se  h2_int  h2_int_se  gcov_int  gcov_int_se
/home/eerdem/CELLECT/cortical_ROI_CHARGE2020/model1d_paracentral_SAMPLESIZE.sumstats.gz  /home/eerdem/CELLECT/gwas/BIG-S2_rs-fMRI/ukb_phase1to3_fmri_edge_dec21_2019_pheno574.sumstats.gz -0.1759  0.1303 -1.3499  0.1771  0.0843     0.0159  1.0061     0.0072   -0.0014       0.0048

Analysis finished at Tue Dec  8 15:32:50 2020
Total time elapsed: 22.52s
