*********************************************************************
* LD Score Regression (LDSC)
* Version 1.0.0
* (C) 2014-2015 Brendan Bulik-Sullivan and Hilary Finucane
* Broad Institute of MIT and Harvard / MIT Department of Mathematics
* GNU General Public License v3
*********************************************************************
Call: 
./ldsc.py \
--ref-ld-chr eur_w_ld_chr/ \
--out /home/eerdem/notebooks/CELLECT-Analyser/out/genetic_correlation/gc/model1d_middletemporal_model1a_parsorbitalis \
--rg /home/eerdem/CELLECT/cortical_ROI_CHARGE2020/model1d_middletemporal_SAMPLESIZE.sumstats.gz,/home/eerdem/CELLECT/cortical_ROI_CHARGE2020/model1a_parsorbitalis_SAMPLESIZE.sumstats.gz \
--w-ld-chr eur_w_ld_chr/ 

Beginning analysis at Tue Dec  8 16:36:12 2020
Reading summary statistics from /home/eerdem/CELLECT/cortical_ROI_CHARGE2020/model1d_middletemporal_SAMPLESIZE.sumstats.gz ...
Read summary statistics for 1185953 SNPs.
Reading reference panel LD Score from eur_w_ld_chr/[1-22] ...
Read reference panel LD Scores for 1290028 SNPs.
Removing partitioned LD Scores with zero variance.
Reading regression weight LD Score from eur_w_ld_chr/[1-22] ...
Read regression weight LD Scores for 1290028 SNPs.
After merging with reference panel LD, 1173205 SNPs remain.
After merging with regression SNP LD, 1173205 SNPs remain.
Computing rg for phenotype 2/2
Reading summary statistics from /home/eerdem/CELLECT/cortical_ROI_CHARGE2020/model1a_parsorbitalis_SAMPLESIZE.sumstats.gz ...
Read summary statistics for 1191332 SNPs.
After merging with summary statistics, 1172506 SNPs remain.
1172506 SNPs with valid alleles.

Heritability of phenotype 1
---------------------------
Total Observed scale h2: 0.1659 (0.027)
Lambda GC: 1.066
Mean Chi^2: 1.0818
Intercept: 1.0097 (0.0073)
Ratio: 0.1186 (0.0893)

Heritability of phenotype 2/2
-----------------------------
Total Observed scale h2: 0.1771 (0.0276)
Lambda GC: 1.0446
Mean Chi^2: 1.0556
Intercept: 0.9935 (0.0061)
Ratio < 0 (usually indicates GC correction).

Genetic Covariance
------------------
Total Observed scale gencov: -0.0278 (0.0177)
Mean z1*z2: -0.058
Intercept: -0.0477 (0.0049)

Genetic Correlation
-------------------
Genetic Correlation: -0.1621 (0.1054)
Z-score: -1.537
P: 0.1243


Summary of Genetic Correlation Results
p1                                                                                         p2      rg      se      z       p  h2_obs  h2_obs_se  h2_int  h2_int_se  gcov_int  gcov_int_se
/home/eerdem/CELLECT/cortical_ROI_CHARGE2020/model1d_middletemporal_SAMPLESIZE.sumstats.gz  /home/eerdem/CELLECT/cortical_ROI_CHARGE2020/model1a_parsorbitalis_SAMPLESIZE.sumstats.gz -0.1621  0.1054 -1.537  0.1243  0.1771     0.0276  0.9935     0.0061   -0.0477       0.0049

Analysis finished at Tue Dec  8 16:36:34 2020
Total time elapsed: 21.55s
