*********************************************************************
* LD Score Regression (LDSC)
* Version 1.0.0
* (C) 2014-2015 Brendan Bulik-Sullivan and Hilary Finucane
* Broad Institute of MIT and Harvard / MIT Department of Mathematics
* GNU General Public License v3
*********************************************************************
Call: 
./ldsc.py \
--ref-ld-chr eur_w_ld_chr/ \
--out /home/eerdem/notebooks/CELLECT-Analyser/out/genetic_correlation/gc/model1a_pericalcarine_ukb_phase1to3_dti441_dec21_2019_pheno256 \
--rg /home/eerdem/CELLECT/cortical_ROI_CHARGE2020/model1a_pericalcarine_SAMPLESIZE.sumstats.gz,/home/eerdem/CELLECT/gwas/BIG-S2_DTI2020_munged/ukb_phase1to3_dti441_dec21_2019_pheno256.sumstats.gz \
--w-ld-chr eur_w_ld_chr/ 

Beginning analysis at Tue Dec  8 15:02:42 2020
Reading summary statistics from /home/eerdem/CELLECT/cortical_ROI_CHARGE2020/model1a_pericalcarine_SAMPLESIZE.sumstats.gz ...
Read summary statistics for 1191331 SNPs.
Reading reference panel LD Score from eur_w_ld_chr/[1-22] ...
Read reference panel LD Scores for 1290028 SNPs.
Removing partitioned LD Scores with zero variance.
Reading regression weight LD Score from eur_w_ld_chr/[1-22] ...
Read regression weight LD Scores for 1290028 SNPs.
After merging with reference panel LD, 1174087 SNPs remain.
After merging with regression SNP LD, 1174087 SNPs remain.
Computing rg for phenotype 2/2
Reading summary statistics from /home/eerdem/CELLECT/gwas/BIG-S2_DTI2020_munged/ukb_phase1to3_dti441_dec21_2019_pheno256.sumstats.gz ...
Read summary statistics for 1149074 SNPs.
After merging with summary statistics, 1134831 SNPs remain.
1134831 SNPs with valid alleles.

Heritability of phenotype 1
---------------------------
Total Observed scale h2: 0.3643 (0.0409)
Lambda GC: 1.0907
Mean Chi^2: 1.1218
Intercept: 0.9905 (0.008)
Ratio < 0 (usually indicates GC correction).

Heritability of phenotype 2/2
-----------------------------
Total Observed scale h2: 0.1784 (0.0236)
Lambda GC: 1.0934
Mean Chi^2: 1.1257
Intercept: 1.014 (0.0078)
Ratio: 0.1111 (0.0621)

Genetic Covariance
------------------
Total Observed scale gencov: -0.0009 (0.0179)
Mean z1*z2: -5.7853e-05
Intercept: 0.0002 (0.0051)

Genetic Correlation
-------------------
Genetic Correlation: -0.0034 (0.0704)
Z-score: -0.0478
P: 0.9618


Summary of Genetic Correlation Results
p1                                                                                                    p2      rg      se       z       p  h2_obs  h2_obs_se  h2_int  h2_int_se  gcov_int  gcov_int_se
/home/eerdem/CELLECT/cortical_ROI_CHARGE2020/model1a_pericalcarine_SAMPLESIZE.sumstats.gz  /home/eerdem/CELLECT/gwas/BIG-S2_DTI2020_munged/ukb_phase1to3_dti441_dec21_2019_pheno256.sumstats.gz -0.0034  0.0704 -0.0478  0.9618  0.1784     0.0236   1.014     0.0078    0.0002       0.0051

Analysis finished at Tue Dec  8 15:03:06 2020
Total time elapsed: 23.68s
