*********************************************************************
* LD Score Regression (LDSC)
* Version 1.0.0
* (C) 2014-2015 Brendan Bulik-Sullivan and Hilary Finucane
* Broad Institute of MIT and Harvard / MIT Department of Mathematics
* GNU General Public License v3
*********************************************************************
Call: 
./ldsc.py \
--ref-ld-chr eur_w_ld_chr/ \
--out /home/eerdem/notebooks/CELLECT-Analyser/out/genetic_correlation/gc/model1d_bankssts_Net100_Pair37_49 \
--rg /home/eerdem/CELLECT/cortical_ROI_CHARGE2020/model1d_bankssts_SAMPLESIZE.sumstats.gz,/home/eerdem/CELLECT/gwas/BIG-S2_rs-fMRI/ukb_phase1to3_fmri_edge_dec21_2019_pheno1375.sumstats.gz \
--w-ld-chr eur_w_ld_chr/ 

Beginning analysis at Tue Dec  8 20:09:27 2020
Reading summary statistics from /home/eerdem/CELLECT/cortical_ROI_CHARGE2020/model1d_bankssts_SAMPLESIZE.sumstats.gz ...
Read summary statistics for 1186004 SNPs.
Reading reference panel LD Score from eur_w_ld_chr/[1-22] ...
Read reference panel LD Scores for 1290028 SNPs.
Removing partitioned LD Scores with zero variance.
Reading regression weight LD Score from eur_w_ld_chr/[1-22] ...
Read regression weight LD Scores for 1290028 SNPs.
After merging with reference panel LD, 1173293 SNPs remain.
After merging with regression SNP LD, 1173293 SNPs remain.
Computing rg for phenotype 2/2
Reading summary statistics from /home/eerdem/CELLECT/gwas/BIG-S2_rs-fMRI/ukb_phase1to3_fmri_edge_dec21_2019_pheno1375.sumstats.gz ...
Read summary statistics for 1149479 SNPs.
After merging with summary statistics, 1135198 SNPs remain.
1135198 SNPs with valid alleles.

Heritability of phenotype 1
---------------------------
Total Observed scale h2: 0.1424 (0.0239)
Lambda GC: 1.0582
Mean Chi^2: 1.0642
Intercept: 1.0011 (0.0069)
Ratio: 0.0173 (0.1077)

Heritability of phenotype 2/2
-----------------------------
Total Observed scale h2: 0.1487 (0.0217)
Lambda GC: 1.0763
Mean Chi^2: 1.0942
Intercept: 0.9952 (0.0087)
Ratio < 0 (usually indicates GC correction).

Genetic Covariance
------------------
Total Observed scale gencov: 0.0069 (0.0155)
Mean z1*z2: 0.0194
Intercept: 0.0174 (0.0048)

Genetic Correlation
-------------------
Genetic Correlation: 0.0474 (0.1077)
Z-score: 0.4403
P: 0.6598


Summary of Genetic Correlation Results
p1                                                                                                 p2      rg      se       z       p  h2_obs  h2_obs_se  h2_int  h2_int_se  gcov_int  gcov_int_se
/home/eerdem/CELLECT/cortical_ROI_CHARGE2020/model1d_bankssts_SAMPLESIZE.sumstats.gz  /home/eerdem/CELLECT/gwas/BIG-S2_rs-fMRI/ukb_phase1to3_fmri_edge_dec21_2019_pheno1375.sumstats.gz  0.0474  0.1077  0.4403  0.6598  0.1487     0.0217  0.9952     0.0087    0.0174       0.0048

Analysis finished at Tue Dec  8 20:09:50 2020
Total time elapsed: 22.63s
