*********************************************************************
* LD Score Regression (LDSC)
* Version 1.0.0
* (C) 2014-2015 Brendan Bulik-Sullivan and Hilary Finucane
* Broad Institute of MIT and Harvard / MIT Department of Mathematics
* GNU General Public License v3
*********************************************************************
Call: 
./ldsc.py \
--ref-ld-chr eur_w_ld_chr/ \
--out /home/eerdem/notebooks/CELLECT-Analyser/out/genetic_correlation/gc/model1d_cortex_Net100_Pair27_38 \
--rg /home/eerdem/CELLECT/cortical_ROI_CHARGE2020/model1d_cortex_SAMPLESIZE.sumstats.gz,/home/eerdem/CELLECT/gwas/BIG-S2_rs-fMRI/ukb_phase1to3_fmri_edge_dec21_2019_pheno903.sumstats.gz \
--w-ld-chr eur_w_ld_chr/ 

Beginning analysis at Tue Dec  8 19:35:27 2020
Reading summary statistics from /home/eerdem/CELLECT/cortical_ROI_CHARGE2020/model1d_cortex_SAMPLESIZE.sumstats.gz ...
Read summary statistics for 1076591 SNPs.
Reading reference panel LD Score from eur_w_ld_chr/[1-22] ...
Read reference panel LD Scores for 1290028 SNPs.
Removing partitioned LD Scores with zero variance.
Reading regression weight LD Score from eur_w_ld_chr/[1-22] ...
Read regression weight LD Scores for 1290028 SNPs.
After merging with reference panel LD, 1074025 SNPs remain.
After merging with regression SNP LD, 1074025 SNPs remain.
Computing rg for phenotype 2/2
Reading summary statistics from /home/eerdem/CELLECT/gwas/BIG-S2_rs-fMRI/ukb_phase1to3_fmri_edge_dec21_2019_pheno903.sumstats.gz ...
Read summary statistics for 1149479 SNPs.
After merging with summary statistics, 1050991 SNPs remain.
1050991 SNPs with valid alleles.

Heritability of phenotype 1
---------------------------
Total Observed scale h2: 0.3053 (0.0305)
Lambda GC: 1.1082
Mean Chi^2: 1.1345
Intercept: 0.9928 (0.0087)
Ratio < 0 (usually indicates GC correction).

Heritability of phenotype 2/2
-----------------------------
Total Observed scale h2: 0.0643 (0.0165)
Lambda GC: 1.0396
Mean Chi^2: 1.041
Intercept: 0.9977 (0.0085)
Ratio < 0 (usually indicates GC correction).

Genetic Covariance
------------------
Total Observed scale gencov: 0.0187 (0.0141)
Mean z1*z2: 0.0213
Intercept: 0.0115 (0.0059)

Genetic Correlation
-------------------
Genetic Correlation: 0.1336 (0.1012)
Z-score: 1.3205
P: 0.1867


Summary of Genetic Correlation Results
p1                                                                                                p2      rg      se       z       p  h2_obs  h2_obs_se  h2_int  h2_int_se  gcov_int  gcov_int_se
/home/eerdem/CELLECT/cortical_ROI_CHARGE2020/model1d_cortex_SAMPLESIZE.sumstats.gz  /home/eerdem/CELLECT/gwas/BIG-S2_rs-fMRI/ukb_phase1to3_fmri_edge_dec21_2019_pheno903.sumstats.gz  0.1336  0.1012  1.3205  0.1867  0.0643     0.0165  0.9977     0.0085    0.0115       0.0059

Analysis finished at Tue Dec  8 19:35:49 2020
Total time elapsed: 21.84s
