*********************************************************************
* LD Score Regression (LDSC)
* Version 1.0.0
* (C) 2014-2015 Brendan Bulik-Sullivan and Hilary Finucane
* Broad Institute of MIT and Harvard / MIT Department of Mathematics
* GNU General Public License v3
*********************************************************************
Call: 
./ldsc.py \
--ref-ld-chr eur_w_ld_chr/ \
--out /home/eerdem/notebooks/CELLECT-Analyser/out/genetic_correlation/gc/model1b_rostralmiddlefrontal_model1d_lateralorbitofrontal \
--rg /home/eerdem/CELLECT/cortical_ROI_CHARGE2020/model1b_rostralmiddlefrontal_SAMPLESIZE.sumstats.gz,/home/eerdem/CELLECT/cortical_ROI_CHARGE2020/model1d_lateralorbitofrontal_SAMPLESIZE.sumstats.gz \
--w-ld-chr eur_w_ld_chr/ 

Beginning analysis at Tue Dec  8 20:22:42 2020
Reading summary statistics from /home/eerdem/CELLECT/cortical_ROI_CHARGE2020/model1b_rostralmiddlefrontal_SAMPLESIZE.sumstats.gz ...
Read summary statistics for 1186453 SNPs.
Reading reference panel LD Score from eur_w_ld_chr/[1-22] ...
Read reference panel LD Scores for 1290028 SNPs.
Removing partitioned LD Scores with zero variance.
Reading regression weight LD Score from eur_w_ld_chr/[1-22] ...
Read regression weight LD Scores for 1290028 SNPs.
After merging with reference panel LD, 1170095 SNPs remain.
After merging with regression SNP LD, 1170095 SNPs remain.
Computing rg for phenotype 2/2
Reading summary statistics from /home/eerdem/CELLECT/cortical_ROI_CHARGE2020/model1d_lateralorbitofrontal_SAMPLESIZE.sumstats.gz ...
Read summary statistics for 1186340 SNPs.
After merging with summary statistics, 1169105 SNPs remain.
1169105 SNPs with valid alleles.

Heritability of phenotype 1
---------------------------
Total Observed scale h2: 0.1 (0.0222)
Lambda GC: 1.0432
Mean Chi^2: 1.0438
Intercept: 1.0002 (0.0061)
Ratio: 0.005 (0.1399)

Heritability of phenotype 2/2
-----------------------------
Total Observed scale h2: 0.2647 (0.0248)
Lambda GC: 1.0941
Mean Chi^2: 1.1141
Intercept: 0.9952 (0.0068)
Ratio < 0 (usually indicates GC correction).

Genetic Covariance
------------------
Total Observed scale gencov: 0.0286 (0.019)
Mean z1*z2: 0.0109
Intercept: -0.0023 (0.0046)

Genetic Correlation
-------------------
Genetic Correlation: 0.1756 (0.1179)
Z-score: 1.4888
P: 0.1366


Summary of Genetic Correlation Results
p1                                                                                                p2      rg      se       z       p  h2_obs  h2_obs_se  h2_int  h2_int_se  gcov_int  gcov_int_se
/home/eerdem/CELLECT/cortical_ROI_CHARGE2020/model1b_rostralmiddlefrontal_SAMPLESIZE.sumstats.gz  /home/eerdem/CELLECT/cortical_ROI_CHARGE2020/model1d_lateralorbitofrontal_SAMPLESIZE.sumstats.gz  0.1756  0.1179  1.4888  0.1366  0.2647     0.0248  0.9952     0.0068   -0.0023       0.0046

Analysis finished at Tue Dec  8 20:23:03 2020
Total time elapsed: 21.15s
