*********************************************************************
* LD Score Regression (LDSC)
* Version 1.0.0
* (C) 2014-2015 Brendan Bulik-Sullivan and Hilary Finucane
* Broad Institute of MIT and Harvard / MIT Department of Mathematics
* GNU General Public License v3
*********************************************************************
Call: 
./ldsc.py \
--ref-ld-chr eur_w_ld_chr/ \
--out /home/eerdem/notebooks/CELLECT-Analyser/out/genetic_correlation/gc/model1b_temporalpole_ukb_phase1to3_dti441_dec21_2019_pheno105 \
--rg /home/eerdem/CELLECT/cortical_ROI_CHARGE2020/model1b_temporalpole_SAMPLESIZE.sumstats.gz,/home/eerdem/CELLECT/gwas/BIG-S2_DTI2020_munged/ukb_phase1to3_dti441_dec21_2019_pheno105.sumstats.gz \
--w-ld-chr eur_w_ld_chr/ 

Beginning analysis at Tue Dec  8 20:19:12 2020
Reading summary statistics from /home/eerdem/CELLECT/cortical_ROI_CHARGE2020/model1b_temporalpole_SAMPLESIZE.sumstats.gz ...
Read summary statistics for 1191503 SNPs.
Reading reference panel LD Score from eur_w_ld_chr/[1-22] ...
Read reference panel LD Scores for 1290028 SNPs.
Removing partitioned LD Scores with zero variance.
Reading regression weight LD Score from eur_w_ld_chr/[1-22] ...
Read regression weight LD Scores for 1290028 SNPs.
After merging with reference panel LD, 1174249 SNPs remain.
After merging with regression SNP LD, 1174249 SNPs remain.
Computing rg for phenotype 2/2
Reading summary statistics from /home/eerdem/CELLECT/gwas/BIG-S2_DTI2020_munged/ukb_phase1to3_dti441_dec21_2019_pheno105.sumstats.gz ...
Read summary statistics for 1149074 SNPs.
After merging with summary statistics, 1134964 SNPs remain.
1134964 SNPs with valid alleles.

Heritability of phenotype 1
---------------------------
Total Observed scale h2: 0.0626 (0.0262)
Lambda GC: 1.0312
Mean Chi^2: 1.0339
Intercept: 1.0106 (0.0065)
Ratio: 0.3141 (0.1917)

Heritability of phenotype 2/2
-----------------------------
Total Observed scale h2: 0.24 (0.0246)
Lambda GC: 1.1236
Mean Chi^2: 1.1597
Intercept: 1.0105 (0.0081)
Ratio: 0.0657 (0.0504)

Genetic Covariance
------------------
Total Observed scale gencov: -0.0228 (0.0163)
Mean z1*z2: 0.008
Intercept: 0.0187 (0.0049)

Genetic Correlation
-------------------
Genetic Correlation: -0.1858 (0.1491)
Z-score: -1.2461
P: 0.2127


Summary of Genetic Correlation Results
p1                                                                                                    p2      rg      se       z       p  h2_obs  h2_obs_se  h2_int  h2_int_se  gcov_int  gcov_int_se
/home/eerdem/CELLECT/cortical_ROI_CHARGE2020/model1b_temporalpole_SAMPLESIZE.sumstats.gz  /home/eerdem/CELLECT/gwas/BIG-S2_DTI2020_munged/ukb_phase1to3_dti441_dec21_2019_pheno105.sumstats.gz -0.1858  0.1491 -1.2461  0.2127    0.24     0.0246  1.0105     0.0081    0.0187       0.0049

Analysis finished at Tue Dec  8 20:19:36 2020
Total time elapsed: 23.38s
