*********************************************************************
* LD Score Regression (LDSC)
* Version 1.0.0
* (C) 2014-2015 Brendan Bulik-Sullivan and Hilary Finucane
* Broad Institute of MIT and Harvard / MIT Department of Mathematics
* GNU General Public License v3
*********************************************************************
Call: 
./ldsc.py \
--ref-ld-chr eur_w_ld_chr/ \
--out /home/eerdem/notebooks/CELLECT-Analyser/out/genetic_correlation/gc/model1a_insula_Net100_Node15 \
--rg /home/eerdem/CELLECT/cortical_ROI_CHARGE2020/model1a_insula_SAMPLESIZE.sumstats.gz,/home/eerdem/CELLECT/gwas/BIG-S2_rs-fMRI/ukb_phase1to3_fmri_node_dec21_2019_pheno36.sumstats.gz \
--w-ld-chr eur_w_ld_chr/ 

Beginning analysis at Tue Dec  8 16:26:42 2020
Reading summary statistics from /home/eerdem/CELLECT/cortical_ROI_CHARGE2020/model1a_insula_SAMPLESIZE.sumstats.gz ...
Read summary statistics for 1189470 SNPs.
Reading reference panel LD Score from eur_w_ld_chr/[1-22] ...
Read reference panel LD Scores for 1290028 SNPs.
Removing partitioned LD Scores with zero variance.
Reading regression weight LD Score from eur_w_ld_chr/[1-22] ...
Read regression weight LD Scores for 1290028 SNPs.
After merging with reference panel LD, 1172167 SNPs remain.
After merging with regression SNP LD, 1172167 SNPs remain.
Computing rg for phenotype 2/2
Reading summary statistics from /home/eerdem/CELLECT/gwas/BIG-S2_rs-fMRI/ukb_phase1to3_fmri_node_dec21_2019_pheno36.sumstats.gz ...
Read summary statistics for 1149479 SNPs.
After merging with summary statistics, 1133908 SNPs remain.
1133908 SNPs with valid alleles.

Heritability of phenotype 1
---------------------------
Total Observed scale h2: 0.182 (0.0309)
Lambda GC: 1.0655
Mean Chi^2: 1.0682
Intercept: 1.0027 (0.0073)
Ratio: 0.0396 (0.1074)

Heritability of phenotype 2/2
-----------------------------
Total Observed scale h2: 0.1582 (0.0264)
Lambda GC: 1.0886
Mean Chi^2: 1.1142
Intercept: 1.0101 (0.0096)
Ratio: 0.0883 (0.0841)

Genetic Covariance
------------------
Total Observed scale gencov: 0.0127 (0.0162)
Mean z1*z2: -0.0111
Intercept: -0.018 (0.0048)

Genetic Correlation
-------------------
Genetic Correlation: 0.0747 (0.0968)
Z-score: 0.7711
P: 0.4407


Summary of Genetic Correlation Results
p1                                                                                               p2      rg      se       z       p  h2_obs  h2_obs_se  h2_int  h2_int_se  gcov_int  gcov_int_se
/home/eerdem/CELLECT/cortical_ROI_CHARGE2020/model1a_insula_SAMPLESIZE.sumstats.gz  /home/eerdem/CELLECT/gwas/BIG-S2_rs-fMRI/ukb_phase1to3_fmri_node_dec21_2019_pheno36.sumstats.gz  0.0747  0.0968  0.7711  0.4407  0.1582     0.0264  1.0101     0.0096    -0.018       0.0048

Analysis finished at Tue Dec  8 16:27:04 2020
Total time elapsed: 22.34s
