*********************************************************************
* LD Score Regression (LDSC)
* Version 1.0.0
* (C) 2014-2015 Brendan Bulik-Sullivan and Hilary Finucane
* Broad Institute of MIT and Harvard / MIT Department of Mathematics
* GNU General Public License v3
*********************************************************************
Call: 
./ldsc.py \
--ref-ld-chr eur_w_ld_chr/ \
--out /home/eerdem/notebooks/CELLECT-Analyser/out/genetic_correlation/gc/model1a_lateraloccipital_Net100_Pair25_46 \
--rg /home/eerdem/CELLECT/cortical_ROI_CHARGE2020/model1a_lateraloccipital_SAMPLESIZE.sumstats.gz,/home/eerdem/CELLECT/gwas/BIG-S2_rs-fMRI/ukb_phase1to3_fmri_edge_dec21_2019_pheno1225.sumstats.gz \
--w-ld-chr eur_w_ld_chr/ 

Beginning analysis at Tue Dec  8 16:05:12 2020
Reading summary statistics from /home/eerdem/CELLECT/cortical_ROI_CHARGE2020/model1a_lateraloccipital_SAMPLESIZE.sumstats.gz ...
Read summary statistics for 1191336 SNPs.
Reading reference panel LD Score from eur_w_ld_chr/[1-22] ...
Read reference panel LD Scores for 1290028 SNPs.
Removing partitioned LD Scores with zero variance.
Reading regression weight LD Score from eur_w_ld_chr/[1-22] ...
Read regression weight LD Scores for 1290028 SNPs.
After merging with reference panel LD, 1174092 SNPs remain.
After merging with regression SNP LD, 1174092 SNPs remain.
Computing rg for phenotype 2/2
Reading summary statistics from /home/eerdem/CELLECT/gwas/BIG-S2_rs-fMRI/ukb_phase1to3_fmri_edge_dec21_2019_pheno1225.sumstats.gz ...
Read summary statistics for 1149479 SNPs.
After merging with summary statistics, 1135273 SNPs remain.
1135273 SNPs with valid alleles.

Heritability of phenotype 1
---------------------------
Total Observed scale h2: 0.2081 (0.0319)
Lambda GC: 1.065
Mean Chi^2: 1.0826
Intercept: 1.0092 (0.0069)
Ratio: 0.1109 (0.084)

Heritability of phenotype 2/2
-----------------------------
Total Observed scale h2: 0.0992 (0.0161)
Lambda GC: 1.0617
Mean Chi^2: 1.0668
Intercept: 1.0018 (0.0065)
Ratio: 0.0267 (0.0969)

Genetic Covariance
------------------
Total Observed scale gencov: -0.0187 (0.0153)
Mean z1*z2: -0.0032
Intercept: 0.0057 (0.005)

Genetic Correlation
-------------------
Genetic Correlation: -0.1304 (0.1073)
Z-score: -1.2152
P: 0.2243


Summary of Genetic Correlation Results
p1                                                                                                 p2      rg      se       z       p  h2_obs  h2_obs_se  h2_int  h2_int_se  gcov_int  gcov_int_se
/home/eerdem/CELLECT/cortical_ROI_CHARGE2020/model1a_lateraloccipital_SAMPLESIZE.sumstats.gz  /home/eerdem/CELLECT/gwas/BIG-S2_rs-fMRI/ukb_phase1to3_fmri_edge_dec21_2019_pheno1225.sumstats.gz -0.1304  0.1073 -1.2152  0.2243  0.0992     0.0161  1.0018     0.0065    0.0057        0.005

Analysis finished at Tue Dec  8 16:05:35 2020
Total time elapsed: 23.13s
