*********************************************************************
* LD Score Regression (LDSC)
* Version 1.0.0
* (C) 2014-2015 Brendan Bulik-Sullivan and Hilary Finucane
* Broad Institute of MIT and Harvard / MIT Department of Mathematics
* GNU General Public License v3
*********************************************************************
Call: 
./ldsc.py \
--ref-ld-chr eur_w_ld_chr/ \
--out /home/eerdem/notebooks/CELLECT-Analyser/out/genetic_correlation/gc/model1a_temporalpole_ukb_phase1to3_dti441_dec21_2019_pheno417 \
--rg /home/eerdem/CELLECT/cortical_ROI_CHARGE2020/model1a_temporalpole_SAMPLESIZE.sumstats.gz,/home/eerdem/CELLECT/gwas/BIG-S2_DTI2020_munged/ukb_phase1to3_dti441_dec21_2019_pheno417.sumstats.gz \
--w-ld-chr eur_w_ld_chr/ 

Beginning analysis at Tue Dec  8 19:39:42 2020
Reading summary statistics from /home/eerdem/CELLECT/cortical_ROI_CHARGE2020/model1a_temporalpole_SAMPLESIZE.sumstats.gz ...
Read summary statistics for 1191328 SNPs.
Reading reference panel LD Score from eur_w_ld_chr/[1-22] ...
Read reference panel LD Scores for 1290028 SNPs.
Removing partitioned LD Scores with zero variance.
Reading regression weight LD Score from eur_w_ld_chr/[1-22] ...
Read regression weight LD Scores for 1290028 SNPs.
After merging with reference panel LD, 1174084 SNPs remain.
After merging with regression SNP LD, 1174084 SNPs remain.
Computing rg for phenotype 2/2
Reading summary statistics from /home/eerdem/CELLECT/gwas/BIG-S2_DTI2020_munged/ukb_phase1to3_dti441_dec21_2019_pheno417.sumstats.gz ...
Read summary statistics for 1149074 SNPs.
After merging with summary statistics, 1134833 SNPs remain.
1134833 SNPs with valid alleles.

Heritability of phenotype 1
---------------------------
Total Observed scale h2: 0.1221 (0.0251)
Lambda GC: 1.0379
Mean Chi^2: 1.0381
Intercept: 0.9936 (0.0065)
Ratio < 0 (usually indicates GC correction).

Heritability of phenotype 2/2
-----------------------------
Total Observed scale h2: 0.2177 (0.0224)
Lambda GC: 1.126
Mean Chi^2: 1.1605
Intercept: 1.025 (0.008)
Ratio: 0.1554 (0.0498)

Genetic Covariance
------------------
Total Observed scale gencov: 0.0014 (0.0149)
Mean z1*z2: 0.0136
Intercept: 0.0137 (0.005)

Genetic Correlation
-------------------
Genetic Correlation: 0.0084 (0.0913)
Z-score: 0.0917
P: 0.9269


Summary of Genetic Correlation Results
p1                                                                                                    p2      rg      se       z       p  h2_obs  h2_obs_se  h2_int  h2_int_se  gcov_int  gcov_int_se
/home/eerdem/CELLECT/cortical_ROI_CHARGE2020/model1a_temporalpole_SAMPLESIZE.sumstats.gz  /home/eerdem/CELLECT/gwas/BIG-S2_DTI2020_munged/ukb_phase1to3_dti441_dec21_2019_pheno417.sumstats.gz  0.0084  0.0913  0.0917  0.9269  0.2177     0.0224   1.025      0.008    0.0137        0.005

Analysis finished at Tue Dec  8 19:40:04 2020
Total time elapsed: 21.69s
