*********************************************************************
* LD Score Regression (LDSC)
* Version 1.0.0
* (C) 2014-2015 Brendan Bulik-Sullivan and Hilary Finucane
* Broad Institute of MIT and Harvard / MIT Department of Mathematics
* GNU General Public License v3
*********************************************************************
Call: 
./ldsc.py \
--ref-ld-chr eur_w_ld_chr/ \
--out /home/eerdem/notebooks/CELLECT-Analyser/out/genetic_correlation/gc/model1d_cuneus_Net25_Node20 \
--rg /home/eerdem/CELLECT/cortical_ROI_CHARGE2020/model1d_cuneus_SAMPLESIZE.sumstats.gz,/home/eerdem/CELLECT/gwas/BIG-S2_rs-fMRI/ukb_phase1to3_fmri_node_dec21_2019_pheno20.sumstats.gz \
--w-ld-chr eur_w_ld_chr/ 

Beginning analysis at Tue Dec  8 17:42:42 2020
Reading summary statistics from /home/eerdem/CELLECT/cortical_ROI_CHARGE2020/model1d_cuneus_SAMPLESIZE.sumstats.gz ...
Read summary statistics for 1186141 SNPs.
Reading reference panel LD Score from eur_w_ld_chr/[1-22] ...
Read reference panel LD Scores for 1290028 SNPs.
Removing partitioned LD Scores with zero variance.
Reading regression weight LD Score from eur_w_ld_chr/[1-22] ...
Read regression weight LD Scores for 1290028 SNPs.
After merging with reference panel LD, 1173377 SNPs remain.
After merging with regression SNP LD, 1173377 SNPs remain.
Computing rg for phenotype 2/2
Reading summary statistics from /home/eerdem/CELLECT/gwas/BIG-S2_rs-fMRI/ukb_phase1to3_fmri_node_dec21_2019_pheno20.sumstats.gz ...
Read summary statistics for 1149479 SNPs.
After merging with summary statistics, 1135256 SNPs remain.
1135256 SNPs with valid alleles.

Heritability of phenotype 1
---------------------------
Total Observed scale h2: 0.251 (0.0287)
Lambda GC: 1.0917
Mean Chi^2: 1.1078
Intercept: 0.9939 (0.0072)
Ratio < 0 (usually indicates GC correction).

Heritability of phenotype 2/2
-----------------------------
Total Observed scale h2: 0.1697 (0.0246)
Lambda GC: 1.0796
Mean Chi^2: 1.1123
Intercept: 1.0004 (0.01)
Ratio: 0.0036 (0.0891)

Genetic Covariance
------------------
Total Observed scale gencov: 0.0138 (0.0167)
Mean z1*z2: 0.0185
Intercept: 0.0115 (0.0051)

Genetic Correlation
-------------------
Genetic Correlation: 0.067 (0.0815)
Z-score: 0.8223
P: 0.4109


Summary of Genetic Correlation Results
p1                                                                                               p2     rg      se       z       p  h2_obs  h2_obs_se  h2_int  h2_int_se  gcov_int  gcov_int_se
/home/eerdem/CELLECT/cortical_ROI_CHARGE2020/model1d_cuneus_SAMPLESIZE.sumstats.gz  /home/eerdem/CELLECT/gwas/BIG-S2_rs-fMRI/ukb_phase1to3_fmri_node_dec21_2019_pheno20.sumstats.gz  0.067  0.0815  0.8223  0.4109  0.1697     0.0246  1.0004       0.01    0.0115       0.0051

Analysis finished at Tue Dec  8 17:43:05 2020
Total time elapsed: 23.02s
