*********************************************************************
* LD Score Regression (LDSC)
* Version 1.0.0
* (C) 2014-2015 Brendan Bulik-Sullivan and Hilary Finucane
* Broad Institute of MIT and Harvard / MIT Department of Mathematics
* GNU General Public License v3
*********************************************************************
Call: 
./ldsc.py \
--ref-ld-chr eur_w_ld_chr/ \
--out /home/eerdem/notebooks/CELLECT-Analyser/out/genetic_correlation/gc/model1b_bankssts_Net100_Node41 \
--rg /home/eerdem/CELLECT/cortical_ROI_CHARGE2020/model1b_bankssts_SAMPLESIZE.sumstats.gz,/home/eerdem/CELLECT/gwas/BIG-S2_rs-fMRI/ukb_phase1to3_fmri_node_dec21_2019_pheno62.sumstats.gz \
--w-ld-chr eur_w_ld_chr/ 

Beginning analysis at Tue Dec  8 15:24:12 2020
Reading summary statistics from /home/eerdem/CELLECT/cortical_ROI_CHARGE2020/model1b_bankssts_SAMPLESIZE.sumstats.gz ...
Read summary statistics for 1191502 SNPs.
Reading reference panel LD Score from eur_w_ld_chr/[1-22] ...
Read reference panel LD Scores for 1290028 SNPs.
Removing partitioned LD Scores with zero variance.
Reading regression weight LD Score from eur_w_ld_chr/[1-22] ...
Read regression weight LD Scores for 1290028 SNPs.
After merging with reference panel LD, 1174249 SNPs remain.
After merging with regression SNP LD, 1174249 SNPs remain.
Computing rg for phenotype 2/2
Reading summary statistics from /home/eerdem/CELLECT/gwas/BIG-S2_rs-fMRI/ukb_phase1to3_fmri_node_dec21_2019_pheno62.sumstats.gz ...
Read summary statistics for 1149479 SNPs.
After merging with summary statistics, 1135400 SNPs remain.
1135400 SNPs with valid alleles.

Heritability of phenotype 1
---------------------------
Total Observed scale h2: 0.1464 (0.0258)
Lambda GC: 1.0389
Mean Chi^2: 1.0371
Intercept: 0.984 (0.0062)
Ratio < 0 (usually indicates GC correction).

Heritability of phenotype 2/2
-----------------------------
Total Observed scale h2: 0.0896 (0.0169)
Lambda GC: 1.0468
Mean Chi^2: 1.0594
Intercept: 1.002 (0.0071)
Ratio: 0.0329 (0.1193)

Genetic Covariance
------------------
Total Observed scale gencov: -0.0013 (0.013)
Mean z1*z2: -0.0137
Intercept: -0.0127 (0.0044)

Genetic Correlation
-------------------
Genetic Correlation: -0.0109 (0.1139)
Z-score: -0.0959
P: 0.9236


Summary of Genetic Correlation Results
p1                                                                                               p2      rg      se       z       p  h2_obs  h2_obs_se  h2_int  h2_int_se  gcov_int  gcov_int_se
/home/eerdem/CELLECT/cortical_ROI_CHARGE2020/model1b_bankssts_SAMPLESIZE.sumstats.gz  /home/eerdem/CELLECT/gwas/BIG-S2_rs-fMRI/ukb_phase1to3_fmri_node_dec21_2019_pheno62.sumstats.gz -0.0109  0.1139 -0.0959  0.9236  0.0896     0.0169   1.002     0.0071   -0.0127       0.0044

Analysis finished at Tue Dec  8 15:24:38 2020
Total time elapsed: 25.47s
