*********************************************************************
* LD Score Regression (LDSC)
* Version 1.0.0
* (C) 2014-2015 Brendan Bulik-Sullivan and Hilary Finucane
* Broad Institute of MIT and Harvard / MIT Department of Mathematics
* GNU General Public License v3
*********************************************************************
Call: 
./ldsc.py \
--ref-ld-chr eur_w_ld_chr/ \
--out /home/eerdem/notebooks/CELLECT-Analyser/out/genetic_correlation/gc/model1a_rostralmiddlefrontal_Net100_Pair20_32 \
--rg /home/eerdem/CELLECT/cortical_ROI_CHARGE2020/model1a_rostralmiddlefrontal_SAMPLESIZE.sumstats.gz,/home/eerdem/CELLECT/gwas/BIG-S2_rs-fMRI/ukb_phase1to3_fmri_edge_dec21_2019_pheno695.sumstats.gz \
--w-ld-chr eur_w_ld_chr/ 

Beginning analysis at Tue Dec  8 20:06:42 2020
Reading summary statistics from /home/eerdem/CELLECT/cortical_ROI_CHARGE2020/model1a_rostralmiddlefrontal_SAMPLESIZE.sumstats.gz ...
Read summary statistics for 1191336 SNPs.
Reading reference panel LD Score from eur_w_ld_chr/[1-22] ...
Read reference panel LD Scores for 1290028 SNPs.
Removing partitioned LD Scores with zero variance.
Reading regression weight LD Score from eur_w_ld_chr/[1-22] ...
Read regression weight LD Scores for 1290028 SNPs.
After merging with reference panel LD, 1174092 SNPs remain.
After merging with regression SNP LD, 1174092 SNPs remain.
Computing rg for phenotype 2/2
Reading summary statistics from /home/eerdem/CELLECT/gwas/BIG-S2_rs-fMRI/ukb_phase1to3_fmri_edge_dec21_2019_pheno695.sumstats.gz ...
Read summary statistics for 1149479 SNPs.
After merging with summary statistics, 1135273 SNPs remain.
1135273 SNPs with valid alleles.

Heritability of phenotype 1
---------------------------
Total Observed scale h2: 0.2124 (0.0276)
Lambda GC: 1.0675
Mean Chi^2: 1.0743
Intercept: 0.9976 (0.0074)
Ratio < 0 (usually indicates GC correction).

Heritability of phenotype 2/2
-----------------------------
Total Observed scale h2: 0.0625 (0.0133)
Lambda GC: 1.0413
Mean Chi^2: 1.0432
Intercept: 1.0026 (0.0058)
Ratio: 0.0595 (0.1342)

Genetic Covariance
------------------
Total Observed scale gencov: -0.0326 (0.0144)
Mean z1*z2: -0.0184
Intercept: -0.0023 (0.0048)

Genetic Correlation
-------------------
Genetic Correlation: -0.2832 (0.1275)
Z-score: -2.2206
P: 0.0264


Summary of Genetic Correlation Results
p1                                                                                                p2      rg      se       z       p  h2_obs  h2_obs_se  h2_int  h2_int_se  gcov_int  gcov_int_se
/home/eerdem/CELLECT/cortical_ROI_CHARGE2020/model1a_rostralmiddlefrontal_SAMPLESIZE.sumstats.gz  /home/eerdem/CELLECT/gwas/BIG-S2_rs-fMRI/ukb_phase1to3_fmri_edge_dec21_2019_pheno695.sumstats.gz -0.2832  0.1275 -2.2206  0.0264  0.0625     0.0133  1.0026     0.0058   -0.0023       0.0048

Analysis finished at Tue Dec  8 20:07:05 2020
Total time elapsed: 23.11s
