*********************************************************************
* LD Score Regression (LDSC)
* Version 1.0.0
* (C) 2014-2015 Brendan Bulik-Sullivan and Hilary Finucane
* Broad Institute of MIT and Harvard / MIT Department of Mathematics
* GNU General Public License v3
*********************************************************************
Call: 
./ldsc.py \
--ref-ld-chr eur_w_ld_chr/ \
--out /home/eerdem/notebooks/CELLECT-Analyser/out/genetic_correlation/gc/model1d_supramarginal_ukb_phase1to3_dti441_dec21_2019_pheno49 \
--rg /home/eerdem/CELLECT/cortical_ROI_CHARGE2020/model1d_supramarginal_SAMPLESIZE.sumstats.gz,/home/eerdem/CELLECT/gwas/BIG-S2_DTI2020_munged/ukb_phase1to3_dti441_dec21_2019_pheno49.sumstats.gz \
--w-ld-chr eur_w_ld_chr/ 

Beginning analysis at Tue Dec  8 19:22:42 2020
Reading summary statistics from /home/eerdem/CELLECT/cortical_ROI_CHARGE2020/model1d_supramarginal_SAMPLESIZE.sumstats.gz ...
Read summary statistics for 1185720 SNPs.
Reading reference panel LD Score from eur_w_ld_chr/[1-22] ...
Read reference panel LD Scores for 1290028 SNPs.
Removing partitioned LD Scores with zero variance.
Reading regression weight LD Score from eur_w_ld_chr/[1-22] ...
Read regression weight LD Scores for 1290028 SNPs.
After merging with reference panel LD, 1173155 SNPs remain.
After merging with regression SNP LD, 1173155 SNPs remain.
Computing rg for phenotype 2/2
Reading summary statistics from /home/eerdem/CELLECT/gwas/BIG-S2_DTI2020_munged/ukb_phase1to3_dti441_dec21_2019_pheno49.sumstats.gz ...
Read summary statistics for 1149074 SNPs.
After merging with summary statistics, 1134680 SNPs remain.
1134680 SNPs with valid alleles.

Heritability of phenotype 1
---------------------------
Total Observed scale h2: 0.1625 (0.0279)
Lambda GC: 1.0694
Mean Chi^2: 1.0814
Intercept: 1.0087 (0.0073)
Ratio: 0.1069 (0.0895)

Heritability of phenotype 2/2
-----------------------------
Total Observed scale h2: 0.282 (0.0247)
Lambda GC: 1.1501
Mean Chi^2: 1.2009
Intercept: 1.0225 (0.0084)
Ratio: 0.1119 (0.0416)

Genetic Covariance
------------------
Total Observed scale gencov: 0.0302 (0.0155)
Mean z1*z2: 0.0021
Intercept: -0.0144 (0.005)

Genetic Correlation
-------------------
Genetic Correlation: 0.1411 (0.074)
Z-score: 1.9062
P: 0.0566


Summary of Genetic Correlation Results
p1                                                                                                   p2      rg     se       z       p  h2_obs  h2_obs_se  h2_int  h2_int_se  gcov_int  gcov_int_se
/home/eerdem/CELLECT/cortical_ROI_CHARGE2020/model1d_supramarginal_SAMPLESIZE.sumstats.gz  /home/eerdem/CELLECT/gwas/BIG-S2_DTI2020_munged/ukb_phase1to3_dti441_dec21_2019_pheno49.sumstats.gz  0.1411  0.074  1.9062  0.0566   0.282     0.0247  1.0225     0.0084   -0.0144        0.005

Analysis finished at Tue Dec  8 19:23:10 2020
Total time elapsed: 27.58s
