*********************************************************************
* LD Score Regression (LDSC)
* Version 1.0.0
* (C) 2014-2015 Brendan Bulik-Sullivan and Hilary Finucane
* Broad Institute of MIT and Harvard / MIT Department of Mathematics
* GNU General Public License v3
*********************************************************************
Call: 
./ldsc.py \
--ref-ld-chr eur_w_ld_chr/ \
--out /home/eerdem/notebooks/CELLECT-Analyser/out/genetic_correlation/gc/model1b_parsopercularis_Net100_Pair15_45 \
--rg /home/eerdem/CELLECT/cortical_ROI_CHARGE2020/model1b_parsopercularis_SAMPLESIZE.sumstats.gz,/home/eerdem/CELLECT/gwas/BIG-S2_rs-fMRI/ukb_phase1to3_fmri_edge_dec21_2019_pheno1171.sumstats.gz \
--w-ld-chr eur_w_ld_chr/ 

Beginning analysis at Tue Dec  8 16:29:27 2020
Reading summary statistics from /home/eerdem/CELLECT/cortical_ROI_CHARGE2020/model1b_parsopercularis_SAMPLESIZE.sumstats.gz ...
Read summary statistics for 1186453 SNPs.
Reading reference panel LD Score from eur_w_ld_chr/[1-22] ...
Read reference panel LD Scores for 1290028 SNPs.
Removing partitioned LD Scores with zero variance.
Reading regression weight LD Score from eur_w_ld_chr/[1-22] ...
Read regression weight LD Scores for 1290028 SNPs.
After merging with reference panel LD, 1170095 SNPs remain.
After merging with regression SNP LD, 1170095 SNPs remain.
Computing rg for phenotype 2/2
Reading summary statistics from /home/eerdem/CELLECT/gwas/BIG-S2_rs-fMRI/ukb_phase1to3_fmri_edge_dec21_2019_pheno1171.sumstats.gz ...
Read summary statistics for 1149479 SNPs.
After merging with summary statistics, 1132624 SNPs remain.
1132624 SNPs with valid alleles.

Heritability of phenotype 1
---------------------------
Total Observed scale h2: 0.0973 (0.0228)
Lambda GC: 1.0456
Mean Chi^2: 1.046
Intercept: 1.0038 (0.0066)
Ratio: 0.082 (0.1424)

Heritability of phenotype 2/2
-----------------------------
Total Observed scale h2: 0.174 (0.0221)
Lambda GC: 1.0972
Mean Chi^2: 1.1116
Intercept: 0.9968 (0.0082)
Ratio < 0 (usually indicates GC correction).

Genetic Covariance
------------------
Total Observed scale gencov: 0.0135 (0.0146)
Mean z1*z2: -0.0006
Intercept: -0.0082 (0.0052)

Genetic Correlation
-------------------
Genetic Correlation: 0.1038 (0.1147)
Z-score: 0.905
P: 0.3654


Summary of Genetic Correlation Results
p1                                                                                                 p2      rg      se      z       p  h2_obs  h2_obs_se  h2_int  h2_int_se  gcov_int  gcov_int_se
/home/eerdem/CELLECT/cortical_ROI_CHARGE2020/model1b_parsopercularis_SAMPLESIZE.sumstats.gz  /home/eerdem/CELLECT/gwas/BIG-S2_rs-fMRI/ukb_phase1to3_fmri_edge_dec21_2019_pheno1171.sumstats.gz  0.1038  0.1147  0.905  0.3654   0.174     0.0221  0.9968     0.0082   -0.0082       0.0052

Analysis finished at Tue Dec  8 16:29:52 2020
Total time elapsed: 25.09s
