*********************************************************************
* LD Score Regression (LDSC)
* Version 1.0.0
* (C) 2014-2015 Brendan Bulik-Sullivan and Hilary Finucane
* Broad Institute of MIT and Harvard / MIT Department of Mathematics
* GNU General Public License v3
*********************************************************************
Call: 
./ldsc.py \
--ref-ld-chr eur_w_ld_chr/ \
--out /home/eerdem/notebooks/CELLECT-Analyser/out/genetic_correlation/gc/model1a_temporalpole_ukb_phase1to3_dti441_dec21_2019_pheno265 \
--rg /home/eerdem/CELLECT/cortical_ROI_CHARGE2020/model1a_temporalpole_SAMPLESIZE.sumstats.gz,/home/eerdem/CELLECT/gwas/BIG-S2_DTI2020_munged/ukb_phase1to3_dti441_dec21_2019_pheno265.sumstats.gz \
--w-ld-chr eur_w_ld_chr/ 

Beginning analysis at Tue Dec  8 19:38:12 2020
Reading summary statistics from /home/eerdem/CELLECT/cortical_ROI_CHARGE2020/model1a_temporalpole_SAMPLESIZE.sumstats.gz ...
Read summary statistics for 1191328 SNPs.
Reading reference panel LD Score from eur_w_ld_chr/[1-22] ...
Read reference panel LD Scores for 1290028 SNPs.
Removing partitioned LD Scores with zero variance.
Reading regression weight LD Score from eur_w_ld_chr/[1-22] ...
Read regression weight LD Scores for 1290028 SNPs.
After merging with reference panel LD, 1174084 SNPs remain.
After merging with regression SNP LD, 1174084 SNPs remain.
Computing rg for phenotype 2/2
Reading summary statistics from /home/eerdem/CELLECT/gwas/BIG-S2_DTI2020_munged/ukb_phase1to3_dti441_dec21_2019_pheno265.sumstats.gz ...
Read summary statistics for 1149074 SNPs.
After merging with summary statistics, 1134833 SNPs remain.
1134833 SNPs with valid alleles.

Heritability of phenotype 1
---------------------------
Total Observed scale h2: 0.1221 (0.0251)
Lambda GC: 1.0379
Mean Chi^2: 1.0381
Intercept: 0.9936 (0.0065)
Ratio < 0 (usually indicates GC correction).

Heritability of phenotype 2/2
-----------------------------
Total Observed scale h2: 0.1839 (0.0222)
Lambda GC: 1.0984
Mean Chi^2: 1.1334
Intercept: 1.0184 (0.0088)
Ratio: 0.1379 (0.0658)

Genetic Covariance
------------------
Total Observed scale gencov: 0.0118 (0.0149)
Mean z1*z2: 0.0115
Intercept: 0.0057 (0.0048)

Genetic Correlation
-------------------
Genetic Correlation: 0.079 (0.0992)
Z-score: 0.7968
P: 0.4255


Summary of Genetic Correlation Results
p1                                                                                                    p2     rg      se       z       p  h2_obs  h2_obs_se  h2_int  h2_int_se  gcov_int  gcov_int_se
/home/eerdem/CELLECT/cortical_ROI_CHARGE2020/model1a_temporalpole_SAMPLESIZE.sumstats.gz  /home/eerdem/CELLECT/gwas/BIG-S2_DTI2020_munged/ukb_phase1to3_dti441_dec21_2019_pheno265.sumstats.gz  0.079  0.0992  0.7968  0.4255  0.1839     0.0222  1.0184     0.0088    0.0057       0.0048

Analysis finished at Tue Dec  8 19:38:33 2020
Total time elapsed: 21.21s
