*********************************************************************
* LD Score Regression (LDSC)
* Version 1.0.0
* (C) 2014-2015 Brendan Bulik-Sullivan and Hilary Finucane
* Broad Institute of MIT and Harvard / MIT Department of Mathematics
* GNU General Public License v3
*********************************************************************
Call: 
./ldsc.py \
--ref-ld-chr eur_w_ld_chr/ \
--out /home/eerdem/notebooks/CELLECT-Analyser/out/genetic_correlation/gc/model1a_parstriangularis_ukb_phase1to3_dti441_dec21_2019_pheno82 \
--rg /home/eerdem/CELLECT/cortical_ROI_CHARGE2020/model1a_parstriangularis_SAMPLESIZE.sumstats.gz,/home/eerdem/CELLECT/gwas/BIG-S2_DTI2020_munged/ukb_phase1to3_dti441_dec21_2019_pheno82.sumstats.gz \
--w-ld-chr eur_w_ld_chr/ 

Beginning analysis at Tue Dec  8 15:22:27 2020
Reading summary statistics from /home/eerdem/CELLECT/cortical_ROI_CHARGE2020/model1a_parstriangularis_SAMPLESIZE.sumstats.gz ...
Read summary statistics for 1191334 SNPs.
Reading reference panel LD Score from eur_w_ld_chr/[1-22] ...
Read reference panel LD Scores for 1290028 SNPs.
Removing partitioned LD Scores with zero variance.
Reading regression weight LD Score from eur_w_ld_chr/[1-22] ...
Read regression weight LD Scores for 1290028 SNPs.
After merging with reference panel LD, 1174090 SNPs remain.
After merging with regression SNP LD, 1174090 SNPs remain.
Computing rg for phenotype 2/2
Reading summary statistics from /home/eerdem/CELLECT/gwas/BIG-S2_DTI2020_munged/ukb_phase1to3_dti441_dec21_2019_pheno82.sumstats.gz ...
Read summary statistics for 1149074 SNPs.
After merging with summary statistics, 1134838 SNPs remain.
1134838 SNPs with valid alleles.

Heritability of phenotype 1
---------------------------
Total Observed scale h2: 0.1758 (0.0277)
Lambda GC: 1.067
Mean Chi^2: 1.0747
Intercept: 1.0109 (0.007)
Ratio: 0.1453 (0.0937)

Heritability of phenotype 2/2
-----------------------------
Total Observed scale h2: 0.1798 (0.0197)
Lambda GC: 1.0949
Mean Chi^2: 1.1048
Intercept: 0.9904 (0.0073)
Ratio < 0 (usually indicates GC correction).

Genetic Covariance
------------------
Total Observed scale gencov: -0.002 (0.0161)
Mean z1*z2: 0.0027
Intercept: 0.0045 (0.0051)

Genetic Correlation
-------------------
Genetic Correlation: -0.0113 (0.0907)
Z-score: -0.1247
P: 0.9008


Summary of Genetic Correlation Results
p1                                                                                                   p2      rg      se       z       p  h2_obs  h2_obs_se  h2_int  h2_int_se  gcov_int  gcov_int_se
/home/eerdem/CELLECT/cortical_ROI_CHARGE2020/model1a_parstriangularis_SAMPLESIZE.sumstats.gz  /home/eerdem/CELLECT/gwas/BIG-S2_DTI2020_munged/ukb_phase1to3_dti441_dec21_2019_pheno82.sumstats.gz -0.0113  0.0907 -0.1247  0.9008  0.1798     0.0197  0.9904     0.0073    0.0045       0.0051

Analysis finished at Tue Dec  8 15:22:48 2020
Total time elapsed: 20.6s
