*********************************************************************
* LD Score Regression (LDSC)
* Version 1.0.0
* (C) 2014-2015 Brendan Bulik-Sullivan and Hilary Finucane
* Broad Institute of MIT and Harvard / MIT Department of Mathematics
* GNU General Public License v3
*********************************************************************
Call: 
./ldsc.py \
--ref-ld-chr eur_w_ld_chr/ \
--out /home/eerdem/notebooks/CELLECT-Analyser/out/genetic_correlation/gc/model1a_isthmuscingulate_Net25_Node9 \
--rg /home/eerdem/CELLECT/cortical_ROI_CHARGE2020/model1a_isthmuscingulate_SAMPLESIZE.sumstats.gz,/home/eerdem/CELLECT/gwas/BIG-S2_rs-fMRI/ukb_phase1to3_fmri_node_dec21_2019_pheno9.sumstats.gz \
--w-ld-chr eur_w_ld_chr/ 

Beginning analysis at Tue Dec  8 16:35:42 2020
Reading summary statistics from /home/eerdem/CELLECT/cortical_ROI_CHARGE2020/model1a_isthmuscingulate_SAMPLESIZE.sumstats.gz ...
Read summary statistics for 1191332 SNPs.
Reading reference panel LD Score from eur_w_ld_chr/[1-22] ...
Read reference panel LD Scores for 1290028 SNPs.
Removing partitioned LD Scores with zero variance.
Reading regression weight LD Score from eur_w_ld_chr/[1-22] ...
Read regression weight LD Scores for 1290028 SNPs.
After merging with reference panel LD, 1174088 SNPs remain.
After merging with regression SNP LD, 1174088 SNPs remain.
Computing rg for phenotype 2/2
Reading summary statistics from /home/eerdem/CELLECT/gwas/BIG-S2_rs-fMRI/ukb_phase1to3_fmri_node_dec21_2019_pheno9.sumstats.gz ...
Read summary statistics for 1149479 SNPs.
After merging with summary statistics, 1135269 SNPs remain.
1135269 SNPs with valid alleles.

Heritability of phenotype 1
---------------------------
Total Observed scale h2: 0.1463 (0.0278)
Lambda GC: 1.0509
Mean Chi^2: 1.0597
Intercept: 1.0079 (0.0061)
Ratio: 0.1318 (0.1025)

Heritability of phenotype 2/2
-----------------------------
Total Observed scale h2: 0.1942 (0.0267)
Lambda GC: 1.1071
Mean Chi^2: 1.1331
Intercept: 1.0036 (0.0098)
Ratio: 0.0269 (0.0736)

Genetic Covariance
------------------
Total Observed scale gencov: -0.0051 (0.0163)
Mean z1*z2: 0.0079
Intercept: 0.0093 (0.0055)

Genetic Correlation
-------------------
Genetic Correlation: -0.03 (0.0975)
Z-score: -0.3078
P: 0.7582


Summary of Genetic Correlation Results
p1                                                                                              p2    rg      se       z       p  h2_obs  h2_obs_se  h2_int  h2_int_se  gcov_int  gcov_int_se
/home/eerdem/CELLECT/cortical_ROI_CHARGE2020/model1a_isthmuscingulate_SAMPLESIZE.sumstats.gz  /home/eerdem/CELLECT/gwas/BIG-S2_rs-fMRI/ukb_phase1to3_fmri_node_dec21_2019_pheno9.sumstats.gz -0.03  0.0975 -0.3078  0.7582  0.1942     0.0267  1.0036     0.0098    0.0093       0.0055

Analysis finished at Tue Dec  8 16:36:02 2020
Total time elapsed: 19.82s
