*********************************************************************
* LD Score Regression (LDSC)
* Version 1.0.0
* (C) 2014-2015 Brendan Bulik-Sullivan and Hilary Finucane
* Broad Institute of MIT and Harvard / MIT Department of Mathematics
* GNU General Public License v3
*********************************************************************
Call: 
./ldsc.py \
--ref-ld-chr eur_w_ld_chr/ \
--out /home/eerdem/notebooks/CELLECT-Analyser/out/genetic_correlation/gc/model1d_precentral_ukb_phase1to3_dti441_dec21_2019_pheno323 \
--rg /home/eerdem/CELLECT/cortical_ROI_CHARGE2020/model1d_precentral_SAMPLESIZE.sumstats.gz,/home/eerdem/CELLECT/gwas/BIG-S2_DTI2020_munged/ukb_phase1to3_dti441_dec21_2019_pheno323.sumstats.gz \
--w-ld-chr eur_w_ld_chr/ 

Beginning analysis at Tue Dec  8 18:23:12 2020
Reading summary statistics from /home/eerdem/CELLECT/cortical_ROI_CHARGE2020/model1d_precentral_SAMPLESIZE.sumstats.gz ...
Read summary statistics for 1185871 SNPs.
Reading reference panel LD Score from eur_w_ld_chr/[1-22] ...
Read reference panel LD Scores for 1290028 SNPs.
Removing partitioned LD Scores with zero variance.
Reading regression weight LD Score from eur_w_ld_chr/[1-22] ...
Read regression weight LD Scores for 1290028 SNPs.
After merging with reference panel LD, 1173194 SNPs remain.
After merging with regression SNP LD, 1173194 SNPs remain.
Computing rg for phenotype 2/2
Reading summary statistics from /home/eerdem/CELLECT/gwas/BIG-S2_DTI2020_munged/ukb_phase1to3_dti441_dec21_2019_pheno323.sumstats.gz ...
Read summary statistics for 1149073 SNPs.
After merging with summary statistics, 1134690 SNPs remain.
1134690 SNPs with valid alleles.

Heritability of phenotype 1
---------------------------
Total Observed scale h2: 0.1916 (0.025)
Lambda GC: 1.068
Mean Chi^2: 1.0843
Intercept: 0.9992 (0.0079)
Ratio < 0 (usually indicates GC correction).

Heritability of phenotype 2/2
-----------------------------
Total Observed scale h2: 0.2682 (0.0239)
Lambda GC: 1.1388
Mean Chi^2: 1.1686
Intercept: 0.9991 (0.0079)
Ratio < 0 (usually indicates GC correction).

Genetic Covariance
------------------
Total Observed scale gencov: -0.0438 (0.015)
Mean z1*z2: -0.0341
Intercept: -0.0092 (0.0046)

Genetic Correlation
-------------------
Genetic Correlation: -0.1932 (0.0663)
Z-score: -2.9133
P: 0.0036


Summary of Genetic Correlation Results
p1                                                                                                    p2      rg      se       z       p  h2_obs  h2_obs_se  h2_int  h2_int_se  gcov_int  gcov_int_se
/home/eerdem/CELLECT/cortical_ROI_CHARGE2020/model1d_precentral_SAMPLESIZE.sumstats.gz  /home/eerdem/CELLECT/gwas/BIG-S2_DTI2020_munged/ukb_phase1to3_dti441_dec21_2019_pheno323.sumstats.gz -0.1932  0.0663 -2.9133  0.0036  0.2682     0.0239  0.9991     0.0079   -0.0092       0.0046

Analysis finished at Tue Dec  8 18:23:36 2020
Total time elapsed: 24.21s
