*********************************************************************
* LD Score Regression (LDSC)
* Version 1.0.0
* (C) 2014-2015 Brendan Bulik-Sullivan and Hilary Finucane
* Broad Institute of MIT and Harvard / MIT Department of Mathematics
* GNU General Public License v3
*********************************************************************
Call: 
./ldsc.py \
--ref-ld-chr eur_w_ld_chr/ \
--out /home/eerdem/notebooks/CELLECT-Analyser/out/genetic_correlation/gc/model1d_entorhinal_Net100_Node47 \
--rg /home/eerdem/CELLECT/cortical_ROI_CHARGE2020/model1d_entorhinal_SAMPLESIZE.sumstats.gz,/home/eerdem/CELLECT/gwas/BIG-S2_rs-fMRI/ukb_phase1to3_fmri_node_dec21_2019_pheno68.sumstats.gz \
--w-ld-chr eur_w_ld_chr/ 

Beginning analysis at Tue Dec  8 17:51:27 2020
Reading summary statistics from /home/eerdem/CELLECT/cortical_ROI_CHARGE2020/model1d_entorhinal_SAMPLESIZE.sumstats.gz ...
Read summary statistics for 1185403 SNPs.
Reading reference panel LD Score from eur_w_ld_chr/[1-22] ...
Read reference panel LD Scores for 1290028 SNPs.
Removing partitioned LD Scores with zero variance.
Reading regression weight LD Score from eur_w_ld_chr/[1-22] ...
Read regression weight LD Scores for 1290028 SNPs.
After merging with reference panel LD, 1172977 SNPs remain.
After merging with regression SNP LD, 1172977 SNPs remain.
Computing rg for phenotype 2/2
Reading summary statistics from /home/eerdem/CELLECT/gwas/BIG-S2_rs-fMRI/ukb_phase1to3_fmri_node_dec21_2019_pheno68.sumstats.gz ...
Read summary statistics for 1149479 SNPs.
After merging with summary statistics, 1135033 SNPs remain.
1135033 SNPs with valid alleles.

Heritability of phenotype 1
---------------------------
Total Observed scale h2: 0.1246 (0.0227)
Lambda GC: 1.0394
Mean Chi^2: 1.0474
Intercept: 0.9912 (0.0066)
Ratio < 0 (usually indicates GC correction).

Heritability of phenotype 2/2
-----------------------------
Total Observed scale h2: 0.1209 (0.0211)
Lambda GC: 1.0781
Mean Chi^2: 1.0967
Intercept: 1.0163 (0.0076)
Ratio: 0.1689 (0.0784)

Genetic Covariance
------------------
Total Observed scale gencov: -0.0037 (0.014)
Mean z1*z2: 0.0056
Intercept: 0.0069 (0.0048)

Genetic Correlation
-------------------
Genetic Correlation: -0.0303 (0.1149)
Z-score: -0.2635
P: 0.7922


Summary of Genetic Correlation Results
p1                                                                                               p2      rg      se       z       p  h2_obs  h2_obs_se  h2_int  h2_int_se  gcov_int  gcov_int_se
/home/eerdem/CELLECT/cortical_ROI_CHARGE2020/model1d_entorhinal_SAMPLESIZE.sumstats.gz  /home/eerdem/CELLECT/gwas/BIG-S2_rs-fMRI/ukb_phase1to3_fmri_node_dec21_2019_pheno68.sumstats.gz -0.0303  0.1149 -0.2635  0.7922  0.1209     0.0211  1.0163     0.0076    0.0069       0.0048

Analysis finished at Tue Dec  8 17:51:48 2020
Total time elapsed: 20.63s
