*********************************************************************
* LD Score Regression (LDSC)
* Version 1.0.0
* (C) 2014-2015 Brendan Bulik-Sullivan and Hilary Finucane
* Broad Institute of MIT and Harvard / MIT Department of Mathematics
* GNU General Public License v3
*********************************************************************
Call: 
./ldsc.py \
--ref-ld-chr eur_w_ld_chr/ \
--out /home/eerdem/notebooks/CELLECT-Analyser/out/genetic_correlation/gc/model1d_medialorbitofrontal_ukb_phase1to3_fapcs_dec21_2019_pheno75 \
--rg /home/eerdem/CELLECT/cortical_ROI_CHARGE2020/model1d_medialorbitofrontal_SAMPLESIZE.sumstats.gz,/home/eerdem/CELLECT/gwas/BIG-S2_DTI2020_munged/ukb_phase1to3_fapcs_dec21_2019_pheno75.sumstats.gz \
--w-ld-chr eur_w_ld_chr/ 

Beginning analysis at Tue Dec  8 16:46:57 2020
Reading summary statistics from /home/eerdem/CELLECT/cortical_ROI_CHARGE2020/model1d_medialorbitofrontal_SAMPLESIZE.sumstats.gz ...
Read summary statistics for 1185843 SNPs.
Reading reference panel LD Score from eur_w_ld_chr/[1-22] ...
Read reference panel LD Scores for 1290028 SNPs.
Removing partitioned LD Scores with zero variance.
Reading regression weight LD Score from eur_w_ld_chr/[1-22] ...
Read regression weight LD Scores for 1290028 SNPs.
After merging with reference panel LD, 1173182 SNPs remain.
After merging with regression SNP LD, 1173182 SNPs remain.
Computing rg for phenotype 2/2
Reading summary statistics from /home/eerdem/CELLECT/gwas/BIG-S2_DTI2020_munged/ukb_phase1to3_fapcs_dec21_2019_pheno75.sumstats.gz ...
Read summary statistics for 1149074 SNPs.
After merging with summary statistics, 1134688 SNPs remain.
1134688 SNPs with valid alleles.

Heritability of phenotype 1
---------------------------
Total Observed scale h2: 0.1173 (0.0212)
Lambda GC: 1.0533
Mean Chi^2: 1.0535
Intercept: 1.0003 (0.0064)
Ratio: 0.005 (0.1195)

Heritability of phenotype 2/2
-----------------------------
Total Observed scale h2: 0.0696 (0.0163)
Lambda GC: 1.0478
Mean Chi^2: 1.0475
Intercept: 1.0034 (0.0069)
Ratio: 0.0712 (0.145)

Genetic Covariance
------------------
Total Observed scale gencov: 0.0094 (0.0116)
Mean z1*z2: 0.0054
Intercept: 0.0001 (0.0043)

Genetic Correlation
-------------------
Genetic Correlation: 0.1035 (0.1314)
Z-score: 0.7877
P: 0.4309


Summary of Genetic Correlation Results
p1                                                                                                  p2      rg      se       z       p  h2_obs  h2_obs_se  h2_int  h2_int_se  gcov_int  gcov_int_se
/home/eerdem/CELLECT/cortical_ROI_CHARGE2020/model1d_medialorbitofrontal_SAMPLESIZE.sumstats.gz  /home/eerdem/CELLECT/gwas/BIG-S2_DTI2020_munged/ukb_phase1to3_fapcs_dec21_2019_pheno75.sumstats.gz  0.1035  0.1314  0.7877  0.4309  0.0696     0.0163  1.0034     0.0069    0.0001       0.0043

Analysis finished at Tue Dec  8 16:47:22 2020
Total time elapsed: 24.36s
