*********************************************************************
* LD Score Regression (LDSC)
* Version 1.0.0
* (C) 2014-2015 Brendan Bulik-Sullivan and Hilary Finucane
* Broad Institute of MIT and Harvard / MIT Department of Mathematics
* GNU General Public License v3
*********************************************************************
Call: 
./ldsc.py \
--ref-ld-chr eur_w_ld_chr/ \
--out /home/eerdem/notebooks/CELLECT-Analyser/out/genetic_correlation/gc/model1d_paracentral_ukb_phase1to3_dti441_dec21_2019_pheno427 \
--rg /home/eerdem/CELLECT/cortical_ROI_CHARGE2020/model1d_paracentral_SAMPLESIZE.sumstats.gz,/home/eerdem/CELLECT/gwas/BIG-S2_DTI2020_munged/ukb_phase1to3_dti441_dec21_2019_pheno427.sumstats.gz \
--w-ld-chr eur_w_ld_chr/ 

Beginning analysis at Tue Dec  8 16:52:12 2020
Reading summary statistics from /home/eerdem/CELLECT/cortical_ROI_CHARGE2020/model1d_paracentral_SAMPLESIZE.sumstats.gz ...
Read summary statistics for 1185938 SNPs.
Reading reference panel LD Score from eur_w_ld_chr/[1-22] ...
Read reference panel LD Scores for 1290028 SNPs.
Removing partitioned LD Scores with zero variance.
Reading regression weight LD Score from eur_w_ld_chr/[1-22] ...
Read regression weight LD Scores for 1290028 SNPs.
After merging with reference panel LD, 1173275 SNPs remain.
After merging with regression SNP LD, 1173275 SNPs remain.
Computing rg for phenotype 2/2
Reading summary statistics from /home/eerdem/CELLECT/gwas/BIG-S2_DTI2020_munged/ukb_phase1to3_dti441_dec21_2019_pheno427.sumstats.gz ...
Read summary statistics for 1149073 SNPs.
After merging with summary statistics, 1134761 SNPs remain.
1134761 SNPs with valid alleles.

Heritability of phenotype 1
---------------------------
Total Observed scale h2: 0.1101 (0.0223)
Lambda GC: 1.0553
Mean Chi^2: 1.0659
Intercept: 1.016 (0.0073)
Ratio: 0.2422 (0.1104)

Heritability of phenotype 2/2
-----------------------------
Total Observed scale h2: 0.2674 (0.0271)
Lambda GC: 1.1339
Mean Chi^2: 1.1852
Intercept: 1.0188 (0.0083)
Ratio: 0.1016 (0.0449)

Genetic Covariance
------------------
Total Observed scale gencov: -0.0386 (0.0146)
Mean z1*z2: -0.0454
Intercept: -0.0235 (0.0051)

Genetic Correlation
-------------------
Genetic Correlation: -0.225 (0.0873)
Z-score: -2.578
P: 0.0099


Summary of Genetic Correlation Results
p1                                                                                                    p2     rg      se      z       p  h2_obs  h2_obs_se  h2_int  h2_int_se  gcov_int  gcov_int_se
/home/eerdem/CELLECT/cortical_ROI_CHARGE2020/model1d_paracentral_SAMPLESIZE.sumstats.gz  /home/eerdem/CELLECT/gwas/BIG-S2_DTI2020_munged/ukb_phase1to3_dti441_dec21_2019_pheno427.sumstats.gz -0.225  0.0873 -2.578  0.0099  0.2674     0.0271  1.0188     0.0083   -0.0235       0.0051

Analysis finished at Tue Dec  8 16:52:35 2020
Total time elapsed: 22.51s
