*********************************************************************
* LD Score Regression (LDSC)
* Version 1.0.0
* (C) 2014-2015 Brendan Bulik-Sullivan and Hilary Finucane
* Broad Institute of MIT and Harvard / MIT Department of Mathematics
* GNU General Public License v3
*********************************************************************
Call: 
./ldsc.py \
--ref-ld-chr eur_w_ld_chr/ \
--out /home/eerdem/notebooks/CELLECT-Analyser/out/genetic_correlation/gc/model1a_bankssts_model1b_frontalpole \
--rg /home/eerdem/CELLECT/cortical_ROI_CHARGE2020/model1a_bankssts_SAMPLESIZE.sumstats.gz,/home/eerdem/CELLECT/cortical_ROI_CHARGE2020/model1b_frontalpole_SAMPLESIZE.sumstats.gz \
--w-ld-chr eur_w_ld_chr/ 

Beginning analysis at Tue Dec  8 17:13:12 2020
Reading summary statistics from /home/eerdem/CELLECT/cortical_ROI_CHARGE2020/model1a_bankssts_SAMPLESIZE.sumstats.gz ...
Read summary statistics for 1191337 SNPs.
Reading reference panel LD Score from eur_w_ld_chr/[1-22] ...
Read reference panel LD Scores for 1290028 SNPs.
Removing partitioned LD Scores with zero variance.
Reading regression weight LD Score from eur_w_ld_chr/[1-22] ...
Read regression weight LD Scores for 1290028 SNPs.
After merging with reference panel LD, 1174093 SNPs remain.
After merging with regression SNP LD, 1174093 SNPs remain.
Computing rg for phenotype 2/2
Reading summary statistics from /home/eerdem/CELLECT/cortical_ROI_CHARGE2020/model1b_frontalpole_SAMPLESIZE.sumstats.gz ...
Read summary statistics for 1191502 SNPs.
After merging with summary statistics, 1174086 SNPs remain.
1174086 SNPs with valid alleles.

Heritability of phenotype 1
---------------------------
Total Observed scale h2: 0.1604 (0.0272)
Lambda GC: 1.0597
Mean Chi^2: 1.0621
Intercept: 1.0052 (0.0062)
Ratio: 0.0842 (0.1004)

Heritability of phenotype 2/2
-----------------------------
Total Observed scale h2: 0.0702 (0.0246)
Lambda GC: 1.0317
Mean Chi^2: 1.0227
Intercept: 0.9975 (0.0064)
Ratio < 0 (usually indicates GC correction).

Genetic Covariance
------------------
Total Observed scale gencov: -0.0334 (0.0184)
Mean z1*z2: -0.0088
Intercept: 0.0029 (0.0043)

Genetic Correlation
-------------------
Genetic Correlation: -0.315 (0.1826)
Z-score: -1.7247
P: 0.0846


Summary of Genetic Correlation Results
p1                                                                                       p2     rg      se       z       p  h2_obs  h2_obs_se  h2_int  h2_int_se  gcov_int  gcov_int_se
/home/eerdem/CELLECT/cortical_ROI_CHARGE2020/model1a_bankssts_SAMPLESIZE.sumstats.gz  /home/eerdem/CELLECT/cortical_ROI_CHARGE2020/model1b_frontalpole_SAMPLESIZE.sumstats.gz -0.315  0.1826 -1.7247  0.0846  0.0702     0.0246  0.9975     0.0064    0.0029       0.0043

Analysis finished at Tue Dec  8 17:13:34 2020
Total time elapsed: 21.42s
