*********************************************************************
* LD Score Regression (LDSC)
* Version 1.0.0
* (C) 2014-2015 Brendan Bulik-Sullivan and Hilary Finucane
* Broad Institute of MIT and Harvard / MIT Department of Mathematics
* GNU General Public License v3
*********************************************************************
Call: 
./ldsc.py \
--ref-ld-chr eur_w_ld_chr/ \
--out /home/eerdem/notebooks/CELLECT-Analyser/out/genetic_correlation/gc/model1a_caudalmiddlefrontal_Net100_Pair21_29 \
--rg /home/eerdem/CELLECT/cortical_ROI_CHARGE2020/model1a_caudalmiddlefrontal_SAMPLESIZE.sumstats.gz,/home/eerdem/CELLECT/gwas/BIG-S2_rs-fMRI/ukb_phase1to3_fmri_edge_dec21_2019_pheno609.sumstats.gz \
--w-ld-chr eur_w_ld_chr/ 

Beginning analysis at Tue Dec  8 18:40:12 2020
Reading summary statistics from /home/eerdem/CELLECT/cortical_ROI_CHARGE2020/model1a_caudalmiddlefrontal_SAMPLESIZE.sumstats.gz ...
Read summary statistics for 1191338 SNPs.
Reading reference panel LD Score from eur_w_ld_chr/[1-22] ...
Read reference panel LD Scores for 1290028 SNPs.
Removing partitioned LD Scores with zero variance.
Reading regression weight LD Score from eur_w_ld_chr/[1-22] ...
Read regression weight LD Scores for 1290028 SNPs.
After merging with reference panel LD, 1174094 SNPs remain.
After merging with regression SNP LD, 1174094 SNPs remain.
Computing rg for phenotype 2/2
Reading summary statistics from /home/eerdem/CELLECT/gwas/BIG-S2_rs-fMRI/ukb_phase1to3_fmri_edge_dec21_2019_pheno609.sumstats.gz ...
Read summary statistics for 1149479 SNPs.
After merging with summary statistics, 1135274 SNPs remain.
1135274 SNPs with valid alleles.

Heritability of phenotype 1
---------------------------
Total Observed scale h2: 0.1896 (0.0283)
Lambda GC: 1.0577
Mean Chi^2: 1.0643
Intercept: 0.9948 (0.0064)
Ratio < 0 (usually indicates GC correction).

Heritability of phenotype 2/2
-----------------------------
Total Observed scale h2: 0.1504 (0.0202)
Lambda GC: 1.0893
Mean Chi^2: 1.1042
Intercept: 1.0037 (0.0077)
Ratio: 0.0351 (0.0739)

Genetic Covariance
------------------
Total Observed scale gencov: -0.0312 (0.0152)
Mean z1*z2: -0.0326
Intercept: -0.0168 (0.0042)

Genetic Correlation
-------------------
Genetic Correlation: -0.1848 (0.0923)
Z-score: -2.0022
P: 0.0453


Summary of Genetic Correlation Results
p1                                                                                                p2      rg      se       z       p  h2_obs  h2_obs_se  h2_int  h2_int_se  gcov_int  gcov_int_se
/home/eerdem/CELLECT/cortical_ROI_CHARGE2020/model1a_caudalmiddlefrontal_SAMPLESIZE.sumstats.gz  /home/eerdem/CELLECT/gwas/BIG-S2_rs-fMRI/ukb_phase1to3_fmri_edge_dec21_2019_pheno609.sumstats.gz -0.1848  0.0923 -2.0022  0.0453  0.1504     0.0202  1.0037     0.0077   -0.0168       0.0042

Analysis finished at Tue Dec  8 18:40:35 2020
Total time elapsed: 22.92s
