*********************************************************************
* LD Score Regression (LDSC)
* Version 1.0.0
* (C) 2014-2015 Brendan Bulik-Sullivan and Hilary Finucane
* Broad Institute of MIT and Harvard / MIT Department of Mathematics
* GNU General Public License v3
*********************************************************************
Call: 
./ldsc.py \
--ref-ld-chr eur_w_ld_chr/ \
--out /home/eerdem/notebooks/CELLECT-Analyser/out/genetic_correlation/gc/model1d_parsorbitalis_Net25_Node14 \
--rg /home/eerdem/CELLECT/cortical_ROI_CHARGE2020/model1d_parsorbitalis_SAMPLESIZE.sumstats.gz,/home/eerdem/CELLECT/gwas/BIG-S2_rs-fMRI/ukb_phase1to3_fmri_node_dec21_2019_pheno14.sumstats.gz \
--w-ld-chr eur_w_ld_chr/ 

Beginning analysis at Tue Dec  8 17:31:27 2020
Reading summary statistics from /home/eerdem/CELLECT/cortical_ROI_CHARGE2020/model1d_parsorbitalis_SAMPLESIZE.sumstats.gz ...
Read summary statistics for 1186184 SNPs.
Reading reference panel LD Score from eur_w_ld_chr/[1-22] ...
Read reference panel LD Scores for 1290028 SNPs.
Removing partitioned LD Scores with zero variance.
Reading regression weight LD Score from eur_w_ld_chr/[1-22] ...
Read regression weight LD Scores for 1290028 SNPs.
After merging with reference panel LD, 1173400 SNPs remain.
After merging with regression SNP LD, 1173400 SNPs remain.
Computing rg for phenotype 2/2
Reading summary statistics from /home/eerdem/CELLECT/gwas/BIG-S2_rs-fMRI/ukb_phase1to3_fmri_node_dec21_2019_pheno14.sumstats.gz ...
Read summary statistics for 1149479 SNPs.
After merging with summary statistics, 1135262 SNPs remain.
1135262 SNPs with valid alleles.

Heritability of phenotype 1
---------------------------
Total Observed scale h2: 0.151 (0.023)
Lambda GC: 1.0631
Mean Chi^2: 1.0724
Intercept: 1.0049 (0.0067)
Ratio: 0.068 (0.0922)

Heritability of phenotype 2/2
-----------------------------
Total Observed scale h2: 0.1526 (0.0249)
Lambda GC: 1.0886
Mean Chi^2: 1.1171
Intercept: 1.0167 (0.0096)
Ratio: 0.1427 (0.0824)

Genetic Covariance
------------------
Total Observed scale gencov: 0.0079 (0.0152)
Mean z1*z2: -0.008
Intercept: -0.0123 (0.0051)

Genetic Correlation
-------------------
Genetic Correlation: 0.0523 (0.1019)
Z-score: 0.5134
P: 0.6077


Summary of Genetic Correlation Results
p1                                                                                               p2      rg      se       z       p  h2_obs  h2_obs_se  h2_int  h2_int_se  gcov_int  gcov_int_se
/home/eerdem/CELLECT/cortical_ROI_CHARGE2020/model1d_parsorbitalis_SAMPLESIZE.sumstats.gz  /home/eerdem/CELLECT/gwas/BIG-S2_rs-fMRI/ukb_phase1to3_fmri_node_dec21_2019_pheno14.sumstats.gz  0.0523  0.1019  0.5134  0.6077  0.1526     0.0249  1.0167     0.0096   -0.0123       0.0051

Analysis finished at Tue Dec  8 17:31:50 2020
Total time elapsed: 23.02s
