*********************************************************************
* LD Score Regression (LDSC)
* Version 1.0.0
* (C) 2014-2015 Brendan Bulik-Sullivan and Hilary Finucane
* Broad Institute of MIT and Harvard / MIT Department of Mathematics
* GNU General Public License v3
*********************************************************************
Call: 
./ldsc.py \
--ref-ld-chr eur_w_ld_chr/ \
--out /home/eerdem/notebooks/CELLECT-Analyser/out/genetic_correlation/gc/model1a_entorhinal_Net100_Pair30_32 \
--rg /home/eerdem/CELLECT/cortical_ROI_CHARGE2020/model1a_entorhinal_SAMPLESIZE.sumstats.gz,/home/eerdem/CELLECT/gwas/BIG-S2_rs-fMRI/ukb_phase1to3_fmri_edge_dec21_2019_pheno705.sumstats.gz \
--w-ld-chr eur_w_ld_chr/ 

Beginning analysis at Tue Dec  8 16:15:12 2020
Reading summary statistics from /home/eerdem/CELLECT/cortical_ROI_CHARGE2020/model1a_entorhinal_SAMPLESIZE.sumstats.gz ...
Read summary statistics for 1191327 SNPs.
Reading reference panel LD Score from eur_w_ld_chr/[1-22] ...
Read reference panel LD Scores for 1290028 SNPs.
Removing partitioned LD Scores with zero variance.
Reading regression weight LD Score from eur_w_ld_chr/[1-22] ...
Read regression weight LD Scores for 1290028 SNPs.
After merging with reference panel LD, 1174083 SNPs remain.
After merging with regression SNP LD, 1174083 SNPs remain.
Computing rg for phenotype 2/2
Reading summary statistics from /home/eerdem/CELLECT/gwas/BIG-S2_rs-fMRI/ukb_phase1to3_fmri_edge_dec21_2019_pheno705.sumstats.gz ...
Read summary statistics for 1149479 SNPs.
After merging with summary statistics, 1135265 SNPs remain.
1135265 SNPs with valid alleles.

Heritability of phenotype 1
---------------------------
Total Observed scale h2: 0.1307 (0.0282)
Lambda GC: 1.0322
Mean Chi^2: 1.0386
Intercept: 0.9895 (0.0066)
Ratio < 0 (usually indicates GC correction).

Heritability of phenotype 2/2
-----------------------------
Total Observed scale h2: 0.0568 (0.0142)
Lambda GC: 1.0473
Mean Chi^2: 1.0408
Intercept: 1.0042 (0.0066)
Ratio: 0.1019 (0.1621)

Genetic Covariance
------------------
Total Observed scale gencov: 0.0331 (0.0143)
Mean z1*z2: 0.0136
Intercept: -0.0028 (0.0049)

Genetic Correlation
-------------------
Genetic Correlation: 0.384 (0.1774)
Z-score: 2.1651
P: 0.0304


Summary of Genetic Correlation Results
p1                                                                                                p2     rg      se       z       p  h2_obs  h2_obs_se  h2_int  h2_int_se  gcov_int  gcov_int_se
/home/eerdem/CELLECT/cortical_ROI_CHARGE2020/model1a_entorhinal_SAMPLESIZE.sumstats.gz  /home/eerdem/CELLECT/gwas/BIG-S2_rs-fMRI/ukb_phase1to3_fmri_edge_dec21_2019_pheno705.sumstats.gz  0.384  0.1774  2.1651  0.0304  0.0568     0.0142  1.0042     0.0066   -0.0028       0.0049

Analysis finished at Tue Dec  8 16:15:37 2020
Total time elapsed: 24.4s
