*********************************************************************
* LD Score Regression (LDSC)
* Version 1.0.0
* (C) 2014-2015 Brendan Bulik-Sullivan and Hilary Finucane
* Broad Institute of MIT and Harvard / MIT Department of Mathematics
* GNU General Public License v3
*********************************************************************
Call: 
./ldsc.py \
--ref-ld-chr eur_w_ld_chr/ \
--out /home/eerdem/notebooks/CELLECT-Analyser/out/genetic_correlation/gc/model1a_postcentral_ukb_phase1to3_fapcs_dec21_2019_pheno6 \
--rg /home/eerdem/CELLECT/cortical_ROI_CHARGE2020/model1a_postcentral_SAMPLESIZE.sumstats.gz,/home/eerdem/CELLECT/gwas/BIG-S2_DTI2020_munged/ukb_phase1to3_fapcs_dec21_2019_pheno6.sumstats.gz \
--w-ld-chr eur_w_ld_chr/ 

Beginning analysis at Tue Dec  8 18:42:57 2020
Reading summary statistics from /home/eerdem/CELLECT/cortical_ROI_CHARGE2020/model1a_postcentral_SAMPLESIZE.sumstats.gz ...
Read summary statistics for 1191336 SNPs.
Reading reference panel LD Score from eur_w_ld_chr/[1-22] ...
Read reference panel LD Scores for 1290028 SNPs.
Removing partitioned LD Scores with zero variance.
Reading regression weight LD Score from eur_w_ld_chr/[1-22] ...
Read regression weight LD Scores for 1290028 SNPs.
After merging with reference panel LD, 1174092 SNPs remain.
After merging with regression SNP LD, 1174092 SNPs remain.
Computing rg for phenotype 2/2
Reading summary statistics from /home/eerdem/CELLECT/gwas/BIG-S2_DTI2020_munged/ukb_phase1to3_fapcs_dec21_2019_pheno6.sumstats.gz ...
Read summary statistics for 1149074 SNPs.
After merging with summary statistics, 1134837 SNPs remain.
1134837 SNPs with valid alleles.

Heritability of phenotype 1
---------------------------
Total Observed scale h2: 0.1666 (0.0266)
Lambda GC: 1.0374
Mean Chi^2: 1.0563
Intercept: 0.9967 (0.0062)
Ratio < 0 (usually indicates GC correction).

Heritability of phenotype 2/2
-----------------------------
Total Observed scale h2: 0.2821 (0.0227)
Lambda GC: 1.148
Mean Chi^2: 1.1937
Intercept: 1.0166 (0.0073)
Ratio: 0.0855 (0.0378)

Genetic Covariance
------------------
Total Observed scale gencov: -0.0149 (0.0146)
Mean z1*z2: -0.0118
Intercept: -0.0036 (0.005)

Genetic Correlation
-------------------
Genetic Correlation: -0.0685 (0.0676)
Z-score: -1.0147
P: 0.3103


Summary of Genetic Correlation Results
p1                                                                                                 p2      rg      se       z       p  h2_obs  h2_obs_se  h2_int  h2_int_se  gcov_int  gcov_int_se
/home/eerdem/CELLECT/cortical_ROI_CHARGE2020/model1a_postcentral_SAMPLESIZE.sumstats.gz  /home/eerdem/CELLECT/gwas/BIG-S2_DTI2020_munged/ukb_phase1to3_fapcs_dec21_2019_pheno6.sumstats.gz -0.0685  0.0676 -1.0147  0.3103  0.2821     0.0227  1.0166     0.0073   -0.0036        0.005

Analysis finished at Tue Dec  8 18:43:20 2020
Total time elapsed: 22.37s
