*********************************************************************
* LD Score Regression (LDSC)
* Version 1.0.0
* (C) 2014-2015 Brendan Bulik-Sullivan and Hilary Finucane
* Broad Institute of MIT and Harvard / MIT Department of Mathematics
* GNU General Public License v3
*********************************************************************
Call: 
./ldsc.py \
--ref-ld-chr eur_w_ld_chr/ \
--out /home/eerdem/notebooks/CELLECT-Analyser/out/genetic_correlation/gc/model1d_temporalpole_ukb_phase1to3_fapcs_dec21_2019_pheno102 \
--rg /home/eerdem/CELLECT/cortical_ROI_CHARGE2020/model1d_temporalpole_SAMPLESIZE.sumstats.gz,/home/eerdem/CELLECT/gwas/BIG-S2_DTI2020_munged/ukb_phase1to3_fapcs_dec21_2019_pheno102.sumstats.gz \
--w-ld-chr eur_w_ld_chr/ 

Beginning analysis at Tue Dec  8 19:43:12 2020
Reading summary statistics from /home/eerdem/CELLECT/cortical_ROI_CHARGE2020/model1d_temporalpole_SAMPLESIZE.sumstats.gz ...
Read summary statistics for 1185969 SNPs.
Reading reference panel LD Score from eur_w_ld_chr/[1-22] ...
Read reference panel LD Scores for 1290028 SNPs.
Removing partitioned LD Scores with zero variance.
Reading regression weight LD Score from eur_w_ld_chr/[1-22] ...
Read regression weight LD Scores for 1290028 SNPs.
After merging with reference panel LD, 1173214 SNPs remain.
After merging with regression SNP LD, 1173214 SNPs remain.
Computing rg for phenotype 2/2
Reading summary statistics from /home/eerdem/CELLECT/gwas/BIG-S2_DTI2020_munged/ukb_phase1to3_fapcs_dec21_2019_pheno102.sumstats.gz ...
Read summary statistics for 1149074 SNPs.
After merging with summary statistics, 1134695 SNPs remain.
1134695 SNPs with valid alleles.

Heritability of phenotype 1
---------------------------
Total Observed scale h2: 0.0551 (0.022)
Lambda GC: 1.0307
Mean Chi^2: 1.0382
Intercept: 1.0131 (0.0074)
Ratio: 0.3416 (0.1923)

Heritability of phenotype 2/2
-----------------------------
Total Observed scale h2: 0.1281 (0.0167)
Lambda GC: 1.0785
Mean Chi^2: 1.0931
Intercept: 1.012 (0.0071)
Ratio: 0.1291 (0.0764)

Genetic Covariance
------------------
Total Observed scale gencov: -0.0002 (0.0126)
Mean z1*z2: 0.0055
Intercept: 0.005 (0.0045)

Genetic Correlation
-------------------
Genetic Correlation: -0.0028 (0.151)
Z-score: -0.0187
P: 0.9851


Summary of Genetic Correlation Results
p1                                                                                                   p2      rg     se       z       p  h2_obs  h2_obs_se  h2_int  h2_int_se  gcov_int  gcov_int_se
/home/eerdem/CELLECT/cortical_ROI_CHARGE2020/model1d_temporalpole_SAMPLESIZE.sumstats.gz  /home/eerdem/CELLECT/gwas/BIG-S2_DTI2020_munged/ukb_phase1to3_fapcs_dec21_2019_pheno102.sumstats.gz -0.0028  0.151 -0.0187  0.9851  0.1281     0.0167   1.012     0.0071     0.005       0.0045

Analysis finished at Tue Dec  8 19:43:34 2020
Total time elapsed: 22.17s
