*********************************************************************
* LD Score Regression (LDSC)
* Version 1.0.0
* (C) 2014-2015 Brendan Bulik-Sullivan and Hilary Finucane
* Broad Institute of MIT and Harvard / MIT Department of Mathematics
* GNU General Public License v3
*********************************************************************
Call: 
./ldsc.py \
--ref-ld-chr eur_w_ld_chr/ \
--out /home/eerdem/notebooks/CELLECT-Analyser/out/genetic_correlation/gc/model1a_bankssts_model1a_fusiform \
--rg /home/eerdem/CELLECT/cortical_ROI_CHARGE2020/model1a_bankssts_SAMPLESIZE.sumstats.gz,/home/eerdem/CELLECT/cortical_ROI_CHARGE2020/model1a_fusiform_SAMPLESIZE.sumstats.gz \
--w-ld-chr eur_w_ld_chr/ 

Beginning analysis at Tue Dec  8 16:55:42 2020
Reading summary statistics from /home/eerdem/CELLECT/cortical_ROI_CHARGE2020/model1a_bankssts_SAMPLESIZE.sumstats.gz ...
Read summary statistics for 1191337 SNPs.
Reading reference panel LD Score from eur_w_ld_chr/[1-22] ...
Read reference panel LD Scores for 1290028 SNPs.
Removing partitioned LD Scores with zero variance.
Reading regression weight LD Score from eur_w_ld_chr/[1-22] ...
Read regression weight LD Scores for 1290028 SNPs.
After merging with reference panel LD, 1174093 SNPs remain.
After merging with regression SNP LD, 1174093 SNPs remain.
Computing rg for phenotype 2/2
Reading summary statistics from /home/eerdem/CELLECT/cortical_ROI_CHARGE2020/model1a_fusiform_SAMPLESIZE.sumstats.gz ...
Read summary statistics for 1191335 SNPs.
After merging with summary statistics, 1174088 SNPs remain.
1174088 SNPs with valid alleles.

Heritability of phenotype 1
---------------------------
Total Observed scale h2: 0.1604 (0.0272)
Lambda GC: 1.0597
Mean Chi^2: 1.0621
Intercept: 1.0052 (0.0062)
Ratio: 0.0843 (0.1004)

Heritability of phenotype 2/2
-----------------------------
Total Observed scale h2: 0.1911 (0.0306)
Lambda GC: 1.0509
Mean Chi^2: 1.0616
Intercept: 0.9931 (0.0074)
Ratio < 0 (usually indicates GC correction).

Genetic Covariance
------------------
Total Observed scale gencov: 0.0469 (0.0198)
Mean z1*z2: 0.0982
Intercept: 0.0808 (0.0044)

Genetic Correlation
-------------------
Genetic Correlation: 0.268 (0.1091)
Z-score: 2.4562
P: 0.014


Summary of Genetic Correlation Results
p1                                                                                    p2     rg      se       z      p  h2_obs  h2_obs_se  h2_int  h2_int_se  gcov_int  gcov_int_se
/home/eerdem/CELLECT/cortical_ROI_CHARGE2020/model1a_bankssts_SAMPLESIZE.sumstats.gz  /home/eerdem/CELLECT/cortical_ROI_CHARGE2020/model1a_fusiform_SAMPLESIZE.sumstats.gz  0.268  0.1091  2.4562  0.014  0.1911     0.0306  0.9931     0.0074    0.0808       0.0044

Analysis finished at Tue Dec  8 16:56:05 2020
Total time elapsed: 23.23s
