*********************************************************************
* LD Score Regression (LDSC)
* Version 1.0.0
* (C) 2014-2015 Brendan Bulik-Sullivan and Hilary Finucane
* Broad Institute of MIT and Harvard / MIT Department of Mathematics
* GNU General Public License v3
*********************************************************************
Call: 
./ldsc.py \
--ref-ld-chr eur_w_ld_chr/ \
--out /home/eerdem/notebooks/CELLECT-Analyser/out/genetic_correlation/gc/model1d_supramarginal_model1a_supramarginal \
--rg /home/eerdem/CELLECT/cortical_ROI_CHARGE2020/model1d_supramarginal_SAMPLESIZE.sumstats.gz,/home/eerdem/CELLECT/cortical_ROI_CHARGE2020/model1a_supramarginal_SAMPLESIZE.sumstats.gz \
--w-ld-chr eur_w_ld_chr/ 

Beginning analysis at Tue Dec  8 19:14:27 2020
Reading summary statistics from /home/eerdem/CELLECT/cortical_ROI_CHARGE2020/model1d_supramarginal_SAMPLESIZE.sumstats.gz ...
Read summary statistics for 1185720 SNPs.
Reading reference panel LD Score from eur_w_ld_chr/[1-22] ...
Read reference panel LD Scores for 1290028 SNPs.
Removing partitioned LD Scores with zero variance.
Reading regression weight LD Score from eur_w_ld_chr/[1-22] ...
Read regression weight LD Scores for 1290028 SNPs.
After merging with reference panel LD, 1173155 SNPs remain.
After merging with regression SNP LD, 1173155 SNPs remain.
Computing rg for phenotype 2/2
Reading summary statistics from /home/eerdem/CELLECT/cortical_ROI_CHARGE2020/model1a_supramarginal_SAMPLESIZE.sumstats.gz ...
Read summary statistics for 1191333 SNPs.
After merging with summary statistics, 1172460 SNPs remain.
1172460 SNPs with valid alleles.

Heritability of phenotype 1
---------------------------
Total Observed scale h2: 0.1623 (0.0269)
Lambda GC: 1.0675
Mean Chi^2: 1.0791
Intercept: 1.0074 (0.0071)
Ratio: 0.0941 (0.0904)

Heritability of phenotype 2/2
-----------------------------
Total Observed scale h2: 0.179 (0.0311)
Lambda GC: 1.0514
Mean Chi^2: 1.0631
Intercept: 0.9984 (0.0067)
Ratio < 0 (usually indicates GC correction).

Genetic Covariance
------------------
Total Observed scale gencov: 0.1521 (0.0269)
Mean z1*z2: 0.8737
Intercept: 0.813 (0.0062)

Genetic Correlation
-------------------
Genetic Correlation: 0.8927 (0.0317)
Z-score: 28.186
P: 8.6834e-175


Summary of Genetic Correlation Results
p1                                                                                         p2      rg      se       z            p  h2_obs  h2_obs_se  h2_int  h2_int_se  gcov_int  gcov_int_se
/home/eerdem/CELLECT/cortical_ROI_CHARGE2020/model1d_supramarginal_SAMPLESIZE.sumstats.gz  /home/eerdem/CELLECT/cortical_ROI_CHARGE2020/model1a_supramarginal_SAMPLESIZE.sumstats.gz  0.8927  0.0317  28.186  8.6834e-175   0.179     0.0311  0.9984     0.0067     0.813       0.0062

Analysis finished at Tue Dec  8 19:14:49 2020
Total time elapsed: 22.08s
