*********************************************************************
* LD Score Regression (LDSC)
* Version 1.0.0
* (C) 2014-2015 Brendan Bulik-Sullivan and Hilary Finucane
* Broad Institute of MIT and Harvard / MIT Department of Mathematics
* GNU General Public License v3
*********************************************************************
Call: 
./ldsc.py \
--ref-ld-chr eur_w_ld_chr/ \
--out /home/eerdem/notebooks/CELLECT-Analyser/out/genetic_correlation/gc/model1d_caudalmiddlefrontal_ukb_phase1to3_fapcs_dec21_2019_pheno46 \
--rg /home/eerdem/CELLECT/cortical_ROI_CHARGE2020/model1d_caudalmiddlefrontal_SAMPLESIZE.sumstats.gz,/home/eerdem/CELLECT/gwas/BIG-S2_DTI2020_munged/ukb_phase1to3_fapcs_dec21_2019_pheno46.sumstats.gz \
--w-ld-chr eur_w_ld_chr/ 

Beginning analysis at Tue Dec  8 17:29:12 2020
Reading summary statistics from /home/eerdem/CELLECT/cortical_ROI_CHARGE2020/model1d_caudalmiddlefrontal_SAMPLESIZE.sumstats.gz ...
Read summary statistics for 1186002 SNPs.
Reading reference panel LD Score from eur_w_ld_chr/[1-22] ...
Read reference panel LD Scores for 1290028 SNPs.
Removing partitioned LD Scores with zero variance.
Reading regression weight LD Score from eur_w_ld_chr/[1-22] ...
Read regression weight LD Scores for 1290028 SNPs.
After merging with reference panel LD, 1173292 SNPs remain.
After merging with regression SNP LD, 1173292 SNPs remain.
Computing rg for phenotype 2/2
Reading summary statistics from /home/eerdem/CELLECT/gwas/BIG-S2_DTI2020_munged/ukb_phase1to3_fapcs_dec21_2019_pheno46.sumstats.gz ...
Read summary statistics for 1149074 SNPs.
After merging with summary statistics, 1134765 SNPs remain.
1134765 SNPs with valid alleles.

Heritability of phenotype 1
---------------------------
Total Observed scale h2: 0.1768 (0.0228)
Lambda GC: 1.0758
Mean Chi^2: 1.0832
Intercept: 1.0041 (0.0066)
Ratio: 0.0492 (0.0787)

Heritability of phenotype 2/2
-----------------------------
Total Observed scale h2: 0.3066 (0.0281)
Lambda GC: 1.1408
Mean Chi^2: 1.1906
Intercept: 0.997 (0.0081)
Ratio < 0 (usually indicates GC correction).

Genetic Covariance
------------------
Total Observed scale gencov: -0.0169 (0.0134)
Mean z1*z2: -0.0087
Intercept: 0.0008 (0.0047)

Genetic Correlation
-------------------
Genetic Correlation: -0.0727 (0.0569)
Z-score: -1.2779
P: 0.2013


Summary of Genetic Correlation Results
p1                                                                                                  p2      rg      se       z       p  h2_obs  h2_obs_se  h2_int  h2_int_se  gcov_int  gcov_int_se
/home/eerdem/CELLECT/cortical_ROI_CHARGE2020/model1d_caudalmiddlefrontal_SAMPLESIZE.sumstats.gz  /home/eerdem/CELLECT/gwas/BIG-S2_DTI2020_munged/ukb_phase1to3_fapcs_dec21_2019_pheno46.sumstats.gz -0.0727  0.0569 -1.2779  0.2013  0.3066     0.0281   0.997     0.0081    0.0008       0.0047

Analysis finished at Tue Dec  8 17:29:35 2020
Total time elapsed: 23.29s
