*********************************************************************
* LD Score Regression (LDSC)
* Version 1.0.0
* (C) 2014-2015 Brendan Bulik-Sullivan and Hilary Finucane
* Broad Institute of MIT and Harvard / MIT Department of Mathematics
* GNU General Public License v3
*********************************************************************
Call: 
./ldsc.py \
--ref-ld-chr eur_w_ld_chr/ \
--out /home/eerdem/notebooks/CELLECT-Analyser/out/genetic_correlation/gc/model1b_entorhinal_Net100_Pair21_29 \
--rg /home/eerdem/CELLECT/cortical_ROI_CHARGE2020/model1b_entorhinal_SAMPLESIZE.sumstats.gz,/home/eerdem/CELLECT/gwas/BIG-S2_rs-fMRI/ukb_phase1to3_fmri_edge_dec21_2019_pheno609.sumstats.gz \
--w-ld-chr eur_w_ld_chr/ 

Beginning analysis at Tue Dec  8 19:15:57 2020
Reading summary statistics from /home/eerdem/CELLECT/cortical_ROI_CHARGE2020/model1b_entorhinal_SAMPLESIZE.sumstats.gz ...
Read summary statistics for 1186455 SNPs.
Reading reference panel LD Score from eur_w_ld_chr/[1-22] ...
Read reference panel LD Scores for 1290028 SNPs.
Removing partitioned LD Scores with zero variance.
Reading regression weight LD Score from eur_w_ld_chr/[1-22] ...
Read regression weight LD Scores for 1290028 SNPs.
After merging with reference panel LD, 1170096 SNPs remain.
After merging with regression SNP LD, 1170096 SNPs remain.
Computing rg for phenotype 2/2
Reading summary statistics from /home/eerdem/CELLECT/gwas/BIG-S2_rs-fMRI/ukb_phase1to3_fmri_edge_dec21_2019_pheno609.sumstats.gz ...
Read summary statistics for 1149479 SNPs.
After merging with summary statistics, 1132625 SNPs remain.
1132625 SNPs with valid alleles.

Heritability of phenotype 1
---------------------------
Total Observed scale h2: 0.0686 (0.0207)
Lambda GC: 1.0175
Mean Chi^2: 1.021
Intercept: 0.9912 (0.0067)
Ratio < 0 (usually indicates GC correction).

Heritability of phenotype 2/2
-----------------------------
Total Observed scale h2: 0.1515 (0.0205)
Lambda GC: 1.0894
Mean Chi^2: 1.1043
Intercept: 1.0029 (0.0079)
Ratio: 0.0276 (0.0758)

Genetic Covariance
------------------
Total Observed scale gencov: 0.0149 (0.0137)
Mean z1*z2: 0.0105
Intercept: 0.0018 (0.0046)

Genetic Correlation
-------------------
Genetic Correlation: 0.1459 (0.1358)
Z-score: 1.0742
P: 0.2827


Summary of Genetic Correlation Results
p1                                                                                                p2      rg      se       z       p  h2_obs  h2_obs_se  h2_int  h2_int_se  gcov_int  gcov_int_se
/home/eerdem/CELLECT/cortical_ROI_CHARGE2020/model1b_entorhinal_SAMPLESIZE.sumstats.gz  /home/eerdem/CELLECT/gwas/BIG-S2_rs-fMRI/ukb_phase1to3_fmri_edge_dec21_2019_pheno609.sumstats.gz  0.1459  0.1358  1.0742  0.2827  0.1515     0.0205  1.0029     0.0079    0.0018       0.0046

Analysis finished at Tue Dec  8 19:16:22 2020
Total time elapsed: 24.86s
