*********************************************************************
* LD Score Regression (LDSC)
* Version 1.0.0
* (C) 2014-2015 Brendan Bulik-Sullivan and Hilary Finucane
* Broad Institute of MIT and Harvard / MIT Department of Mathematics
* GNU General Public License v3
*********************************************************************
Call: 
./ldsc.py \
--ref-ld-chr eur_w_ld_chr/ \
--out /home/eerdem/notebooks/CELLECT-Analyser/out/genetic_correlation/gc/model1b_bankssts_ukb_phase1to3_fapcs_dec21_2019_pheno69 \
--rg /home/eerdem/CELLECT/cortical_ROI_CHARGE2020/model1b_bankssts_SAMPLESIZE.sumstats.gz,/home/eerdem/CELLECT/gwas/BIG-S2_DTI2020_munged/ukb_phase1to3_fapcs_dec21_2019_pheno69.sumstats.gz \
--w-ld-chr eur_w_ld_chr/ 

Beginning analysis at Tue Dec  8 16:44:42 2020
Reading summary statistics from /home/eerdem/CELLECT/cortical_ROI_CHARGE2020/model1b_bankssts_SAMPLESIZE.sumstats.gz ...
Read summary statistics for 1191502 SNPs.
Reading reference panel LD Score from eur_w_ld_chr/[1-22] ...
Read reference panel LD Scores for 1290028 SNPs.
Removing partitioned LD Scores with zero variance.
Reading regression weight LD Score from eur_w_ld_chr/[1-22] ...
Read regression weight LD Scores for 1290028 SNPs.
After merging with reference panel LD, 1174249 SNPs remain.
After merging with regression SNP LD, 1174249 SNPs remain.
Computing rg for phenotype 2/2
Reading summary statistics from /home/eerdem/CELLECT/gwas/BIG-S2_DTI2020_munged/ukb_phase1to3_fapcs_dec21_2019_pheno69.sumstats.gz ...
Read summary statistics for 1149074 SNPs.
After merging with summary statistics, 1134964 SNPs remain.
1134964 SNPs with valid alleles.

Heritability of phenotype 1
---------------------------
Total Observed scale h2: 0.1459 (0.0257)
Lambda GC: 1.0389
Mean Chi^2: 1.037
Intercept: 0.9841 (0.0063)
Ratio < 0 (usually indicates GC correction).

Heritability of phenotype 2/2
-----------------------------
Total Observed scale h2: 0.0949 (0.0149)
Lambda GC: 1.0547
Mean Chi^2: 1.0639
Intercept: 1.0053 (0.0061)
Ratio: 0.0828 (0.096)

Genetic Covariance
------------------
Total Observed scale gencov: 0.0046 (0.0148)
Mean z1*z2: 0.0134
Intercept: 0.0109 (0.0047)

Genetic Correlation
-------------------
Genetic Correlation: 0.0391 (0.1265)
Z-score: 0.3088
P: 0.7575


Summary of Genetic Correlation Results
p1                                                                                                  p2      rg      se       z       p  h2_obs  h2_obs_se  h2_int  h2_int_se  gcov_int  gcov_int_se
/home/eerdem/CELLECT/cortical_ROI_CHARGE2020/model1b_bankssts_SAMPLESIZE.sumstats.gz  /home/eerdem/CELLECT/gwas/BIG-S2_DTI2020_munged/ukb_phase1to3_fapcs_dec21_2019_pheno69.sumstats.gz  0.0391  0.1265  0.3088  0.7575  0.0949     0.0149  1.0053     0.0061    0.0109       0.0047

Analysis finished at Tue Dec  8 16:45:04 2020
Total time elapsed: 21.4s
