*********************************************************************
* LD Score Regression (LDSC)
* Version 1.0.0
* (C) 2014-2015 Brendan Bulik-Sullivan and Hilary Finucane
* Broad Institute of MIT and Harvard / MIT Department of Mathematics
* GNU General Public License v3
*********************************************************************
Call: 
./ldsc.py \
--ref-ld-chr eur_w_ld_chr/ \
--out /home/eerdem/notebooks/CELLECT-Analyser/out/genetic_correlation/gc/model1a_insula_Net100_Pair14_40 \
--rg /home/eerdem/CELLECT/cortical_ROI_CHARGE2020/model1a_insula_SAMPLESIZE.sumstats.gz,/home/eerdem/CELLECT/gwas/BIG-S2_rs-fMRI/ukb_phase1to3_fmri_edge_dec21_2019_pheno965.sumstats.gz \
--w-ld-chr eur_w_ld_chr/ 

Beginning analysis at Tue Dec  8 16:20:42 2020
Reading summary statistics from /home/eerdem/CELLECT/cortical_ROI_CHARGE2020/model1a_insula_SAMPLESIZE.sumstats.gz ...
Read summary statistics for 1189470 SNPs.
Reading reference panel LD Score from eur_w_ld_chr/[1-22] ...
Read reference panel LD Scores for 1290028 SNPs.
Removing partitioned LD Scores with zero variance.
Reading regression weight LD Score from eur_w_ld_chr/[1-22] ...
Read regression weight LD Scores for 1290028 SNPs.
After merging with reference panel LD, 1172167 SNPs remain.
After merging with regression SNP LD, 1172167 SNPs remain.
Computing rg for phenotype 2/2
Reading summary statistics from /home/eerdem/CELLECT/gwas/BIG-S2_rs-fMRI/ukb_phase1to3_fmri_edge_dec21_2019_pheno965.sumstats.gz ...
Read summary statistics for 1149479 SNPs.
After merging with summary statistics, 1133908 SNPs remain.
1133908 SNPs with valid alleles.

Heritability of phenotype 1
---------------------------
Total Observed scale h2: 0.182 (0.0309)
Lambda GC: 1.0655
Mean Chi^2: 1.0682
Intercept: 1.0027 (0.0073)
Ratio: 0.0396 (0.1074)

Heritability of phenotype 2/2
-----------------------------
Total Observed scale h2: 0.0403 (0.0141)
Lambda GC: 1.0292
Mean Chi^2: 1.0297
Intercept: 1.0026 (0.0065)
Ratio: 0.0884 (0.2178)

Genetic Covariance
------------------
Total Observed scale gencov: 0.005 (0.0141)
Mean z1*z2: 0.0007
Intercept: -0.0017 (0.0052)

Genetic Correlation
-------------------
Genetic Correlation: 0.0586 (0.1655)
Z-score: 0.354
P: 0.7233


Summary of Genetic Correlation Results
p1                                                                                                p2      rg      se      z       p  h2_obs  h2_obs_se  h2_int  h2_int_se  gcov_int  gcov_int_se
/home/eerdem/CELLECT/cortical_ROI_CHARGE2020/model1a_insula_SAMPLESIZE.sumstats.gz  /home/eerdem/CELLECT/gwas/BIG-S2_rs-fMRI/ukb_phase1to3_fmri_edge_dec21_2019_pheno965.sumstats.gz  0.0586  0.1655  0.354  0.7233  0.0403     0.0141  1.0026     0.0065   -0.0017       0.0052

Analysis finished at Tue Dec  8 16:21:03 2020
Total time elapsed: 21.17s
