*********************************************************************
* LD Score Regression (LDSC)
* Version 1.0.0
* (C) 2014-2015 Brendan Bulik-Sullivan and Hilary Finucane
* Broad Institute of MIT and Harvard / MIT Department of Mathematics
* GNU General Public License v3
*********************************************************************
Call: 
./ldsc.py \
--ref-ld-chr eur_w_ld_chr/ \
--out /home/eerdem/notebooks/CELLECT-Analyser/out/genetic_correlation/gc/model1a_middletemporal_model1d_caudalmiddlefrontal \
--rg /home/eerdem/CELLECT/cortical_ROI_CHARGE2020/model1a_middletemporal_SAMPLESIZE.sumstats.gz,/home/eerdem/CELLECT/cortical_ROI_CHARGE2020/model1d_caudalmiddlefrontal_SAMPLESIZE.sumstats.gz \
--w-ld-chr eur_w_ld_chr/ 

Beginning analysis at Tue Dec  8 18:20:57 2020
Reading summary statistics from /home/eerdem/CELLECT/cortical_ROI_CHARGE2020/model1a_middletemporal_SAMPLESIZE.sumstats.gz ...
Read summary statistics for 1191336 SNPs.
Reading reference panel LD Score from eur_w_ld_chr/[1-22] ...
Read reference panel LD Scores for 1290028 SNPs.
Removing partitioned LD Scores with zero variance.
Reading regression weight LD Score from eur_w_ld_chr/[1-22] ...
Read regression weight LD Scores for 1290028 SNPs.
After merging with reference panel LD, 1174092 SNPs remain.
After merging with regression SNP LD, 1174092 SNPs remain.
Computing rg for phenotype 2/2
Reading summary statistics from /home/eerdem/CELLECT/cortical_ROI_CHARGE2020/model1d_caudalmiddlefrontal_SAMPLESIZE.sumstats.gz ...
Read summary statistics for 1186002 SNPs.
After merging with summary statistics, 1172577 SNPs remain.
1172577 SNPs with valid alleles.

Heritability of phenotype 1
---------------------------
Total Observed scale h2: 0.1536 (0.0307)
Lambda GC: 1.049
Mean Chi^2: 1.0636
Intercept: 1.0095 (0.0072)
Ratio: 0.1495 (0.1126)

Heritability of phenotype 2/2
-----------------------------
Total Observed scale h2: 0.1793 (0.0213)
Lambda GC: 1.0743
Mean Chi^2: 1.0815
Intercept: 1.0021 (0.0061)
Ratio: 0.0263 (0.0748)

Genetic Covariance
------------------
Total Observed scale gencov: -0.0081 (0.019)
Mean z1*z2: -0.1025
Intercept: -0.0997 (0.0049)

Genetic Correlation
-------------------
Genetic Correlation: -0.049 (0.1149)
Z-score: -0.4267
P: 0.6696


Summary of Genetic Correlation Results
p1                                                                                               p2     rg      se       z       p  h2_obs  h2_obs_se  h2_int  h2_int_se  gcov_int  gcov_int_se
/home/eerdem/CELLECT/cortical_ROI_CHARGE2020/model1a_middletemporal_SAMPLESIZE.sumstats.gz  /home/eerdem/CELLECT/cortical_ROI_CHARGE2020/model1d_caudalmiddlefrontal_SAMPLESIZE.sumstats.gz -0.049  0.1149 -0.4267  0.6696  0.1793     0.0213  1.0021     0.0061   -0.0997       0.0049

Analysis finished at Tue Dec  8 18:21:18 2020
Total time elapsed: 20.88s
