*********************************************************************
* LD Score Regression (LDSC)
* Version 1.0.0
* (C) 2014-2015 Brendan Bulik-Sullivan and Hilary Finucane
* Broad Institute of MIT and Harvard / MIT Department of Mathematics
* GNU General Public License v3
*********************************************************************
Call: 
./ldsc.py \
--ref-ld-chr eur_w_ld_chr/ \
--out /home/eerdem/notebooks/CELLECT-Analyser/out/genetic_correlation/gc/model1d_bankssts_ukb_phase1to3_fapcs_dec21_2019_pheno81 \
--rg /home/eerdem/CELLECT/cortical_ROI_CHARGE2020/model1d_bankssts_SAMPLESIZE.sumstats.gz,/home/eerdem/CELLECT/gwas/BIG-S2_DTI2020_munged/ukb_phase1to3_fapcs_dec21_2019_pheno81.sumstats.gz \
--w-ld-chr eur_w_ld_chr/ 

Beginning analysis at Tue Dec  8 15:32:12 2020
Reading summary statistics from /home/eerdem/CELLECT/cortical_ROI_CHARGE2020/model1d_bankssts_SAMPLESIZE.sumstats.gz ...
Read summary statistics for 1186004 SNPs.
Reading reference panel LD Score from eur_w_ld_chr/[1-22] ...
Read reference panel LD Scores for 1290028 SNPs.
Removing partitioned LD Scores with zero variance.
Reading regression weight LD Score from eur_w_ld_chr/[1-22] ...
Read regression weight LD Scores for 1290028 SNPs.
After merging with reference panel LD, 1173293 SNPs remain.
After merging with regression SNP LD, 1173293 SNPs remain.
Computing rg for phenotype 2/2
Reading summary statistics from /home/eerdem/CELLECT/gwas/BIG-S2_DTI2020_munged/ukb_phase1to3_fapcs_dec21_2019_pheno81.sumstats.gz ...
Read summary statistics for 1149074 SNPs.
After merging with summary statistics, 1134762 SNPs remain.
1134762 SNPs with valid alleles.

Heritability of phenotype 1
---------------------------
Total Observed scale h2: 0.1425 (0.0237)
Lambda GC: 1.0582
Mean Chi^2: 1.0643
Intercept: 1.0011 (0.0069)
Ratio: 0.0168 (0.1069)

Heritability of phenotype 2/2
-----------------------------
Total Observed scale h2: 0.2784 (0.0252)
Lambda GC: 1.1464
Mean Chi^2: 1.1978
Intercept: 1.0214 (0.0086)
Ratio: 0.1084 (0.0434)

Genetic Covariance
------------------
Total Observed scale gencov: 0.0235 (0.0153)
Mean z1*z2: 0.0123
Intercept: -0.0009 (0.0047)

Genetic Correlation
-------------------
Genetic Correlation: 0.1179 (0.0759)
Z-score: 1.5538
P: 0.1202


Summary of Genetic Correlation Results
p1                                                                                                  p2      rg      se       z       p  h2_obs  h2_obs_se  h2_int  h2_int_se  gcov_int  gcov_int_se
/home/eerdem/CELLECT/cortical_ROI_CHARGE2020/model1d_bankssts_SAMPLESIZE.sumstats.gz  /home/eerdem/CELLECT/gwas/BIG-S2_DTI2020_munged/ukb_phase1to3_fapcs_dec21_2019_pheno81.sumstats.gz  0.1179  0.0759  1.5538  0.1202  0.2784     0.0252  1.0214     0.0086   -0.0009       0.0047

Analysis finished at Tue Dec  8 15:32:36 2020
Total time elapsed: 23.48s
