*********************************************************************
* LD Score Regression (LDSC)
* Version 1.0.0
* (C) 2014-2015 Brendan Bulik-Sullivan and Hilary Finucane
* Broad Institute of MIT and Harvard / MIT Department of Mathematics
* GNU General Public License v3
*********************************************************************
Call: 
./ldsc.py \
--ref-ld-chr eur_w_ld_chr/ \
--out /home/eerdem/notebooks/CELLECT-Analyser/out/genetic_correlation/gc/model1d_paracentral_Net100_Node24 \
--rg /home/eerdem/CELLECT/cortical_ROI_CHARGE2020/model1d_paracentral_SAMPLESIZE.sumstats.gz,/home/eerdem/CELLECT/gwas/BIG-S2_rs-fMRI/ukb_phase1to3_fmri_node_dec21_2019_pheno45.sumstats.gz \
--w-ld-chr eur_w_ld_chr/ 

Beginning analysis at Tue Dec  8 19:33:12 2020
Reading summary statistics from /home/eerdem/CELLECT/cortical_ROI_CHARGE2020/model1d_paracentral_SAMPLESIZE.sumstats.gz ...
Read summary statistics for 1185938 SNPs.
Reading reference panel LD Score from eur_w_ld_chr/[1-22] ...
Read reference panel LD Scores for 1290028 SNPs.
Removing partitioned LD Scores with zero variance.
Reading regression weight LD Score from eur_w_ld_chr/[1-22] ...
Read regression weight LD Scores for 1290028 SNPs.
After merging with reference panel LD, 1173275 SNPs remain.
After merging with regression SNP LD, 1173275 SNPs remain.
Computing rg for phenotype 2/2
Reading summary statistics from /home/eerdem/CELLECT/gwas/BIG-S2_rs-fMRI/ukb_phase1to3_fmri_node_dec21_2019_pheno45.sumstats.gz ...
Read summary statistics for 1149479 SNPs.
After merging with summary statistics, 1135197 SNPs remain.
1135197 SNPs with valid alleles.

Heritability of phenotype 1
---------------------------
Total Observed scale h2: 0.11 (0.0223)
Lambda GC: 1.0553
Mean Chi^2: 1.066
Intercept: 1.0161 (0.0073)
Ratio: 0.2438 (0.1104)

Heritability of phenotype 2/2
-----------------------------
Total Observed scale h2: 0.1724 (0.0232)
Lambda GC: 1.0923
Mean Chi^2: 1.1184
Intercept: 1.0055 (0.0092)
Ratio: 0.0468 (0.0775)

Genetic Covariance
------------------
Total Observed scale gencov: 0.0066 (0.0152)
Mean z1*z2: 0.0082
Intercept: 0.0044 (0.0051)

Genetic Correlation
-------------------
Genetic Correlation: 0.0476 (0.1115)
Z-score: 0.4273
P: 0.6692


Summary of Genetic Correlation Results
p1                                                                                               p2      rg      se       z       p  h2_obs  h2_obs_se  h2_int  h2_int_se  gcov_int  gcov_int_se
/home/eerdem/CELLECT/cortical_ROI_CHARGE2020/model1d_paracentral_SAMPLESIZE.sumstats.gz  /home/eerdem/CELLECT/gwas/BIG-S2_rs-fMRI/ukb_phase1to3_fmri_node_dec21_2019_pheno45.sumstats.gz  0.0476  0.1115  0.4273  0.6692  0.1724     0.0232  1.0055     0.0092    0.0044       0.0051

Analysis finished at Tue Dec  8 19:33:34 2020
Total time elapsed: 21.74s
