*********************************************************************
* LD Score Regression (LDSC)
* Version 1.0.0
* (C) 2014-2015 Brendan Bulik-Sullivan and Hilary Finucane
* Broad Institute of MIT and Harvard / MIT Department of Mathematics
* GNU General Public License v3
*********************************************************************
Call: 
./ldsc.py \
--ref-ld-chr eur_w_ld_chr/ \
--out /home/eerdem/notebooks/CELLECT-Analyser/out/genetic_correlation/gc/model1d_lingual_Net100_Node13 \
--rg /home/eerdem/CELLECT/cortical_ROI_CHARGE2020/model1d_lingual_SAMPLESIZE.sumstats.gz,/home/eerdem/CELLECT/gwas/BIG-S2_rs-fMRI/ukb_phase1to3_fmri_node_dec21_2019_pheno34.sumstats.gz \
--w-ld-chr eur_w_ld_chr/ 

Beginning analysis at Tue Dec  8 15:43:42 2020
Reading summary statistics from /home/eerdem/CELLECT/cortical_ROI_CHARGE2020/model1d_lingual_SAMPLESIZE.sumstats.gz ...
Read summary statistics for 1186268 SNPs.
Reading reference panel LD Score from eur_w_ld_chr/[1-22] ...
Read reference panel LD Scores for 1290028 SNPs.
Removing partitioned LD Scores with zero variance.
Reading regression weight LD Score from eur_w_ld_chr/[1-22] ...
Read regression weight LD Scores for 1290028 SNPs.
After merging with reference panel LD, 1173403 SNPs remain.
After merging with regression SNP LD, 1173403 SNPs remain.
Computing rg for phenotype 2/2
Reading summary statistics from /home/eerdem/CELLECT/gwas/BIG-S2_rs-fMRI/ukb_phase1to3_fmri_node_dec21_2019_pheno34.sumstats.gz ...
Read summary statistics for 1149479 SNPs.
After merging with summary statistics, 1135260 SNPs remain.
1135260 SNPs with valid alleles.

Heritability of phenotype 1
---------------------------
Total Observed scale h2: 0.2628 (0.0288)
Lambda GC: 1.0946
Mean Chi^2: 1.1228
Intercept: 1.0052 (0.0071)
Ratio: 0.0425 (0.0581)

Heritability of phenotype 2/2
-----------------------------
Total Observed scale h2: 0.1542 (0.0244)
Lambda GC: 1.0821
Mean Chi^2: 1.1143
Intercept: 1.0135 (0.0095)
Ratio: 0.1183 (0.083)

Genetic Covariance
------------------
Total Observed scale gencov: 0.0087 (0.0138)
Mean z1*z2: 0.0154
Intercept: 0.0102 (0.0043)

Genetic Correlation
-------------------
Genetic Correlation: 0.0431 (0.0683)
Z-score: 0.6313
P: 0.5278


Summary of Genetic Correlation Results
p1                                                                                               p2      rg      se       z       p  h2_obs  h2_obs_se  h2_int  h2_int_se  gcov_int  gcov_int_se
/home/eerdem/CELLECT/cortical_ROI_CHARGE2020/model1d_lingual_SAMPLESIZE.sumstats.gz  /home/eerdem/CELLECT/gwas/BIG-S2_rs-fMRI/ukb_phase1to3_fmri_node_dec21_2019_pheno34.sumstats.gz  0.0431  0.0683  0.6313  0.5278  0.1542     0.0244  1.0135     0.0095    0.0102       0.0043

Analysis finished at Tue Dec  8 15:44:06 2020
Total time elapsed: 24.12s
