*********************************************************************
* LD Score Regression (LDSC)
* Version 1.0.0
* (C) 2014-2015 Brendan Bulik-Sullivan and Hilary Finucane
* Broad Institute of MIT and Harvard / MIT Department of Mathematics
* GNU General Public License v3
*********************************************************************
Call: 
./ldsc.py \
--ref-ld-chr eur_w_ld_chr/ \
--out /home/eerdem/notebooks/CELLECT-Analyser/out/genetic_correlation/gc/model1d_parstriangularis_model1d_parsopercularis \
--rg /home/eerdem/CELLECT/cortical_ROI_CHARGE2020/model1d_parstriangularis_SAMPLESIZE.sumstats.gz,/home/eerdem/CELLECT/cortical_ROI_CHARGE2020/model1d_parsopercularis_SAMPLESIZE.sumstats.gz \
--w-ld-chr eur_w_ld_chr/ 

Beginning analysis at Tue Dec  8 17:29:57 2020
Reading summary statistics from /home/eerdem/CELLECT/cortical_ROI_CHARGE2020/model1d_parstriangularis_SAMPLESIZE.sumstats.gz ...
Read summary statistics for 1186151 SNPs.
Reading reference panel LD Score from eur_w_ld_chr/[1-22] ...
Read reference panel LD Scores for 1290028 SNPs.
Removing partitioned LD Scores with zero variance.
Reading regression weight LD Score from eur_w_ld_chr/[1-22] ...
Read regression weight LD Scores for 1290028 SNPs.
After merging with reference panel LD, 1173370 SNPs remain.
After merging with regression SNP LD, 1173370 SNPs remain.
Computing rg for phenotype 2/2
Reading summary statistics from /home/eerdem/CELLECT/cortical_ROI_CHARGE2020/model1d_parsopercularis_SAMPLESIZE.sumstats.gz ...
Read summary statistics for 1186137 SNPs.
After merging with summary statistics, 1173340 SNPs remain.
1173340 SNPs with valid alleles.

Heritability of phenotype 1
---------------------------
Total Observed scale h2: 0.1776 (0.0238)
Lambda GC: 1.0699
Mean Chi^2: 1.084
Intercept: 1.0048 (0.0066)
Ratio: 0.0566 (0.0783)

Heritability of phenotype 2/2
-----------------------------
Total Observed scale h2: 0.1665 (0.0209)
Lambda GC: 1.0543
Mean Chi^2: 1.0665
Intercept: 0.992 (0.0059)
Ratio < 0 (usually indicates GC correction).

Genetic Covariance
------------------
Total Observed scale gencov: 0.0797 (0.0165)
Mean z1*z2: 0.3799
Intercept: 0.3441 (0.0045)

Genetic Correlation
-------------------
Genetic Correlation: 0.4637 (0.0719)
Z-score: 6.4489
P: 1.1265e-10


Summary of Genetic Correlation Results
p1                                                                                           p2      rg      se       z           p  h2_obs  h2_obs_se  h2_int  h2_int_se  gcov_int  gcov_int_se
/home/eerdem/CELLECT/cortical_ROI_CHARGE2020/model1d_parstriangularis_SAMPLESIZE.sumstats.gz  /home/eerdem/CELLECT/cortical_ROI_CHARGE2020/model1d_parsopercularis_SAMPLESIZE.sumstats.gz  0.4637  0.0719  6.4489  1.1265e-10  0.1665     0.0209   0.992     0.0059    0.3441       0.0045

Analysis finished at Tue Dec  8 17:30:21 2020
Total time elapsed: 23.45s
