*********************************************************************
* LD Score Regression (LDSC)
* Version 1.0.0
* (C) 2014-2015 Brendan Bulik-Sullivan and Hilary Finucane
* Broad Institute of MIT and Harvard / MIT Department of Mathematics
* GNU General Public License v3
*********************************************************************
Call: 
./ldsc.py \
--ref-ld-chr eur_w_ld_chr/ \
--out /home/eerdem/notebooks/CELLECT-Analyser/out/genetic_correlation/gc/model1d_bankssts_model1a_pericalcarine \
--rg /home/eerdem/CELLECT/cortical_ROI_CHARGE2020/model1d_bankssts_SAMPLESIZE.sumstats.gz,/home/eerdem/CELLECT/cortical_ROI_CHARGE2020/model1a_pericalcarine_SAMPLESIZE.sumstats.gz \
--w-ld-chr eur_w_ld_chr/ 

Beginning analysis at Tue Dec  8 19:47:42 2020
Reading summary statistics from /home/eerdem/CELLECT/cortical_ROI_CHARGE2020/model1d_bankssts_SAMPLESIZE.sumstats.gz ...
Read summary statistics for 1186004 SNPs.
Reading reference panel LD Score from eur_w_ld_chr/[1-22] ...
Read reference panel LD Scores for 1290028 SNPs.
Removing partitioned LD Scores with zero variance.
Reading regression weight LD Score from eur_w_ld_chr/[1-22] ...
Read regression weight LD Scores for 1290028 SNPs.
After merging with reference panel LD, 1173293 SNPs remain.
After merging with regression SNP LD, 1173293 SNPs remain.
Computing rg for phenotype 2/2
Reading summary statistics from /home/eerdem/CELLECT/cortical_ROI_CHARGE2020/model1a_pericalcarine_SAMPLESIZE.sumstats.gz ...
Read summary statistics for 1191331 SNPs.
After merging with summary statistics, 1172576 SNPs remain.
1172576 SNPs with valid alleles.

Heritability of phenotype 1
---------------------------
Total Observed scale h2: 0.1422 (0.0223)
Lambda GC: 1.0577
Mean Chi^2: 1.0629
Intercept: 1.0006 (0.0067)
Ratio: 0.0102 (0.1064)

Heritability of phenotype 2/2
-----------------------------
Total Observed scale h2: 0.3649 (0.0378)
Lambda GC: 1.0902
Mean Chi^2: 1.1192
Intercept: 0.9893 (0.0075)
Ratio < 0 (usually indicates GC correction).

Genetic Covariance
------------------
Total Observed scale gencov: -0.0508 (0.0179)
Mean z1*z2: -0.1453
Intercept: -0.1262 (0.0044)

Genetic Correlation
-------------------
Genetic Correlation: -0.2231 (0.0759)
Z-score: -2.9399
P: 0.0033


Summary of Genetic Correlation Results
p1                                                                                         p2      rg      se       z       p  h2_obs  h2_obs_se  h2_int  h2_int_se  gcov_int  gcov_int_se
/home/eerdem/CELLECT/cortical_ROI_CHARGE2020/model1d_bankssts_SAMPLESIZE.sumstats.gz  /home/eerdem/CELLECT/cortical_ROI_CHARGE2020/model1a_pericalcarine_SAMPLESIZE.sumstats.gz -0.2231  0.0759 -2.9399  0.0033  0.3649     0.0378  0.9893     0.0075   -0.1262       0.0044

Analysis finished at Tue Dec  8 19:48:03 2020
Total time elapsed: 21.02s
