*********************************************************************
* LD Score Regression (LDSC)
* Version 1.0.0
* (C) 2014-2015 Brendan Bulik-Sullivan and Hilary Finucane
* Broad Institute of MIT and Harvard / MIT Department of Mathematics
* GNU General Public License v3
*********************************************************************
Call: 
./ldsc.py \
--ref-ld-chr eur_w_ld_chr/ \
--out /home/eerdem/notebooks/CELLECT-Analyser/out/genetic_correlation/gc/model1a_middletemporal_model1b_lingual \
--rg /home/eerdem/CELLECT/cortical_ROI_CHARGE2020/model1a_middletemporal_SAMPLESIZE.sumstats.gz,/home/eerdem/CELLECT/cortical_ROI_CHARGE2020/model1b_lingual_SAMPLESIZE.sumstats.gz \
--w-ld-chr eur_w_ld_chr/ 

Beginning analysis at Tue Dec  8 17:05:27 2020
Reading summary statistics from /home/eerdem/CELLECT/cortical_ROI_CHARGE2020/model1a_middletemporal_SAMPLESIZE.sumstats.gz ...
Read summary statistics for 1191336 SNPs.
Reading reference panel LD Score from eur_w_ld_chr/[1-22] ...
Read reference panel LD Scores for 1290028 SNPs.
Removing partitioned LD Scores with zero variance.
Reading regression weight LD Score from eur_w_ld_chr/[1-22] ...
Read regression weight LD Scores for 1290028 SNPs.
After merging with reference panel LD, 1174092 SNPs remain.
After merging with regression SNP LD, 1174092 SNPs remain.
Computing rg for phenotype 2/2
Reading summary statistics from /home/eerdem/CELLECT/cortical_ROI_CHARGE2020/model1b_lingual_SAMPLESIZE.sumstats.gz ...
Read summary statistics for 1186453 SNPs.
After merging with summary statistics, 1169796 SNPs remain.
1169796 SNPs with valid alleles.

Heritability of phenotype 1
---------------------------
Total Observed scale h2: 0.1474 (0.0313)
Lambda GC: 1.049
Mean Chi^2: 1.0639
Intercept: 1.0118 (0.0074)
Ratio: 0.1843 (0.1159)

Heritability of phenotype 2/2
-----------------------------
Total Observed scale h2: 0.1104 (0.0216)
Lambda GC: 1.0427
Mean Chi^2: 1.0515
Intercept: 1.0046 (0.0063)
Ratio: 0.0898 (0.1222)

Genetic Covariance
------------------
Total Observed scale gencov: -0.0047 (0.0158)
Mean z1*z2: -0.0172
Intercept: -0.0156 (0.0041)

Genetic Correlation
-------------------
Genetic Correlation: -0.037 (0.1242)
Z-score: -0.298
P: 0.7657


Summary of Genetic Correlation Results
p1                                                                                   p2     rg      se      z       p  h2_obs  h2_obs_se  h2_int  h2_int_se  gcov_int  gcov_int_se
/home/eerdem/CELLECT/cortical_ROI_CHARGE2020/model1a_middletemporal_SAMPLESIZE.sumstats.gz  /home/eerdem/CELLECT/cortical_ROI_CHARGE2020/model1b_lingual_SAMPLESIZE.sumstats.gz -0.037  0.1242 -0.298  0.7657  0.1104     0.0216  1.0046     0.0063   -0.0156       0.0041

Analysis finished at Tue Dec  8 17:05:50 2020
Total time elapsed: 23.06s
