*********************************************************************
* LD Score Regression (LDSC)
* Version 1.0.0
* (C) 2014-2015 Brendan Bulik-Sullivan and Hilary Finucane
* Broad Institute of MIT and Harvard / MIT Department of Mathematics
* GNU General Public License v3
*********************************************************************
Call: 
./ldsc.py \
--ref-ld-chr eur_w_ld_chr/ \
--out /home/eerdem/notebooks/CELLECT-Analyser/out/genetic_correlation/gc/model1b_posteriorcingulate_Net100_Node18 \
--rg /home/eerdem/CELLECT/cortical_ROI_CHARGE2020/model1b_posteriorcingulate_SAMPLESIZE.sumstats.gz,/home/eerdem/CELLECT/gwas/BIG-S2_rs-fMRI/ukb_phase1to3_fmri_node_dec21_2019_pheno39.sumstats.gz \
--w-ld-chr eur_w_ld_chr/ 

Beginning analysis at Tue Dec  8 16:53:57 2020
Reading summary statistics from /home/eerdem/CELLECT/cortical_ROI_CHARGE2020/model1b_posteriorcingulate_SAMPLESIZE.sumstats.gz ...
Read summary statistics for 1186453 SNPs.
Reading reference panel LD Score from eur_w_ld_chr/[1-22] ...
Read reference panel LD Scores for 1290028 SNPs.
Removing partitioned LD Scores with zero variance.
Reading regression weight LD Score from eur_w_ld_chr/[1-22] ...
Read regression weight LD Scores for 1290028 SNPs.
After merging with reference panel LD, 1170095 SNPs remain.
After merging with regression SNP LD, 1170095 SNPs remain.
Computing rg for phenotype 2/2
Reading summary statistics from /home/eerdem/CELLECT/gwas/BIG-S2_rs-fMRI/ukb_phase1to3_fmri_node_dec21_2019_pheno39.sumstats.gz ...
Read summary statistics for 1149479 SNPs.
After merging with summary statistics, 1132624 SNPs remain.
1132624 SNPs with valid alleles.

Heritability of phenotype 1
---------------------------
Total Observed scale h2: 0.1023 (0.0228)
Lambda GC: 1.0427
Mean Chi^2: 1.0482
Intercept: 1.0043 (0.0063)
Ratio: 0.0894 (0.1311)

Heritability of phenotype 2/2
-----------------------------
Total Observed scale h2: 0.1655 (0.0249)
Lambda GC: 1.0916
Mean Chi^2: 1.1161
Intercept: 1.0081 (0.0099)
Ratio: 0.0695 (0.0855)

Genetic Covariance
------------------
Total Observed scale gencov: -0.0182 (0.0139)
Mean z1*z2: -0.0162
Intercept: -0.0064 (0.0046)

Genetic Correlation
-------------------
Genetic Correlation: -0.14 (0.1072)
Z-score: -1.3056
P: 0.1917


Summary of Genetic Correlation Results
p1                                                                                               p2    rg      se       z       p  h2_obs  h2_obs_se  h2_int  h2_int_se  gcov_int  gcov_int_se
/home/eerdem/CELLECT/cortical_ROI_CHARGE2020/model1b_posteriorcingulate_SAMPLESIZE.sumstats.gz  /home/eerdem/CELLECT/gwas/BIG-S2_rs-fMRI/ukb_phase1to3_fmri_node_dec21_2019_pheno39.sumstats.gz -0.14  0.1072 -1.3056  0.1917  0.1655     0.0249  1.0081     0.0099   -0.0064       0.0046

Analysis finished at Tue Dec  8 16:54:20 2020
Total time elapsed: 23.19s
