*********************************************************************
* LD Score Regression (LDSC)
* Version 1.0.0
* (C) 2014-2015 Brendan Bulik-Sullivan and Hilary Finucane
* Broad Institute of MIT and Harvard / MIT Department of Mathematics
* GNU General Public License v3
*********************************************************************
Call: 
./ldsc.py \
--ref-ld-chr eur_w_ld_chr/ \
--out /home/eerdem/notebooks/CELLECT-Analyser/out/genetic_correlation/gc/model1d_parahippocampal_ukb_phase1to3_dti441_dec21_2019_pheno25 \
--rg /home/eerdem/CELLECT/cortical_ROI_CHARGE2020/model1d_parahippocampal_SAMPLESIZE.sumstats.gz,/home/eerdem/CELLECT/gwas/BIG-S2_DTI2020_munged/ukb_phase1to3_dti441_dec21_2019_pheno25.sumstats.gz \
--w-ld-chr eur_w_ld_chr/ 

Beginning analysis at Tue Dec  8 15:40:57 2020
Reading summary statistics from /home/eerdem/CELLECT/cortical_ROI_CHARGE2020/model1d_parahippocampal_SAMPLESIZE.sumstats.gz ...
Read summary statistics for 1186056 SNPs.
Reading reference panel LD Score from eur_w_ld_chr/[1-22] ...
Read reference panel LD Scores for 1290028 SNPs.
Removing partitioned LD Scores with zero variance.
Reading regression weight LD Score from eur_w_ld_chr/[1-22] ...
Read regression weight LD Scores for 1290028 SNPs.
After merging with reference panel LD, 1173356 SNPs remain.
After merging with regression SNP LD, 1173356 SNPs remain.
Computing rg for phenotype 2/2
Reading summary statistics from /home/eerdem/CELLECT/gwas/BIG-S2_DTI2020_munged/ukb_phase1to3_dti441_dec21_2019_pheno25.sumstats.gz ...
Read summary statistics for 1149074 SNPs.
After merging with summary statistics, 1134820 SNPs remain.
1134820 SNPs with valid alleles.

Heritability of phenotype 1
---------------------------
Total Observed scale h2: 0.1855 (0.0241)
Lambda GC: 1.0763
Mean Chi^2: 1.0798
Intercept: 0.9963 (0.0069)
Ratio < 0 (usually indicates GC correction).

Heritability of phenotype 2/2
-----------------------------
Total Observed scale h2: 0.251 (0.0233)
Lambda GC: 1.1209
Mean Chi^2: 1.1566
Intercept: 0.9979 (0.0073)
Ratio < 0 (usually indicates GC correction).

Genetic Covariance
------------------
Total Observed scale gencov: 0.0422 (0.0141)
Mean z1*z2: 0.0343
Intercept: 0.012 (0.0047)

Genetic Correlation
-------------------
Genetic Correlation: 0.1954 (0.0655)
Z-score: 2.9812
P: 0.0029


Summary of Genetic Correlation Results
p1                                                                                                   p2      rg      se       z       p  h2_obs  h2_obs_se  h2_int  h2_int_se  gcov_int  gcov_int_se
/home/eerdem/CELLECT/cortical_ROI_CHARGE2020/model1d_parahippocampal_SAMPLESIZE.sumstats.gz  /home/eerdem/CELLECT/gwas/BIG-S2_DTI2020_munged/ukb_phase1to3_dti441_dec21_2019_pheno25.sumstats.gz  0.1954  0.0655  2.9812  0.0029   0.251     0.0233  0.9979     0.0073     0.012       0.0047

Analysis finished at Tue Dec  8 15:41:21 2020
Total time elapsed: 23.83s
