*********************************************************************
* LD Score Regression (LDSC)
* Version 1.0.0
* (C) 2014-2015 Brendan Bulik-Sullivan and Hilary Finucane
* Broad Institute of MIT and Harvard / MIT Department of Mathematics
* GNU General Public License v3
*********************************************************************
Call: 
./ldsc.py \
--ref-ld-chr eur_w_ld_chr/ \
--out /home/eerdem/notebooks/CELLECT-Analyser/out/genetic_correlation/gc/model1b_posteriorcingulate_Net25_Node10 \
--rg /home/eerdem/CELLECT/cortical_ROI_CHARGE2020/model1b_posteriorcingulate_SAMPLESIZE.sumstats.gz,/home/eerdem/CELLECT/gwas/BIG-S2_rs-fMRI/ukb_phase1to3_fmri_node_dec21_2019_pheno10.sumstats.gz \
--w-ld-chr eur_w_ld_chr/ 

Beginning analysis at Tue Dec  8 17:30:57 2020
Reading summary statistics from /home/eerdem/CELLECT/cortical_ROI_CHARGE2020/model1b_posteriorcingulate_SAMPLESIZE.sumstats.gz ...
Read summary statistics for 1186453 SNPs.
Reading reference panel LD Score from eur_w_ld_chr/[1-22] ...
Read reference panel LD Scores for 1290028 SNPs.
Removing partitioned LD Scores with zero variance.
Reading regression weight LD Score from eur_w_ld_chr/[1-22] ...
Read regression weight LD Scores for 1290028 SNPs.
After merging with reference panel LD, 1170095 SNPs remain.
After merging with regression SNP LD, 1170095 SNPs remain.
Computing rg for phenotype 2/2
Reading summary statistics from /home/eerdem/CELLECT/gwas/BIG-S2_rs-fMRI/ukb_phase1to3_fmri_node_dec21_2019_pheno10.sumstats.gz ...
Read summary statistics for 1149479 SNPs.
After merging with summary statistics, 1132624 SNPs remain.
1132624 SNPs with valid alleles.

Heritability of phenotype 1
---------------------------
Total Observed scale h2: 0.1023 (0.0228)
Lambda GC: 1.0427
Mean Chi^2: 1.0482
Intercept: 1.0043 (0.0063)
Ratio: 0.0894 (0.1311)

Heritability of phenotype 2/2
-----------------------------
Total Observed scale h2: 0.1271 (0.0181)
Lambda GC: 1.0738
Mean Chi^2: 1.0869
Intercept: 1.0041 (0.0074)
Ratio: 0.0469 (0.085)

Genetic Covariance
------------------
Total Observed scale gencov: 0.0129 (0.0138)
Mean z1*z2: 0.0106
Intercept: 0.0038 (0.0049)

Genetic Correlation
-------------------
Genetic Correlation: 0.1131 (0.1217)
Z-score: 0.9296
P: 0.3526


Summary of Genetic Correlation Results
p1                                                                                               p2      rg      se       z       p  h2_obs  h2_obs_se  h2_int  h2_int_se  gcov_int  gcov_int_se
/home/eerdem/CELLECT/cortical_ROI_CHARGE2020/model1b_posteriorcingulate_SAMPLESIZE.sumstats.gz  /home/eerdem/CELLECT/gwas/BIG-S2_rs-fMRI/ukb_phase1to3_fmri_node_dec21_2019_pheno10.sumstats.gz  0.1131  0.1217  0.9296  0.3526  0.1271     0.0181  1.0041     0.0074    0.0038       0.0049

Analysis finished at Tue Dec  8 17:31:19 2020
Total time elapsed: 22.25s
