*********************************************************************
* LD Score Regression (LDSC)
* Version 1.0.0
* (C) 2014-2015 Brendan Bulik-Sullivan and Hilary Finucane
* Broad Institute of MIT and Harvard / MIT Department of Mathematics
* GNU General Public License v3
*********************************************************************
Call: 
./ldsc.py \
--ref-ld-chr eur_w_ld_chr/ \
--out /home/eerdem/notebooks/CELLECT-Analyser/out/genetic_correlation/gc/model1b_entorhinal_ukb_phase1to3_fapcs_dec21_2019_pheno71 \
--rg /home/eerdem/CELLECT/cortical_ROI_CHARGE2020/model1b_entorhinal_SAMPLESIZE.sumstats.gz,/home/eerdem/CELLECT/gwas/BIG-S2_DTI2020_munged/ukb_phase1to3_fapcs_dec21_2019_pheno71.sumstats.gz \
--w-ld-chr eur_w_ld_chr/ 

Beginning analysis at Tue Dec  8 17:09:42 2020
Reading summary statistics from /home/eerdem/CELLECT/cortical_ROI_CHARGE2020/model1b_entorhinal_SAMPLESIZE.sumstats.gz ...
Read summary statistics for 1186455 SNPs.
Reading reference panel LD Score from eur_w_ld_chr/[1-22] ...
Read reference panel LD Scores for 1290028 SNPs.
Removing partitioned LD Scores with zero variance.
Reading regression weight LD Score from eur_w_ld_chr/[1-22] ...
Read regression weight LD Scores for 1290028 SNPs.
After merging with reference panel LD, 1170096 SNPs remain.
After merging with regression SNP LD, 1170096 SNPs remain.
Computing rg for phenotype 2/2
Reading summary statistics from /home/eerdem/CELLECT/gwas/BIG-S2_DTI2020_munged/ukb_phase1to3_fapcs_dec21_2019_pheno71.sumstats.gz ...
Read summary statistics for 1149074 SNPs.
After merging with summary statistics, 1132192 SNPs remain.
1132192 SNPs with valid alleles.

Heritability of phenotype 1
---------------------------
Total Observed scale h2: 0.0683 (0.0207)
Lambda GC: 1.0175
Mean Chi^2: 1.0209
Intercept: 0.9913 (0.0067)
Ratio < 0 (usually indicates GC correction).

Heritability of phenotype 2/2
-----------------------------
Total Observed scale h2: 0.2815 (0.0251)
Lambda GC: 1.148
Mean Chi^2: 1.1945
Intercept: 1.0154 (0.0084)
Ratio: 0.0789 (0.0431)

Genetic Covariance
------------------
Total Observed scale gencov: -0.007 (0.015)
Mean z1*z2: -0.0022
Intercept: 0.0012 (0.0044)

Genetic Correlation
-------------------
Genetic Correlation: -0.0506 (0.1092)
Z-score: -0.4629
P: 0.6434


Summary of Genetic Correlation Results
p1                                                                                                  p2      rg      se       z       p  h2_obs  h2_obs_se  h2_int  h2_int_se  gcov_int  gcov_int_se
/home/eerdem/CELLECT/cortical_ROI_CHARGE2020/model1b_entorhinal_SAMPLESIZE.sumstats.gz  /home/eerdem/CELLECT/gwas/BIG-S2_DTI2020_munged/ukb_phase1to3_fapcs_dec21_2019_pheno71.sumstats.gz -0.0506  0.1092 -0.4629  0.6434  0.2815     0.0251  1.0154     0.0084    0.0012       0.0044

Analysis finished at Tue Dec  8 17:10:04 2020
Total time elapsed: 21.85s
