*********************************************************************
* LD Score Regression (LDSC)
* Version 1.0.0
* (C) 2014-2015 Brendan Bulik-Sullivan and Hilary Finucane
* Broad Institute of MIT and Harvard / MIT Department of Mathematics
* GNU General Public License v3
*********************************************************************
Call: 
./ldsc.py \
--ref-ld-chr eur_w_ld_chr/ \
--out /home/eerdem/notebooks/CELLECT-Analyser/out/genetic_correlation/gc/model1a_precuneus_ukb_phase1to3_fapcs_dec21_2019_pheno98 \
--rg /home/eerdem/CELLECT/cortical_ROI_CHARGE2020/model1a_precuneus_SAMPLESIZE.sumstats.gz,/home/eerdem/CELLECT/gwas/BIG-S2_DTI2020_munged/ukb_phase1to3_fapcs_dec21_2019_pheno98.sumstats.gz \
--w-ld-chr eur_w_ld_chr/ 

Beginning analysis at Tue Dec  8 14:59:42 2020
Reading summary statistics from /home/eerdem/CELLECT/cortical_ROI_CHARGE2020/model1a_precuneus_SAMPLESIZE.sumstats.gz ...
Read summary statistics for 1191333 SNPs.
Reading reference panel LD Score from eur_w_ld_chr/[1-22] ...
Read reference panel LD Scores for 1290028 SNPs.
Removing partitioned LD Scores with zero variance.
Reading regression weight LD Score from eur_w_ld_chr/[1-22] ...
Read regression weight LD Scores for 1290028 SNPs.
After merging with reference panel LD, 1174089 SNPs remain.
After merging with regression SNP LD, 1174089 SNPs remain.
Computing rg for phenotype 2/2
Reading summary statistics from /home/eerdem/CELLECT/gwas/BIG-S2_DTI2020_munged/ukb_phase1to3_fapcs_dec21_2019_pheno98.sumstats.gz ...
Read summary statistics for 1149074 SNPs.
After merging with summary statistics, 1134834 SNPs remain.
1134834 SNPs with valid alleles.

Heritability of phenotype 1
---------------------------
Total Observed scale h2: 0.2894 (0.0335)
Lambda GC: 1.0738
Mean Chi^2: 1.0933
Intercept: 0.9879 (0.0079)
Ratio < 0 (usually indicates GC correction).

Heritability of phenotype 2/2
-----------------------------
Total Observed scale h2: 0.0914 (0.0151)
Lambda GC: 1.0595
Mean Chi^2: 1.0648
Intercept: 1.0077 (0.0065)
Ratio: 0.1188 (0.1003)

Genetic Covariance
------------------
Total Observed scale gencov: 0.0445 (0.016)
Mean z1*z2: 0.0305
Intercept: 0.0078 (0.0047)

Genetic Correlation
-------------------
Genetic Correlation: 0.2738 (0.0923)
Z-score: 2.968
P: 0.003


Summary of Genetic Correlation Results
p1                                                                                                  p2      rg      se      z      p  h2_obs  h2_obs_se  h2_int  h2_int_se  gcov_int  gcov_int_se
/home/eerdem/CELLECT/cortical_ROI_CHARGE2020/model1a_precuneus_SAMPLESIZE.sumstats.gz  /home/eerdem/CELLECT/gwas/BIG-S2_DTI2020_munged/ukb_phase1to3_fapcs_dec21_2019_pheno98.sumstats.gz  0.2738  0.0923  2.968  0.003  0.0914     0.0151  1.0077     0.0065    0.0078       0.0047

Analysis finished at Tue Dec  8 15:00:07 2020
Total time elapsed: 24.85s
