*********************************************************************
* LD Score Regression (LDSC)
* Version 1.0.0
* (C) 2014-2015 Brendan Bulik-Sullivan and Hilary Finucane
* Broad Institute of MIT and Harvard / MIT Department of Mathematics
* GNU General Public License v3
*********************************************************************
Call: 
./ldsc.py \
--ref-ld-chr eur_w_ld_chr/ \
--out /home/eerdem/notebooks/CELLECT-Analyser/out/genetic_correlation/gc/model1a_middletemporal_model1d_parstriangularis \
--rg /home/eerdem/CELLECT/cortical_ROI_CHARGE2020/model1a_middletemporal_SAMPLESIZE.sumstats.gz,/home/eerdem/CELLECT/cortical_ROI_CHARGE2020/model1d_parstriangularis_SAMPLESIZE.sumstats.gz \
--w-ld-chr eur_w_ld_chr/ 

Beginning analysis at Tue Dec  8 18:22:27 2020
Reading summary statistics from /home/eerdem/CELLECT/cortical_ROI_CHARGE2020/model1a_middletemporal_SAMPLESIZE.sumstats.gz ...
Read summary statistics for 1191336 SNPs.
Reading reference panel LD Score from eur_w_ld_chr/[1-22] ...
Read reference panel LD Scores for 1290028 SNPs.
Removing partitioned LD Scores with zero variance.
Reading regression weight LD Score from eur_w_ld_chr/[1-22] ...
Read regression weight LD Scores for 1290028 SNPs.
After merging with reference panel LD, 1174092 SNPs remain.
After merging with regression SNP LD, 1174092 SNPs remain.
Computing rg for phenotype 2/2
Reading summary statistics from /home/eerdem/CELLECT/cortical_ROI_CHARGE2020/model1d_parstriangularis_SAMPLESIZE.sumstats.gz ...
Read summary statistics for 1186151 SNPs.
After merging with summary statistics, 1172641 SNPs remain.
1172641 SNPs with valid alleles.

Heritability of phenotype 1
---------------------------
Total Observed scale h2: 0.1538 (0.0308)
Lambda GC: 1.049
Mean Chi^2: 1.0636
Intercept: 1.0094 (0.0072)
Ratio: 0.1481 (0.1127)

Heritability of phenotype 2/2
-----------------------------
Total Observed scale h2: 0.1772 (0.0238)
Lambda GC: 1.0699
Mean Chi^2: 1.0841
Intercept: 1.0049 (0.0066)
Ratio: 0.0582 (0.0783)

Genetic Covariance
------------------
Total Observed scale gencov: -0.0467 (0.0181)
Mean z1*z2: -0.1129
Intercept: -0.0949 (0.0045)

Genetic Correlation
-------------------
Genetic Correlation: -0.2828 (0.1074)
Z-score: -2.6334
P: 0.0085


Summary of Genetic Correlation Results
p1                                                                                            p2      rg      se       z       p  h2_obs  h2_obs_se  h2_int  h2_int_se  gcov_int  gcov_int_se
/home/eerdem/CELLECT/cortical_ROI_CHARGE2020/model1a_middletemporal_SAMPLESIZE.sumstats.gz  /home/eerdem/CELLECT/cortical_ROI_CHARGE2020/model1d_parstriangularis_SAMPLESIZE.sumstats.gz -0.2828  0.1074 -2.6334  0.0085  0.1772     0.0238  1.0049     0.0066   -0.0949       0.0045

Analysis finished at Tue Dec  8 18:22:49 2020
Total time elapsed: 22.06s
