*********************************************************************
* LD Score Regression (LDSC)
* Version 1.0.0
* (C) 2014-2015 Brendan Bulik-Sullivan and Hilary Finucane
* Broad Institute of MIT and Harvard / MIT Department of Mathematics
* GNU General Public License v3
*********************************************************************
Call: 
./ldsc.py \
--ref-ld-chr eur_w_ld_chr/ \
--out /home/eerdem/notebooks/CELLECT-Analyser/out/genetic_correlation/gc/model1b_superiortemporal_Net100_Pair5_48 \
--rg /home/eerdem/CELLECT/cortical_ROI_CHARGE2020/model1b_superiortemporal_SAMPLESIZE.sumstats.gz,/home/eerdem/CELLECT/gwas/BIG-S2_rs-fMRI/ukb_phase1to3_fmri_edge_dec21_2019_pheno1296.sumstats.gz \
--w-ld-chr eur_w_ld_chr/ 

Beginning analysis at Tue Dec  8 16:55:27 2020
Reading summary statistics from /home/eerdem/CELLECT/cortical_ROI_CHARGE2020/model1b_superiortemporal_SAMPLESIZE.sumstats.gz ...
Read summary statistics for 1186453 SNPs.
Reading reference panel LD Score from eur_w_ld_chr/[1-22] ...
Read reference panel LD Scores for 1290028 SNPs.
Removing partitioned LD Scores with zero variance.
Reading regression weight LD Score from eur_w_ld_chr/[1-22] ...
Read regression weight LD Scores for 1290028 SNPs.
After merging with reference panel LD, 1170095 SNPs remain.
After merging with regression SNP LD, 1170095 SNPs remain.
Computing rg for phenotype 2/2
Reading summary statistics from /home/eerdem/CELLECT/gwas/BIG-S2_rs-fMRI/ukb_phase1to3_fmri_edge_dec21_2019_pheno1296.sumstats.gz ...
Read summary statistics for 1149479 SNPs.
After merging with summary statistics, 1132624 SNPs remain.
1132624 SNPs with valid alleles.

Heritability of phenotype 1
---------------------------
Total Observed scale h2: 0.1767 (0.0269)
Lambda GC: 1.0719
Mean Chi^2: 1.0811
Intercept: 1.0042 (0.0075)
Ratio: 0.0516 (0.0931)

Heritability of phenotype 2/2
-----------------------------
Total Observed scale h2: 0.1079 (0.0176)
Lambda GC: 1.069
Mean Chi^2: 1.0834
Intercept: 1.0122 (0.0072)
Ratio: 0.1461 (0.0868)

Genetic Covariance
------------------
Total Observed scale gencov: -0.0293 (0.0132)
Mean z1*z2: 0.0034
Intercept: 0.0186 (0.0044)

Genetic Correlation
-------------------
Genetic Correlation: -0.212 (0.1007)
Z-score: -2.1049
P: 0.0353


Summary of Genetic Correlation Results
p1                                                                                                 p2     rg      se       z       p  h2_obs  h2_obs_se  h2_int  h2_int_se  gcov_int  gcov_int_se
/home/eerdem/CELLECT/cortical_ROI_CHARGE2020/model1b_superiortemporal_SAMPLESIZE.sumstats.gz  /home/eerdem/CELLECT/gwas/BIG-S2_rs-fMRI/ukb_phase1to3_fmri_edge_dec21_2019_pheno1296.sumstats.gz -0.212  0.1007 -2.1049  0.0353  0.1079     0.0176  1.0122     0.0072    0.0186       0.0044

Analysis finished at Tue Dec  8 16:55:50 2020
Total time elapsed: 23.09s
