*********************************************************************
* LD Score Regression (LDSC)
* Version 1.0.0
* (C) 2014-2015 Brendan Bulik-Sullivan and Hilary Finucane
* Broad Institute of MIT and Harvard / MIT Department of Mathematics
* GNU General Public License v3
*********************************************************************
Call: 
./ldsc.py \
--ref-ld-chr eur_w_ld_chr/ \
--out /home/eerdem/notebooks/CELLECT-Analyser/out/genetic_correlation/gc/model1d_isthmuscingulate_ukb_phase1to3_fapcs_dec21_2019_pheno91 \
--rg /home/eerdem/CELLECT/cortical_ROI_CHARGE2020/model1d_isthmuscingulate_SAMPLESIZE.sumstats.gz,/home/eerdem/CELLECT/gwas/BIG-S2_DTI2020_munged/ukb_phase1to3_fapcs_dec21_2019_pheno91.sumstats.gz \
--w-ld-chr eur_w_ld_chr/ 

Beginning analysis at Tue Dec  8 19:53:12 2020
Reading summary statistics from /home/eerdem/CELLECT/cortical_ROI_CHARGE2020/model1d_isthmuscingulate_SAMPLESIZE.sumstats.gz ...
Read summary statistics for 1186147 SNPs.
Reading reference panel LD Score from eur_w_ld_chr/[1-22] ...
Read reference panel LD Scores for 1290028 SNPs.
Removing partitioned LD Scores with zero variance.
Reading regression weight LD Score from eur_w_ld_chr/[1-22] ...
Read regression weight LD Scores for 1290028 SNPs.
After merging with reference panel LD, 1173377 SNPs remain.
After merging with regression SNP LD, 1173377 SNPs remain.
Computing rg for phenotype 2/2
Reading summary statistics from /home/eerdem/CELLECT/gwas/BIG-S2_DTI2020_munged/ukb_phase1to3_fapcs_dec21_2019_pheno91.sumstats.gz ...
Read summary statistics for 1149074 SNPs.
After merging with summary statistics, 1134825 SNPs remain.
1134825 SNPs with valid alleles.

Heritability of phenotype 1
---------------------------
Total Observed scale h2: 0.1422 (0.0222)
Lambda GC: 1.0597
Mean Chi^2: 1.0653
Intercept: 1.0024 (0.0067)
Ratio: 0.0368 (0.1026)

Heritability of phenotype 2/2
-----------------------------
Total Observed scale h2: 0.3508 (0.026)
Lambda GC: 1.1902
Mean Chi^2: 1.2426
Intercept: 1.0221 (0.0091)
Ratio: 0.0912 (0.0375)

Genetic Covariance
------------------
Total Observed scale gencov: -0.0016 (0.0154)
Mean z1*z2: -0.002
Intercept: 0.0003 (0.0049)

Genetic Correlation
-------------------
Genetic Correlation: -0.007 (0.069)
Z-score: -0.1014
P: 0.9192


Summary of Genetic Correlation Results
p1                                                                                                  p2     rg     se       z       p  h2_obs  h2_obs_se  h2_int  h2_int_se  gcov_int  gcov_int_se
/home/eerdem/CELLECT/cortical_ROI_CHARGE2020/model1d_isthmuscingulate_SAMPLESIZE.sumstats.gz  /home/eerdem/CELLECT/gwas/BIG-S2_DTI2020_munged/ukb_phase1to3_fapcs_dec21_2019_pheno91.sumstats.gz -0.007  0.069 -0.1014  0.9192  0.3508      0.026  1.0221     0.0091    0.0003       0.0049

Analysis finished at Tue Dec  8 19:53:36 2020
Total time elapsed: 23.97s
