*********************************************************************
* LD Score Regression (LDSC)
* Version 1.0.0
* (C) 2014-2015 Brendan Bulik-Sullivan and Hilary Finucane
* Broad Institute of MIT and Harvard / MIT Department of Mathematics
* GNU General Public License v3
*********************************************************************
Call: 
./ldsc.py \
--ref-ld-chr eur_w_ld_chr/ \
--out /home/eerdem/notebooks/CELLECT-Analyser/out/genetic_correlation/gc/model1b_cortex_ukb_phase1to3_fapcs_dec21_2019_pheno64 \
--rg /home/eerdem/CELLECT/cortical_ROI_CHARGE2020/model1b_cortex_SAMPLESIZE.sumstats.gz,/home/eerdem/CELLECT/gwas/BIG-S2_DTI2020_munged/ukb_phase1to3_fapcs_dec21_2019_pheno64.sumstats.gz \
--w-ld-chr eur_w_ld_chr/ 

Beginning analysis at Tue Dec  8 18:21:57 2020
Reading summary statistics from /home/eerdem/CELLECT/cortical_ROI_CHARGE2020/model1b_cortex_SAMPLESIZE.sumstats.gz ...
Read summary statistics for 1074090 SNPs.
Reading reference panel LD Score from eur_w_ld_chr/[1-22] ...
Read reference panel LD Scores for 1290028 SNPs.
Removing partitioned LD Scores with zero variance.
Reading regression weight LD Score from eur_w_ld_chr/[1-22] ...
Read regression weight LD Scores for 1290028 SNPs.
After merging with reference panel LD, 1071566 SNPs remain.
After merging with regression SNP LD, 1071566 SNPs remain.
Computing rg for phenotype 2/2
Reading summary statistics from /home/eerdem/CELLECT/gwas/BIG-S2_DTI2020_munged/ukb_phase1to3_fapcs_dec21_2019_pheno64.sumstats.gz ...
Read summary statistics for 1149074 SNPs.
After merging with summary statistics, 1048955 SNPs remain.
1048955 SNPs with valid alleles.

Heritability of phenotype 1
---------------------------
Total Observed scale h2: 0.2531 (0.0278)
Lambda GC: 1.0827
Mean Chi^2: 1.1014
Intercept: 0.9843 (0.0081)
Ratio < 0 (usually indicates GC correction).

Heritability of phenotype 2/2
-----------------------------
Total Observed scale h2: 0.0455 (0.0152)
Lambda GC: 1.036
Mean Chi^2: 1.0369
Intercept: 1.0074 (0.0074)
Ratio: 0.1999 (0.199)

Genetic Covariance
------------------
Total Observed scale gencov: 0.0123 (0.0164)
Mean z1*z2: -0.0063
Intercept: -0.0132 (0.006)

Genetic Correlation
-------------------
Genetic Correlation: 0.1147 (0.1567)
Z-score: 0.732
P: 0.4641


Summary of Genetic Correlation Results
p1                                                                                                  p2      rg      se      z       p  h2_obs  h2_obs_se  h2_int  h2_int_se  gcov_int  gcov_int_se
/home/eerdem/CELLECT/cortical_ROI_CHARGE2020/model1b_cortex_SAMPLESIZE.sumstats.gz  /home/eerdem/CELLECT/gwas/BIG-S2_DTI2020_munged/ukb_phase1to3_fapcs_dec21_2019_pheno64.sumstats.gz  0.1147  0.1567  0.732  0.4641  0.0455     0.0152  1.0074     0.0074   -0.0132        0.006

Analysis finished at Tue Dec  8 18:22:19 2020
Total time elapsed: 21.78s
