*********************************************************************
* LD Score Regression (LDSC)
* Version 1.0.0
* (C) 2014-2015 Brendan Bulik-Sullivan and Hilary Finucane
* Broad Institute of MIT and Harvard / MIT Department of Mathematics
* GNU General Public License v3
*********************************************************************
Call: 
./ldsc.py \
--ref-ld-chr eur_w_ld_chr/ \
--out /home/eerdem/notebooks/CELLECT-Analyser/out/genetic_correlation/gc/model1d_inferiortemporal_Net100_Pair11_26 \
--rg /home/eerdem/CELLECT/cortical_ROI_CHARGE2020/model1d_inferiortemporal_SAMPLESIZE.sumstats.gz,/home/eerdem/CELLECT/gwas/BIG-S2_rs-fMRI/ukb_phase1to3_fmri_edge_dec21_2019_pheno521.sumstats.gz \
--w-ld-chr eur_w_ld_chr/ 

Beginning analysis at Tue Dec  8 17:10:57 2020
Reading summary statistics from /home/eerdem/CELLECT/cortical_ROI_CHARGE2020/model1d_inferiortemporal_SAMPLESIZE.sumstats.gz ...
Read summary statistics for 1186134 SNPs.
Reading reference panel LD Score from eur_w_ld_chr/[1-22] ...
Read reference panel LD Scores for 1290028 SNPs.
Removing partitioned LD Scores with zero variance.
Reading regression weight LD Score from eur_w_ld_chr/[1-22] ...
Read regression weight LD Scores for 1290028 SNPs.
After merging with reference panel LD, 1173386 SNPs remain.
After merging with regression SNP LD, 1173386 SNPs remain.
Computing rg for phenotype 2/2
Reading summary statistics from /home/eerdem/CELLECT/gwas/BIG-S2_rs-fMRI/ukb_phase1to3_fmri_edge_dec21_2019_pheno521.sumstats.gz ...
Read summary statistics for 1149479 SNPs.
After merging with summary statistics, 1135259 SNPs remain.
1135259 SNPs with valid alleles.

Heritability of phenotype 1
---------------------------
Total Observed scale h2: 0.2093 (0.0243)
Lambda GC: 1.0743
Mean Chi^2: 1.0782
Intercept: 0.9847 (0.0064)
Ratio < 0 (usually indicates GC correction).

Heritability of phenotype 2/2
-----------------------------
Total Observed scale h2: 0.0794 (0.0155)
Lambda GC: 1.0397
Mean Chi^2: 1.0382
Intercept: 0.9857 (0.0066)
Ratio < 0 (usually indicates GC correction).

Genetic Covariance
------------------
Total Observed scale gencov: 0.0036 (0.0123)
Mean z1*z2: -0.0035
Intercept: -0.0055 (0.0048)

Genetic Correlation
-------------------
Genetic Correlation: 0.0283 (0.0957)
Z-score: 0.2955
P: 0.7676


Summary of Genetic Correlation Results
p1                                                                                                p2      rg      se       z       p  h2_obs  h2_obs_se  h2_int  h2_int_se  gcov_int  gcov_int_se
/home/eerdem/CELLECT/cortical_ROI_CHARGE2020/model1d_inferiortemporal_SAMPLESIZE.sumstats.gz  /home/eerdem/CELLECT/gwas/BIG-S2_rs-fMRI/ukb_phase1to3_fmri_edge_dec21_2019_pheno521.sumstats.gz  0.0283  0.0957  0.2955  0.7676  0.0794     0.0155  0.9857     0.0066   -0.0055       0.0048

Analysis finished at Tue Dec  8 17:11:22 2020
Total time elapsed: 24.83s
