*********************************************************************
* LD Score Regression (LDSC)
* Version 1.0.0
* (C) 2014-2015 Brendan Bulik-Sullivan and Hilary Finucane
* Broad Institute of MIT and Harvard / MIT Department of Mathematics
* GNU General Public License v3
*********************************************************************
Call: 
./ldsc.py \
--ref-ld-chr eur_w_ld_chr/ \
--out /home/eerdem/notebooks/CELLECT-Analyser/out/genetic_correlation/gc/model1b_inferiortemporal_Net25_Node11 \
--rg /home/eerdem/CELLECT/cortical_ROI_CHARGE2020/model1b_inferiortemporal_SAMPLESIZE.sumstats.gz,/home/eerdem/CELLECT/gwas/BIG-S2_rs-fMRI/ukb_phase1to3_fmri_node_dec21_2019_pheno11.sumstats.gz \
--w-ld-chr eur_w_ld_chr/ 

Beginning analysis at Tue Dec  8 20:07:27 2020
Reading summary statistics from /home/eerdem/CELLECT/cortical_ROI_CHARGE2020/model1b_inferiortemporal_SAMPLESIZE.sumstats.gz ...
Read summary statistics for 1186455 SNPs.
Reading reference panel LD Score from eur_w_ld_chr/[1-22] ...
Read reference panel LD Scores for 1290028 SNPs.
Removing partitioned LD Scores with zero variance.
Reading regression weight LD Score from eur_w_ld_chr/[1-22] ...
Read regression weight LD Scores for 1290028 SNPs.
After merging with reference panel LD, 1170096 SNPs remain.
After merging with regression SNP LD, 1170096 SNPs remain.
Computing rg for phenotype 2/2
Reading summary statistics from /home/eerdem/CELLECT/gwas/BIG-S2_rs-fMRI/ukb_phase1to3_fmri_node_dec21_2019_pheno11.sumstats.gz ...
Read summary statistics for 1149479 SNPs.
After merging with summary statistics, 1132625 SNPs remain.
1132625 SNPs with valid alleles.

Heritability of phenotype 1
---------------------------
Total Observed scale h2: 0.1215 (0.0315)
Lambda GC: 1.0298
Mean Chi^2: 1.0412
Intercept: 0.9872 (0.0078)
Ratio < 0 (usually indicates GC correction).

Heritability of phenotype 2/2
-----------------------------
Total Observed scale h2: 0.104 (0.0159)
Lambda GC: 1.0763
Mean Chi^2: 1.0838
Intercept: 1.0151 (0.0081)
Ratio: 0.1797 (0.0961)

Genetic Covariance
------------------
Total Observed scale gencov: -0.0313 (0.0131)
Mean z1*z2: -0.0049
Intercept: 0.0116 (0.0046)

Genetic Correlation
-------------------
Genetic Correlation: -0.2787 (0.12)
Z-score: -2.323
P: 0.0202


Summary of Genetic Correlation Results
p1                                                                                               p2      rg    se      z       p  h2_obs  h2_obs_se  h2_int  h2_int_se  gcov_int  gcov_int_se
/home/eerdem/CELLECT/cortical_ROI_CHARGE2020/model1b_inferiortemporal_SAMPLESIZE.sumstats.gz  /home/eerdem/CELLECT/gwas/BIG-S2_rs-fMRI/ukb_phase1to3_fmri_node_dec21_2019_pheno11.sumstats.gz -0.2787  0.12 -2.323  0.0202   0.104     0.0159  1.0151     0.0081    0.0116       0.0046

Analysis finished at Tue Dec  8 20:07:47 2020
Total time elapsed: 20.27s
