*********************************************************************
* LD Score Regression (LDSC)
* Version 1.0.0
* (C) 2014-2015 Brendan Bulik-Sullivan and Hilary Finucane
* Broad Institute of MIT and Harvard / MIT Department of Mathematics
* GNU General Public License v3
*********************************************************************
Call: 
./ldsc.py \
--ref-ld-chr eur_w_ld_chr/ \
--out /home/eerdem/notebooks/CELLECT-Analyser/out/genetic_correlation/gc/model1d_precentral_Net25_Node6 \
--rg /home/eerdem/CELLECT/cortical_ROI_CHARGE2020/model1d_precentral_SAMPLESIZE.sumstats.gz,/home/eerdem/CELLECT/gwas/BIG-S2_rs-fMRI/ukb_phase1to3_fmri_node_dec21_2019_pheno6.sumstats.gz \
--w-ld-chr eur_w_ld_chr/ 

Beginning analysis at Tue Dec  8 19:57:12 2020
Reading summary statistics from /home/eerdem/CELLECT/cortical_ROI_CHARGE2020/model1d_precentral_SAMPLESIZE.sumstats.gz ...
Read summary statistics for 1185871 SNPs.
Reading reference panel LD Score from eur_w_ld_chr/[1-22] ...
Read reference panel LD Scores for 1290028 SNPs.
Removing partitioned LD Scores with zero variance.
Reading regression weight LD Score from eur_w_ld_chr/[1-22] ...
Read regression weight LD Scores for 1290028 SNPs.
After merging with reference panel LD, 1173194 SNPs remain.
After merging with regression SNP LD, 1173194 SNPs remain.
Computing rg for phenotype 2/2
Reading summary statistics from /home/eerdem/CELLECT/gwas/BIG-S2_rs-fMRI/ukb_phase1to3_fmri_node_dec21_2019_pheno6.sumstats.gz ...
Read summary statistics for 1149479 SNPs.
After merging with summary statistics, 1135126 SNPs remain.
1135126 SNPs with valid alleles.

Heritability of phenotype 1
---------------------------
Total Observed scale h2: 0.1918 (0.0249)
Lambda GC: 1.068
Mean Chi^2: 1.0844
Intercept: 0.9992 (0.0079)
Ratio < 0 (usually indicates GC correction).

Heritability of phenotype 2/2
-----------------------------
Total Observed scale h2: 0.2117 (0.0248)
Lambda GC: 1.1056
Mean Chi^2: 1.1383
Intercept: 1.0013 (0.0099)
Ratio: 0.0093 (0.0714)

Genetic Covariance
------------------
Total Observed scale gencov: 0.0114 (0.013)
Mean z1*z2: 0.0086
Intercept: 0.0035 (0.0048)

Genetic Correlation
-------------------
Genetic Correlation: 0.0567 (0.0647)
Z-score: 0.8764
P: 0.3808


Summary of Genetic Correlation Results
p1                                                                                              p2      rg      se       z       p  h2_obs  h2_obs_se  h2_int  h2_int_se  gcov_int  gcov_int_se
/home/eerdem/CELLECT/cortical_ROI_CHARGE2020/model1d_precentral_SAMPLESIZE.sumstats.gz  /home/eerdem/CELLECT/gwas/BIG-S2_rs-fMRI/ukb_phase1to3_fmri_node_dec21_2019_pheno6.sumstats.gz  0.0567  0.0647  0.8764  0.3808  0.2117     0.0248  1.0013     0.0099    0.0035       0.0048

Analysis finished at Tue Dec  8 19:57:35 2020
Total time elapsed: 22.58s
