*********************************************************************
* LD Score Regression (LDSC)
* Version 1.0.0
* (C) 2014-2015 Brendan Bulik-Sullivan and Hilary Finucane
* Broad Institute of MIT and Harvard / MIT Department of Mathematics
* GNU General Public License v3
*********************************************************************
Call: 
./ldsc.py \
--ref-ld-chr eur_w_ld_chr/ \
--out /home/eerdem/notebooks/CELLECT-Analyser/out/genetic_correlation/gc/model1a_paracentral_ukb_phase1to3_fapcs_dec21_2019_pheno74 \
--rg /home/eerdem/CELLECT/cortical_ROI_CHARGE2020/model1a_paracentral_SAMPLESIZE.sumstats.gz,/home/eerdem/CELLECT/gwas/BIG-S2_DTI2020_munged/ukb_phase1to3_fapcs_dec21_2019_pheno74.sumstats.gz \
--w-ld-chr eur_w_ld_chr/ 

Beginning analysis at Tue Dec  8 17:55:42 2020
Reading summary statistics from /home/eerdem/CELLECT/cortical_ROI_CHARGE2020/model1a_paracentral_SAMPLESIZE.sumstats.gz ...
Read summary statistics for 1191333 SNPs.
Reading reference panel LD Score from eur_w_ld_chr/[1-22] ...
Read reference panel LD Scores for 1290028 SNPs.
Removing partitioned LD Scores with zero variance.
Reading regression weight LD Score from eur_w_ld_chr/[1-22] ...
Read regression weight LD Scores for 1290028 SNPs.
After merging with reference panel LD, 1174089 SNPs remain.
After merging with regression SNP LD, 1174089 SNPs remain.
Computing rg for phenotype 2/2
Reading summary statistics from /home/eerdem/CELLECT/gwas/BIG-S2_DTI2020_munged/ukb_phase1to3_fapcs_dec21_2019_pheno74.sumstats.gz ...
Read summary statistics for 1149074 SNPs.
After merging with summary statistics, 1134834 SNPs remain.
1134834 SNPs with valid alleles.

Heritability of phenotype 1
---------------------------
Total Observed scale h2: 0.197 (0.0291)
Lambda GC: 1.0611
Mean Chi^2: 1.0681
Intercept: 0.9956 (0.0069)
Ratio < 0 (usually indicates GC correction).

Heritability of phenotype 2/2
-----------------------------
Total Observed scale h2: 0.122 (0.0192)
Lambda GC: 1.0713
Mean Chi^2: 1.0796
Intercept: 1.0021 (0.0075)
Ratio: 0.0268 (0.0937)

Genetic Covariance
------------------
Total Observed scale gencov: -0.025 (0.0186)
Mean z1*z2: -0.0051
Intercept: 0.0081 (0.0056)

Genetic Correlation
-------------------
Genetic Correlation: -0.1612 (0.1177)
Z-score: -1.3693
P: 0.1709


Summary of Genetic Correlation Results
p1                                                                                                  p2      rg      se       z       p  h2_obs  h2_obs_se  h2_int  h2_int_se  gcov_int  gcov_int_se
/home/eerdem/CELLECT/cortical_ROI_CHARGE2020/model1a_paracentral_SAMPLESIZE.sumstats.gz  /home/eerdem/CELLECT/gwas/BIG-S2_DTI2020_munged/ukb_phase1to3_fapcs_dec21_2019_pheno74.sumstats.gz -0.1612  0.1177 -1.3693  0.1709   0.122     0.0192  1.0021     0.0075    0.0081       0.0056

Analysis finished at Tue Dec  8 17:56:03 2020
Total time elapsed: 20.94s
