*********************************************************************
* LD Score Regression (LDSC)
* Version 1.0.0
* (C) 2014-2015 Brendan Bulik-Sullivan and Hilary Finucane
* Broad Institute of MIT and Harvard / MIT Department of Mathematics
* GNU General Public License v3
*********************************************************************
Call: 
./ldsc.py \
--ref-ld-chr eur_w_ld_chr/ \
--out /home/eerdem/notebooks/CELLECT-Analyser/out/genetic_correlation/gc/model1d_supramarginal_Net100_Node53 \
--rg /home/eerdem/CELLECT/cortical_ROI_CHARGE2020/model1d_supramarginal_SAMPLESIZE.sumstats.gz,/home/eerdem/CELLECT/gwas/BIG-S2_rs-fMRI/ukb_phase1to3_fmri_node_dec21_2019_pheno74.sumstats.gz \
--w-ld-chr eur_w_ld_chr/ 

Beginning analysis at Tue Dec  8 19:10:57 2020
Reading summary statistics from /home/eerdem/CELLECT/cortical_ROI_CHARGE2020/model1d_supramarginal_SAMPLESIZE.sumstats.gz ...
Read summary statistics for 1185720 SNPs.
Reading reference panel LD Score from eur_w_ld_chr/[1-22] ...
Read reference panel LD Scores for 1290028 SNPs.
Removing partitioned LD Scores with zero variance.
Reading regression weight LD Score from eur_w_ld_chr/[1-22] ...
Read regression weight LD Scores for 1290028 SNPs.
After merging with reference panel LD, 1173155 SNPs remain.
After merging with regression SNP LD, 1173155 SNPs remain.
Computing rg for phenotype 2/2
Reading summary statistics from /home/eerdem/CELLECT/gwas/BIG-S2_rs-fMRI/ukb_phase1to3_fmri_node_dec21_2019_pheno74.sumstats.gz ...
Read summary statistics for 1149479 SNPs.
After merging with summary statistics, 1135116 SNPs remain.
1135116 SNPs with valid alleles.

Heritability of phenotype 1
---------------------------
Total Observed scale h2: 0.1625 (0.028)
Lambda GC: 1.0699
Mean Chi^2: 1.0813
Intercept: 1.0087 (0.0073)
Ratio: 0.1067 (0.0898)

Heritability of phenotype 2/2
-----------------------------
Total Observed scale h2: 0.1231 (0.0163)
Lambda GC: 1.0661
Mean Chi^2: 1.083
Intercept: 1.0032 (0.0069)
Ratio: 0.038 (0.083)

Genetic Covariance
------------------
Total Observed scale gencov: 0.0021 (0.0127)
Mean z1*z2: -0.0143
Intercept: -0.0167 (0.0045)

Genetic Correlation
-------------------
Genetic Correlation: 0.0147 (0.0902)
Z-score: 0.1625
P: 0.8709


Summary of Genetic Correlation Results
p1                                                                                               p2      rg      se       z       p  h2_obs  h2_obs_se  h2_int  h2_int_se  gcov_int  gcov_int_se
/home/eerdem/CELLECT/cortical_ROI_CHARGE2020/model1d_supramarginal_SAMPLESIZE.sumstats.gz  /home/eerdem/CELLECT/gwas/BIG-S2_rs-fMRI/ukb_phase1to3_fmri_node_dec21_2019_pheno74.sumstats.gz  0.0147  0.0902  0.1625  0.8709  0.1231     0.0163  1.0032     0.0069   -0.0167       0.0045

Analysis finished at Tue Dec  8 19:11:20 2020
Total time elapsed: 22.37s
