*********************************************************************
* LD Score Regression (LDSC)
* Version 1.0.0
* (C) 2014-2015 Brendan Bulik-Sullivan and Hilary Finucane
* Broad Institute of MIT and Harvard / MIT Department of Mathematics
* GNU General Public License v3
*********************************************************************
Call: 
./ldsc.py \
--ref-ld-chr eur_w_ld_chr/ \
--out /home/eerdem/notebooks/CELLECT-Analyser/out/genetic_correlation/gc/model1a_superiorparietal_Net100_Node52 \
--rg /home/eerdem/CELLECT/cortical_ROI_CHARGE2020/model1a_superiorparietal_SAMPLESIZE.sumstats.gz,/home/eerdem/CELLECT/gwas/BIG-S2_rs-fMRI/ukb_phase1to3_fmri_node_dec21_2019_pheno73.sumstats.gz \
--w-ld-chr eur_w_ld_chr/ 

Beginning analysis at Tue Dec  8 19:27:42 2020
Reading summary statistics from /home/eerdem/CELLECT/cortical_ROI_CHARGE2020/model1a_superiorparietal_SAMPLESIZE.sumstats.gz ...
Read summary statistics for 1191336 SNPs.
Reading reference panel LD Score from eur_w_ld_chr/[1-22] ...
Read reference panel LD Scores for 1290028 SNPs.
Removing partitioned LD Scores with zero variance.
Reading regression weight LD Score from eur_w_ld_chr/[1-22] ...
Read regression weight LD Scores for 1290028 SNPs.
After merging with reference panel LD, 1174092 SNPs remain.
After merging with regression SNP LD, 1174092 SNPs remain.
Computing rg for phenotype 2/2
Reading summary statistics from /home/eerdem/CELLECT/gwas/BIG-S2_rs-fMRI/ukb_phase1to3_fmri_node_dec21_2019_pheno73.sumstats.gz ...
Read summary statistics for 1149479 SNPs.
After merging with summary statistics, 1135273 SNPs remain.
1135273 SNPs with valid alleles.

Heritability of phenotype 1
---------------------------
Total Observed scale h2: 0.2465 (0.0295)
Lambda GC: 1.0538
Mean Chi^2: 1.0758
Intercept: 0.988 (0.007)
Ratio < 0 (usually indicates GC correction).

Heritability of phenotype 2/2
-----------------------------
Total Observed scale h2: 0.0966 (0.0167)
Lambda GC: 1.0636
Mean Chi^2: 1.0755
Intercept: 1.0125 (0.0077)
Ratio: 0.165 (0.102)

Genetic Covariance
------------------
Total Observed scale gencov: -0.0048 (0.0157)
Mean z1*z2: -0.0064
Intercept: -0.0033 (0.0051)

Genetic Correlation
-------------------
Genetic Correlation: -0.0314 (0.1018)
Z-score: -0.3086
P: 0.7576


Summary of Genetic Correlation Results
p1                                                                                               p2      rg      se       z       p  h2_obs  h2_obs_se  h2_int  h2_int_se  gcov_int  gcov_int_se
/home/eerdem/CELLECT/cortical_ROI_CHARGE2020/model1a_superiorparietal_SAMPLESIZE.sumstats.gz  /home/eerdem/CELLECT/gwas/BIG-S2_rs-fMRI/ukb_phase1to3_fmri_node_dec21_2019_pheno73.sumstats.gz -0.0314  0.1018 -0.3086  0.7576  0.0966     0.0167  1.0125     0.0077   -0.0033       0.0051

Analysis finished at Tue Dec  8 19:28:07 2020
Total time elapsed: 25.03s
