*********************************************************************
* LD Score Regression (LDSC)
* Version 1.0.0
* (C) 2014-2015 Brendan Bulik-Sullivan and Hilary Finucane
* Broad Institute of MIT and Harvard / MIT Department of Mathematics
* GNU General Public License v3
*********************************************************************
Call: 
./ldsc.py \
--ref-ld-chr eur_w_ld_chr/ \
--out /home/eerdem/notebooks/CELLECT-Analyser/out/genetic_correlation/gc/model1d_superiorparietal_Net100_Pair5_45 \
--rg /home/eerdem/CELLECT/cortical_ROI_CHARGE2020/model1d_superiorparietal_SAMPLESIZE.sumstats.gz,/home/eerdem/CELLECT/gwas/BIG-S2_rs-fMRI/ukb_phase1to3_fmri_edge_dec21_2019_pheno1161.sumstats.gz \
--w-ld-chr eur_w_ld_chr/ 

Beginning analysis at Tue Dec  8 16:52:27 2020
Reading summary statistics from /home/eerdem/CELLECT/cortical_ROI_CHARGE2020/model1d_superiorparietal_SAMPLESIZE.sumstats.gz ...
Read summary statistics for 1186064 SNPs.
Reading reference panel LD Score from eur_w_ld_chr/[1-22] ...
Read reference panel LD Scores for 1290028 SNPs.
Removing partitioned LD Scores with zero variance.
Reading regression weight LD Score from eur_w_ld_chr/[1-22] ...
Read regression weight LD Scores for 1290028 SNPs.
After merging with reference panel LD, 1173297 SNPs remain.
After merging with regression SNP LD, 1173297 SNPs remain.
Computing rg for phenotype 2/2
Reading summary statistics from /home/eerdem/CELLECT/gwas/BIG-S2_rs-fMRI/ukb_phase1to3_fmri_edge_dec21_2019_pheno1161.sumstats.gz ...
Read summary statistics for 1149479 SNPs.
After merging with summary statistics, 1135192 SNPs remain.
1135192 SNPs with valid alleles.

Heritability of phenotype 1
---------------------------
Total Observed scale h2: 0.1956 (0.0237)
Lambda GC: 1.0553
Mean Chi^2: 1.0807
Intercept: 0.9952 (0.0076)
Ratio < 0 (usually indicates GC correction).

Heritability of phenotype 2/2
-----------------------------
Total Observed scale h2: 0.1928 (0.0227)
Lambda GC: 1.1037
Mean Chi^2: 1.13
Intercept: 1.0057 (0.007)
Ratio: 0.0442 (0.0537)

Genetic Covariance
------------------
Total Observed scale gencov: 0.0385 (0.0159)
Mean z1*z2: 0.0572
Intercept: 0.0372 (0.0049)

Genetic Correlation
-------------------
Genetic Correlation: 0.1981 (0.0845)
Z-score: 2.3454
P: 0.019


Summary of Genetic Correlation Results
p1                                                                                                 p2      rg      se       z      p  h2_obs  h2_obs_se  h2_int  h2_int_se  gcov_int  gcov_int_se
/home/eerdem/CELLECT/cortical_ROI_CHARGE2020/model1d_superiorparietal_SAMPLESIZE.sumstats.gz  /home/eerdem/CELLECT/gwas/BIG-S2_rs-fMRI/ukb_phase1to3_fmri_edge_dec21_2019_pheno1161.sumstats.gz  0.1981  0.0845  2.3454  0.019  0.1928     0.0227  1.0057      0.007    0.0372       0.0049

Analysis finished at Tue Dec  8 16:52:51 2020
Total time elapsed: 23.63s
