*********************************************************************
* LD Score Regression (LDSC)
* Version 1.0.0
* (C) 2014-2015 Brendan Bulik-Sullivan and Hilary Finucane
* Broad Institute of MIT and Harvard / MIT Department of Mathematics
* GNU General Public License v3
*********************************************************************
Call: 
./ldsc.py \
--ref-ld-chr eur_w_ld_chr/ \
--out /home/eerdem/notebooks/CELLECT-Analyser/out/genetic_correlation/gc/model1a_middletemporal_Net100_Node49 \
--rg /home/eerdem/CELLECT/cortical_ROI_CHARGE2020/model1a_middletemporal_SAMPLESIZE.sumstats.gz,/home/eerdem/CELLECT/gwas/BIG-S2_rs-fMRI/ukb_phase1to3_fmri_node_dec21_2019_pheno70.sumstats.gz \
--w-ld-chr eur_w_ld_chr/ 

Beginning analysis at Tue Dec  8 16:45:57 2020
Reading summary statistics from /home/eerdem/CELLECT/cortical_ROI_CHARGE2020/model1a_middletemporal_SAMPLESIZE.sumstats.gz ...
Read summary statistics for 1191336 SNPs.
Reading reference panel LD Score from eur_w_ld_chr/[1-22] ...
Read reference panel LD Scores for 1290028 SNPs.
Removing partitioned LD Scores with zero variance.
Reading regression weight LD Score from eur_w_ld_chr/[1-22] ...
Read regression weight LD Scores for 1290028 SNPs.
After merging with reference panel LD, 1174092 SNPs remain.
After merging with regression SNP LD, 1174092 SNPs remain.
Computing rg for phenotype 2/2
Reading summary statistics from /home/eerdem/CELLECT/gwas/BIG-S2_rs-fMRI/ukb_phase1to3_fmri_node_dec21_2019_pheno70.sumstats.gz ...
Read summary statistics for 1149479 SNPs.
After merging with summary statistics, 1135273 SNPs remain.
1135273 SNPs with valid alleles.

Heritability of phenotype 1
---------------------------
Total Observed scale h2: 0.1512 (0.0325)
Lambda GC: 1.0495
Mean Chi^2: 1.0647
Intercept: 1.0107 (0.0074)
Ratio: 0.1661 (0.1148)

Heritability of phenotype 2/2
-----------------------------
Total Observed scale h2: 0.1439 (0.0191)
Lambda GC: 1.0885
Mean Chi^2: 1.1034
Intercept: 1.0092 (0.0077)
Ratio: 0.0893 (0.0745)

Genetic Covariance
------------------
Total Observed scale gencov: -0.0207 (0.015)
Mean z1*z2: -0.0313
Intercept: -0.0219 (0.0047)

Genetic Correlation
-------------------
Genetic Correlation: -0.1404 (0.1046)
Z-score: -1.3433
P: 0.1792


Summary of Genetic Correlation Results
p1                                                                                               p2      rg      se       z       p  h2_obs  h2_obs_se  h2_int  h2_int_se  gcov_int  gcov_int_se
/home/eerdem/CELLECT/cortical_ROI_CHARGE2020/model1a_middletemporal_SAMPLESIZE.sumstats.gz  /home/eerdem/CELLECT/gwas/BIG-S2_rs-fMRI/ukb_phase1to3_fmri_node_dec21_2019_pheno70.sumstats.gz -0.1404  0.1046 -1.3433  0.1792  0.1439     0.0191  1.0092     0.0077   -0.0219       0.0047

Analysis finished at Tue Dec  8 16:46:19 2020
Total time elapsed: 21.72s
