*********************************************************************
* LD Score Regression (LDSC)
* Version 1.0.0
* (C) 2014-2015 Brendan Bulik-Sullivan and Hilary Finucane
* Broad Institute of MIT and Harvard / MIT Department of Mathematics
* GNU General Public License v3
*********************************************************************
Call: 
./ldsc.py \
--ref-ld-chr eur_w_ld_chr/ \
--out /home/eerdem/notebooks/CELLECT-Analyser/out/genetic_correlation/gc/model1b_superiortemporal_ukb_phase1to3_fapcs_dec21_2019_pheno6 \
--rg /home/eerdem/CELLECT/cortical_ROI_CHARGE2020/model1b_superiortemporal_SAMPLESIZE.sumstats.gz,/home/eerdem/CELLECT/gwas/BIG-S2_DTI2020_munged/ukb_phase1to3_fapcs_dec21_2019_pheno6.sumstats.gz \
--w-ld-chr eur_w_ld_chr/ 

Beginning analysis at Tue Dec  8 17:34:12 2020
Reading summary statistics from /home/eerdem/CELLECT/cortical_ROI_CHARGE2020/model1b_superiortemporal_SAMPLESIZE.sumstats.gz ...
Read summary statistics for 1186453 SNPs.
Reading reference panel LD Score from eur_w_ld_chr/[1-22] ...
Read reference panel LD Scores for 1290028 SNPs.
Removing partitioned LD Scores with zero variance.
Reading regression weight LD Score from eur_w_ld_chr/[1-22] ...
Read regression weight LD Scores for 1290028 SNPs.
After merging with reference panel LD, 1170095 SNPs remain.
After merging with regression SNP LD, 1170095 SNPs remain.
Computing rg for phenotype 2/2
Reading summary statistics from /home/eerdem/CELLECT/gwas/BIG-S2_DTI2020_munged/ukb_phase1to3_fapcs_dec21_2019_pheno6.sumstats.gz ...
Read summary statistics for 1149074 SNPs.
After merging with summary statistics, 1132191 SNPs remain.
1132191 SNPs with valid alleles.

Heritability of phenotype 1
---------------------------
Total Observed scale h2: 0.1771 (0.027)
Lambda GC: 1.0719
Mean Chi^2: 1.0811
Intercept: 1.0041 (0.0075)
Ratio: 0.0503 (0.0925)

Heritability of phenotype 2/2
-----------------------------
Total Observed scale h2: 0.2834 (0.0227)
Lambda GC: 1.1478
Mean Chi^2: 1.1939
Intercept: 1.0157 (0.0074)
Ratio: 0.0812 (0.0381)

Genetic Covariance
------------------
Total Observed scale gencov: -0.0207 (0.0164)
Mean z1*z2: -0.0199
Intercept: -0.0091 (0.0054)

Genetic Correlation
-------------------
Genetic Correlation: -0.0925 (0.0732)
Z-score: -1.264
P: 0.2062


Summary of Genetic Correlation Results
p1                                                                                                 p2      rg      se      z       p  h2_obs  h2_obs_se  h2_int  h2_int_se  gcov_int  gcov_int_se
/home/eerdem/CELLECT/cortical_ROI_CHARGE2020/model1b_superiortemporal_SAMPLESIZE.sumstats.gz  /home/eerdem/CELLECT/gwas/BIG-S2_DTI2020_munged/ukb_phase1to3_fapcs_dec21_2019_pheno6.sumstats.gz -0.0925  0.0732 -1.264  0.2062  0.2834     0.0227  1.0157     0.0074   -0.0091       0.0054

Analysis finished at Tue Dec  8 17:34:36 2020
Total time elapsed: 24.11s
