*********************************************************************
* LD Score Regression (LDSC)
* Version 1.0.0
* (C) 2014-2015 Brendan Bulik-Sullivan and Hilary Finucane
* Broad Institute of MIT and Harvard / MIT Department of Mathematics
* GNU General Public License v3
*********************************************************************
Call: 
./ldsc.py \
--ref-ld-chr eur_w_ld_chr/ \
--out /home/eerdem/notebooks/CELLECT-Analyser/out/genetic_correlation/gc/model1a_insula_Net100_Pair32_38 \
--rg /home/eerdem/CELLECT/cortical_ROI_CHARGE2020/model1a_insula_SAMPLESIZE.sumstats.gz,/home/eerdem/CELLECT/gwas/BIG-S2_rs-fMRI/ukb_phase1to3_fmri_edge_dec21_2019_pheno908.sumstats.gz \
--w-ld-chr eur_w_ld_chr/ 

Beginning analysis at Tue Dec  8 17:24:27 2020
Reading summary statistics from /home/eerdem/CELLECT/cortical_ROI_CHARGE2020/model1a_insula_SAMPLESIZE.sumstats.gz ...
Read summary statistics for 1189470 SNPs.
Reading reference panel LD Score from eur_w_ld_chr/[1-22] ...
Read reference panel LD Scores for 1290028 SNPs.
Removing partitioned LD Scores with zero variance.
Reading regression weight LD Score from eur_w_ld_chr/[1-22] ...
Read regression weight LD Scores for 1290028 SNPs.
After merging with reference panel LD, 1172167 SNPs remain.
After merging with regression SNP LD, 1172167 SNPs remain.
Computing rg for phenotype 2/2
Reading summary statistics from /home/eerdem/CELLECT/gwas/BIG-S2_rs-fMRI/ukb_phase1to3_fmri_edge_dec21_2019_pheno908.sumstats.gz ...
Read summary statistics for 1149479 SNPs.
After merging with summary statistics, 1133908 SNPs remain.
1133908 SNPs with valid alleles.

Heritability of phenotype 1
---------------------------
Total Observed scale h2: 0.182 (0.0309)
Lambda GC: 1.0655
Mean Chi^2: 1.0682
Intercept: 1.0027 (0.0073)
Ratio: 0.0396 (0.1074)

Heritability of phenotype 2/2
-----------------------------
Total Observed scale h2: 0.0323 (0.0137)
Lambda GC: 1.0154
Mean Chi^2: 1.0235
Intercept: 1.0024 (0.0063)
Ratio: 0.1024 (0.2677)

Genetic Covariance
------------------
Total Observed scale gencov: -0.0118 (0.0133)
Mean z1*z2: -0.0046
Intercept: 0.0008 (0.0048)

Genetic Correlation
-------------------
Genetic Correlation: -0.1535 (0.1775)
Z-score: -0.8647
P: 0.3872


Summary of Genetic Correlation Results
p1                                                                                                p2      rg      se       z       p  h2_obs  h2_obs_se  h2_int  h2_int_se  gcov_int  gcov_int_se
/home/eerdem/CELLECT/cortical_ROI_CHARGE2020/model1a_insula_SAMPLESIZE.sumstats.gz  /home/eerdem/CELLECT/gwas/BIG-S2_rs-fMRI/ukb_phase1to3_fmri_edge_dec21_2019_pheno908.sumstats.gz -0.1535  0.1775 -0.8647  0.3872  0.0323     0.0137  1.0024     0.0063    0.0008       0.0048

Analysis finished at Tue Dec  8 17:24:49 2020
Total time elapsed: 22.25s
