*********************************************************************
* LD Score Regression (LDSC)
* Version 1.0.0
* (C) 2014-2015 Brendan Bulik-Sullivan and Hilary Finucane
* Broad Institute of MIT and Harvard / MIT Department of Mathematics
* GNU General Public License v3
*********************************************************************
Call: 
./ldsc.py \
--ref-ld-chr eur_w_ld_chr/ \
--out /home/eerdem/notebooks/CELLECT-Analyser/out/genetic_correlation/gc/model1d_lingual_ukb_phase1to3_fapcs_dec21_2019_pheno63 \
--rg /home/eerdem/CELLECT/cortical_ROI_CHARGE2020/model1d_lingual_SAMPLESIZE.sumstats.gz,/home/eerdem/CELLECT/gwas/BIG-S2_DTI2020_munged/ukb_phase1to3_fapcs_dec21_2019_pheno63.sumstats.gz \
--w-ld-chr eur_w_ld_chr/ 

Beginning analysis at Tue Dec  8 15:58:27 2020
Reading summary statistics from /home/eerdem/CELLECT/cortical_ROI_CHARGE2020/model1d_lingual_SAMPLESIZE.sumstats.gz ...
Read summary statistics for 1186268 SNPs.
Reading reference panel LD Score from eur_w_ld_chr/[1-22] ...
Read reference panel LD Scores for 1290028 SNPs.
Removing partitioned LD Scores with zero variance.
Reading regression weight LD Score from eur_w_ld_chr/[1-22] ...
Read regression weight LD Scores for 1290028 SNPs.
After merging with reference panel LD, 1173403 SNPs remain.
After merging with regression SNP LD, 1173403 SNPs remain.
Computing rg for phenotype 2/2
Reading summary statistics from /home/eerdem/CELLECT/gwas/BIG-S2_DTI2020_munged/ukb_phase1to3_fapcs_dec21_2019_pheno63.sumstats.gz ...
Read summary statistics for 1149074 SNPs.
After merging with summary statistics, 1134825 SNPs remain.
1134825 SNPs with valid alleles.

Heritability of phenotype 1
---------------------------
Total Observed scale h2: 0.2634 (0.0287)
Lambda GC: 1.0946
Mean Chi^2: 1.1228
Intercept: 1.005 (0.0072)
Ratio: 0.0407 (0.0587)

Heritability of phenotype 2/2
-----------------------------
Total Observed scale h2: 0.2199 (0.0221)
Lambda GC: 1.1194
Mean Chi^2: 1.1477
Intercept: 1.01 (0.0079)
Ratio: 0.0675 (0.0532)

Genetic Covariance
------------------
Total Observed scale gencov: -0.0117 (0.0147)
Mean z1*z2: -0.0101
Intercept: -0.0052 (0.0048)

Genetic Correlation
-------------------
Genetic Correlation: -0.0488 (0.0617)
Z-score: -0.7911
P: 0.4289


Summary of Genetic Correlation Results
p1                                                                                                  p2      rg      se       z       p  h2_obs  h2_obs_se  h2_int  h2_int_se  gcov_int  gcov_int_se
/home/eerdem/CELLECT/cortical_ROI_CHARGE2020/model1d_lingual_SAMPLESIZE.sumstats.gz  /home/eerdem/CELLECT/gwas/BIG-S2_DTI2020_munged/ukb_phase1to3_fapcs_dec21_2019_pheno63.sumstats.gz -0.0488  0.0617 -0.7911  0.4289  0.2199     0.0221    1.01     0.0079   -0.0052       0.0048

Analysis finished at Tue Dec  8 15:58:53 2020
Total time elapsed: 25.8s
