*********************************************************************
* LD Score Regression (LDSC)
* Version 1.0.0
* (C) 2014-2015 Brendan Bulik-Sullivan and Hilary Finucane
* Broad Institute of MIT and Harvard / MIT Department of Mathematics
* GNU General Public License v3
*********************************************************************
Call: 
./ldsc.py \
--ref-ld-chr eur_w_ld_chr/ \
--out /home/eerdem/notebooks/CELLECT-Analyser/out/genetic_correlation/gc/model1d_precentral_ukb_phase1to3_dti441_dec21_2019_pheno414 \
--rg /home/eerdem/CELLECT/cortical_ROI_CHARGE2020/model1d_precentral_SAMPLESIZE.sumstats.gz,/home/eerdem/CELLECT/gwas/BIG-S2_DTI2020_munged/ukb_phase1to3_dti441_dec21_2019_pheno414.sumstats.gz \
--w-ld-chr eur_w_ld_chr/ 

Beginning analysis at Tue Dec  8 16:05:12 2020
Reading summary statistics from /home/eerdem/CELLECT/cortical_ROI_CHARGE2020/model1d_precentral_SAMPLESIZE.sumstats.gz ...
Read summary statistics for 1185871 SNPs.
Reading reference panel LD Score from eur_w_ld_chr/[1-22] ...
Read reference panel LD Scores for 1290028 SNPs.
Removing partitioned LD Scores with zero variance.
Reading regression weight LD Score from eur_w_ld_chr/[1-22] ...
Read regression weight LD Scores for 1290028 SNPs.
After merging with reference panel LD, 1173194 SNPs remain.
After merging with regression SNP LD, 1173194 SNPs remain.
Computing rg for phenotype 2/2
Reading summary statistics from /home/eerdem/CELLECT/gwas/BIG-S2_DTI2020_munged/ukb_phase1to3_dti441_dec21_2019_pheno414.sumstats.gz ...
Read summary statistics for 1149073 SNPs.
After merging with summary statistics, 1134690 SNPs remain.
1134690 SNPs with valid alleles.

Heritability of phenotype 1
---------------------------
Total Observed scale h2: 0.1917 (0.025)
Lambda GC: 1.068
Mean Chi^2: 1.0844
Intercept: 0.9992 (0.0079)
Ratio < 0 (usually indicates GC correction).

Heritability of phenotype 2/2
-----------------------------
Total Observed scale h2: 0.2814 (0.0286)
Lambda GC: 1.1335
Mean Chi^2: 1.1872
Intercept: 1.0148 (0.0087)
Ratio: 0.079 (0.0463)

Genetic Covariance
------------------
Total Observed scale gencov: -0.0289 (0.0125)
Mean z1*z2: -0.0241
Intercept: -0.0088 (0.0045)

Genetic Correlation
-------------------
Genetic Correlation: -0.1245 (0.0559)
Z-score: -2.2269
P: 0.026


Summary of Genetic Correlation Results
p1                                                                                                    p2      rg      se       z      p  h2_obs  h2_obs_se  h2_int  h2_int_se  gcov_int  gcov_int_se
/home/eerdem/CELLECT/cortical_ROI_CHARGE2020/model1d_precentral_SAMPLESIZE.sumstats.gz  /home/eerdem/CELLECT/gwas/BIG-S2_DTI2020_munged/ukb_phase1to3_dti441_dec21_2019_pheno414.sumstats.gz -0.1245  0.0559 -2.2269  0.026  0.2814     0.0286  1.0148     0.0087   -0.0088       0.0045

Analysis finished at Tue Dec  8 16:05:34 2020
Total time elapsed: 21.75s
