*********************************************************************
* LD Score Regression (LDSC)
* Version 1.0.0
* (C) 2014-2015 Brendan Bulik-Sullivan and Hilary Finucane
* Broad Institute of MIT and Harvard / MIT Department of Mathematics
* GNU General Public License v3
*********************************************************************
Call: 
./ldsc.py \
--ref-ld-chr eur_w_ld_chr/ \
--out /home/eerdem/notebooks/CELLECT-Analyser/out/genetic_correlation/gc/model1d_parsorbitalis_ukb_phase1to3_fapcs_dec21_2019_pheno2 \
--rg /home/eerdem/CELLECT/cortical_ROI_CHARGE2020/model1d_parsorbitalis_SAMPLESIZE.sumstats.gz,/home/eerdem/CELLECT/gwas/BIG-S2_DTI2020_munged/ukb_phase1to3_fapcs_dec21_2019_pheno2.sumstats.gz \
--w-ld-chr eur_w_ld_chr/ 

Beginning analysis at Tue Dec  8 15:51:57 2020
Reading summary statistics from /home/eerdem/CELLECT/cortical_ROI_CHARGE2020/model1d_parsorbitalis_SAMPLESIZE.sumstats.gz ...
Read summary statistics for 1186184 SNPs.
Reading reference panel LD Score from eur_w_ld_chr/[1-22] ...
Read reference panel LD Scores for 1290028 SNPs.
Removing partitioned LD Scores with zero variance.
Reading regression weight LD Score from eur_w_ld_chr/[1-22] ...
Read regression weight LD Scores for 1290028 SNPs.
After merging with reference panel LD, 1173400 SNPs remain.
After merging with regression SNP LD, 1173400 SNPs remain.
Computing rg for phenotype 2/2
Reading summary statistics from /home/eerdem/CELLECT/gwas/BIG-S2_DTI2020_munged/ukb_phase1to3_fapcs_dec21_2019_pheno2.sumstats.gz ...
Read summary statistics for 1149074 SNPs.
After merging with summary statistics, 1134827 SNPs remain.
1134827 SNPs with valid alleles.

Heritability of phenotype 1
---------------------------
Total Observed scale h2: 0.1512 (0.0231)
Lambda GC: 1.0626
Mean Chi^2: 1.0724
Intercept: 1.0048 (0.0067)
Ratio: 0.0665 (0.093)

Heritability of phenotype 2/2
-----------------------------
Total Observed scale h2: 0.2919 (0.0259)
Lambda GC: 1.1536
Mean Chi^2: 1.1953
Intercept: 1.01 (0.0087)
Ratio: 0.0514 (0.0446)

Genetic Covariance
------------------
Total Observed scale gencov: -0.0068 (0.0155)
Mean z1*z2: -0.0032
Intercept: -0.0004 (0.005)

Genetic Correlation
-------------------
Genetic Correlation: -0.0326 (0.0744)
Z-score: -0.4379
P: 0.6615


Summary of Genetic Correlation Results
p1                                                                                                 p2      rg      se       z       p  h2_obs  h2_obs_se  h2_int  h2_int_se  gcov_int  gcov_int_se
/home/eerdem/CELLECT/cortical_ROI_CHARGE2020/model1d_parsorbitalis_SAMPLESIZE.sumstats.gz  /home/eerdem/CELLECT/gwas/BIG-S2_DTI2020_munged/ukb_phase1to3_fapcs_dec21_2019_pheno2.sumstats.gz -0.0326  0.0744 -0.4379  0.6615  0.2919     0.0259    1.01     0.0087   -0.0004        0.005

Analysis finished at Tue Dec  8 15:52:20 2020
Total time elapsed: 23.18s
