*********************************************************************
* LD Score Regression (LDSC)
* Version 1.0.0
* (C) 2014-2015 Brendan Bulik-Sullivan and Hilary Finucane
* Broad Institute of MIT and Harvard / MIT Department of Mathematics
* GNU General Public License v3
*********************************************************************
Call: 
./ldsc.py \
--ref-ld-chr eur_w_ld_chr/ \
--out /home/eerdem/notebooks/CELLECT-Analyser/out/genetic_correlation/gc/model1b_lateralorbitofrontal_Net100_Pair6_32 \
--rg /home/eerdem/CELLECT/cortical_ROI_CHARGE2020/model1b_lateralorbitofrontal_SAMPLESIZE.sumstats.gz,/home/eerdem/CELLECT/gwas/BIG-S2_rs-fMRI/ukb_phase1to3_fmri_edge_dec21_2019_pheno681.sumstats.gz \
--w-ld-chr eur_w_ld_chr/ 

Beginning analysis at Tue Dec  8 15:23:12 2020
Reading summary statistics from /home/eerdem/CELLECT/cortical_ROI_CHARGE2020/model1b_lateralorbitofrontal_SAMPLESIZE.sumstats.gz ...
Read summary statistics for 1186455 SNPs.
Reading reference panel LD Score from eur_w_ld_chr/[1-22] ...
Read reference panel LD Scores for 1290028 SNPs.
Removing partitioned LD Scores with zero variance.
Reading regression weight LD Score from eur_w_ld_chr/[1-22] ...
Read regression weight LD Scores for 1290028 SNPs.
After merging with reference panel LD, 1170096 SNPs remain.
After merging with regression SNP LD, 1170096 SNPs remain.
Computing rg for phenotype 2/2
Reading summary statistics from /home/eerdem/CELLECT/gwas/BIG-S2_rs-fMRI/ukb_phase1to3_fmri_edge_dec21_2019_pheno681.sumstats.gz ...
Read summary statistics for 1149479 SNPs.
After merging with summary statistics, 1132625 SNPs remain.
1132625 SNPs with valid alleles.

Heritability of phenotype 1
---------------------------
Total Observed scale h2: 0.1006 (0.0227)
Lambda GC: 1.0322
Mean Chi^2: 1.0324
Intercept: 0.9893 (0.0067)
Ratio < 0 (usually indicates GC correction).

Heritability of phenotype 2/2
-----------------------------
Total Observed scale h2: 0.0564 (0.0143)
Lambda GC: 1.035
Mean Chi^2: 1.0342
Intercept: 0.9977 (0.0064)
Ratio < 0 (usually indicates GC correction).

Genetic Covariance
------------------
Total Observed scale gencov: 0.0181 (0.012)
Mean z1*z2: 0.0026
Intercept: -0.0074 (0.0045)

Genetic Correlation
-------------------
Genetic Correlation: 0.241 (0.1621)
Z-score: 1.4867
P: 0.1371


Summary of Genetic Correlation Results
p1                                                                                                p2     rg      se       z       p  h2_obs  h2_obs_se  h2_int  h2_int_se  gcov_int  gcov_int_se
/home/eerdem/CELLECT/cortical_ROI_CHARGE2020/model1b_lateralorbitofrontal_SAMPLESIZE.sumstats.gz  /home/eerdem/CELLECT/gwas/BIG-S2_rs-fMRI/ukb_phase1to3_fmri_edge_dec21_2019_pheno681.sumstats.gz  0.241  0.1621  1.4867  0.1371  0.0564     0.0143  0.9977     0.0064   -0.0074       0.0045

Analysis finished at Tue Dec  8 15:23:38 2020
Total time elapsed: 25.39s
