*********************************************************************
* LD Score Regression (LDSC)
* Version 1.0.0
* (C) 2014-2015 Brendan Bulik-Sullivan and Hilary Finucane
* Broad Institute of MIT and Harvard / MIT Department of Mathematics
* GNU General Public License v3
*********************************************************************
Call: 
./ldsc.py \
--ref-ld-chr eur_w_ld_chr/ \
--out /home/eerdem/notebooks/CELLECT-Analyser/out/genetic_correlation/gc/model1b_postcentral_Net100_Node6 \
--rg /home/eerdem/CELLECT/cortical_ROI_CHARGE2020/model1b_postcentral_SAMPLESIZE.sumstats.gz,/home/eerdem/CELLECT/gwas/BIG-S2_rs-fMRI/ukb_phase1to3_fmri_node_dec21_2019_pheno27.sumstats.gz \
--w-ld-chr eur_w_ld_chr/ 

Beginning analysis at Tue Dec  8 16:44:57 2020
Reading summary statistics from /home/eerdem/CELLECT/cortical_ROI_CHARGE2020/model1b_postcentral_SAMPLESIZE.sumstats.gz ...
Read summary statistics for 1186449 SNPs.
Reading reference panel LD Score from eur_w_ld_chr/[1-22] ...
Read reference panel LD Scores for 1290028 SNPs.
Removing partitioned LD Scores with zero variance.
Reading regression weight LD Score from eur_w_ld_chr/[1-22] ...
Read regression weight LD Scores for 1290028 SNPs.
After merging with reference panel LD, 1170091 SNPs remain.
After merging with regression SNP LD, 1170091 SNPs remain.
Computing rg for phenotype 2/2
Reading summary statistics from /home/eerdem/CELLECT/gwas/BIG-S2_rs-fMRI/ukb_phase1to3_fmri_node_dec21_2019_pheno27.sumstats.gz ...
Read summary statistics for 1149479 SNPs.
After merging with summary statistics, 1132623 SNPs remain.
1132623 SNPs with valid alleles.

Heritability of phenotype 1
---------------------------
Total Observed scale h2: 0.1624 (0.0243)
Lambda GC: 1.068
Mean Chi^2: 1.0803
Intercept: 1.0113 (0.0074)
Ratio: 0.1413 (0.0918)

Heritability of phenotype 2/2
-----------------------------
Total Observed scale h2: 0.1142 (0.0165)
Lambda GC: 1.0712
Mean Chi^2: 1.0862
Intercept: 1.011 (0.008)
Ratio: 0.1279 (0.0926)

Genetic Covariance
------------------
Total Observed scale gencov: 0.0013 (0.0133)
Mean z1*z2: -0.0146
Intercept: -0.0156 (0.0046)

Genetic Correlation
-------------------
Genetic Correlation: 0.0097 (0.0987)
Z-score: 0.0984
P: 0.9216


Summary of Genetic Correlation Results
p1                                                                                               p2      rg      se       z       p  h2_obs  h2_obs_se  h2_int  h2_int_se  gcov_int  gcov_int_se
/home/eerdem/CELLECT/cortical_ROI_CHARGE2020/model1b_postcentral_SAMPLESIZE.sumstats.gz  /home/eerdem/CELLECT/gwas/BIG-S2_rs-fMRI/ukb_phase1to3_fmri_node_dec21_2019_pheno27.sumstats.gz  0.0097  0.0987  0.0984  0.9216  0.1142     0.0165   1.011      0.008   -0.0156       0.0046

Analysis finished at Tue Dec  8 16:45:21 2020
Total time elapsed: 23.97s
