*********************************************************************
* LD Score Regression (LDSC)
* Version 1.0.0
* (C) 2014-2015 Brendan Bulik-Sullivan and Hilary Finucane
* Broad Institute of MIT and Harvard / MIT Department of Mathematics
* GNU General Public License v3
*********************************************************************
Call: 
./ldsc.py \
--ref-ld-chr eur_w_ld_chr/ \
--out /home/eerdem/notebooks/CELLECT-Analyser/out/genetic_correlation/gc/model1d_precuneus_Net100_Pair11_42 \
--rg /home/eerdem/CELLECT/cortical_ROI_CHARGE2020/model1d_precuneus_SAMPLESIZE.sumstats.gz,/home/eerdem/CELLECT/gwas/BIG-S2_rs-fMRI/ukb_phase1to3_fmri_edge_dec21_2019_pheno1041.sumstats.gz \
--w-ld-chr eur_w_ld_chr/ 

Beginning analysis at Tue Dec  8 19:16:12 2020
Reading summary statistics from /home/eerdem/CELLECT/cortical_ROI_CHARGE2020/model1d_precuneus_SAMPLESIZE.sumstats.gz ...
Read summary statistics for 1186148 SNPs.
Reading reference panel LD Score from eur_w_ld_chr/[1-22] ...
Read reference panel LD Scores for 1290028 SNPs.
Removing partitioned LD Scores with zero variance.
Reading regression weight LD Score from eur_w_ld_chr/[1-22] ...
Read regression weight LD Scores for 1290028 SNPs.
After merging with reference panel LD, 1173376 SNPs remain.
After merging with regression SNP LD, 1173376 SNPs remain.
Computing rg for phenotype 2/2
Reading summary statistics from /home/eerdem/CELLECT/gwas/BIG-S2_rs-fMRI/ukb_phase1to3_fmri_edge_dec21_2019_pheno1041.sumstats.gz ...
Read summary statistics for 1149479 SNPs.
After merging with summary statistics, 1135258 SNPs remain.
1135258 SNPs with valid alleles.

Heritability of phenotype 1
---------------------------
Total Observed scale h2: 0.2773 (0.0291)
Lambda GC: 1.0832
Mean Chi^2: 1.1129
Intercept: 0.9869 (0.0079)
Ratio < 0 (usually indicates GC correction).

Heritability of phenotype 2/2
-----------------------------
Total Observed scale h2: 0.0514 (0.0147)
Lambda GC: 1.0397
Mean Chi^2: 1.0438
Intercept: 1.01 (0.006)
Ratio: 0.2273 (0.1369)

Genetic Covariance
------------------
Total Observed scale gencov: 0.0326 (0.0133)
Mean z1*z2: 0.0277
Intercept: 0.0088 (0.0048)

Genetic Correlation
-------------------
Genetic Correlation: 0.2729 (0.1162)
Z-score: 2.3486
P: 0.0188


Summary of Genetic Correlation Results
p1                                                                                                 p2      rg      se       z       p  h2_obs  h2_obs_se  h2_int  h2_int_se  gcov_int  gcov_int_se
/home/eerdem/CELLECT/cortical_ROI_CHARGE2020/model1d_precuneus_SAMPLESIZE.sumstats.gz  /home/eerdem/CELLECT/gwas/BIG-S2_rs-fMRI/ukb_phase1to3_fmri_edge_dec21_2019_pheno1041.sumstats.gz  0.2729  0.1162  2.3486  0.0188  0.0514     0.0147    1.01      0.006    0.0088       0.0048

Analysis finished at Tue Dec  8 19:16:37 2020
Total time elapsed: 24.77s
