*********************************************************************
* LD Score Regression (LDSC)
* Version 1.0.0
* (C) 2014-2015 Brendan Bulik-Sullivan and Hilary Finucane
* Broad Institute of MIT and Harvard / MIT Department of Mathematics
* GNU General Public License v3
*********************************************************************
Call: 
./ldsc.py \
--ref-ld-chr eur_w_ld_chr/ \
--out /home/eerdem/notebooks/CELLECT-Analyser/out/genetic_correlation/gc/model1b_posteriorcingulate_model1b_precentral \
--rg /home/eerdem/CELLECT/cortical_ROI_CHARGE2020/model1b_posteriorcingulate_SAMPLESIZE.sumstats.gz,/home/eerdem/CELLECT/cortical_ROI_CHARGE2020/model1b_precentral_SAMPLESIZE.sumstats.gz \
--w-ld-chr eur_w_ld_chr/ 

Beginning analysis at Tue Dec  8 19:22:57 2020
Reading summary statistics from /home/eerdem/CELLECT/cortical_ROI_CHARGE2020/model1b_posteriorcingulate_SAMPLESIZE.sumstats.gz ...
Read summary statistics for 1186453 SNPs.
Reading reference panel LD Score from eur_w_ld_chr/[1-22] ...
Read reference panel LD Scores for 1290028 SNPs.
Removing partitioned LD Scores with zero variance.
Reading regression weight LD Score from eur_w_ld_chr/[1-22] ...
Read regression weight LD Scores for 1290028 SNPs.
After merging with reference panel LD, 1170095 SNPs remain.
After merging with regression SNP LD, 1170095 SNPs remain.
Computing rg for phenotype 2/2
Reading summary statistics from /home/eerdem/CELLECT/cortical_ROI_CHARGE2020/model1b_precentral_SAMPLESIZE.sumstats.gz ...
Read summary statistics for 1186453 SNPs.
After merging with summary statistics, 1170095 SNPs remain.
1170095 SNPs with valid alleles.

Heritability of phenotype 1
---------------------------
Total Observed scale h2: 0.103 (0.022)
Lambda GC: 1.0413
Mean Chi^2: 1.0465
Intercept: 1.0028 (0.0059)
Ratio: 0.0605 (0.1271)

Heritability of phenotype 2/2
-----------------------------
Total Observed scale h2: 0.1126 (0.0197)
Lambda GC: 1.0413
Mean Chi^2: 1.0526
Intercept: 1.0053 (0.0061)
Ratio: 0.1001 (0.1155)

Genetic Covariance
------------------
Total Observed scale gencov: -0.0012 (0.0149)
Mean z1*z2: -0.0829
Intercept: -0.0818 (0.0045)

Genetic Correlation
-------------------
Genetic Correlation: -0.0113 (0.1382)
Z-score: -0.082
P: 0.9346


Summary of Genetic Correlation Results
p1                                                                                      p2      rg      se      z       p  h2_obs  h2_obs_se  h2_int  h2_int_se  gcov_int  gcov_int_se
/home/eerdem/CELLECT/cortical_ROI_CHARGE2020/model1b_posteriorcingulate_SAMPLESIZE.sumstats.gz  /home/eerdem/CELLECT/cortical_ROI_CHARGE2020/model1b_precentral_SAMPLESIZE.sumstats.gz -0.0113  0.1382 -0.082  0.9346  0.1126     0.0197  1.0053     0.0061   -0.0818       0.0045

Analysis finished at Tue Dec  8 19:23:22 2020
Total time elapsed: 24.45s
