*********************************************************************
* LD Score Regression (LDSC)
* Version 1.0.0
* (C) 2014-2015 Brendan Bulik-Sullivan and Hilary Finucane
* Broad Institute of MIT and Harvard / MIT Department of Mathematics
* GNU General Public License v3
*********************************************************************
Call: 
./ldsc.py \
--ref-ld-chr eur_w_ld_chr/ \
--out /home/eerdem/notebooks/CELLECT-Analyser/out/genetic_correlation/gc/model1d_postcentral_ukb_phase1to3_dti441_dec21_2019_pheno439 \
--rg /home/eerdem/CELLECT/cortical_ROI_CHARGE2020/model1d_postcentral_SAMPLESIZE.sumstats.gz,/home/eerdem/CELLECT/gwas/BIG-S2_DTI2020_munged/ukb_phase1to3_dti441_dec21_2019_pheno439.sumstats.gz \
--w-ld-chr eur_w_ld_chr/ 

Beginning analysis at Tue Dec  8 17:14:12 2020
Reading summary statistics from /home/eerdem/CELLECT/cortical_ROI_CHARGE2020/model1d_postcentral_SAMPLESIZE.sumstats.gz ...
Read summary statistics for 1185925 SNPs.
Reading reference panel LD Score from eur_w_ld_chr/[1-22] ...
Read reference panel LD Scores for 1290028 SNPs.
Removing partitioned LD Scores with zero variance.
Reading regression weight LD Score from eur_w_ld_chr/[1-22] ...
Read regression weight LD Scores for 1290028 SNPs.
After merging with reference panel LD, 1173202 SNPs remain.
After merging with regression SNP LD, 1173202 SNPs remain.
Computing rg for phenotype 2/2
Reading summary statistics from /home/eerdem/CELLECT/gwas/BIG-S2_DTI2020_munged/ukb_phase1to3_dti441_dec21_2019_pheno439.sumstats.gz ...
Read summary statistics for 1149074 SNPs.
After merging with summary statistics, 1134689 SNPs remain.
1134689 SNPs with valid alleles.

Heritability of phenotype 1
---------------------------
Total Observed scale h2: 0.1963 (0.0232)
Lambda GC: 1.0694
Mean Chi^2: 1.0866
Intercept: 1.0001 (0.0079)
Ratio: 0.0017 (0.0908)

Heritability of phenotype 2/2
-----------------------------
Total Observed scale h2: 0.213 (0.0238)
Lambda GC: 1.0989
Mean Chi^2: 1.1329
Intercept: 1.0024 (0.0079)
Ratio: 0.0177 (0.0595)

Genetic Covariance
------------------
Total Observed scale gencov: 0.0229 (0.0157)
Mean z1*z2: 0.0136
Intercept: 0.0007 (0.0046)

Genetic Correlation
-------------------
Genetic Correlation: 0.112 (0.0762)
Z-score: 1.4692
P: 0.1418


Summary of Genetic Correlation Results
p1                                                                                                    p2     rg      se       z       p  h2_obs  h2_obs_se  h2_int  h2_int_se  gcov_int  gcov_int_se
/home/eerdem/CELLECT/cortical_ROI_CHARGE2020/model1d_postcentral_SAMPLESIZE.sumstats.gz  /home/eerdem/CELLECT/gwas/BIG-S2_DTI2020_munged/ukb_phase1to3_dti441_dec21_2019_pheno439.sumstats.gz  0.112  0.0762  1.4692  0.1418   0.213     0.0238  1.0024     0.0079    0.0007       0.0046

Analysis finished at Tue Dec  8 17:14:37 2020
Total time elapsed: 24.62s
