*********************************************************************
* LD Score Regression (LDSC)
* Version 1.0.0
* (C) 2014-2015 Brendan Bulik-Sullivan and Hilary Finucane
* Broad Institute of MIT and Harvard / MIT Department of Mathematics
* GNU General Public License v3
*********************************************************************
Call: 
./ldsc.py \
--ref-ld-chr eur_w_ld_chr/ \
--out /home/eerdem/notebooks/CELLECT-Analyser/out/genetic_correlation/gc/model1a_parstriangularis_Net100_Node14 \
--rg /home/eerdem/CELLECT/cortical_ROI_CHARGE2020/model1a_parstriangularis_SAMPLESIZE.sumstats.gz,/home/eerdem/CELLECT/gwas/BIG-S2_rs-fMRI/ukb_phase1to3_fmri_node_dec21_2019_pheno35.sumstats.gz \
--w-ld-chr eur_w_ld_chr/ 

Beginning analysis at Tue Dec  8 16:46:57 2020
Reading summary statistics from /home/eerdem/CELLECT/cortical_ROI_CHARGE2020/model1a_parstriangularis_SAMPLESIZE.sumstats.gz ...
Read summary statistics for 1191334 SNPs.
Reading reference panel LD Score from eur_w_ld_chr/[1-22] ...
Read reference panel LD Scores for 1290028 SNPs.
Removing partitioned LD Scores with zero variance.
Reading regression weight LD Score from eur_w_ld_chr/[1-22] ...
Read regression weight LD Scores for 1290028 SNPs.
After merging with reference panel LD, 1174090 SNPs remain.
After merging with regression SNP LD, 1174090 SNPs remain.
Computing rg for phenotype 2/2
Reading summary statistics from /home/eerdem/CELLECT/gwas/BIG-S2_rs-fMRI/ukb_phase1to3_fmri_node_dec21_2019_pheno35.sumstats.gz ...
Read summary statistics for 1149479 SNPs.
After merging with summary statistics, 1135274 SNPs remain.
1135274 SNPs with valid alleles.

Heritability of phenotype 1
---------------------------
Total Observed scale h2: 0.1753 (0.0277)
Lambda GC: 1.067
Mean Chi^2: 1.0748
Intercept: 1.0111 (0.0071)
Ratio: 0.1486 (0.0947)

Heritability of phenotype 2/2
-----------------------------
Total Observed scale h2: 0.0817 (0.017)
Lambda GC: 1.0548
Mean Chi^2: 1.0611
Intercept: 1.0075 (0.007)
Ratio: 0.123 (0.114)

Genetic Covariance
------------------
Total Observed scale gencov: 0.0151 (0.0132)
Mean z1*z2: 0.0043
Intercept: -0.0033 (0.0046)

Genetic Correlation
-------------------
Genetic Correlation: 0.1261 (0.1107)
Z-score: 1.1389
P: 0.2548


Summary of Genetic Correlation Results
p1                                                                                               p2      rg      se       z       p  h2_obs  h2_obs_se  h2_int  h2_int_se  gcov_int  gcov_int_se
/home/eerdem/CELLECT/cortical_ROI_CHARGE2020/model1a_parstriangularis_SAMPLESIZE.sumstats.gz  /home/eerdem/CELLECT/gwas/BIG-S2_rs-fMRI/ukb_phase1to3_fmri_node_dec21_2019_pheno35.sumstats.gz  0.1261  0.1107  1.1389  0.2548  0.0817      0.017  1.0075      0.007   -0.0033       0.0046

Analysis finished at Tue Dec  8 16:47:22 2020
Total time elapsed: 24.93s
