*********************************************************************
* LD Score Regression (LDSC)
* Version 1.0.0
* (C) 2014-2015 Brendan Bulik-Sullivan and Hilary Finucane
* Broad Institute of MIT and Harvard / MIT Department of Mathematics
* GNU General Public License v3
*********************************************************************
Call: 
./ldsc.py \
--ref-ld-chr eur_w_ld_chr/ \
--out /home/eerdem/notebooks/CELLECT-Analyser/out/genetic_correlation/gc/model1a_transversetemporal_model1a_entorhinal \
--rg /home/eerdem/CELLECT/cortical_ROI_CHARGE2020/model1a_transversetemporal_SAMPLESIZE.sumstats.gz,/home/eerdem/CELLECT/cortical_ROI_CHARGE2020/model1a_entorhinal_SAMPLESIZE.sumstats.gz \
--w-ld-chr eur_w_ld_chr/ 

Beginning analysis at Tue Dec  8 16:16:57 2020
Reading summary statistics from /home/eerdem/CELLECT/cortical_ROI_CHARGE2020/model1a_transversetemporal_SAMPLESIZE.sumstats.gz ...
Read summary statistics for 1191339 SNPs.
Reading reference panel LD Score from eur_w_ld_chr/[1-22] ...
Read reference panel LD Scores for 1290028 SNPs.
Removing partitioned LD Scores with zero variance.
Reading regression weight LD Score from eur_w_ld_chr/[1-22] ...
Read regression weight LD Scores for 1290028 SNPs.
After merging with reference panel LD, 1174095 SNPs remain.
After merging with regression SNP LD, 1174095 SNPs remain.
Computing rg for phenotype 2/2
Reading summary statistics from /home/eerdem/CELLECT/cortical_ROI_CHARGE2020/model1a_entorhinal_SAMPLESIZE.sumstats.gz ...
Read summary statistics for 1191327 SNPs.
After merging with summary statistics, 1174081 SNPs remain.
1174081 SNPs with valid alleles.

Heritability of phenotype 1
---------------------------
Total Observed scale h2: 0.2268 (0.0384)
Lambda GC: 1.0572
Mean Chi^2: 1.0755
Intercept: 0.9908 (0.0074)
Ratio < 0 (usually indicates GC correction).

Heritability of phenotype 2/2
-----------------------------
Total Observed scale h2: 0.1312 (0.0283)
Lambda GC: 1.0327
Mean Chi^2: 1.0379
Intercept: 0.9891 (0.0066)
Ratio < 0 (usually indicates GC correction).

Genetic Covariance
------------------
Total Observed scale gencov: -0.0529 (0.0212)
Mean z1*z2: -0.04
Intercept: -0.0202 (0.0049)

Genetic Correlation
-------------------
Genetic Correlation: -0.3064 (0.1218)
Z-score: -2.5163
P: 0.0119


Summary of Genetic Correlation Results
p1                                                                                      p2      rg      se       z       p  h2_obs  h2_obs_se  h2_int  h2_int_se  gcov_int  gcov_int_se
/home/eerdem/CELLECT/cortical_ROI_CHARGE2020/model1a_transversetemporal_SAMPLESIZE.sumstats.gz  /home/eerdem/CELLECT/cortical_ROI_CHARGE2020/model1a_entorhinal_SAMPLESIZE.sumstats.gz -0.3064  0.1218 -2.5163  0.0119  0.1312     0.0283  0.9891     0.0066   -0.0202       0.0049

Analysis finished at Tue Dec  8 16:17:25 2020
Total time elapsed: 27.57s
