*********************************************************************
* LD Score Regression (LDSC)
* Version 1.0.0
* (C) 2014-2015 Brendan Bulik-Sullivan and Hilary Finucane
* Broad Institute of MIT and Harvard / MIT Department of Mathematics
* GNU General Public License v3
*********************************************************************
Call: 
./ldsc.py \
--ref-ld-chr eur_w_ld_chr/ \
--out /home/eerdem/notebooks/CELLECT-Analyser/out/genetic_correlation/gc/model1d_frontalpole_Net100_Node54 \
--rg /home/eerdem/CELLECT/cortical_ROI_CHARGE2020/model1d_frontalpole_SAMPLESIZE.sumstats.gz,/home/eerdem/CELLECT/gwas/BIG-S2_rs-fMRI/ukb_phase1to3_fmri_node_dec21_2019_pheno75.sumstats.gz \
--w-ld-chr eur_w_ld_chr/ 

Beginning analysis at Tue Dec  8 15:21:42 2020
Reading summary statistics from /home/eerdem/CELLECT/cortical_ROI_CHARGE2020/model1d_frontalpole_SAMPLESIZE.sumstats.gz ...
Read summary statistics for 1186479 SNPs.
Reading reference panel LD Score from eur_w_ld_chr/[1-22] ...
Read reference panel LD Scores for 1290028 SNPs.
Removing partitioned LD Scores with zero variance.
Reading regression weight LD Score from eur_w_ld_chr/[1-22] ...
Read regression weight LD Scores for 1290028 SNPs.
After merging with reference panel LD, 1173454 SNPs remain.
After merging with regression SNP LD, 1173454 SNPs remain.
Computing rg for phenotype 2/2
Reading summary statistics from /home/eerdem/CELLECT/gwas/BIG-S2_rs-fMRI/ukb_phase1to3_fmri_node_dec21_2019_pheno75.sumstats.gz ...
Read summary statistics for 1149479 SNPs.
After merging with summary statistics, 1135266 SNPs remain.
1135266 SNPs with valid alleles.

Heritability of phenotype 1
---------------------------
Total Observed scale h2: 0.0733 (0.0226)
Lambda GC: 1.0317
Mean Chi^2: 1.0357
Intercept: 1.0025 (0.0062)
Ratio: 0.0705 (0.173)

Heritability of phenotype 2/2
-----------------------------
Total Observed scale h2: 0.0815 (0.0167)
Lambda GC: 1.0495
Mean Chi^2: 1.0651
Intercept: 1.0116 (0.0069)
Ratio: 0.1781 (0.106)

Genetic Covariance
------------------
Total Observed scale gencov: -0.0157 (0.0128)
Mean z1*z2: -0.0215
Intercept: -0.0127 (0.0046)

Genetic Correlation
-------------------
Genetic Correlation: -0.2029 (0.1682)
Z-score: -1.2068
P: 0.2275


Summary of Genetic Correlation Results
p1                                                                                               p2      rg      se       z       p  h2_obs  h2_obs_se  h2_int  h2_int_se  gcov_int  gcov_int_se
/home/eerdem/CELLECT/cortical_ROI_CHARGE2020/model1d_frontalpole_SAMPLESIZE.sumstats.gz  /home/eerdem/CELLECT/gwas/BIG-S2_rs-fMRI/ukb_phase1to3_fmri_node_dec21_2019_pheno75.sumstats.gz -0.2029  0.1682 -1.2068  0.2275  0.0815     0.0167  1.0116     0.0069   -0.0127       0.0046

Analysis finished at Tue Dec  8 15:22:05 2020
Total time elapsed: 22.65s
