*********************************************************************
* LD Score Regression (LDSC)
* Version 1.0.0
* (C) 2014-2015 Brendan Bulik-Sullivan and Hilary Finucane
* Broad Institute of MIT and Harvard / MIT Department of Mathematics
* GNU General Public License v3
*********************************************************************
Call: 
./ldsc.py \
--ref-ld-chr eur_w_ld_chr/ \
--out /home/eerdem/notebooks/CELLECT-Analyser/out/genetic_correlation/gc/model1a_posteriorcingulate_ukb_phase1to3_dti441_dec21_2019_pheno112 \
--rg /home/eerdem/CELLECT/cortical_ROI_CHARGE2020/model1a_posteriorcingulate_SAMPLESIZE.sumstats.gz,/home/eerdem/CELLECT/gwas/BIG-S2_DTI2020_munged/ukb_phase1to3_dti441_dec21_2019_pheno112.sumstats.gz \
--w-ld-chr eur_w_ld_chr/ 

Beginning analysis at Tue Dec  8 16:03:42 2020
Reading summary statistics from /home/eerdem/CELLECT/cortical_ROI_CHARGE2020/model1a_posteriorcingulate_SAMPLESIZE.sumstats.gz ...
Read summary statistics for 1191332 SNPs.
Reading reference panel LD Score from eur_w_ld_chr/[1-22] ...
Read reference panel LD Scores for 1290028 SNPs.
Removing partitioned LD Scores with zero variance.
Reading regression weight LD Score from eur_w_ld_chr/[1-22] ...
Read regression weight LD Scores for 1290028 SNPs.
After merging with reference panel LD, 1174088 SNPs remain.
After merging with regression SNP LD, 1174088 SNPs remain.
Computing rg for phenotype 2/2
Reading summary statistics from /home/eerdem/CELLECT/gwas/BIG-S2_DTI2020_munged/ukb_phase1to3_dti441_dec21_2019_pheno112.sumstats.gz ...
Read summary statistics for 1149073 SNPs.
After merging with summary statistics, 1134835 SNPs remain.
1134835 SNPs with valid alleles.

Heritability of phenotype 1
---------------------------
Total Observed scale h2: 0.1919 (0.0291)
Lambda GC: 1.049
Mean Chi^2: 1.0568
Intercept: 0.9856 (0.0065)
Ratio < 0 (usually indicates GC correction).

Heritability of phenotype 2/2
-----------------------------
Total Observed scale h2: 0.2581 (0.0229)
Lambda GC: 1.1439
Mean Chi^2: 1.1822
Intercept: 1.0235 (0.0077)
Ratio: 0.1291 (0.0421)

Genetic Covariance
------------------
Total Observed scale gencov: -0.004 (0.0175)
Mean z1*z2: -0.0264
Intercept: -0.0264 (0.0048)

Genetic Correlation
-------------------
Genetic Correlation: -0.018 (0.0791)
Z-score: -0.2271
P: 0.8204


Summary of Genetic Correlation Results
p1                                                                                                    p2     rg      se       z       p  h2_obs  h2_obs_se  h2_int  h2_int_se  gcov_int  gcov_int_se
/home/eerdem/CELLECT/cortical_ROI_CHARGE2020/model1a_posteriorcingulate_SAMPLESIZE.sumstats.gz  /home/eerdem/CELLECT/gwas/BIG-S2_DTI2020_munged/ukb_phase1to3_dti441_dec21_2019_pheno112.sumstats.gz -0.018  0.0791 -0.2271  0.8204  0.2581     0.0229  1.0235     0.0077   -0.0264       0.0048

Analysis finished at Tue Dec  8 16:04:03 2020
Total time elapsed: 21.24s
