*********************************************************************
* LD Score Regression (LDSC)
* Version 1.0.0
* (C) 2014-2015 Brendan Bulik-Sullivan and Hilary Finucane
* Broad Institute of MIT and Harvard / MIT Department of Mathematics
* GNU General Public License v3
*********************************************************************
Call: 
./ldsc.py \
--ref-ld-chr eur_w_ld_chr/ \
--out /home/eerdem/notebooks/CELLECT-Analyser/out/genetic_correlation/gc/model1a_superiorparietal_model1d_superiorparietal \
--rg /home/eerdem/CELLECT/cortical_ROI_CHARGE2020/model1a_superiorparietal_SAMPLESIZE.sumstats.gz,/home/eerdem/CELLECT/cortical_ROI_CHARGE2020/model1d_superiorparietal_SAMPLESIZE.sumstats.gz \
--w-ld-chr eur_w_ld_chr/ 

Beginning analysis at Tue Dec  8 15:46:42 2020
Reading summary statistics from /home/eerdem/CELLECT/cortical_ROI_CHARGE2020/model1a_superiorparietal_SAMPLESIZE.sumstats.gz ...
Read summary statistics for 1191336 SNPs.
Reading reference panel LD Score from eur_w_ld_chr/[1-22] ...
Read reference panel LD Scores for 1290028 SNPs.
Removing partitioned LD Scores with zero variance.
Reading regression weight LD Score from eur_w_ld_chr/[1-22] ...
Read regression weight LD Scores for 1290028 SNPs.
After merging with reference panel LD, 1174092 SNPs remain.
After merging with regression SNP LD, 1174092 SNPs remain.
Computing rg for phenotype 2/2
Reading summary statistics from /home/eerdem/CELLECT/cortical_ROI_CHARGE2020/model1d_superiorparietal_SAMPLESIZE.sumstats.gz ...
Read summary statistics for 1186064 SNPs.
After merging with summary statistics, 1172585 SNPs remain.
1172585 SNPs with valid alleles.

Heritability of phenotype 1
---------------------------
Total Observed scale h2: 0.2434 (0.0282)
Lambda GC: 1.0519
Mean Chi^2: 1.0738
Intercept: 0.988 (0.0063)
Ratio < 0 (usually indicates GC correction).

Heritability of phenotype 2/2
-----------------------------
Total Observed scale h2: 0.192 (0.0236)
Lambda GC: 1.0553
Mean Chi^2: 1.0793
Intercept: 0.9961 (0.0071)
Ratio < 0 (usually indicates GC correction).

Genetic Covariance
------------------
Total Observed scale gencov: 0.1794 (0.0221)
Mean z1*z2: 0.7819
Intercept: 0.7121 (0.0061)

Genetic Correlation
-------------------
Genetic Correlation: 0.8298 (0.0317)
Z-score: 26.1402
P: 1.2743e-150


Summary of Genetic Correlation Results
p1                                                                                            p2      rg      se        z            p  h2_obs  h2_obs_se  h2_int  h2_int_se  gcov_int  gcov_int_se
/home/eerdem/CELLECT/cortical_ROI_CHARGE2020/model1a_superiorparietal_SAMPLESIZE.sumstats.gz  /home/eerdem/CELLECT/cortical_ROI_CHARGE2020/model1d_superiorparietal_SAMPLESIZE.sumstats.gz  0.8298  0.0317  26.1402  1.2743e-150   0.192     0.0236  0.9961     0.0071    0.7121       0.0061

Analysis finished at Tue Dec  8 15:47:05 2020
Total time elapsed: 23.35s
