*********************************************************************
* LD Score Regression (LDSC)
* Version 1.0.0
* (C) 2014-2015 Brendan Bulik-Sullivan and Hilary Finucane
* Broad Institute of MIT and Harvard / MIT Department of Mathematics
* GNU General Public License v3
*********************************************************************
Call: 
./ldsc.py \
--ref-ld-chr eur_w_ld_chr/ \
--out /home/eerdem/notebooks/CELLECT-Analyser/out/genetic_correlation/gc/model1d_superiortemporal_Net100_Node29 \
--rg /home/eerdem/CELLECT/cortical_ROI_CHARGE2020/model1d_superiortemporal_SAMPLESIZE.sumstats.gz,/home/eerdem/CELLECT/gwas/BIG-S2_rs-fMRI/ukb_phase1to3_fmri_node_dec21_2019_pheno50.sumstats.gz \
--w-ld-chr eur_w_ld_chr/ 

Beginning analysis at Tue Dec  8 17:58:42 2020
Reading summary statistics from /home/eerdem/CELLECT/cortical_ROI_CHARGE2020/model1d_superiortemporal_SAMPLESIZE.sumstats.gz ...
Read summary statistics for 1185921 SNPs.
Reading reference panel LD Score from eur_w_ld_chr/[1-22] ...
Read reference panel LD Scores for 1290028 SNPs.
Removing partitioned LD Scores with zero variance.
Reading regression weight LD Score from eur_w_ld_chr/[1-22] ...
Read regression weight LD Scores for 1290028 SNPs.
After merging with reference panel LD, 1173192 SNPs remain.
After merging with regression SNP LD, 1173192 SNPs remain.
Computing rg for phenotype 2/2
Reading summary statistics from /home/eerdem/CELLECT/gwas/BIG-S2_rs-fMRI/ukb_phase1to3_fmri_node_dec21_2019_pheno50.sumstats.gz ...
Read summary statistics for 1149479 SNPs.
After merging with summary statistics, 1135121 SNPs remain.
1135121 SNPs with valid alleles.

Heritability of phenotype 1
---------------------------
Total Observed scale h2: 0.2621 (0.0303)
Lambda GC: 1.0862
Mean Chi^2: 1.1053
Intercept: 0.9843 (0.0083)
Ratio < 0 (usually indicates GC correction).

Heritability of phenotype 2/2
-----------------------------
Total Observed scale h2: 0.1343 (0.0196)
Lambda GC: 1.0752
Mean Chi^2: 1.0964
Intercept: 1.0086 (0.0081)
Ratio: 0.0895 (0.0839)

Genetic Covariance
------------------
Total Observed scale gencov: 0.0007 (0.0135)
Mean z1*z2: -0.0033
Intercept: -0.0039 (0.0051)

Genetic Correlation
-------------------
Genetic Correlation: 0.0038 (0.0723)
Z-score: 0.0527
P: 0.958


Summary of Genetic Correlation Results
p1                                                                                               p2      rg      se       z      p  h2_obs  h2_obs_se  h2_int  h2_int_se  gcov_int  gcov_int_se
/home/eerdem/CELLECT/cortical_ROI_CHARGE2020/model1d_superiortemporal_SAMPLESIZE.sumstats.gz  /home/eerdem/CELLECT/gwas/BIG-S2_rs-fMRI/ukb_phase1to3_fmri_node_dec21_2019_pheno50.sumstats.gz  0.0038  0.0723  0.0527  0.958  0.1343     0.0196  1.0086     0.0081   -0.0039       0.0051

Analysis finished at Tue Dec  8 17:59:04 2020
Total time elapsed: 22.18s
