*********************************************************************
* LD Score Regression (LDSC)
* Version 1.0.0
* (C) 2014-2015 Brendan Bulik-Sullivan and Hilary Finucane
* Broad Institute of MIT and Harvard / MIT Department of Mathematics
* GNU General Public License v3
*********************************************************************
Call: 
./ldsc.py \
--ref-ld-chr eur_w_ld_chr/ \
--out /home/eerdem/notebooks/CELLECT-Analyser/out/genetic_correlation/gc/model1b_cortex_ukb_phase1to3_fapcs_dec21_2019_pheno47 \
--rg /home/eerdem/CELLECT/cortical_ROI_CHARGE2020/model1b_cortex_SAMPLESIZE.sumstats.gz,/home/eerdem/CELLECT/gwas/BIG-S2_DTI2020_munged/ukb_phase1to3_fapcs_dec21_2019_pheno47.sumstats.gz \
--w-ld-chr eur_w_ld_chr/ 

Beginning analysis at Tue Dec  8 17:01:42 2020
Reading summary statistics from /home/eerdem/CELLECT/cortical_ROI_CHARGE2020/model1b_cortex_SAMPLESIZE.sumstats.gz ...
Read summary statistics for 1074090 SNPs.
Reading reference panel LD Score from eur_w_ld_chr/[1-22] ...
Read reference panel LD Scores for 1290028 SNPs.
Removing partitioned LD Scores with zero variance.
Reading regression weight LD Score from eur_w_ld_chr/[1-22] ...
Read regression weight LD Scores for 1290028 SNPs.
After merging with reference panel LD, 1071566 SNPs remain.
After merging with regression SNP LD, 1071566 SNPs remain.
Computing rg for phenotype 2/2
Reading summary statistics from /home/eerdem/CELLECT/gwas/BIG-S2_DTI2020_munged/ukb_phase1to3_fapcs_dec21_2019_pheno47.sumstats.gz ...
Read summary statistics for 1149074 SNPs.
After merging with summary statistics, 1048955 SNPs remain.
1048955 SNPs with valid alleles.

Heritability of phenotype 1
---------------------------
Total Observed scale h2: 0.2531 (0.0278)
Lambda GC: 1.0827
Mean Chi^2: 1.1014
Intercept: 0.9843 (0.0081)
Ratio < 0 (usually indicates GC correction).

Heritability of phenotype 2/2
-----------------------------
Total Observed scale h2: 0.1525 (0.0236)
Lambda GC: 1.089
Mean Chi^2: 1.1167
Intercept: 1.0146 (0.0099)
Ratio: 0.1252 (0.0852)

Genetic Covariance
------------------
Total Observed scale gencov: -0.004 (0.0187)
Mean z1*z2: 0.0108
Intercept: 0.0107 (0.006)

Genetic Correlation
-------------------
Genetic Correlation: -0.0203 (0.0968)
Z-score: -0.2101
P: 0.8336


Summary of Genetic Correlation Results
p1                                                                                                  p2      rg      se       z       p  h2_obs  h2_obs_se  h2_int  h2_int_se  gcov_int  gcov_int_se
/home/eerdem/CELLECT/cortical_ROI_CHARGE2020/model1b_cortex_SAMPLESIZE.sumstats.gz  /home/eerdem/CELLECT/gwas/BIG-S2_DTI2020_munged/ukb_phase1to3_fapcs_dec21_2019_pheno47.sumstats.gz -0.0203  0.0968 -0.2101  0.8336  0.1525     0.0236  1.0146     0.0099    0.0107        0.006

Analysis finished at Tue Dec  8 17:02:07 2020
Total time elapsed: 24.58s
