*********************************************************************
* LD Score Regression (LDSC)
* Version 1.0.0
* (C) 2014-2015 Brendan Bulik-Sullivan and Hilary Finucane
* Broad Institute of MIT and Harvard / MIT Department of Mathematics
* GNU General Public License v3
*********************************************************************
Call: 
./ldsc.py \
--ref-ld-chr eur_w_ld_chr/ \
--out /home/eerdem/notebooks/CELLECT-Analyser/out/genetic_correlation/gc/model1d_cuneus_model1d_transversetemporal \
--rg /home/eerdem/CELLECT/cortical_ROI_CHARGE2020/model1d_cuneus_SAMPLESIZE.sumstats.gz,/home/eerdem/CELLECT/cortical_ROI_CHARGE2020/model1d_transversetemporal_SAMPLESIZE.sumstats.gz \
--w-ld-chr eur_w_ld_chr/ 

Beginning analysis at Tue Dec  8 15:30:57 2020
Reading summary statistics from /home/eerdem/CELLECT/cortical_ROI_CHARGE2020/model1d_cuneus_SAMPLESIZE.sumstats.gz ...
Read summary statistics for 1186141 SNPs.
Reading reference panel LD Score from eur_w_ld_chr/[1-22] ...
Read reference panel LD Scores for 1290028 SNPs.
Removing partitioned LD Scores with zero variance.
Reading regression weight LD Score from eur_w_ld_chr/[1-22] ...
Read regression weight LD Scores for 1290028 SNPs.
After merging with reference panel LD, 1173377 SNPs remain.
After merging with regression SNP LD, 1173377 SNPs remain.
Computing rg for phenotype 2/2
Reading summary statistics from /home/eerdem/CELLECT/cortical_ROI_CHARGE2020/model1d_transversetemporal_SAMPLESIZE.sumstats.gz ...
Read summary statistics for 1186171 SNPs.
After merging with summary statistics, 1173364 SNPs remain.
1173364 SNPs with valid alleles.

Heritability of phenotype 1
---------------------------
Total Observed scale h2: 0.2517 (0.0281)
Lambda GC: 1.0887
Mean Chi^2: 1.1056
Intercept: 0.9929 (0.0069)
Ratio < 0 (usually indicates GC correction).

Heritability of phenotype 2/2
-----------------------------
Total Observed scale h2: 0.2165 (0.023)
Lambda GC: 1.0729
Mean Chi^2: 1.0931
Intercept: 0.9957 (0.007)
Ratio < 0 (usually indicates GC correction).

Genetic Covariance
------------------
Total Observed scale gencov: 0.0123 (0.0171)
Mean z1*z2: 0.032
Intercept: 0.0273 (0.0042)

Genetic Correlation
-------------------
Genetic Correlation: 0.0525 (0.0737)
Z-score: 0.7129
P: 0.4759


Summary of Genetic Correlation Results
p1                                                                                              p2      rg      se       z       p  h2_obs  h2_obs_se  h2_int  h2_int_se  gcov_int  gcov_int_se
/home/eerdem/CELLECT/cortical_ROI_CHARGE2020/model1d_cuneus_SAMPLESIZE.sumstats.gz  /home/eerdem/CELLECT/cortical_ROI_CHARGE2020/model1d_transversetemporal_SAMPLESIZE.sumstats.gz  0.0525  0.0737  0.7129  0.4759  0.2165      0.023  0.9957      0.007    0.0273       0.0042

Analysis finished at Tue Dec  8 15:31:19 2020
Total time elapsed: 22.31s
