*********************************************************************
* LD Score Regression (LDSC)
* Version 1.0.0
* (C) 2014-2015 Brendan Bulik-Sullivan and Hilary Finucane
* Broad Institute of MIT and Harvard / MIT Department of Mathematics
* GNU General Public License v3
*********************************************************************
Call: 
./ldsc.py \
--ref-ld-chr eur_w_ld_chr/ \
--out /home/eerdem/notebooks/CELLECT-Analyser/out/genetic_correlation/gc/model1a_inferiorparietal_model1d_fusiform \
--rg /home/eerdem/CELLECT/cortical_ROI_CHARGE2020/model1a_inferiorparietal_SAMPLESIZE.sumstats.gz,/home/eerdem/CELLECT/cortical_ROI_CHARGE2020/model1d_fusiform_SAMPLESIZE.sumstats.gz \
--w-ld-chr eur_w_ld_chr/ 

Beginning analysis at Tue Dec  8 19:54:27 2020
Reading summary statistics from /home/eerdem/CELLECT/cortical_ROI_CHARGE2020/model1a_inferiorparietal_SAMPLESIZE.sumstats.gz ...
Read summary statistics for 1191335 SNPs.
Reading reference panel LD Score from eur_w_ld_chr/[1-22] ...
Read reference panel LD Scores for 1290028 SNPs.
Removing partitioned LD Scores with zero variance.
Reading regression weight LD Score from eur_w_ld_chr/[1-22] ...
Read regression weight LD Scores for 1290028 SNPs.
After merging with reference panel LD, 1174091 SNPs remain.
After merging with regression SNP LD, 1174091 SNPs remain.
Computing rg for phenotype 2/2
Reading summary statistics from /home/eerdem/CELLECT/cortical_ROI_CHARGE2020/model1d_fusiform_SAMPLESIZE.sumstats.gz ...
Read summary statistics for 1185474 SNPs.
After merging with summary statistics, 1172404 SNPs remain.
1172404 SNPs with valid alleles.

Heritability of phenotype 1
---------------------------
Total Observed scale h2: 0.2621 (0.0309)
Lambda GC: 1.0704
Mean Chi^2: 1.0891
Intercept: 0.997 (0.0065)
Ratio < 0 (usually indicates GC correction).

Heritability of phenotype 2/2
-----------------------------
Total Observed scale h2: 0.1772 (0.0256)
Lambda GC: 1.0587
Mean Chi^2: 1.0817
Intercept: 1.0024 (0.0069)
Ratio: 0.0292 (0.0844)

Genetic Covariance
------------------
Total Observed scale gencov: 0.0246 (0.0187)
Mean z1*z2: 0.0964
Intercept: 0.0869 (0.0048)

Genetic Correlation
-------------------
Genetic Correlation: 0.1143 (0.086)
Z-score: 1.3293
P: 0.1837


Summary of Genetic Correlation Results
p1                                                                                    p2      rg     se       z       p  h2_obs  h2_obs_se  h2_int  h2_int_se  gcov_int  gcov_int_se
/home/eerdem/CELLECT/cortical_ROI_CHARGE2020/model1a_inferiorparietal_SAMPLESIZE.sumstats.gz  /home/eerdem/CELLECT/cortical_ROI_CHARGE2020/model1d_fusiform_SAMPLESIZE.sumstats.gz  0.1143  0.086  1.3293  0.1837  0.1772     0.0256  1.0024     0.0069    0.0869       0.0048

Analysis finished at Tue Dec  8 19:54:49 2020
Total time elapsed: 21.42s
