*********************************************************************
* LD Score Regression (LDSC)
* Version 1.0.0
* (C) 2014-2015 Brendan Bulik-Sullivan and Hilary Finucane
* Broad Institute of MIT and Harvard / MIT Department of Mathematics
* GNU General Public License v3
*********************************************************************
Call: 
./ldsc.py \
--ref-ld-chr eur_w_ld_chr/ \
--out /home/eerdem/notebooks/CELLECT-Analyser/out/genetic_correlation/gc/model1a_superiorfrontal_Net100_Node32 \
--rg /home/eerdem/CELLECT/cortical_ROI_CHARGE2020/model1a_superiorfrontal_SAMPLESIZE.sumstats.gz,/home/eerdem/CELLECT/gwas/BIG-S2_rs-fMRI/ukb_phase1to3_fmri_node_dec21_2019_pheno53.sumstats.gz \
--w-ld-chr eur_w_ld_chr/ 

Beginning analysis at Tue Dec  8 18:02:57 2020
Reading summary statistics from /home/eerdem/CELLECT/cortical_ROI_CHARGE2020/model1a_superiorfrontal_SAMPLESIZE.sumstats.gz ...
Read summary statistics for 1191330 SNPs.
Reading reference panel LD Score from eur_w_ld_chr/[1-22] ...
Read reference panel LD Scores for 1290028 SNPs.
Removing partitioned LD Scores with zero variance.
Reading regression weight LD Score from eur_w_ld_chr/[1-22] ...
Read regression weight LD Scores for 1290028 SNPs.
After merging with reference panel LD, 1174086 SNPs remain.
After merging with regression SNP LD, 1174086 SNPs remain.
Computing rg for phenotype 2/2
Reading summary statistics from /home/eerdem/CELLECT/gwas/BIG-S2_rs-fMRI/ukb_phase1to3_fmri_node_dec21_2019_pheno53.sumstats.gz ...
Read summary statistics for 1149479 SNPs.
After merging with summary statistics, 1135267 SNPs remain.
1135267 SNPs with valid alleles.

Heritability of phenotype 1
---------------------------
Total Observed scale h2: 0.1971 (0.0281)
Lambda GC: 1.0597
Mean Chi^2: 1.072
Intercept: 1.0015 (0.007)
Ratio: 0.0209 (0.0977)

Heritability of phenotype 2/2
-----------------------------
Total Observed scale h2: 0.1077 (0.0167)
Lambda GC: 1.0586
Mean Chi^2: 1.0748
Intercept: 1.0044 (0.0069)
Ratio: 0.0583 (0.0923)

Genetic Covariance
------------------
Total Observed scale gencov: -0.0107 (0.0148)
Mean z1*z2: 0.0005
Intercept: 0.0066 (0.0051)

Genetic Correlation
-------------------
Genetic Correlation: -0.0737 (0.1012)
Z-score: -0.7281
P: 0.4666


Summary of Genetic Correlation Results
p1                                                                                               p2      rg      se       z       p  h2_obs  h2_obs_se  h2_int  h2_int_se  gcov_int  gcov_int_se
/home/eerdem/CELLECT/cortical_ROI_CHARGE2020/model1a_superiorfrontal_SAMPLESIZE.sumstats.gz  /home/eerdem/CELLECT/gwas/BIG-S2_rs-fMRI/ukb_phase1to3_fmri_node_dec21_2019_pheno53.sumstats.gz -0.0737  0.1012 -0.7281  0.4666  0.1077     0.0167  1.0044     0.0069    0.0066       0.0051

Analysis finished at Tue Dec  8 18:03:17 2020
Total time elapsed: 19.7s
