*********************************************************************
* LD Score Regression (LDSC)
* Version 1.0.0
* (C) 2014-2015 Brendan Bulik-Sullivan and Hilary Finucane
* Broad Institute of MIT and Harvard / MIT Department of Mathematics
* GNU General Public License v3
*********************************************************************
Call: 
./ldsc.py \
--ref-ld-chr eur_w_ld_chr/ \
--out /home/eerdem/notebooks/CELLECT-Analyser/out/genetic_correlation/gc/model1a_superiorfrontal_Net100_Node12 \
--rg /home/eerdem/CELLECT/cortical_ROI_CHARGE2020/model1a_superiorfrontal_SAMPLESIZE.sumstats.gz,/home/eerdem/CELLECT/gwas/BIG-S2_rs-fMRI/ukb_phase1to3_fmri_node_dec21_2019_pheno33.sumstats.gz \
--w-ld-chr eur_w_ld_chr/ 

Beginning analysis at Tue Dec  8 17:19:27 2020
Reading summary statistics from /home/eerdem/CELLECT/cortical_ROI_CHARGE2020/model1a_superiorfrontal_SAMPLESIZE.sumstats.gz ...
Read summary statistics for 1191330 SNPs.
Reading reference panel LD Score from eur_w_ld_chr/[1-22] ...
Read reference panel LD Scores for 1290028 SNPs.
Removing partitioned LD Scores with zero variance.
Reading regression weight LD Score from eur_w_ld_chr/[1-22] ...
Read regression weight LD Scores for 1290028 SNPs.
After merging with reference panel LD, 1174086 SNPs remain.
After merging with regression SNP LD, 1174086 SNPs remain.
Computing rg for phenotype 2/2
Reading summary statistics from /home/eerdem/CELLECT/gwas/BIG-S2_rs-fMRI/ukb_phase1to3_fmri_node_dec21_2019_pheno33.sumstats.gz ...
Read summary statistics for 1149479 SNPs.
After merging with summary statistics, 1135267 SNPs remain.
1135267 SNPs with valid alleles.

Heritability of phenotype 1
---------------------------
Total Observed scale h2: 0.1971 (0.0281)
Lambda GC: 1.0597
Mean Chi^2: 1.072
Intercept: 1.0015 (0.007)
Ratio: 0.0209 (0.0977)

Heritability of phenotype 2/2
-----------------------------
Total Observed scale h2: 0.1701 (0.0286)
Lambda GC: 1.0834
Mean Chi^2: 1.1184
Intercept: 1.0031 (0.0101)
Ratio: 0.0264 (0.0855)

Genetic Covariance
------------------
Total Observed scale gencov: -0.0194 (0.0157)
Mean z1*z2: -0.0214
Intercept: -0.0124 (0.0053)

Genetic Correlation
-------------------
Genetic Correlation: -0.1059 (0.0856)
Z-score: -1.237
P: 0.2161


Summary of Genetic Correlation Results
p1                                                                                               p2      rg      se      z       p  h2_obs  h2_obs_se  h2_int  h2_int_se  gcov_int  gcov_int_se
/home/eerdem/CELLECT/cortical_ROI_CHARGE2020/model1a_superiorfrontal_SAMPLESIZE.sumstats.gz  /home/eerdem/CELLECT/gwas/BIG-S2_rs-fMRI/ukb_phase1to3_fmri_node_dec21_2019_pheno33.sumstats.gz -0.1059  0.0856 -1.237  0.2161  0.1701     0.0286  1.0031     0.0101   -0.0124       0.0053

Analysis finished at Tue Dec  8 17:19:46 2020
Total time elapsed: 18.51s
