*********************************************************************
* LD Score Regression (LDSC)
* Version 1.0.0
* (C) 2014-2015 Brendan Bulik-Sullivan and Hilary Finucane
* Broad Institute of MIT and Harvard / MIT Department of Mathematics
* GNU General Public License v3
*********************************************************************
Call: 
./ldsc.py \
--ref-ld-chr eur_w_ld_chr/ \
--out /home/eerdem/notebooks/CELLECT-Analyser/out/genetic_correlation/gc/model1a_superiortemporal_Net25_Pair11_15 \
--rg /home/eerdem/CELLECT/cortical_ROI_CHARGE2020/model1a_superiortemporal_SAMPLESIZE.sumstats.gz,/home/eerdem/CELLECT/gwas/BIG-S2_rs-fMRI/ukb_phase1to3_fmri_edge_dec21_2019_pheno102.sumstats.gz \
--w-ld-chr eur_w_ld_chr/ 

Beginning analysis at Tue Dec  8 17:14:57 2020
Reading summary statistics from /home/eerdem/CELLECT/cortical_ROI_CHARGE2020/model1a_superiortemporal_SAMPLESIZE.sumstats.gz ...
Read summary statistics for 1191333 SNPs.
Reading reference panel LD Score from eur_w_ld_chr/[1-22] ...
Read reference panel LD Scores for 1290028 SNPs.
Removing partitioned LD Scores with zero variance.
Reading regression weight LD Score from eur_w_ld_chr/[1-22] ...
Read regression weight LD Scores for 1290028 SNPs.
After merging with reference panel LD, 1174089 SNPs remain.
After merging with regression SNP LD, 1174089 SNPs remain.
Computing rg for phenotype 2/2
Reading summary statistics from /home/eerdem/CELLECT/gwas/BIG-S2_rs-fMRI/ukb_phase1to3_fmri_edge_dec21_2019_pheno102.sumstats.gz ...
Read summary statistics for 1149479 SNPs.
After merging with summary statistics, 1135270 SNPs remain.
1135270 SNPs with valid alleles.

Heritability of phenotype 1
---------------------------
Total Observed scale h2: 0.307 (0.0531)
Lambda GC: 1.0729
Mean Chi^2: 1.0999
Intercept: 0.9835 (0.0099)
Ratio < 0 (usually indicates GC correction).

Heritability of phenotype 2/2
-----------------------------
Total Observed scale h2: 0.0498 (0.0138)
Lambda GC: 1.0343
Mean Chi^2: 1.0431
Intercept: 1.0107 (0.0063)
Ratio: 0.248 (0.1471)

Genetic Covariance
------------------
Total Observed scale gencov: 0.001 (0.0156)
Mean z1*z2: -0.007
Intercept: -0.0077 (0.0049)

Genetic Correlation
-------------------
Genetic Correlation: 0.008 (0.1285)
Z-score: 0.0624
P: 0.9502


Summary of Genetic Correlation Results
p1                                                                                                p2     rg      se       z       p  h2_obs  h2_obs_se  h2_int  h2_int_se  gcov_int  gcov_int_se
/home/eerdem/CELLECT/cortical_ROI_CHARGE2020/model1a_superiortemporal_SAMPLESIZE.sumstats.gz  /home/eerdem/CELLECT/gwas/BIG-S2_rs-fMRI/ukb_phase1to3_fmri_edge_dec21_2019_pheno102.sumstats.gz  0.008  0.1285  0.0624  0.9502  0.0498     0.0138  1.0107     0.0063   -0.0077       0.0049

Analysis finished at Tue Dec  8 17:15:21 2020
Total time elapsed: 23.9s
