*********************************************************************
* LD Score Regression (LDSC)
* Version 1.0.0
* (C) 2014-2015 Brendan Bulik-Sullivan and Hilary Finucane
* Broad Institute of MIT and Harvard / MIT Department of Mathematics
* GNU General Public License v3
*********************************************************************
Call: 
./ldsc.py \
--ref-ld-chr eur_w_ld_chr/ \
--out /home/eerdem/notebooks/CELLECT-Analyser/out/genetic_correlation/gc/model1b_rostralmiddlefrontal_Net100_Pair7_36 \
--rg /home/eerdem/CELLECT/cortical_ROI_CHARGE2020/model1b_rostralmiddlefrontal_SAMPLESIZE.sumstats.gz,/home/eerdem/CELLECT/gwas/BIG-S2_rs-fMRI/ukb_phase1to3_fmri_edge_dec21_2019_pheno812.sumstats.gz \
--w-ld-chr eur_w_ld_chr/ 

Beginning analysis at Tue Dec  8 16:11:42 2020
Reading summary statistics from /home/eerdem/CELLECT/cortical_ROI_CHARGE2020/model1b_rostralmiddlefrontal_SAMPLESIZE.sumstats.gz ...
Read summary statistics for 1186453 SNPs.
Reading reference panel LD Score from eur_w_ld_chr/[1-22] ...
Read reference panel LD Scores for 1290028 SNPs.
Removing partitioned LD Scores with zero variance.
Reading regression weight LD Score from eur_w_ld_chr/[1-22] ...
Read regression weight LD Scores for 1290028 SNPs.
After merging with reference panel LD, 1170095 SNPs remain.
After merging with regression SNP LD, 1170095 SNPs remain.
Computing rg for phenotype 2/2
Reading summary statistics from /home/eerdem/CELLECT/gwas/BIG-S2_rs-fMRI/ukb_phase1to3_fmri_edge_dec21_2019_pheno812.sumstats.gz ...
Read summary statistics for 1149479 SNPs.
After merging with summary statistics, 1132624 SNPs remain.
1132624 SNPs with valid alleles.

Heritability of phenotype 1
---------------------------
Total Observed scale h2: 0.0986 (0.0227)
Lambda GC: 1.0437
Mean Chi^2: 1.0453
Intercept: 1.0017 (0.0064)
Ratio: 0.0386 (0.1416)

Heritability of phenotype 2/2
-----------------------------
Total Observed scale h2: 0.0836 (0.0157)
Lambda GC: 1.072
Mean Chi^2: 1.0697
Intercept: 1.0153 (0.0067)
Ratio: 0.2202 (0.0965)

Genetic Covariance
------------------
Total Observed scale gencov: 0.0236 (0.0136)
Mean z1*z2: 0.0235
Intercept: 0.0105 (0.005)

Genetic Correlation
-------------------
Genetic Correlation: 0.2603 (0.1533)
Z-score: 1.6975
P: 0.0896


Summary of Genetic Correlation Results
p1                                                                                                p2      rg      se       z       p  h2_obs  h2_obs_se  h2_int  h2_int_se  gcov_int  gcov_int_se
/home/eerdem/CELLECT/cortical_ROI_CHARGE2020/model1b_rostralmiddlefrontal_SAMPLESIZE.sumstats.gz  /home/eerdem/CELLECT/gwas/BIG-S2_rs-fMRI/ukb_phase1to3_fmri_edge_dec21_2019_pheno812.sumstats.gz  0.2603  0.1533  1.6975  0.0896  0.0836     0.0157  1.0153     0.0067    0.0105        0.005

Analysis finished at Tue Dec  8 16:12:07 2020
Total time elapsed: 25.11s
