*********************************************************************
* LD Score Regression (LDSC)
* Version 1.0.0
* (C) 2014-2015 Brendan Bulik-Sullivan and Hilary Finucane
* Broad Institute of MIT and Harvard / MIT Department of Mathematics
* GNU General Public License v3
*********************************************************************
Call: 
./ldsc.py \
--ref-ld-chr eur_w_ld_chr/ \
--out /home/eerdem/notebooks/CELLECT-Analyser/out/genetic_correlation/gc/model1b_middletemporal_model1a_entorhinal \
--rg /home/eerdem/CELLECT/cortical_ROI_CHARGE2020/model1b_middletemporal_SAMPLESIZE.sumstats.gz,/home/eerdem/CELLECT/cortical_ROI_CHARGE2020/model1a_entorhinal_SAMPLESIZE.sumstats.gz \
--w-ld-chr eur_w_ld_chr/ 

Beginning analysis at Tue Dec  8 16:53:42 2020
Reading summary statistics from /home/eerdem/CELLECT/cortical_ROI_CHARGE2020/model1b_middletemporal_SAMPLESIZE.sumstats.gz ...
Read summary statistics for 1186349 SNPs.
Reading reference panel LD Score from eur_w_ld_chr/[1-22] ...
Read reference panel LD Scores for 1290028 SNPs.
Removing partitioned LD Scores with zero variance.
Reading regression weight LD Score from eur_w_ld_chr/[1-22] ...
Read regression weight LD Scores for 1290028 SNPs.
After merging with reference panel LD, 1169875 SNPs remain.
After merging with regression SNP LD, 1169875 SNPs remain.
Computing rg for phenotype 2/2
Reading summary statistics from /home/eerdem/CELLECT/cortical_ROI_CHARGE2020/model1a_entorhinal_SAMPLESIZE.sumstats.gz ...
Read summary statistics for 1191327 SNPs.
After merging with summary statistics, 1169578 SNPs remain.
1169578 SNPs with valid alleles.

Heritability of phenotype 1
---------------------------
Total Observed scale h2: 0.0823 (0.0223)
Lambda GC: 1.0365
Mean Chi^2: 1.0409
Intercept: 1.0065 (0.0063)
Ratio: 0.16 (0.1544)

Heritability of phenotype 2/2
-----------------------------
Total Observed scale h2: 0.1322 (0.028)
Lambda GC: 1.0327
Mean Chi^2: 1.038
Intercept: 0.9887 (0.0065)
Ratio < 0 (usually indicates GC correction).

Genetic Covariance
------------------
Total Observed scale gencov: 0.0111 (0.0195)
Mean z1*z2: -0.0905
Intercept: -0.0941 (0.0047)

Genetic Correlation
-------------------
Genetic Correlation: 0.1063 (0.1977)
Z-score: 0.5375
P: 0.5909


Summary of Genetic Correlation Results
p1                                                                                      p2      rg      se       z       p  h2_obs  h2_obs_se  h2_int  h2_int_se  gcov_int  gcov_int_se
/home/eerdem/CELLECT/cortical_ROI_CHARGE2020/model1b_middletemporal_SAMPLESIZE.sumstats.gz  /home/eerdem/CELLECT/cortical_ROI_CHARGE2020/model1a_entorhinal_SAMPLESIZE.sumstats.gz  0.1063  0.1977  0.5375  0.5909  0.1322      0.028  0.9887     0.0065   -0.0941       0.0047

Analysis finished at Tue Dec  8 16:54:03 2020
Total time elapsed: 21.01s
