*********************************************************************
* LD Score Regression (LDSC)
* Version 1.0.0
* (C) 2014-2015 Brendan Bulik-Sullivan and Hilary Finucane
* Broad Institute of MIT and Harvard / MIT Department of Mathematics
* GNU General Public License v3
*********************************************************************
Call: 
./ldsc.py \
--ref-ld-chr eur_w_ld_chr/ \
--out /home/eerdem/notebooks/CELLECT-Analyser/out/genetic_correlation/gc/model1d_bankssts_Net100_Node51 \
--rg /home/eerdem/CELLECT/cortical_ROI_CHARGE2020/model1d_bankssts_SAMPLESIZE.sumstats.gz,/home/eerdem/CELLECT/gwas/BIG-S2_rs-fMRI/ukb_phase1to3_fmri_node_dec21_2019_pheno72.sumstats.gz \
--w-ld-chr eur_w_ld_chr/ 

Beginning analysis at Tue Dec  8 19:48:42 2020
Reading summary statistics from /home/eerdem/CELLECT/cortical_ROI_CHARGE2020/model1d_bankssts_SAMPLESIZE.sumstats.gz ...
Read summary statistics for 1186004 SNPs.
Reading reference panel LD Score from eur_w_ld_chr/[1-22] ...
Read reference panel LD Scores for 1290028 SNPs.
Removing partitioned LD Scores with zero variance.
Reading regression weight LD Score from eur_w_ld_chr/[1-22] ...
Read regression weight LD Scores for 1290028 SNPs.
After merging with reference panel LD, 1173293 SNPs remain.
After merging with regression SNP LD, 1173293 SNPs remain.
Computing rg for phenotype 2/2
Reading summary statistics from /home/eerdem/CELLECT/gwas/BIG-S2_rs-fMRI/ukb_phase1to3_fmri_node_dec21_2019_pheno72.sumstats.gz ...
Read summary statistics for 1149479 SNPs.
After merging with summary statistics, 1135198 SNPs remain.
1135198 SNPs with valid alleles.

Heritability of phenotype 1
---------------------------
Total Observed scale h2: 0.1424 (0.0239)
Lambda GC: 1.0582
Mean Chi^2: 1.0642
Intercept: 1.0011 (0.0069)
Ratio: 0.0173 (0.1077)

Heritability of phenotype 2/2
-----------------------------
Total Observed scale h2: 0.1022 (0.0188)
Lambda GC: 1.0559
Mean Chi^2: 1.0702
Intercept: 1.0025 (0.0078)
Ratio: 0.036 (0.1106)

Genetic Covariance
------------------
Total Observed scale gencov: -0.0158 (0.0125)
Mean z1*z2: -0.0081
Intercept: 0.0007 (0.0045)

Genetic Correlation
-------------------
Genetic Correlation: -0.1306 (0.1033)
Z-score: -1.2648
P: 0.2059


Summary of Genetic Correlation Results
p1                                                                                               p2      rg      se       z       p  h2_obs  h2_obs_se  h2_int  h2_int_se  gcov_int  gcov_int_se
/home/eerdem/CELLECT/cortical_ROI_CHARGE2020/model1d_bankssts_SAMPLESIZE.sumstats.gz  /home/eerdem/CELLECT/gwas/BIG-S2_rs-fMRI/ukb_phase1to3_fmri_node_dec21_2019_pheno72.sumstats.gz -0.1306  0.1033 -1.2648  0.2059  0.1022     0.0188  1.0025     0.0078    0.0007       0.0045

Analysis finished at Tue Dec  8 19:49:03 2020
Total time elapsed: 21.27s
