*********************************************************************
* LD Score Regression (LDSC)
* Version 1.0.0
* (C) 2014-2015 Brendan Bulik-Sullivan and Hilary Finucane
* Broad Institute of MIT and Harvard / MIT Department of Mathematics
* GNU General Public License v3
*********************************************************************
Call: 
./ldsc.py \
--ref-ld-chr eur_w_ld_chr/ \
--out /home/eerdem/notebooks/CELLECT-Analyser/out/genetic_correlation/gc/model1d_caudalanteriorcingulate_ukb_phase1to3_fapcs_dec21_2019_pheno17 \
--rg /home/eerdem/CELLECT/cortical_ROI_CHARGE2020/model1d_caudalanteriorcingulate_SAMPLESIZE.sumstats.gz,/home/eerdem/CELLECT/gwas/BIG-S2_DTI2020_munged/ukb_phase1to3_fapcs_dec21_2019_pheno17.sumstats.gz \
--w-ld-chr eur_w_ld_chr/ 

Beginning analysis at Tue Dec  8 17:02:12 2020
Reading summary statistics from /home/eerdem/CELLECT/cortical_ROI_CHARGE2020/model1d_caudalanteriorcingulate_SAMPLESIZE.sumstats.gz ...
Read summary statistics for 1186227 SNPs.
Reading reference panel LD Score from eur_w_ld_chr/[1-22] ...
Read reference panel LD Scores for 1290028 SNPs.
Removing partitioned LD Scores with zero variance.
Reading regression weight LD Score from eur_w_ld_chr/[1-22] ...
Read regression weight LD Scores for 1290028 SNPs.
After merging with reference panel LD, 1173397 SNPs remain.
After merging with regression SNP LD, 1173397 SNPs remain.
Computing rg for phenotype 2/2
Reading summary statistics from /home/eerdem/CELLECT/gwas/BIG-S2_DTI2020_munged/ukb_phase1to3_fapcs_dec21_2019_pheno17.sumstats.gz ...
Read summary statistics for 1149074 SNPs.
After merging with summary statistics, 1134822 SNPs remain.
1134822 SNPs with valid alleles.

Heritability of phenotype 1
---------------------------
Total Observed scale h2: 0.1491 (0.0241)
Lambda GC: 1.0601
Mean Chi^2: 1.0715
Intercept: 1.0036 (0.0071)
Ratio: 0.0499 (0.0999)

Heritability of phenotype 2/2
-----------------------------
Total Observed scale h2: 0.2056 (0.0224)
Lambda GC: 1.116
Mean Chi^2: 1.1484
Intercept: 1.0183 (0.0072)
Ratio: 0.123 (0.0484)

Genetic Covariance
------------------
Total Observed scale gencov: -0.0166 (0.0137)
Mean z1*z2: -8.6808e-05
Intercept: 0.0082 (0.0049)

Genetic Correlation
-------------------
Genetic Correlation: -0.0949 (0.0791)
Z-score: -1.1994
P: 0.2304


Summary of Genetic Correlation Results
p1                                                                                                  p2      rg      se       z       p  h2_obs  h2_obs_se  h2_int  h2_int_se  gcov_int  gcov_int_se
/home/eerdem/CELLECT/cortical_ROI_CHARGE2020/model1d_caudalanteriorcingulate_SAMPLESIZE.sumstats.gz  /home/eerdem/CELLECT/gwas/BIG-S2_DTI2020_munged/ukb_phase1to3_fapcs_dec21_2019_pheno17.sumstats.gz -0.0949  0.0791 -1.1994  0.2304  0.2056     0.0224  1.0183     0.0072    0.0082       0.0049

Analysis finished at Tue Dec  8 17:02:39 2020
Total time elapsed: 26.28s
