*********************************************************************
* LD Score Regression (LDSC)
* Version 1.0.0
* (C) 2014-2015 Brendan Bulik-Sullivan and Hilary Finucane
* Broad Institute of MIT and Harvard / MIT Department of Mathematics
* GNU General Public License v3
*********************************************************************
Call: 
./ldsc.py \
--ref-ld-chr eur_w_ld_chr/ \
--out /home/eerdem/notebooks/CELLECT-Analyser/out/genetic_correlation/gc/model1a_posteriorcingulate_ukb_phase1to3_dti441_dec21_2019_pheno82 \
--rg /home/eerdem/CELLECT/cortical_ROI_CHARGE2020/model1a_posteriorcingulate_SAMPLESIZE.sumstats.gz,/home/eerdem/CELLECT/gwas/BIG-S2_DTI2020_munged/ukb_phase1to3_dti441_dec21_2019_pheno82.sumstats.gz \
--w-ld-chr eur_w_ld_chr/ 

Beginning analysis at Tue Dec  8 18:23:27 2020
Reading summary statistics from /home/eerdem/CELLECT/cortical_ROI_CHARGE2020/model1a_posteriorcingulate_SAMPLESIZE.sumstats.gz ...
Read summary statistics for 1191332 SNPs.
Reading reference panel LD Score from eur_w_ld_chr/[1-22] ...
Read reference panel LD Scores for 1290028 SNPs.
Removing partitioned LD Scores with zero variance.
Reading regression weight LD Score from eur_w_ld_chr/[1-22] ...
Read regression weight LD Scores for 1290028 SNPs.
After merging with reference panel LD, 1174088 SNPs remain.
After merging with regression SNP LD, 1174088 SNPs remain.
Computing rg for phenotype 2/2
Reading summary statistics from /home/eerdem/CELLECT/gwas/BIG-S2_DTI2020_munged/ukb_phase1to3_dti441_dec21_2019_pheno82.sumstats.gz ...
Read summary statistics for 1149074 SNPs.
After merging with summary statistics, 1134836 SNPs remain.
1134836 SNPs with valid alleles.

Heritability of phenotype 1
---------------------------
Total Observed scale h2: 0.1919 (0.0291)
Lambda GC: 1.049
Mean Chi^2: 1.0568
Intercept: 0.9856 (0.0065)
Ratio < 0 (usually indicates GC correction).

Heritability of phenotype 2/2
-----------------------------
Total Observed scale h2: 0.1799 (0.0197)
Lambda GC: 1.0949
Mean Chi^2: 1.1048
Intercept: 0.9903 (0.0073)
Ratio < 0 (usually indicates GC correction).

Genetic Covariance
------------------
Total Observed scale gencov: 0.0466 (0.0185)
Mean z1*z2: -0.0034
Intercept: -0.0291 (0.0052)

Genetic Correlation
-------------------
Genetic Correlation: 0.2509 (0.0946)
Z-score: 2.6529
P: 0.008


Summary of Genetic Correlation Results
p1                                                                                                   p2      rg      se       z      p  h2_obs  h2_obs_se  h2_int  h2_int_se  gcov_int  gcov_int_se
/home/eerdem/CELLECT/cortical_ROI_CHARGE2020/model1a_posteriorcingulate_SAMPLESIZE.sumstats.gz  /home/eerdem/CELLECT/gwas/BIG-S2_DTI2020_munged/ukb_phase1to3_dti441_dec21_2019_pheno82.sumstats.gz  0.2509  0.0946  2.6529  0.008  0.1799     0.0197  0.9903     0.0073   -0.0291       0.0052

Analysis finished at Tue Dec  8 18:23:50 2020
Total time elapsed: 22.68s
