*********************************************************************
* LD Score Regression (LDSC)
* Version 1.0.0
* (C) 2014-2015 Brendan Bulik-Sullivan and Hilary Finucane
* Broad Institute of MIT and Harvard / MIT Department of Mathematics
* GNU General Public License v3
*********************************************************************
Call: 
./ldsc.py \
--ref-ld-chr eur_w_ld_chr/ \
--out /home/eerdem/notebooks/CELLECT-Analyser/out/genetic_correlation/gc/model1b_insula_Net100_Node55 \
--rg /home/eerdem/CELLECT/cortical_ROI_CHARGE2020/model1b_insula_SAMPLESIZE.sumstats.gz,/home/eerdem/CELLECT/gwas/BIG-S2_rs-fMRI/ukb_phase1to3_fmri_node_dec21_2019_pheno76.sumstats.gz \
--w-ld-chr eur_w_ld_chr/ 

Beginning analysis at Tue Dec  8 16:00:12 2020
Reading summary statistics from /home/eerdem/CELLECT/cortical_ROI_CHARGE2020/model1b_insula_SAMPLESIZE.sumstats.gz ...
Read summary statistics for 1186349 SNPs.
Reading reference panel LD Score from eur_w_ld_chr/[1-22] ...
Read reference panel LD Scores for 1290028 SNPs.
Removing partitioned LD Scores with zero variance.
Reading regression weight LD Score from eur_w_ld_chr/[1-22] ...
Read regression weight LD Scores for 1290028 SNPs.
After merging with reference panel LD, 1169875 SNPs remain.
After merging with regression SNP LD, 1169875 SNPs remain.
Computing rg for phenotype 2/2
Reading summary statistics from /home/eerdem/CELLECT/gwas/BIG-S2_rs-fMRI/ukb_phase1to3_fmri_node_dec21_2019_pheno76.sumstats.gz ...
Read summary statistics for 1149479 SNPs.
After merging with summary statistics, 1132455 SNPs remain.
1132455 SNPs with valid alleles.

Heritability of phenotype 1
---------------------------
Total Observed scale h2: 0.1383 (0.0282)
Lambda GC: 1.05
Mean Chi^2: 1.0692
Intercept: 1.0086 (0.0074)
Ratio: 0.1243 (0.1074)

Heritability of phenotype 2/2
-----------------------------
Total Observed scale h2: 0.104 (0.017)
Lambda GC: 1.0749
Mean Chi^2: 1.0818
Intercept: 1.0132 (0.0073)
Ratio: 0.1617 (0.0892)

Genetic Covariance
------------------
Total Observed scale gencov: -0.0072 (0.0147)
Mean z1*z2: -0.0154
Intercept: -0.0121 (0.0055)

Genetic Correlation
-------------------
Genetic Correlation: -0.0604 (0.1273)
Z-score: -0.4742
P: 0.6353


Summary of Genetic Correlation Results
p1                                                                                               p2      rg      se       z       p  h2_obs  h2_obs_se  h2_int  h2_int_se  gcov_int  gcov_int_se
/home/eerdem/CELLECT/cortical_ROI_CHARGE2020/model1b_insula_SAMPLESIZE.sumstats.gz  /home/eerdem/CELLECT/gwas/BIG-S2_rs-fMRI/ukb_phase1to3_fmri_node_dec21_2019_pheno76.sumstats.gz -0.0604  0.1273 -0.4742  0.6353   0.104      0.017  1.0132     0.0073   -0.0121       0.0055

Analysis finished at Tue Dec  8 16:00:33 2020
Total time elapsed: 20.54s
