*********************************************************************
* LD Score Regression (LDSC)
* Version 1.0.0
* (C) 2014-2015 Brendan Bulik-Sullivan and Hilary Finucane
* Broad Institute of MIT and Harvard / MIT Department of Mathematics
* GNU General Public License v3
*********************************************************************
Call: 
./ldsc.py \
--ref-ld-chr eur_w_ld_chr/ \
--out /home/eerdem/notebooks/CELLECT-Analyser/out/genetic_correlation/gc/model1a_insula_ukb_phase1to3_fapcs_dec21_2019_pheno33 \
--rg /home/eerdem/CELLECT/cortical_ROI_CHARGE2020/model1a_insula_SAMPLESIZE.sumstats.gz,/home/eerdem/CELLECT/gwas/BIG-S2_DTI2020_munged/ukb_phase1to3_fapcs_dec21_2019_pheno33.sumstats.gz \
--w-ld-chr eur_w_ld_chr/ 

Beginning analysis at Tue Dec  8 18:51:57 2020
Reading summary statistics from /home/eerdem/CELLECT/cortical_ROI_CHARGE2020/model1a_insula_SAMPLESIZE.sumstats.gz ...
Read summary statistics for 1189470 SNPs.
Reading reference panel LD Score from eur_w_ld_chr/[1-22] ...
Read reference panel LD Scores for 1290028 SNPs.
Removing partitioned LD Scores with zero variance.
Reading regression weight LD Score from eur_w_ld_chr/[1-22] ...
Read regression weight LD Scores for 1290028 SNPs.
After merging with reference panel LD, 1172167 SNPs remain.
After merging with regression SNP LD, 1172167 SNPs remain.
Computing rg for phenotype 2/2
Reading summary statistics from /home/eerdem/CELLECT/gwas/BIG-S2_DTI2020_munged/ukb_phase1to3_fapcs_dec21_2019_pheno33.sumstats.gz ...
Read summary statistics for 1149074 SNPs.
After merging with summary statistics, 1133475 SNPs remain.
1133475 SNPs with valid alleles.

Heritability of phenotype 1
---------------------------
Total Observed scale h2: 0.1823 (0.0307)
Lambda GC: 1.0655
Mean Chi^2: 1.0682
Intercept: 1.0026 (0.0073)
Ratio: 0.0381 (0.1072)

Heritability of phenotype 2/2
-----------------------------
Total Observed scale h2: 0.2955 (0.0287)
Lambda GC: 1.1446
Mean Chi^2: 1.1993
Intercept: 1.0084 (0.0092)
Ratio: 0.0421 (0.046)

Genetic Covariance
------------------
Total Observed scale gencov: -0.0251 (0.0193)
Mean z1*z2: 0.0084
Intercept: 0.0184 (0.0048)

Genetic Correlation
-------------------
Genetic Correlation: -0.1083 (0.0855)
Z-score: -1.2675
P: 0.205


Summary of Genetic Correlation Results
p1                                                                                                  p2      rg      se       z      p  h2_obs  h2_obs_se  h2_int  h2_int_se  gcov_int  gcov_int_se
/home/eerdem/CELLECT/cortical_ROI_CHARGE2020/model1a_insula_SAMPLESIZE.sumstats.gz  /home/eerdem/CELLECT/gwas/BIG-S2_DTI2020_munged/ukb_phase1to3_fapcs_dec21_2019_pheno33.sumstats.gz -0.1083  0.0855 -1.2675  0.205  0.2955     0.0287  1.0084     0.0092    0.0184       0.0048

Analysis finished at Tue Dec  8 18:52:21 2020
Total time elapsed: 23.39s
