*********************************************************************
* LD Score Regression (LDSC)
* Version 1.0.0
* (C) 2014-2015 Brendan Bulik-Sullivan and Hilary Finucane
* Broad Institute of MIT and Harvard / MIT Department of Mathematics
* GNU General Public License v3
*********************************************************************
Call: 
./ldsc.py \
--ref-ld-chr eur_w_ld_chr/ \
--out /home/eerdem/notebooks/CELLECT-Analyser/out/genetic_correlation/gc/model1d_supramarginal_model1d_frontalpole \
--rg /home/eerdem/CELLECT/cortical_ROI_CHARGE2020/model1d_supramarginal_SAMPLESIZE.sumstats.gz,/home/eerdem/CELLECT/cortical_ROI_CHARGE2020/model1d_frontalpole_SAMPLESIZE.sumstats.gz \
--w-ld-chr eur_w_ld_chr/ 

Beginning analysis at Tue Dec  8 19:04:42 2020
Reading summary statistics from /home/eerdem/CELLECT/cortical_ROI_CHARGE2020/model1d_supramarginal_SAMPLESIZE.sumstats.gz ...
Read summary statistics for 1185720 SNPs.
Reading reference panel LD Score from eur_w_ld_chr/[1-22] ...
Read reference panel LD Scores for 1290028 SNPs.
Removing partitioned LD Scores with zero variance.
Reading regression weight LD Score from eur_w_ld_chr/[1-22] ...
Read regression weight LD Scores for 1290028 SNPs.
After merging with reference panel LD, 1173155 SNPs remain.
After merging with regression SNP LD, 1173155 SNPs remain.
Computing rg for phenotype 2/2
Reading summary statistics from /home/eerdem/CELLECT/cortical_ROI_CHARGE2020/model1d_frontalpole_SAMPLESIZE.sumstats.gz ...
Read summary statistics for 1186479 SNPs.
After merging with summary statistics, 1173136 SNPs remain.
1173136 SNPs with valid alleles.

Heritability of phenotype 1
---------------------------
Total Observed scale h2: 0.1622 (0.027)
Lambda GC: 1.0675
Mean Chi^2: 1.0791
Intercept: 1.0074 (0.0072)
Ratio: 0.0941 (0.091)

Heritability of phenotype 2/2
-----------------------------
Total Observed scale h2: 0.0696 (0.0222)
Lambda GC: 1.0303
Mean Chi^2: 1.0345
Intercept: 1.0034 (0.0062)
Ratio: 0.0974 (0.1804)

Genetic Covariance
------------------
Total Observed scale gencov: -0.0192 (0.0155)
Mean z1*z2: -0.0474
Intercept: -0.0387 (0.0041)

Genetic Correlation
-------------------
Genetic Correlation: -0.1806 (0.1432)
Z-score: -1.2609
P: 0.2073


Summary of Genetic Correlation Results
p1                                                                                       p2      rg      se       z       p  h2_obs  h2_obs_se  h2_int  h2_int_se  gcov_int  gcov_int_se
/home/eerdem/CELLECT/cortical_ROI_CHARGE2020/model1d_supramarginal_SAMPLESIZE.sumstats.gz  /home/eerdem/CELLECT/cortical_ROI_CHARGE2020/model1d_frontalpole_SAMPLESIZE.sumstats.gz -0.1806  0.1432 -1.2609  0.2073  0.0696     0.0222  1.0034     0.0062   -0.0387       0.0041

Analysis finished at Tue Dec  8 19:05:05 2020
Total time elapsed: 22.82s
