*********************************************************************
* LD Score Regression (LDSC)
* Version 1.0.0
* (C) 2014-2015 Brendan Bulik-Sullivan and Hilary Finucane
* Broad Institute of MIT and Harvard / MIT Department of Mathematics
* GNU General Public License v3
*********************************************************************
Call: 
./ldsc.py \
--ref-ld-chr eur_w_ld_chr/ \
--out /home/eerdem/notebooks/CELLECT-Analyser/out/genetic_correlation/gc/model1b_inferiorparietal_Net25_Node4 \
--rg /home/eerdem/CELLECT/cortical_ROI_CHARGE2020/model1b_inferiorparietal_SAMPLESIZE.sumstats.gz,/home/eerdem/CELLECT/gwas/BIG-S2_rs-fMRI/ukb_phase1to3_fmri_node_dec21_2019_pheno4.sumstats.gz \
--w-ld-chr eur_w_ld_chr/ 

Beginning analysis at Tue Dec  8 17:32:12 2020
Reading summary statistics from /home/eerdem/CELLECT/cortical_ROI_CHARGE2020/model1b_inferiorparietal_SAMPLESIZE.sumstats.gz ...
Read summary statistics for 1186455 SNPs.
Reading reference panel LD Score from eur_w_ld_chr/[1-22] ...
Read reference panel LD Scores for 1290028 SNPs.
Removing partitioned LD Scores with zero variance.
Reading regression weight LD Score from eur_w_ld_chr/[1-22] ...
Read regression weight LD Scores for 1290028 SNPs.
After merging with reference panel LD, 1170096 SNPs remain.
After merging with regression SNP LD, 1170096 SNPs remain.
Computing rg for phenotype 2/2
Reading summary statistics from /home/eerdem/CELLECT/gwas/BIG-S2_rs-fMRI/ukb_phase1to3_fmri_node_dec21_2019_pheno4.sumstats.gz ...
Read summary statistics for 1149479 SNPs.
After merging with summary statistics, 1132625 SNPs remain.
1132625 SNPs with valid alleles.

Heritability of phenotype 1
---------------------------
Total Observed scale h2: 0.0647 (0.0215)
Lambda GC: 1.0151
Mean Chi^2: 1.0258
Intercept: 0.9979 (0.0061)
Ratio < 0 (usually indicates GC correction).

Heritability of phenotype 2/2
-----------------------------
Total Observed scale h2: 0.1061 (0.0184)
Lambda GC: 1.06
Mean Chi^2: 1.0744
Intercept: 1.0041 (0.0078)
Ratio: 0.0548 (0.1054)

Genetic Covariance
------------------
Total Observed scale gencov: -0.0142 (0.0123)
Mean z1*z2: 0.0098
Intercept: 0.017 (0.0043)

Genetic Correlation
-------------------
Genetic Correlation: -0.1712 (0.1509)
Z-score: -1.1344
P: 0.2566


Summary of Genetic Correlation Results
p1                                                                                              p2      rg      se       z       p  h2_obs  h2_obs_se  h2_int  h2_int_se  gcov_int  gcov_int_se
/home/eerdem/CELLECT/cortical_ROI_CHARGE2020/model1b_inferiorparietal_SAMPLESIZE.sumstats.gz  /home/eerdem/CELLECT/gwas/BIG-S2_rs-fMRI/ukb_phase1to3_fmri_node_dec21_2019_pheno4.sumstats.gz -0.1712  0.1509 -1.1344  0.2566  0.1061     0.0184  1.0041     0.0078     0.017       0.0043

Analysis finished at Tue Dec  8 17:32:36 2020
Total time elapsed: 24.12s
