*********************************************************************
* LD Score Regression (LDSC)
* Version 1.0.0
* (C) 2014-2015 Brendan Bulik-Sullivan and Hilary Finucane
* Broad Institute of MIT and Harvard / MIT Department of Mathematics
* GNU General Public License v3
*********************************************************************
Call: 
./ldsc.py \
--ref-ld-chr eur_w_ld_chr/ \
--out /home/eerdem/notebooks/CELLECT-Analyser/out/genetic_correlation/gc/model1b_middletemporal_Net100_Pair7_11 \
--rg /home/eerdem/CELLECT/cortical_ROI_CHARGE2020/model1b_middletemporal_SAMPLESIZE.sumstats.gz,/home/eerdem/CELLECT/gwas/BIG-S2_rs-fMRI/ukb_phase1to3_fmri_edge_dec21_2019_pheno262.sumstats.gz \
--w-ld-chr eur_w_ld_chr/ 

Beginning analysis at Tue Dec  8 18:42:27 2020
Reading summary statistics from /home/eerdem/CELLECT/cortical_ROI_CHARGE2020/model1b_middletemporal_SAMPLESIZE.sumstats.gz ...
Read summary statistics for 1186349 SNPs.
Reading reference panel LD Score from eur_w_ld_chr/[1-22] ...
Read reference panel LD Scores for 1290028 SNPs.
Removing partitioned LD Scores with zero variance.
Reading regression weight LD Score from eur_w_ld_chr/[1-22] ...
Read regression weight LD Scores for 1290028 SNPs.
After merging with reference panel LD, 1169875 SNPs remain.
After merging with regression SNP LD, 1169875 SNPs remain.
Computing rg for phenotype 2/2
Reading summary statistics from /home/eerdem/CELLECT/gwas/BIG-S2_rs-fMRI/ukb_phase1to3_fmri_edge_dec21_2019_pheno262.sumstats.gz ...
Read summary statistics for 1149479 SNPs.
After merging with summary statistics, 1132455 SNPs remain.
1132455 SNPs with valid alleles.

Heritability of phenotype 1
---------------------------
Total Observed scale h2: 0.0809 (0.0231)
Lambda GC: 1.0379
Mean Chi^2: 1.0422
Intercept: 1.0079 (0.0068)
Ratio: 0.187 (0.1611)

Heritability of phenotype 2/2
-----------------------------
Total Observed scale h2: 0.1125 (0.0156)
Lambda GC: 1.0539
Mean Chi^2: 1.0643
Intercept: 0.9902 (0.0063)
Ratio < 0 (usually indicates GC correction).

Genetic Covariance
------------------
Total Observed scale gencov: 0.0061 (0.0124)
Mean z1*z2: 0.0107
Intercept: 0.0079 (0.0046)

Genetic Correlation
-------------------
Genetic Correlation: 0.0644 (0.1325)
Z-score: 0.4862
P: 0.6268


Summary of Genetic Correlation Results
p1                                                                                                p2      rg      se       z       p  h2_obs  h2_obs_se  h2_int  h2_int_se  gcov_int  gcov_int_se
/home/eerdem/CELLECT/cortical_ROI_CHARGE2020/model1b_middletemporal_SAMPLESIZE.sumstats.gz  /home/eerdem/CELLECT/gwas/BIG-S2_rs-fMRI/ukb_phase1to3_fmri_edge_dec21_2019_pheno262.sumstats.gz  0.0644  0.1325  0.4862  0.6268  0.1125     0.0156  0.9902     0.0063    0.0079       0.0046

Analysis finished at Tue Dec  8 18:42:49 2020
Total time elapsed: 21.83s
