*********************************************************************
* LD Score Regression (LDSC)
* Version 1.0.0
* (C) 2014-2015 Brendan Bulik-Sullivan and Hilary Finucane
* Broad Institute of MIT and Harvard / MIT Department of Mathematics
* GNU General Public License v3
*********************************************************************
Call: 
./ldsc.py \
--ref-ld-chr eur_w_ld_chr/ \
--out /home/eerdem/notebooks/CELLECT-Analyser/out/genetic_correlation/gc/model1d_caudalmiddlefrontal_Net100_Pair29_39 \
--rg /home/eerdem/CELLECT/cortical_ROI_CHARGE2020/model1d_caudalmiddlefrontal_SAMPLESIZE.sumstats.gz,/home/eerdem/CELLECT/gwas/BIG-S2_rs-fMRI/ukb_phase1to3_fmri_edge_dec21_2019_pheno942.sumstats.gz \
--w-ld-chr eur_w_ld_chr/ 

Beginning analysis at Tue Dec  8 15:55:12 2020
Reading summary statistics from /home/eerdem/CELLECT/cortical_ROI_CHARGE2020/model1d_caudalmiddlefrontal_SAMPLESIZE.sumstats.gz ...
Read summary statistics for 1186002 SNPs.
Reading reference panel LD Score from eur_w_ld_chr/[1-22] ...
Read reference panel LD Scores for 1290028 SNPs.
Removing partitioned LD Scores with zero variance.
Reading regression weight LD Score from eur_w_ld_chr/[1-22] ...
Read regression weight LD Scores for 1290028 SNPs.
After merging with reference panel LD, 1173292 SNPs remain.
After merging with regression SNP LD, 1173292 SNPs remain.
Computing rg for phenotype 2/2
Reading summary statistics from /home/eerdem/CELLECT/gwas/BIG-S2_rs-fMRI/ukb_phase1to3_fmri_edge_dec21_2019_pheno942.sumstats.gz ...
Read summary statistics for 1149479 SNPs.
After merging with summary statistics, 1135200 SNPs remain.
1135200 SNPs with valid alleles.

Heritability of phenotype 1
---------------------------
Total Observed scale h2: 0.1769 (0.0228)
Lambda GC: 1.0758
Mean Chi^2: 1.0833
Intercept: 1.0042 (0.0065)
Ratio: 0.05 (0.0785)

Heritability of phenotype 2/2
-----------------------------
Total Observed scale h2: 0.1728 (0.0262)
Lambda GC: 1.088
Mean Chi^2: 1.1071
Intercept: 0.9894 (0.0095)
Ratio < 0 (usually indicates GC correction).

Genetic Covariance
------------------
Total Observed scale gencov: -0.018 (0.0167)
Mean z1*z2: 0.0056
Intercept: 0.0138 (0.0053)

Genetic Correlation
-------------------
Genetic Correlation: -0.1032 (0.0962)
Z-score: -1.0724
P: 0.2836


Summary of Genetic Correlation Results
p1                                                                                                p2      rg      se       z       p  h2_obs  h2_obs_se  h2_int  h2_int_se  gcov_int  gcov_int_se
/home/eerdem/CELLECT/cortical_ROI_CHARGE2020/model1d_caudalmiddlefrontal_SAMPLESIZE.sumstats.gz  /home/eerdem/CELLECT/gwas/BIG-S2_rs-fMRI/ukb_phase1to3_fmri_edge_dec21_2019_pheno942.sumstats.gz -0.1032  0.0962 -1.0724  0.2836  0.1728     0.0262  0.9894     0.0095    0.0138       0.0053

Analysis finished at Tue Dec  8 15:55:37 2020
Total time elapsed: 25.02s
