*********************************************************************
* LD Score Regression (LDSC)
* Version 1.0.0
* (C) 2014-2015 Brendan Bulik-Sullivan and Hilary Finucane
* Broad Institute of MIT and Harvard / MIT Department of Mathematics
* GNU General Public License v3
*********************************************************************
Call: 
./ldsc.py \
--ref-ld-chr eur_w_ld_chr/ \
--out /home/eerdem/notebooks/CELLECT-Analyser/out/genetic_correlation/gc/model1d_lateralorbitofrontal_model1a_parahippocampal \
--rg /home/eerdem/CELLECT/cortical_ROI_CHARGE2020/model1d_lateralorbitofrontal_SAMPLESIZE.sumstats.gz,/home/eerdem/CELLECT/cortical_ROI_CHARGE2020/model1a_parahippocampal_SAMPLESIZE.sumstats.gz \
--w-ld-chr eur_w_ld_chr/ 

Beginning analysis at Tue Dec  8 15:21:57 2020
Reading summary statistics from /home/eerdem/CELLECT/cortical_ROI_CHARGE2020/model1d_lateralorbitofrontal_SAMPLESIZE.sumstats.gz ...
Read summary statistics for 1186340 SNPs.
Reading reference panel LD Score from eur_w_ld_chr/[1-22] ...
Read reference panel LD Scores for 1290028 SNPs.
Removing partitioned LD Scores with zero variance.
Reading regression weight LD Score from eur_w_ld_chr/[1-22] ...
Read regression weight LD Scores for 1290028 SNPs.
After merging with reference panel LD, 1173424 SNPs remain.
After merging with regression SNP LD, 1173424 SNPs remain.
Computing rg for phenotype 2/2
Reading summary statistics from /home/eerdem/CELLECT/cortical_ROI_CHARGE2020/model1a_parahippocampal_SAMPLESIZE.sumstats.gz ...
Read summary statistics for 1191328 SNPs.
After merging with summary statistics, 1172672 SNPs remain.
1172672 SNPs with valid alleles.

Heritability of phenotype 1
---------------------------
Total Observed scale h2: 0.2639 (0.025)
Lambda GC: 1.0937
Mean Chi^2: 1.1137
Intercept: 0.9955 (0.0068)
Ratio < 0 (usually indicates GC correction).

Heritability of phenotype 2/2
-----------------------------
Total Observed scale h2: 0.1714 (0.0263)
Lambda GC: 1.0475
Mean Chi^2: 1.0479
Intercept: 0.9876 (0.0064)
Ratio < 0 (usually indicates GC correction).

Genetic Covariance
------------------
Total Observed scale gencov: 0.0101 (0.019)
Mean z1*z2: -0.0527
Intercept: -0.0576 (0.0051)

Genetic Correlation
-------------------
Genetic Correlation: 0.0473 (0.0899)
Z-score: 0.5263
P: 0.5987


Summary of Genetic Correlation Results
p1                                                                                           p2      rg      se       z       p  h2_obs  h2_obs_se  h2_int  h2_int_se  gcov_int  gcov_int_se
/home/eerdem/CELLECT/cortical_ROI_CHARGE2020/model1d_lateralorbitofrontal_SAMPLESIZE.sumstats.gz  /home/eerdem/CELLECT/cortical_ROI_CHARGE2020/model1a_parahippocampal_SAMPLESIZE.sumstats.gz  0.0473  0.0899  0.5263  0.5987  0.1714     0.0263  0.9876     0.0064   -0.0576       0.0051

Analysis finished at Tue Dec  8 15:22:22 2020
Total time elapsed: 24.95s
