*********************************************************************
* LD Score Regression (LDSC)
* Version 1.0.0
* (C) 2014-2015 Brendan Bulik-Sullivan and Hilary Finucane
* Broad Institute of MIT and Harvard / MIT Department of Mathematics
* GNU General Public License v3
*********************************************************************
Call: 
./ldsc.py \
--ref-ld-chr eur_w_ld_chr/ \
--out /home/eerdem/notebooks/CELLECT-Analyser/out/genetic_correlation/gc/model1d_parsorbitalis_model1b_medialorbitofrontal \
--rg /home/eerdem/CELLECT/cortical_ROI_CHARGE2020/model1d_parsorbitalis_SAMPLESIZE.sumstats.gz,/home/eerdem/CELLECT/cortical_ROI_CHARGE2020/model1b_medialorbitofrontal_SAMPLESIZE.sumstats.gz \
--w-ld-chr eur_w_ld_chr/ 

Beginning analysis at Tue Dec  8 15:09:57 2020
Reading summary statistics from /home/eerdem/CELLECT/cortical_ROI_CHARGE2020/model1d_parsorbitalis_SAMPLESIZE.sumstats.gz ...
Read summary statistics for 1186184 SNPs.
Reading reference panel LD Score from eur_w_ld_chr/[1-22] ...
Read reference panel LD Scores for 1290028 SNPs.
Removing partitioned LD Scores with zero variance.
Reading regression weight LD Score from eur_w_ld_chr/[1-22] ...
Read regression weight LD Scores for 1290028 SNPs.
After merging with reference panel LD, 1173400 SNPs remain.
After merging with regression SNP LD, 1173400 SNPs remain.
Computing rg for phenotype 2/2
Reading summary statistics from /home/eerdem/CELLECT/cortical_ROI_CHARGE2020/model1b_medialorbitofrontal_SAMPLESIZE.sumstats.gz ...
Read summary statistics for 1186453 SNPs.
After merging with summary statistics, 1169074 SNPs remain.
1169074 SNPs with valid alleles.

Heritability of phenotype 1
---------------------------
Total Observed scale h2: 0.1509 (0.0229)
Lambda GC: 1.0616
Mean Chi^2: 1.0705
Intercept: 1.0038 (0.0062)
Ratio: 0.0537 (0.0882)

Heritability of phenotype 2/2
-----------------------------
Total Observed scale h2: 0.1078 (0.0231)
Lambda GC: 1.037
Mean Chi^2: 1.0378
Intercept: 0.9915 (0.0063)
Ratio < 0 (usually indicates GC correction).

Genetic Covariance
------------------
Total Observed scale gencov: 0.0461 (0.0163)
Mean z1*z2: 0.076
Intercept: 0.0552 (0.0047)

Genetic Correlation
-------------------
Genetic Correlation: 0.3612 (0.1279)
Z-score: 2.8244
P: 0.0047


Summary of Genetic Correlation Results
p1                                                                                               p2      rg      se       z       p  h2_obs  h2_obs_se  h2_int  h2_int_se  gcov_int  gcov_int_se
/home/eerdem/CELLECT/cortical_ROI_CHARGE2020/model1d_parsorbitalis_SAMPLESIZE.sumstats.gz  /home/eerdem/CELLECT/cortical_ROI_CHARGE2020/model1b_medialorbitofrontal_SAMPLESIZE.sumstats.gz  0.3612  0.1279  2.8244  0.0047  0.1078     0.0231  0.9915     0.0063    0.0552       0.0047

Analysis finished at Tue Dec  8 15:10:21 2020
Total time elapsed: 23.87s
