*********************************************************************
* LD Score Regression (LDSC)
* Version 1.0.0
* (C) 2014-2015 Brendan Bulik-Sullivan and Hilary Finucane
* Broad Institute of MIT and Harvard / MIT Department of Mathematics
* GNU General Public License v3
*********************************************************************
Call: 
./ldsc.py \
--ref-ld-chr eur_w_ld_chr/ \
--out /home/eerdem/notebooks/CELLECT-Analyser/out/genetic_correlation/gc/model1d_isthmuscingulate_Net100_Node21 \
--rg /home/eerdem/CELLECT/cortical_ROI_CHARGE2020/model1d_isthmuscingulate_SAMPLESIZE.sumstats.gz,/home/eerdem/CELLECT/gwas/BIG-S2_rs-fMRI/ukb_phase1to3_fmri_node_dec21_2019_pheno42.sumstats.gz \
--w-ld-chr eur_w_ld_chr/ 

Beginning analysis at Tue Dec  8 17:36:27 2020
Reading summary statistics from /home/eerdem/CELLECT/cortical_ROI_CHARGE2020/model1d_isthmuscingulate_SAMPLESIZE.sumstats.gz ...
Read summary statistics for 1186147 SNPs.
Reading reference panel LD Score from eur_w_ld_chr/[1-22] ...
Read reference panel LD Scores for 1290028 SNPs.
Removing partitioned LD Scores with zero variance.
Reading regression weight LD Score from eur_w_ld_chr/[1-22] ...
Read regression weight LD Scores for 1290028 SNPs.
After merging with reference panel LD, 1173377 SNPs remain.
After merging with regression SNP LD, 1173377 SNPs remain.
Computing rg for phenotype 2/2
Reading summary statistics from /home/eerdem/CELLECT/gwas/BIG-S2_rs-fMRI/ukb_phase1to3_fmri_node_dec21_2019_pheno42.sumstats.gz ...
Read summary statistics for 1149479 SNPs.
After merging with summary statistics, 1135260 SNPs remain.
1135260 SNPs with valid alleles.

Heritability of phenotype 1
---------------------------
Total Observed scale h2: 0.1419 (0.0224)
Lambda GC: 1.0597
Mean Chi^2: 1.0653
Intercept: 1.0025 (0.0067)
Ratio: 0.0385 (0.103)

Heritability of phenotype 2/2
-----------------------------
Total Observed scale h2: 0.1766 (0.0215)
Lambda GC: 1.0903
Mean Chi^2: 1.13
Intercept: 1.0149 (0.0094)
Ratio: 0.1145 (0.0722)

Genetic Covariance
------------------
Total Observed scale gencov: -0.0208 (0.013)
Mean z1*z2: -0.0186
Intercept: -0.0072 (0.0047)

Genetic Correlation
-------------------
Genetic Correlation: -0.1312 (0.0816)
Z-score: -1.6079
P: 0.1078


Summary of Genetic Correlation Results
p1                                                                                               p2      rg      se       z       p  h2_obs  h2_obs_se  h2_int  h2_int_se  gcov_int  gcov_int_se
/home/eerdem/CELLECT/cortical_ROI_CHARGE2020/model1d_isthmuscingulate_SAMPLESIZE.sumstats.gz  /home/eerdem/CELLECT/gwas/BIG-S2_rs-fMRI/ukb_phase1to3_fmri_node_dec21_2019_pheno42.sumstats.gz -0.1312  0.0816 -1.6079  0.1078  0.1766     0.0215  1.0149     0.0094   -0.0072       0.0047

Analysis finished at Tue Dec  8 17:36:50 2020
Total time elapsed: 22.71s
