*********************************************************************
* LD Score Regression (LDSC)
* Version 1.0.0
* (C) 2014-2015 Brendan Bulik-Sullivan and Hilary Finucane
* Broad Institute of MIT and Harvard / MIT Department of Mathematics
* GNU General Public License v3
*********************************************************************
Call: 
./ldsc.py \
--ref-ld-chr eur_w_ld_chr/ \
--out /home/eerdem/notebooks/CELLECT-Analyser/out/genetic_correlation/gc/model1d_precuneus_ukb_phase1to3_dti441_dec21_2019_pheno115 \
--rg /home/eerdem/CELLECT/cortical_ROI_CHARGE2020/model1d_precuneus_SAMPLESIZE.sumstats.gz,/home/eerdem/CELLECT/gwas/BIG-S2_DTI2020_munged/ukb_phase1to3_dti441_dec21_2019_pheno115.sumstats.gz \
--w-ld-chr eur_w_ld_chr/ 

Beginning analysis at Tue Dec  8 19:08:42 2020
Reading summary statistics from /home/eerdem/CELLECT/cortical_ROI_CHARGE2020/model1d_precuneus_SAMPLESIZE.sumstats.gz ...
Read summary statistics for 1186148 SNPs.
Reading reference panel LD Score from eur_w_ld_chr/[1-22] ...
Read reference panel LD Scores for 1290028 SNPs.
Removing partitioned LD Scores with zero variance.
Reading regression weight LD Score from eur_w_ld_chr/[1-22] ...
Read regression weight LD Scores for 1290028 SNPs.
After merging with reference panel LD, 1173376 SNPs remain.
After merging with regression SNP LD, 1173376 SNPs remain.
Computing rg for phenotype 2/2
Reading summary statistics from /home/eerdem/CELLECT/gwas/BIG-S2_DTI2020_munged/ukb_phase1to3_dti441_dec21_2019_pheno115.sumstats.gz ...
Read summary statistics for 1149073 SNPs.
After merging with summary statistics, 1134822 SNPs remain.
1134822 SNPs with valid alleles.

Heritability of phenotype 1
---------------------------
Total Observed scale h2: 0.2765 (0.0291)
Lambda GC: 1.0832
Mean Chi^2: 1.1129
Intercept: 0.9872 (0.0079)
Ratio < 0 (usually indicates GC correction).

Heritability of phenotype 2/2
-----------------------------
Total Observed scale h2: 0.1865 (0.0208)
Lambda GC: 1.0982
Mean Chi^2: 1.123
Intercept: 1.0077 (0.0071)
Ratio: 0.0625 (0.0573)

Genetic Covariance
------------------
Total Observed scale gencov: 0.0252 (0.0151)
Mean z1*z2: 0.0333
Intercept: 0.0196 (0.005)

Genetic Correlation
-------------------
Genetic Correlation: 0.1111 (0.067)
Z-score: 1.6577
P: 0.0974


Summary of Genetic Correlation Results
p1                                                                                                    p2      rg     se       z       p  h2_obs  h2_obs_se  h2_int  h2_int_se  gcov_int  gcov_int_se
/home/eerdem/CELLECT/cortical_ROI_CHARGE2020/model1d_precuneus_SAMPLESIZE.sumstats.gz  /home/eerdem/CELLECT/gwas/BIG-S2_DTI2020_munged/ukb_phase1to3_dti441_dec21_2019_pheno115.sumstats.gz  0.1111  0.067  1.6577  0.0974  0.1865     0.0208  1.0077     0.0071    0.0196        0.005

Analysis finished at Tue Dec  8 19:09:10 2020
Total time elapsed: 27.92s
