*********************************************************************
* LD Score Regression (LDSC)
* Version 1.0.0
* (C) 2014-2015 Brendan Bulik-Sullivan and Hilary Finucane
* Broad Institute of MIT and Harvard / MIT Department of Mathematics
* GNU General Public License v3
*********************************************************************
Call: 
./ldsc.py \
--ref-ld-chr eur_w_ld_chr/ \
--out /home/eerdem/notebooks/CELLECT-Analyser/out/genetic_correlation/gc/model1d_paracentral_model1d_caudalanteriorcingulate \
--rg /home/eerdem/CELLECT/cortical_ROI_CHARGE2020/model1d_paracentral_SAMPLESIZE.sumstats.gz,/home/eerdem/CELLECT/cortical_ROI_CHARGE2020/model1d_caudalanteriorcingulate_SAMPLESIZE.sumstats.gz \
--w-ld-chr eur_w_ld_chr/ 

Beginning analysis at Tue Dec  8 17:28:27 2020
Reading summary statistics from /home/eerdem/CELLECT/cortical_ROI_CHARGE2020/model1d_paracentral_SAMPLESIZE.sumstats.gz ...
Read summary statistics for 1185938 SNPs.
Reading reference panel LD Score from eur_w_ld_chr/[1-22] ...
Read reference panel LD Scores for 1290028 SNPs.
Removing partitioned LD Scores with zero variance.
Reading regression weight LD Score from eur_w_ld_chr/[1-22] ...
Read regression weight LD Scores for 1290028 SNPs.
After merging with reference panel LD, 1173275 SNPs remain.
After merging with regression SNP LD, 1173275 SNPs remain.
Computing rg for phenotype 2/2
Reading summary statistics from /home/eerdem/CELLECT/cortical_ROI_CHARGE2020/model1d_caudalanteriorcingulate_SAMPLESIZE.sumstats.gz ...
Read summary statistics for 1186227 SNPs.
After merging with summary statistics, 1173258 SNPs remain.
1173258 SNPs with valid alleles.

Heritability of phenotype 1
---------------------------
Total Observed scale h2: 0.1075 (0.02)
Lambda GC: 1.0533
Mean Chi^2: 1.0633
Intercept: 1.0152 (0.0068)
Ratio: 0.2407 (0.1067)

Heritability of phenotype 2/2
-----------------------------
Total Observed scale h2: 0.1458 (0.0229)
Lambda GC: 1.0587
Mean Chi^2: 1.0693
Intercept: 1.0038 (0.0069)
Ratio: 0.0546 (0.0988)

Genetic Covariance
------------------
Total Observed scale gencov: 0.0007 (0.0154)
Mean z1*z2: -0.0018
Intercept: -0.002 (0.0045)

Genetic Correlation
-------------------
Genetic Correlation: 0.0054 (0.1231)
Z-score: 0.044
P: 0.9649


Summary of Genetic Correlation Results
p1                                                                                                   p2      rg      se      z       p  h2_obs  h2_obs_se  h2_int  h2_int_se  gcov_int  gcov_int_se
/home/eerdem/CELLECT/cortical_ROI_CHARGE2020/model1d_paracentral_SAMPLESIZE.sumstats.gz  /home/eerdem/CELLECT/cortical_ROI_CHARGE2020/model1d_caudalanteriorcingulate_SAMPLESIZE.sumstats.gz  0.0054  0.1231  0.044  0.9649  0.1458     0.0229  1.0038     0.0069    -0.002       0.0045

Analysis finished at Tue Dec  8 17:28:52 2020
Total time elapsed: 24.72s
