*********************************************************************
* LD Score Regression (LDSC)
* Version 1.0.0
* (C) 2014-2015 Brendan Bulik-Sullivan and Hilary Finucane
* Broad Institute of MIT and Harvard / MIT Department of Mathematics
* GNU General Public License v3
*********************************************************************
Call: 
./ldsc.py \
--ref-ld-chr eur_w_ld_chr/ \
--out /home/eerdem/notebooks/CELLECT-Analyser/out/genetic_correlation/gc/model1d_parahippocampal_Net100_Pair9_48 \
--rg /home/eerdem/CELLECT/cortical_ROI_CHARGE2020/model1d_parahippocampal_SAMPLESIZE.sumstats.gz,/home/eerdem/CELLECT/gwas/BIG-S2_rs-fMRI/ukb_phase1to3_fmri_edge_dec21_2019_pheno1300.sumstats.gz \
--w-ld-chr eur_w_ld_chr/ 

Beginning analysis at Tue Dec  8 19:17:57 2020
Reading summary statistics from /home/eerdem/CELLECT/cortical_ROI_CHARGE2020/model1d_parahippocampal_SAMPLESIZE.sumstats.gz ...
Read summary statistics for 1186056 SNPs.
Reading reference panel LD Score from eur_w_ld_chr/[1-22] ...
Read reference panel LD Scores for 1290028 SNPs.
Removing partitioned LD Scores with zero variance.
Reading regression weight LD Score from eur_w_ld_chr/[1-22] ...
Read regression weight LD Scores for 1290028 SNPs.
After merging with reference panel LD, 1173356 SNPs remain.
After merging with regression SNP LD, 1173356 SNPs remain.
Computing rg for phenotype 2/2
Reading summary statistics from /home/eerdem/CELLECT/gwas/BIG-S2_rs-fMRI/ukb_phase1to3_fmri_edge_dec21_2019_pheno1300.sumstats.gz ...
Read summary statistics for 1149479 SNPs.
After merging with summary statistics, 1135255 SNPs remain.
1135255 SNPs with valid alleles.

Heritability of phenotype 1
---------------------------
Total Observed scale h2: 0.1851 (0.0242)
Lambda GC: 1.0758
Mean Chi^2: 1.0798
Intercept: 0.9965 (0.0069)
Ratio < 0 (usually indicates GC correction).

Heritability of phenotype 2/2
-----------------------------
Total Observed scale h2: 0.1294 (0.0218)
Lambda GC: 1.0713
Mean Chi^2: 1.0895
Intercept: 1.0031 (0.0084)
Ratio: 0.0347 (0.0942)

Genetic Covariance
------------------
Total Observed scale gencov: -0.0026 (0.0146)
Mean z1*z2: -0.0044
Intercept: -0.0037 (0.0047)

Genetic Correlation
-------------------
Genetic Correlation: -0.017 (0.0954)
Z-score: -0.1781
P: 0.8586


Summary of Genetic Correlation Results
p1                                                                                                 p2     rg      se       z       p  h2_obs  h2_obs_se  h2_int  h2_int_se  gcov_int  gcov_int_se
/home/eerdem/CELLECT/cortical_ROI_CHARGE2020/model1d_parahippocampal_SAMPLESIZE.sumstats.gz  /home/eerdem/CELLECT/gwas/BIG-S2_rs-fMRI/ukb_phase1to3_fmri_edge_dec21_2019_pheno1300.sumstats.gz -0.017  0.0954 -0.1781  0.8586  0.1294     0.0218  1.0031     0.0084   -0.0037       0.0047

Analysis finished at Tue Dec  8 19:18:22 2020
Total time elapsed: 25.08s
