*********************************************************************
* LD Score Regression (LDSC)
* Version 1.0.0
* (C) 2014-2015 Brendan Bulik-Sullivan and Hilary Finucane
* Broad Institute of MIT and Harvard / MIT Department of Mathematics
* GNU General Public License v3
*********************************************************************
Call: 
./ldsc.py \
--ref-ld-chr eur_w_ld_chr/ \
--out /home/eerdem/notebooks/CELLECT-Analyser/out/genetic_correlation/gc/model1b_rostralanteriorcingulate_Net100_Node30 \
--rg /home/eerdem/CELLECT/cortical_ROI_CHARGE2020/model1b_rostralanteriorcingulate_SAMPLESIZE.sumstats.gz,/home/eerdem/CELLECT/gwas/BIG-S2_rs-fMRI/ukb_phase1to3_fmri_node_dec21_2019_pheno51.sumstats.gz \
--w-ld-chr eur_w_ld_chr/ 

Beginning analysis at Tue Dec  8 18:07:12 2020
Reading summary statistics from /home/eerdem/CELLECT/cortical_ROI_CHARGE2020/model1b_rostralanteriorcingulate_SAMPLESIZE.sumstats.gz ...
Read summary statistics for 1186455 SNPs.
Reading reference panel LD Score from eur_w_ld_chr/[1-22] ...
Read reference panel LD Scores for 1290028 SNPs.
Removing partitioned LD Scores with zero variance.
Reading regression weight LD Score from eur_w_ld_chr/[1-22] ...
Read regression weight LD Scores for 1290028 SNPs.
After merging with reference panel LD, 1170096 SNPs remain.
After merging with regression SNP LD, 1170096 SNPs remain.
Computing rg for phenotype 2/2
Reading summary statistics from /home/eerdem/CELLECT/gwas/BIG-S2_rs-fMRI/ukb_phase1to3_fmri_node_dec21_2019_pheno51.sumstats.gz ...
Read summary statistics for 1149479 SNPs.
After merging with summary statistics, 1132625 SNPs remain.
1132625 SNPs with valid alleles.

Heritability of phenotype 1
---------------------------
Total Observed scale h2: 0.1212 (0.022)
Lambda GC: 1.0398
Mean Chi^2: 1.0403
Intercept: 0.9877 (0.0058)
Ratio < 0 (usually indicates GC correction).

Heritability of phenotype 2/2
-----------------------------
Total Observed scale h2: 0.1094 (0.0163)
Lambda GC: 1.0658
Mean Chi^2: 1.081
Intercept: 1.0109 (0.0073)
Ratio: 0.135 (0.0902)

Genetic Covariance
------------------
Total Observed scale gencov: -0.0042 (0.0131)
Mean z1*z2: -0.0096
Intercept: -0.0068 (0.0048)

Genetic Correlation
-------------------
Genetic Correlation: -0.0369 (0.1146)
Z-score: -0.3217
P: 0.7477


Summary of Genetic Correlation Results
p1                                                                                               p2      rg      se       z       p  h2_obs  h2_obs_se  h2_int  h2_int_se  gcov_int  gcov_int_se
/home/eerdem/CELLECT/cortical_ROI_CHARGE2020/model1b_rostralanteriorcingulate_SAMPLESIZE.sumstats.gz  /home/eerdem/CELLECT/gwas/BIG-S2_rs-fMRI/ukb_phase1to3_fmri_node_dec21_2019_pheno51.sumstats.gz -0.0369  0.1146 -0.3217  0.7477  0.1094     0.0163  1.0109     0.0073   -0.0068       0.0048

Analysis finished at Tue Dec  8 18:07:37 2020
Total time elapsed: 25.05s
