*********************************************************************
* LD Score Regression (LDSC)
* Version 1.0.0
* (C) 2014-2015 Brendan Bulik-Sullivan and Hilary Finucane
* Broad Institute of MIT and Harvard / MIT Department of Mathematics
* GNU General Public License v3
*********************************************************************
Call: 
./ldsc.py \
--ref-ld-chr eur_w_ld_chr/ \
--out /home/eerdem/notebooks/CELLECT-Analyser/out/genetic_correlation/gc/model1d_frontalpole_ukb_phase1to3_fapcs_dec21_2019_pheno73 \
--rg /home/eerdem/CELLECT/cortical_ROI_CHARGE2020/model1d_frontalpole_SAMPLESIZE.sumstats.gz,/home/eerdem/CELLECT/gwas/BIG-S2_DTI2020_munged/ukb_phase1to3_fapcs_dec21_2019_pheno73.sumstats.gz \
--w-ld-chr eur_w_ld_chr/ 

Beginning analysis at Tue Dec  8 20:18:12 2020
Reading summary statistics from /home/eerdem/CELLECT/cortical_ROI_CHARGE2020/model1d_frontalpole_SAMPLESIZE.sumstats.gz ...
Read summary statistics for 1186479 SNPs.
Reading reference panel LD Score from eur_w_ld_chr/[1-22] ...
Read reference panel LD Scores for 1290028 SNPs.
Removing partitioned LD Scores with zero variance.
Reading regression weight LD Score from eur_w_ld_chr/[1-22] ...
Read regression weight LD Scores for 1290028 SNPs.
After merging with reference panel LD, 1173454 SNPs remain.
After merging with regression SNP LD, 1173454 SNPs remain.
Computing rg for phenotype 2/2
Reading summary statistics from /home/eerdem/CELLECT/gwas/BIG-S2_DTI2020_munged/ukb_phase1to3_fapcs_dec21_2019_pheno73.sumstats.gz ...
Read summary statistics for 1149074 SNPs.
After merging with summary statistics, 1134831 SNPs remain.
1134831 SNPs with valid alleles.

Heritability of phenotype 1
---------------------------
Total Observed scale h2: 0.073 (0.0226)
Lambda GC: 1.0322
Mean Chi^2: 1.0358
Intercept: 1.0027 (0.0062)
Ratio: 0.0756 (0.1725)

Heritability of phenotype 2/2
-----------------------------
Total Observed scale h2: 0.1429 (0.0192)
Lambda GC: 1.081
Mean Chi^2: 1.0994
Intercept: 1.0081 (0.0069)
Ratio: 0.0812 (0.069)

Genetic Covariance
------------------
Total Observed scale gencov: -0.0181 (0.0121)
Mean z1*z2: 0.0023
Intercept: 0.0119 (0.0045)

Genetic Correlation
-------------------
Genetic Correlation: -0.1775 (0.126)
Z-score: -1.4091
P: 0.1588


Summary of Genetic Correlation Results
p1                                                                                                  p2      rg     se       z       p  h2_obs  h2_obs_se  h2_int  h2_int_se  gcov_int  gcov_int_se
/home/eerdem/CELLECT/cortical_ROI_CHARGE2020/model1d_frontalpole_SAMPLESIZE.sumstats.gz  /home/eerdem/CELLECT/gwas/BIG-S2_DTI2020_munged/ukb_phase1to3_fapcs_dec21_2019_pheno73.sumstats.gz -0.1775  0.126 -1.4091  0.1588  0.1429     0.0192  1.0081     0.0069    0.0119       0.0045

Analysis finished at Tue Dec  8 20:18:35 2020
Total time elapsed: 22.31s
