*********************************************************************
* LD Score Regression (LDSC)
* Version 1.0.0
* (C) 2014-2015 Brendan Bulik-Sullivan and Hilary Finucane
* Broad Institute of MIT and Harvard / MIT Department of Mathematics
* GNU General Public License v3
*********************************************************************
Call: 
./ldsc.py \
--ref-ld-chr eur_w_ld_chr/ \
--out /home/eerdem/notebooks/CELLECT-Analyser/out/genetic_correlation/gc/model1b_insula_ukb_phase1to3_fapcs_dec21_2019_pheno10 \
--rg /home/eerdem/CELLECT/cortical_ROI_CHARGE2020/model1b_insula_SAMPLESIZE.sumstats.gz,/home/eerdem/CELLECT/gwas/BIG-S2_DTI2020_munged/ukb_phase1to3_fapcs_dec21_2019_pheno10.sumstats.gz \
--w-ld-chr eur_w_ld_chr/ 

Beginning analysis at Tue Dec  8 15:11:42 2020
Reading summary statistics from /home/eerdem/CELLECT/cortical_ROI_CHARGE2020/model1b_insula_SAMPLESIZE.sumstats.gz ...
Read summary statistics for 1186349 SNPs.
Reading reference panel LD Score from eur_w_ld_chr/[1-22] ...
Read reference panel LD Scores for 1290028 SNPs.
Removing partitioned LD Scores with zero variance.
Reading regression weight LD Score from eur_w_ld_chr/[1-22] ...
Read regression weight LD Scores for 1290028 SNPs.
After merging with reference panel LD, 1169875 SNPs remain.
After merging with regression SNP LD, 1169875 SNPs remain.
Computing rg for phenotype 2/2
Reading summary statistics from /home/eerdem/CELLECT/gwas/BIG-S2_DTI2020_munged/ukb_phase1to3_fapcs_dec21_2019_pheno10.sumstats.gz ...
Read summary statistics for 1149074 SNPs.
After merging with summary statistics, 1132023 SNPs remain.
1132023 SNPs with valid alleles.

Heritability of phenotype 1
---------------------------
Total Observed scale h2: 0.1382 (0.028)
Lambda GC: 1.05
Mean Chi^2: 1.0692
Intercept: 1.0086 (0.0075)
Ratio: 0.1236 (0.1079)

Heritability of phenotype 2/2
-----------------------------
Total Observed scale h2: 0.0461 (0.0159)
Lambda GC: 1.04
Mean Chi^2: 1.0346
Intercept: 1.006 (0.0061)
Ratio: 0.1718 (0.1748)

Genetic Covariance
------------------
Total Observed scale gencov: -0.0131 (0.0133)
Mean z1*z2: -0.0098
Intercept: -0.0036 (0.0048)

Genetic Correlation
-------------------
Genetic Correlation: -0.1647 (0.1709)
Z-score: -0.9634
P: 0.3354


Summary of Genetic Correlation Results
p1                                                                                                  p2      rg      se       z       p  h2_obs  h2_obs_se  h2_int  h2_int_se  gcov_int  gcov_int_se
/home/eerdem/CELLECT/cortical_ROI_CHARGE2020/model1b_insula_SAMPLESIZE.sumstats.gz  /home/eerdem/CELLECT/gwas/BIG-S2_DTI2020_munged/ukb_phase1to3_fapcs_dec21_2019_pheno10.sumstats.gz -0.1647  0.1709 -0.9634  0.3354  0.0461     0.0159   1.006     0.0061   -0.0036       0.0048

Analysis finished at Tue Dec  8 15:12:09 2020
Total time elapsed: 26.49s
