*********************************************************************
* LD Score Regression (LDSC)
* Version 1.0.0
* (C) 2014-2015 Brendan Bulik-Sullivan and Hilary Finucane
* Broad Institute of MIT and Harvard / MIT Department of Mathematics
* GNU General Public License v3
*********************************************************************
Call: 
./ldsc.py \
--ref-ld-chr eur_w_ld_chr/ \
--out /home/eerdem/notebooks/CELLECT-Analyser/out/genetic_correlation/gc/model1d_pericalcarine_ukb_phase1to3_fapcs_dec21_2019_pheno84 \
--rg /home/eerdem/CELLECT/cortical_ROI_CHARGE2020/model1d_pericalcarine_SAMPLESIZE.sumstats.gz,/home/eerdem/CELLECT/gwas/BIG-S2_DTI2020_munged/ukb_phase1to3_fapcs_dec21_2019_pheno84.sumstats.gz \
--w-ld-chr eur_w_ld_chr/ 

Beginning analysis at Tue Dec  8 17:17:27 2020
Reading summary statistics from /home/eerdem/CELLECT/cortical_ROI_CHARGE2020/model1d_pericalcarine_SAMPLESIZE.sumstats.gz ...
Read summary statistics for 1186280 SNPs.
Reading reference panel LD Score from eur_w_ld_chr/[1-22] ...
Read reference panel LD Scores for 1290028 SNPs.
Removing partitioned LD Scores with zero variance.
Reading regression weight LD Score from eur_w_ld_chr/[1-22] ...
Read regression weight LD Scores for 1290028 SNPs.
After merging with reference panel LD, 1173413 SNPs remain.
After merging with regression SNP LD, 1173413 SNPs remain.
Computing rg for phenotype 2/2
Reading summary statistics from /home/eerdem/CELLECT/gwas/BIG-S2_DTI2020_munged/ukb_phase1to3_fapcs_dec21_2019_pheno84.sumstats.gz ...
Read summary statistics for 1149074 SNPs.
After merging with summary statistics, 1134828 SNPs remain.
1134828 SNPs with valid alleles.

Heritability of phenotype 1
---------------------------
Total Observed scale h2: 0.3189 (0.0358)
Lambda GC: 1.0981
Mean Chi^2: 1.1423
Intercept: 1. (0.0084)
Ratio < 0 (usually indicates GC correction).

Heritability of phenotype 2/2
-----------------------------
Total Observed scale h2: 0.2273 (0.0214)
Lambda GC: 1.1157
Mean Chi^2: 1.1488
Intercept: 1.0059 (0.0076)
Ratio: 0.0396 (0.0513)

Genetic Covariance
------------------
Total Observed scale gencov: 0.0093 (0.017)
Mean z1*z2: 0.0175
Intercept: 0.0117 (0.0049)

Genetic Correlation
-------------------
Genetic Correlation: 0.0345 (0.0628)
Z-score: 0.5485
P: 0.5834


Summary of Genetic Correlation Results
p1                                                                                                  p2      rg      se       z       p  h2_obs  h2_obs_se  h2_int  h2_int_se  gcov_int  gcov_int_se
/home/eerdem/CELLECT/cortical_ROI_CHARGE2020/model1d_pericalcarine_SAMPLESIZE.sumstats.gz  /home/eerdem/CELLECT/gwas/BIG-S2_DTI2020_munged/ukb_phase1to3_fapcs_dec21_2019_pheno84.sumstats.gz  0.0345  0.0628  0.5485  0.5834  0.2273     0.0214  1.0059     0.0076    0.0117       0.0049

Analysis finished at Tue Dec  8 17:17:52 2020
Total time elapsed: 24.91s
