*********************************************************************
* LD Score Regression (LDSC)
* Version 1.0.0
* (C) 2014-2015 Brendan Bulik-Sullivan and Hilary Finucane
* Broad Institute of MIT and Harvard / MIT Department of Mathematics
* GNU General Public License v3
*********************************************************************
Call: 
./ldsc.py \
--ref-ld-chr eur_w_ld_chr/ \
--out /home/eerdem/notebooks/CELLECT-Analyser/out/genetic_correlation/gc/model1d_isthmuscingulate_ukb_phase1to3_fapcs_dec21_2019_pheno25 \
--rg /home/eerdem/CELLECT/cortical_ROI_CHARGE2020/model1d_isthmuscingulate_SAMPLESIZE.sumstats.gz,/home/eerdem/CELLECT/gwas/BIG-S2_DTI2020_munged/ukb_phase1to3_fapcs_dec21_2019_pheno25.sumstats.gz \
--w-ld-chr eur_w_ld_chr/ 

Beginning analysis at Tue Dec  8 16:35:12 2020
Reading summary statistics from /home/eerdem/CELLECT/cortical_ROI_CHARGE2020/model1d_isthmuscingulate_SAMPLESIZE.sumstats.gz ...
Read summary statistics for 1186147 SNPs.
Reading reference panel LD Score from eur_w_ld_chr/[1-22] ...
Read reference panel LD Scores for 1290028 SNPs.
Removing partitioned LD Scores with zero variance.
Reading regression weight LD Score from eur_w_ld_chr/[1-22] ...
Read regression weight LD Scores for 1290028 SNPs.
After merging with reference panel LD, 1173377 SNPs remain.
After merging with regression SNP LD, 1173377 SNPs remain.
Computing rg for phenotype 2/2
Reading summary statistics from /home/eerdem/CELLECT/gwas/BIG-S2_DTI2020_munged/ukb_phase1to3_fapcs_dec21_2019_pheno25.sumstats.gz ...
Read summary statistics for 1149074 SNPs.
After merging with summary statistics, 1134825 SNPs remain.
1134825 SNPs with valid alleles.

Heritability of phenotype 1
---------------------------
Total Observed scale h2: 0.1422 (0.0222)
Lambda GC: 1.0597
Mean Chi^2: 1.0653
Intercept: 1.0024 (0.0067)
Ratio: 0.0368 (0.1026)

Heritability of phenotype 2/2
-----------------------------
Total Observed scale h2: 0.0476 (0.0149)
Lambda GC: 1.0193
Mean Chi^2: 1.0203
Intercept: 0.9903 (0.0069)
Ratio < 0 (usually indicates GC correction).

Genetic Covariance
------------------
Total Observed scale gencov: 0.0028 (0.013)
Mean z1*z2: -0.0099
Intercept: -0.0121 (0.0046)

Genetic Correlation
-------------------
Genetic Correlation: 0.034 (0.1589)
Z-score: 0.2139
P: 0.8306


Summary of Genetic Correlation Results
p1                                                                                                  p2     rg      se       z       p  h2_obs  h2_obs_se  h2_int  h2_int_se  gcov_int  gcov_int_se
/home/eerdem/CELLECT/cortical_ROI_CHARGE2020/model1d_isthmuscingulate_SAMPLESIZE.sumstats.gz  /home/eerdem/CELLECT/gwas/BIG-S2_DTI2020_munged/ukb_phase1to3_fapcs_dec21_2019_pheno25.sumstats.gz  0.034  0.1589  0.2139  0.8306  0.0476     0.0149  0.9903     0.0069   -0.0121       0.0046

Analysis finished at Tue Dec  8 16:35:35 2020
Total time elapsed: 22.61s
