*********************************************************************
* LD Score Regression (LDSC)
* Version 1.0.0
* (C) 2014-2015 Brendan Bulik-Sullivan and Hilary Finucane
* Broad Institute of MIT and Harvard / MIT Department of Mathematics
* GNU General Public License v3
*********************************************************************
Call: 
./ldsc.py \
--ref-ld-chr eur_w_ld_chr/ \
--out /home/eerdem/notebooks/CELLECT-Analyser/out/genetic_correlation/gc/model1a_entorhinal_Net100_Node54 \
--rg /home/eerdem/CELLECT/cortical_ROI_CHARGE2020/model1a_entorhinal_SAMPLESIZE.sumstats.gz,/home/eerdem/CELLECT/gwas/BIG-S2_rs-fMRI/ukb_phase1to3_fmri_node_dec21_2019_pheno75.sumstats.gz \
--w-ld-chr eur_w_ld_chr/ 

Beginning analysis at Tue Dec  8 20:25:12 2020
Reading summary statistics from /home/eerdem/CELLECT/cortical_ROI_CHARGE2020/model1a_entorhinal_SAMPLESIZE.sumstats.gz ...
Read summary statistics for 1191327 SNPs.
Reading reference panel LD Score from eur_w_ld_chr/[1-22] ...
Read reference panel LD Scores for 1290028 SNPs.
Removing partitioned LD Scores with zero variance.
Reading regression weight LD Score from eur_w_ld_chr/[1-22] ...
Read regression weight LD Scores for 1290028 SNPs.
After merging with reference panel LD, 1174083 SNPs remain.
After merging with regression SNP LD, 1174083 SNPs remain.
Computing rg for phenotype 2/2
Reading summary statistics from /home/eerdem/CELLECT/gwas/BIG-S2_rs-fMRI/ukb_phase1to3_fmri_node_dec21_2019_pheno75.sumstats.gz ...
Read summary statistics for 1149479 SNPs.
After merging with summary statistics, 1135265 SNPs remain.
1135265 SNPs with valid alleles.

Heritability of phenotype 1
---------------------------
Total Observed scale h2: 0.1307 (0.0282)
Lambda GC: 1.0322
Mean Chi^2: 1.0386
Intercept: 0.9895 (0.0066)
Ratio < 0 (usually indicates GC correction).

Heritability of phenotype 2/2
-----------------------------
Total Observed scale h2: 0.0821 (0.0167)
Lambda GC: 1.0496
Mean Chi^2: 1.0652
Intercept: 1.0113 (0.0069)
Ratio: 0.1734 (0.1058)

Genetic Covariance
------------------
Total Observed scale gencov: 0.0123 (0.0166)
Mean z1*z2: -0.0002
Intercept: -0.0066 (0.005)

Genetic Correlation
-------------------
Genetic Correlation: 0.1192 (0.16)
Z-score: 0.7446
P: 0.4565


Summary of Genetic Correlation Results
p1                                                                                               p2      rg    se       z       p  h2_obs  h2_obs_se  h2_int  h2_int_se  gcov_int  gcov_int_se
/home/eerdem/CELLECT/cortical_ROI_CHARGE2020/model1a_entorhinal_SAMPLESIZE.sumstats.gz  /home/eerdem/CELLECT/gwas/BIG-S2_rs-fMRI/ukb_phase1to3_fmri_node_dec21_2019_pheno75.sumstats.gz  0.1192  0.16  0.7446  0.4565  0.0821     0.0167  1.0113     0.0069   -0.0066        0.005

Analysis finished at Tue Dec  8 20:25:34 2020
Total time elapsed: 21.81s
