*********************************************************************
* LD Score Regression (LDSC)
* Version 1.0.0
* (C) 2014-2015 Brendan Bulik-Sullivan and Hilary Finucane
* Broad Institute of MIT and Harvard / MIT Department of Mathematics
* GNU General Public License v3
*********************************************************************
Call: 
./ldsc.py \
--ref-ld-chr eur_w_ld_chr/ \
--out /home/eerdem/notebooks/CELLECT-Analyser/out/genetic_correlation/gc/model1d_pericalcarine_ukb_phase1to3_dti441_dec21_2019_pheno52 \
--rg /home/eerdem/CELLECT/cortical_ROI_CHARGE2020/model1d_pericalcarine_SAMPLESIZE.sumstats.gz,/home/eerdem/CELLECT/gwas/BIG-S2_DTI2020_munged/ukb_phase1to3_dti441_dec21_2019_pheno52.sumstats.gz \
--w-ld-chr eur_w_ld_chr/ 

Beginning analysis at Tue Dec  8 16:45:57 2020
Reading summary statistics from /home/eerdem/CELLECT/cortical_ROI_CHARGE2020/model1d_pericalcarine_SAMPLESIZE.sumstats.gz ...
Read summary statistics for 1186280 SNPs.
Reading reference panel LD Score from eur_w_ld_chr/[1-22] ...
Read reference panel LD Scores for 1290028 SNPs.
Removing partitioned LD Scores with zero variance.
Reading regression weight LD Score from eur_w_ld_chr/[1-22] ...
Read regression weight LD Scores for 1290028 SNPs.
After merging with reference panel LD, 1173413 SNPs remain.
After merging with regression SNP LD, 1173413 SNPs remain.
Computing rg for phenotype 2/2
Reading summary statistics from /home/eerdem/CELLECT/gwas/BIG-S2_DTI2020_munged/ukb_phase1to3_dti441_dec21_2019_pheno52.sumstats.gz ...
Read summary statistics for 1149074 SNPs.
After merging with summary statistics, 1134828 SNPs remain.
1134828 SNPs with valid alleles.

Heritability of phenotype 1
---------------------------
Total Observed scale h2: 0.3189 (0.0358)
Lambda GC: 1.0981
Mean Chi^2: 1.1423
Intercept: 1. (0.0084)
Ratio < 0 (usually indicates GC correction).

Heritability of phenotype 2/2
-----------------------------
Total Observed scale h2: 0.2296 (0.0237)
Lambda GC: 1.1208
Mean Chi^2: 1.1594
Intercept: 1.0132 (0.0082)
Ratio: 0.0829 (0.0517)

Genetic Covariance
------------------
Total Observed scale gencov: -0.0185 (0.0161)
Mean z1*z2: 0.0038
Intercept: 0.014 (0.0053)

Genetic Correlation
-------------------
Genetic Correlation: -0.0683 (0.0597)
Z-score: -1.1445
P: 0.2524


Summary of Genetic Correlation Results
p1                                                                                                   p2      rg      se       z       p  h2_obs  h2_obs_se  h2_int  h2_int_se  gcov_int  gcov_int_se
/home/eerdem/CELLECT/cortical_ROI_CHARGE2020/model1d_pericalcarine_SAMPLESIZE.sumstats.gz  /home/eerdem/CELLECT/gwas/BIG-S2_DTI2020_munged/ukb_phase1to3_dti441_dec21_2019_pheno52.sumstats.gz -0.0683  0.0597 -1.1445  0.2524  0.2296     0.0237  1.0132     0.0082     0.014       0.0053

Analysis finished at Tue Dec  8 16:46:18 2020
Total time elapsed: 20.39s
