*********************************************************************
* LD Score Regression (LDSC)
* Version 1.0.0
* (C) 2014-2015 Brendan Bulik-Sullivan and Hilary Finucane
* Broad Institute of MIT and Harvard / MIT Department of Mathematics
* GNU General Public License v3
*********************************************************************
Call: 
./ldsc.py \
--ref-ld-chr eur_w_ld_chr/ \
--out /home/eerdem/notebooks/CELLECT-Analyser/out/genetic_correlation/gc/model1b_parsopercularis_Net25_Node12 \
--rg /home/eerdem/CELLECT/cortical_ROI_CHARGE2020/model1b_parsopercularis_SAMPLESIZE.sumstats.gz,/home/eerdem/CELLECT/gwas/BIG-S2_rs-fMRI/ukb_phase1to3_fmri_node_dec21_2019_pheno12.sumstats.gz \
--w-ld-chr eur_w_ld_chr/ 

Beginning analysis at Tue Dec  8 18:45:12 2020
Reading summary statistics from /home/eerdem/CELLECT/cortical_ROI_CHARGE2020/model1b_parsopercularis_SAMPLESIZE.sumstats.gz ...
Read summary statistics for 1186453 SNPs.
Reading reference panel LD Score from eur_w_ld_chr/[1-22] ...
Read reference panel LD Scores for 1290028 SNPs.
Removing partitioned LD Scores with zero variance.
Reading regression weight LD Score from eur_w_ld_chr/[1-22] ...
Read regression weight LD Scores for 1290028 SNPs.
After merging with reference panel LD, 1170095 SNPs remain.
After merging with regression SNP LD, 1170095 SNPs remain.
Computing rg for phenotype 2/2
Reading summary statistics from /home/eerdem/CELLECT/gwas/BIG-S2_rs-fMRI/ukb_phase1to3_fmri_node_dec21_2019_pheno12.sumstats.gz ...
Read summary statistics for 1149479 SNPs.
After merging with summary statistics, 1132624 SNPs remain.
1132624 SNPs with valid alleles.

Heritability of phenotype 1
---------------------------
Total Observed scale h2: 0.0973 (0.0228)
Lambda GC: 1.0456
Mean Chi^2: 1.046
Intercept: 1.0038 (0.0066)
Ratio: 0.082 (0.1424)

Heritability of phenotype 2/2
-----------------------------
Total Observed scale h2: 0.1243 (0.0177)
Lambda GC: 1.0732
Mean Chi^2: 1.0878
Intercept: 1.0079 (0.0078)
Ratio: 0.0896 (0.0891)

Genetic Covariance
------------------
Total Observed scale gencov: -0.0006 (0.0125)
Mean z1*z2: -0.0137
Intercept: -0.013 (0.0044)

Genetic Correlation
-------------------
Genetic Correlation: -0.0053 (0.1146)
Z-score: -0.0466
P: 0.9628


Summary of Genetic Correlation Results
p1                                                                                               p2      rg      se       z       p  h2_obs  h2_obs_se  h2_int  h2_int_se  gcov_int  gcov_int_se
/home/eerdem/CELLECT/cortical_ROI_CHARGE2020/model1b_parsopercularis_SAMPLESIZE.sumstats.gz  /home/eerdem/CELLECT/gwas/BIG-S2_rs-fMRI/ukb_phase1to3_fmri_node_dec21_2019_pheno12.sumstats.gz -0.0053  0.1146 -0.0466  0.9628  0.1243     0.0177  1.0079     0.0078    -0.013       0.0044

Analysis finished at Tue Dec  8 18:45:37 2020
Total time elapsed: 24.29s
