*********************************************************************
* LD Score Regression (LDSC)
* Version 1.0.0
* (C) 2014-2015 Brendan Bulik-Sullivan and Hilary Finucane
* Broad Institute of MIT and Harvard / MIT Department of Mathematics
* GNU General Public License v3
*********************************************************************
Call: 
./ldsc.py \
--ref-ld-chr eur_w_ld_chr/ \
--out /home/eerdem/notebooks/CELLECT-Analyser/out/genetic_correlation/gc/model1b_parahippocampal_model1b_supramarginal \
--rg /home/eerdem/CELLECT/cortical_ROI_CHARGE2020/model1b_parahippocampal_SAMPLESIZE.sumstats.gz,/home/eerdem/CELLECT/cortical_ROI_CHARGE2020/model1b_supramarginal_SAMPLESIZE.sumstats.gz \
--w-ld-chr eur_w_ld_chr/ 

Beginning analysis at Tue Dec  8 15:16:12 2020
Reading summary statistics from /home/eerdem/CELLECT/cortical_ROI_CHARGE2020/model1b_parahippocampal_SAMPLESIZE.sumstats.gz ...
Read summary statistics for 1186453 SNPs.
Reading reference panel LD Score from eur_w_ld_chr/[1-22] ...
Read reference panel LD Scores for 1290028 SNPs.
Removing partitioned LD Scores with zero variance.
Reading regression weight LD Score from eur_w_ld_chr/[1-22] ...
Read regression weight LD Scores for 1290028 SNPs.
After merging with reference panel LD, 1170095 SNPs remain.
After merging with regression SNP LD, 1170095 SNPs remain.
Computing rg for phenotype 2/2
Reading summary statistics from /home/eerdem/CELLECT/cortical_ROI_CHARGE2020/model1b_supramarginal_SAMPLESIZE.sumstats.gz ...
Read summary statistics for 1186455 SNPs.
After merging with summary statistics, 1170095 SNPs remain.
1170095 SNPs with valid alleles.

Heritability of phenotype 1
---------------------------
Total Observed scale h2: 0.1663 (0.0234)
Lambda GC: 1.0442
Mean Chi^2: 1.0612
Intercept: 0.9892 (0.006)
Ratio < 0 (usually indicates GC correction).

Heritability of phenotype 2/2
-----------------------------
Total Observed scale h2: 0.0757 (0.0211)
Lambda GC: 1.0346
Mean Chi^2: 1.0337
Intercept: 1.0013 (0.0064)
Ratio: 0.0375 (0.19)

Genetic Covariance
------------------
Total Observed scale gencov: -0.0159 (0.0153)
Mean z1*z2: -0.0103
Intercept: -0.003 (0.0044)

Genetic Correlation
-------------------
Genetic Correlation: -0.1417 (0.138)
Z-score: -1.0267
P: 0.3046


Summary of Genetic Correlation Results
p1                                                                                         p2      rg     se       z       p  h2_obs  h2_obs_se  h2_int  h2_int_se  gcov_int  gcov_int_se
/home/eerdem/CELLECT/cortical_ROI_CHARGE2020/model1b_parahippocampal_SAMPLESIZE.sumstats.gz  /home/eerdem/CELLECT/cortical_ROI_CHARGE2020/model1b_supramarginal_SAMPLESIZE.sumstats.gz -0.1417  0.138 -1.0267  0.3046  0.0757     0.0211  1.0013     0.0064    -0.003       0.0044

Analysis finished at Tue Dec  8 15:16:34 2020
Total time elapsed: 21.41s
