*********************************************************************
* LD Score Regression (LDSC)
* Version 1.0.0
* (C) 2014-2015 Brendan Bulik-Sullivan and Hilary Finucane
* Broad Institute of MIT and Harvard / MIT Department of Mathematics
* GNU General Public License v3
*********************************************************************
Call: 
./ldsc.py \
--ref-ld-chr eur_w_ld_chr/ \
--out /home/eerdem/notebooks/CELLECT-Analyser/out/genetic_correlation/gc/model1b_rostralmiddlefrontal_ukb_phase1to3_fapcs_dec21_2019_pheno55 \
--rg /home/eerdem/CELLECT/cortical_ROI_CHARGE2020/model1b_rostralmiddlefrontal_SAMPLESIZE.sumstats.gz,/home/eerdem/CELLECT/gwas/BIG-S2_DTI2020_munged/ukb_phase1to3_fapcs_dec21_2019_pheno55.sumstats.gz \
--w-ld-chr eur_w_ld_chr/ 

Beginning analysis at Tue Dec  8 19:25:12 2020
Reading summary statistics from /home/eerdem/CELLECT/cortical_ROI_CHARGE2020/model1b_rostralmiddlefrontal_SAMPLESIZE.sumstats.gz ...
Read summary statistics for 1186453 SNPs.
Reading reference panel LD Score from eur_w_ld_chr/[1-22] ...
Read reference panel LD Scores for 1290028 SNPs.
Removing partitioned LD Scores with zero variance.
Reading regression weight LD Score from eur_w_ld_chr/[1-22] ...
Read regression weight LD Scores for 1290028 SNPs.
After merging with reference panel LD, 1170095 SNPs remain.
After merging with regression SNP LD, 1170095 SNPs remain.
Computing rg for phenotype 2/2
Reading summary statistics from /home/eerdem/CELLECT/gwas/BIG-S2_DTI2020_munged/ukb_phase1to3_fapcs_dec21_2019_pheno55.sumstats.gz ...
Read summary statistics for 1149074 SNPs.
After merging with summary statistics, 1132191 SNPs remain.
1132191 SNPs with valid alleles.

Heritability of phenotype 1
---------------------------
Total Observed scale h2: 0.099 (0.0225)
Lambda GC: 1.0437
Mean Chi^2: 1.0453
Intercept: 1.0016 (0.0064)
Ratio: 0.0348 (0.1405)

Heritability of phenotype 2/2
-----------------------------
Total Observed scale h2: 0.1451 (0.0219)
Lambda GC: 1.0875
Mean Chi^2: 1.106
Intercept: 1.0122 (0.0078)
Ratio: 0.1148 (0.0733)

Genetic Covariance
------------------
Total Observed scale gencov: -0.0134 (0.0134)
Mean z1*z2: -0.022
Intercept: -0.0147 (0.0049)

Genetic Correlation
-------------------
Genetic Correlation: -0.1121 (0.1112)
Z-score: -1.0087
P: 0.3131


Summary of Genetic Correlation Results
p1                                                                                                  p2      rg      se       z       p  h2_obs  h2_obs_se  h2_int  h2_int_se  gcov_int  gcov_int_se
/home/eerdem/CELLECT/cortical_ROI_CHARGE2020/model1b_rostralmiddlefrontal_SAMPLESIZE.sumstats.gz  /home/eerdem/CELLECT/gwas/BIG-S2_DTI2020_munged/ukb_phase1to3_fapcs_dec21_2019_pheno55.sumstats.gz -0.1121  0.1112 -1.0087  0.3131  0.1451     0.0219  1.0122     0.0078   -0.0147       0.0049

Analysis finished at Tue Dec  8 19:25:32 2020
Total time elapsed: 20.16s
