*********************************************************************
* LD Score Regression (LDSC)
* Version 1.0.0
* (C) 2014-2015 Brendan Bulik-Sullivan and Hilary Finucane
* Broad Institute of MIT and Harvard / MIT Department of Mathematics
* GNU General Public License v3
*********************************************************************
Call: 
./ldsc.py \
--ref-ld-chr eur_w_ld_chr/ \
--out /home/eerdem/notebooks/CELLECT-Analyser/out/genetic_correlation/gc/model1a_temporalpole_model1d_parsorbitalis \
--rg /home/eerdem/CELLECT/cortical_ROI_CHARGE2020/model1a_temporalpole_SAMPLESIZE.sumstats.gz,/home/eerdem/CELLECT/cortical_ROI_CHARGE2020/model1d_parsorbitalis_SAMPLESIZE.sumstats.gz \
--w-ld-chr eur_w_ld_chr/ 

Beginning analysis at Tue Dec  8 15:00:42 2020
Reading summary statistics from /home/eerdem/CELLECT/cortical_ROI_CHARGE2020/model1a_temporalpole_SAMPLESIZE.sumstats.gz ...
Read summary statistics for 1191328 SNPs.
Reading reference panel LD Score from eur_w_ld_chr/[1-22] ...
Read reference panel LD Scores for 1290028 SNPs.
Removing partitioned LD Scores with zero variance.
Reading regression weight LD Score from eur_w_ld_chr/[1-22] ...
Read regression weight LD Scores for 1290028 SNPs.
After merging with reference panel LD, 1174084 SNPs remain.
After merging with regression SNP LD, 1174084 SNPs remain.
Computing rg for phenotype 2/2
Reading summary statistics from /home/eerdem/CELLECT/cortical_ROI_CHARGE2020/model1d_parsorbitalis_SAMPLESIZE.sumstats.gz ...
Read summary statistics for 1186184 SNPs.
After merging with summary statistics, 1172647 SNPs remain.
1172647 SNPs with valid alleles.

Heritability of phenotype 1
---------------------------
Total Observed scale h2: 0.1258 (0.0253)
Lambda GC: 1.0384
Mean Chi^2: 1.0376
Intercept: 0.9923 (0.0061)
Ratio < 0 (usually indicates GC correction).

Heritability of phenotype 2/2
-----------------------------
Total Observed scale h2: 0.1531 (0.0225)
Lambda GC: 1.0611
Mean Chi^2: 1.0701
Intercept: 1.0027 (0.0063)
Ratio: 0.0383 (0.0896)

Genetic Covariance
------------------
Total Observed scale gencov: -0.0414 (0.0173)
Mean z1*z2: -0.0216
Intercept: -0.0051 (0.0044)

Genetic Correlation
-------------------
Genetic Correlation: -0.2981 (0.1271)
Z-score: -2.3451
P: 0.019


Summary of Genetic Correlation Results
p1                                                                                         p2      rg      se       z      p  h2_obs  h2_obs_se  h2_int  h2_int_se  gcov_int  gcov_int_se
/home/eerdem/CELLECT/cortical_ROI_CHARGE2020/model1a_temporalpole_SAMPLESIZE.sumstats.gz  /home/eerdem/CELLECT/cortical_ROI_CHARGE2020/model1d_parsorbitalis_SAMPLESIZE.sumstats.gz -0.2981  0.1271 -2.3451  0.019  0.1531     0.0225  1.0027     0.0063   -0.0051       0.0044

Analysis finished at Tue Dec  8 15:01:05 2020
Total time elapsed: 22.66s
