*********************************************************************
* LD Score Regression (LDSC)
* Version 1.0.0
* (C) 2014-2015 Brendan Bulik-Sullivan and Hilary Finucane
* Broad Institute of MIT and Harvard / MIT Department of Mathematics
* GNU General Public License v3
*********************************************************************
Call: 
./ldsc.py \
--ref-ld-chr eur_w_ld_chr/ \
--out /home/eerdem/notebooks/CELLECT-Analyser/out/genetic_correlation/gc/model1d_temporalpole_ukb_phase1to3_fapcs_dec21_2019_pheno55 \
--rg /home/eerdem/CELLECT/cortical_ROI_CHARGE2020/model1d_temporalpole_SAMPLESIZE.sumstats.gz,/home/eerdem/CELLECT/gwas/BIG-S2_DTI2020_munged/ukb_phase1to3_fapcs_dec21_2019_pheno55.sumstats.gz \
--w-ld-chr eur_w_ld_chr/ 

Beginning analysis at Tue Dec  8 16:31:42 2020
Reading summary statistics from /home/eerdem/CELLECT/cortical_ROI_CHARGE2020/model1d_temporalpole_SAMPLESIZE.sumstats.gz ...
Read summary statistics for 1185969 SNPs.
Reading reference panel LD Score from eur_w_ld_chr/[1-22] ...
Read reference panel LD Scores for 1290028 SNPs.
Removing partitioned LD Scores with zero variance.
Reading regression weight LD Score from eur_w_ld_chr/[1-22] ...
Read regression weight LD Scores for 1290028 SNPs.
After merging with reference panel LD, 1173214 SNPs remain.
After merging with regression SNP LD, 1173214 SNPs remain.
Computing rg for phenotype 2/2
Reading summary statistics from /home/eerdem/CELLECT/gwas/BIG-S2_DTI2020_munged/ukb_phase1to3_fapcs_dec21_2019_pheno55.sumstats.gz ...
Read summary statistics for 1149074 SNPs.
After merging with summary statistics, 1134695 SNPs remain.
1134695 SNPs with valid alleles.

Heritability of phenotype 1
---------------------------
Total Observed scale h2: 0.0551 (0.022)
Lambda GC: 1.0307
Mean Chi^2: 1.0382
Intercept: 1.0131 (0.0074)
Ratio: 0.3416 (0.1923)

Heritability of phenotype 2/2
-----------------------------
Total Observed scale h2: 0.1465 (0.0215)
Lambda GC: 1.0873
Mean Chi^2: 1.1059
Intercept: 1.0113 (0.0077)
Ratio: 0.107 (0.0726)

Genetic Covariance
------------------
Total Observed scale gencov: 0.0053 (0.0139)
Mean z1*z2: 0.027
Intercept: 0.0251 (0.0049)

Genetic Correlation
-------------------
Genetic Correlation: 0.0593 (0.1563)
Z-score: 0.3793
P: 0.7045


Summary of Genetic Correlation Results
p1                                                                                                  p2      rg      se       z       p  h2_obs  h2_obs_se  h2_int  h2_int_se  gcov_int  gcov_int_se
/home/eerdem/CELLECT/cortical_ROI_CHARGE2020/model1d_temporalpole_SAMPLESIZE.sumstats.gz  /home/eerdem/CELLECT/gwas/BIG-S2_DTI2020_munged/ukb_phase1to3_fapcs_dec21_2019_pheno55.sumstats.gz  0.0593  0.1563  0.3793  0.7045  0.1465     0.0215  1.0113     0.0077    0.0251       0.0049

Analysis finished at Tue Dec  8 16:32:04 2020
Total time elapsed: 21.89s
