*********************************************************************
* LD Score Regression (LDSC)
* Version 1.0.0
* (C) 2014-2015 Brendan Bulik-Sullivan and Hilary Finucane
* Broad Institute of MIT and Harvard / MIT Department of Mathematics
* GNU General Public License v3
*********************************************************************
Call: 
./ldsc.py \
--ref-ld-chr eur_w_ld_chr/ \
--out /home/eerdem/notebooks/CELLECT-Analyser/out/genetic_correlation/gc/model1b_precentral_model1a_parsorbitalis \
--rg /home/eerdem/CELLECT/cortical_ROI_CHARGE2020/model1b_precentral_SAMPLESIZE.sumstats.gz,/home/eerdem/CELLECT/cortical_ROI_CHARGE2020/model1a_parsorbitalis_SAMPLESIZE.sumstats.gz \
--w-ld-chr eur_w_ld_chr/ 

Beginning analysis at Tue Dec  8 19:44:57 2020
Reading summary statistics from /home/eerdem/CELLECT/cortical_ROI_CHARGE2020/model1b_precentral_SAMPLESIZE.sumstats.gz ...
Read summary statistics for 1186453 SNPs.
Reading reference panel LD Score from eur_w_ld_chr/[1-22] ...
Read reference panel LD Scores for 1290028 SNPs.
Removing partitioned LD Scores with zero variance.
Reading regression weight LD Score from eur_w_ld_chr/[1-22] ...
Read regression weight LD Scores for 1290028 SNPs.
After merging with reference panel LD, 1170095 SNPs remain.
After merging with regression SNP LD, 1170095 SNPs remain.
Computing rg for phenotype 2/2
Reading summary statistics from /home/eerdem/CELLECT/cortical_ROI_CHARGE2020/model1a_parsorbitalis_SAMPLESIZE.sumstats.gz ...
Read summary statistics for 1191332 SNPs.
After merging with summary statistics, 1169796 SNPs remain.
1169796 SNPs with valid alleles.

Heritability of phenotype 1
---------------------------
Total Observed scale h2: 0.1138 (0.0197)
Lambda GC: 1.0418
Mean Chi^2: 1.0526
Intercept: 1.0048 (0.006)
Ratio: 0.0905 (0.1148)

Heritability of phenotype 2/2
-----------------------------
Total Observed scale h2: 0.1731 (0.0279)
Lambda GC: 1.0451
Mean Chi^2: 1.056
Intercept: 0.995 (0.0061)
Ratio < 0 (usually indicates GC correction).

Genetic Covariance
------------------
Total Observed scale gencov: 0.001 (0.0178)
Mean z1*z2: 0.0289
Intercept: 0.0289 (0.0044)

Genetic Correlation
-------------------
Genetic Correlation: 0.0069 (0.1272)
Z-score: 0.054
P: 0.9569


Summary of Genetic Correlation Results
p1                                                                                         p2      rg      se      z       p  h2_obs  h2_obs_se  h2_int  h2_int_se  gcov_int  gcov_int_se
/home/eerdem/CELLECT/cortical_ROI_CHARGE2020/model1b_precentral_SAMPLESIZE.sumstats.gz  /home/eerdem/CELLECT/cortical_ROI_CHARGE2020/model1a_parsorbitalis_SAMPLESIZE.sumstats.gz  0.0069  0.1272  0.054  0.9569  0.1731     0.0279   0.995     0.0061    0.0289       0.0044

Analysis finished at Tue Dec  8 19:45:18 2020
Total time elapsed: 21.18s
