*********************************************************************
* LD Score Regression (LDSC)
* Version 1.0.0
* (C) 2014-2015 Brendan Bulik-Sullivan and Hilary Finucane
* Broad Institute of MIT and Harvard / MIT Department of Mathematics
* GNU General Public License v3
*********************************************************************
Call: 
./ldsc.py \
--ref-ld-chr eur_w_ld_chr/ \
--out /home/eerdem/notebooks/CELLECT-Analyser/out/genetic_correlation/gc/model1b_fusiform_ukb_phase1to3_dti441_dec21_2019_pheno4 \
--rg /home/eerdem/CELLECT/cortical_ROI_CHARGE2020/model1b_fusiform_SAMPLESIZE.sumstats.gz,/home/eerdem/CELLECT/gwas/BIG-S2_DTI2020_munged/ukb_phase1to3_dti441_dec21_2019_pheno4.sumstats.gz \
--w-ld-chr eur_w_ld_chr/ 

Beginning analysis at Tue Dec  8 17:30:12 2020
Reading summary statistics from /home/eerdem/CELLECT/cortical_ROI_CHARGE2020/model1b_fusiform_SAMPLESIZE.sumstats.gz ...
Read summary statistics for 1186453 SNPs.
Reading reference panel LD Score from eur_w_ld_chr/[1-22] ...
Read reference panel LD Scores for 1290028 SNPs.
Removing partitioned LD Scores with zero variance.
Reading regression weight LD Score from eur_w_ld_chr/[1-22] ...
Read regression weight LD Scores for 1290028 SNPs.
After merging with reference panel LD, 1170095 SNPs remain.
After merging with regression SNP LD, 1170095 SNPs remain.
Computing rg for phenotype 2/2
Reading summary statistics from /home/eerdem/CELLECT/gwas/BIG-S2_DTI2020_munged/ukb_phase1to3_dti441_dec21_2019_pheno4.sumstats.gz ...
Read summary statistics for 1149074 SNPs.
After merging with summary statistics, 1132191 SNPs remain.
1132191 SNPs with valid alleles.

Heritability of phenotype 1
---------------------------
Total Observed scale h2: 0.1274 (0.0231)
Lambda GC: 1.0514
Mean Chi^2: 1.0513
Intercept: 0.9959 (0.0066)
Ratio < 0 (usually indicates GC correction).

Heritability of phenotype 2/2
-----------------------------
Total Observed scale h2: 0.28 (0.0226)
Lambda GC: 1.143
Mean Chi^2: 1.1896
Intercept: 1.014 (0.0073)
Ratio: 0.0738 (0.0387)

Genetic Covariance
------------------
Total Observed scale gencov: 0.0087 (0.0139)
Mean z1*z2: 0.0177
Intercept: 0.0129 (0.0045)

Genetic Correlation
-------------------
Genetic Correlation: 0.0459 (0.0741)
Z-score: 0.6197
P: 0.5354


Summary of Genetic Correlation Results
p1                                                                                                  p2      rg      se       z       p  h2_obs  h2_obs_se  h2_int  h2_int_se  gcov_int  gcov_int_se
/home/eerdem/CELLECT/cortical_ROI_CHARGE2020/model1b_fusiform_SAMPLESIZE.sumstats.gz  /home/eerdem/CELLECT/gwas/BIG-S2_DTI2020_munged/ukb_phase1to3_dti441_dec21_2019_pheno4.sumstats.gz  0.0459  0.0741  0.6197  0.5354    0.28     0.0226   1.014     0.0073    0.0129       0.0045

Analysis finished at Tue Dec  8 17:30:37 2020
Total time elapsed: 25.19s
