*********************************************************************
* LD Score Regression (LDSC)
* Version 1.0.0
* (C) 2014-2015 Brendan Bulik-Sullivan and Hilary Finucane
* Broad Institute of MIT and Harvard / MIT Department of Mathematics
* GNU General Public License v3
*********************************************************************
Call: 
./ldsc.py \
--ref-ld-chr eur_w_ld_chr/ \
--out /home/eerdem/notebooks/CELLECT-Analyser/out/genetic_correlation/gc/model1d_superiorfrontal_model1d_caudalmiddlefrontal \
--rg /home/eerdem/CELLECT/cortical_ROI_CHARGE2020/model1d_superiorfrontal_SAMPLESIZE.sumstats.gz,/home/eerdem/CELLECT/cortical_ROI_CHARGE2020/model1d_caudalmiddlefrontal_SAMPLESIZE.sumstats.gz \
--w-ld-chr eur_w_ld_chr/ 

Beginning analysis at Tue Dec  8 16:05:57 2020
Reading summary statistics from /home/eerdem/CELLECT/cortical_ROI_CHARGE2020/model1d_superiorfrontal_SAMPLESIZE.sumstats.gz ...
Read summary statistics for 1186053 SNPs.
Reading reference panel LD Score from eur_w_ld_chr/[1-22] ...
Read reference panel LD Scores for 1290028 SNPs.
Removing partitioned LD Scores with zero variance.
Reading regression weight LD Score from eur_w_ld_chr/[1-22] ...
Read regression weight LD Scores for 1290028 SNPs.
After merging with reference panel LD, 1173221 SNPs remain.
After merging with regression SNP LD, 1173221 SNPs remain.
Computing rg for phenotype 2/2
Reading summary statistics from /home/eerdem/CELLECT/cortical_ROI_CHARGE2020/model1d_caudalmiddlefrontal_SAMPLESIZE.sumstats.gz ...
Read summary statistics for 1186002 SNPs.
After merging with summary statistics, 1173159 SNPs remain.
1173159 SNPs with valid alleles.

Heritability of phenotype 1
---------------------------
Total Observed scale h2: 0.2059 (0.0238)
Lambda GC: 1.0689
Mean Chi^2: 1.0825
Intercept: 0.9924 (0.0069)
Ratio < 0 (usually indicates GC correction).

Heritability of phenotype 2/2
-----------------------------
Total Observed scale h2: 0.1786 (0.021)
Lambda GC: 1.0743
Mean Chi^2: 1.0814
Intercept: 1.0024 (0.0061)
Ratio: 0.0299 (0.0753)

Genetic Covariance
------------------
Total Observed scale gencov: 0.0509 (0.0154)
Mean z1*z2: 0.1391
Intercept: 0.1173 (0.0047)

Genetic Correlation
-------------------
Genetic Correlation: 0.2652 (0.0779)
Z-score: 3.4057
P: 0.0007


Summary of Genetic Correlation Results
p1                                                                                               p2      rg      se       z       p  h2_obs  h2_obs_se  h2_int  h2_int_se  gcov_int  gcov_int_se
/home/eerdem/CELLECT/cortical_ROI_CHARGE2020/model1d_superiorfrontal_SAMPLESIZE.sumstats.gz  /home/eerdem/CELLECT/cortical_ROI_CHARGE2020/model1d_caudalmiddlefrontal_SAMPLESIZE.sumstats.gz  0.2652  0.0779  3.4057  0.0007  0.1786      0.021  1.0024     0.0061    0.1173       0.0047

Analysis finished at Tue Dec  8 16:06:15 2020
Total time elapsed: 18.04s
