*********************************************************************
* LD Score Regression (LDSC)
* Version 1.0.0
* (C) 2014-2015 Brendan Bulik-Sullivan and Hilary Finucane
* Broad Institute of MIT and Harvard / MIT Department of Mathematics
* GNU General Public License v3
*********************************************************************
Call: 
./ldsc.py \
--ref-ld-chr eur_w_ld_chr/ \
--out /home/eerdem/notebooks/CELLECT-Analyser/out/genetic_correlation/gc/model1b_lateraloccipital_ukb_phase1to3_fapcs_dec21_2019_pheno6 \
--rg /home/eerdem/CELLECT/cortical_ROI_CHARGE2020/model1b_lateraloccipital_SAMPLESIZE.sumstats.gz,/home/eerdem/CELLECT/gwas/BIG-S2_DTI2020_munged/ukb_phase1to3_fapcs_dec21_2019_pheno6.sumstats.gz \
--w-ld-chr eur_w_ld_chr/ 

Beginning analysis at Tue Dec  8 15:00:42 2020
Reading summary statistics from /home/eerdem/CELLECT/cortical_ROI_CHARGE2020/model1b_lateraloccipital_SAMPLESIZE.sumstats.gz ...
Read summary statistics for 1186453 SNPs.
Reading reference panel LD Score from eur_w_ld_chr/[1-22] ...
Read reference panel LD Scores for 1290028 SNPs.
Removing partitioned LD Scores with zero variance.
Reading regression weight LD Score from eur_w_ld_chr/[1-22] ...
Read regression weight LD Scores for 1290028 SNPs.
After merging with reference panel LD, 1170095 SNPs remain.
After merging with regression SNP LD, 1170095 SNPs remain.
Computing rg for phenotype 2/2
Reading summary statistics from /home/eerdem/CELLECT/gwas/BIG-S2_DTI2020_munged/ukb_phase1to3_fapcs_dec21_2019_pheno6.sumstats.gz ...
Read summary statistics for 1149074 SNPs.
After merging with summary statistics, 1132191 SNPs remain.
1132191 SNPs with valid alleles.

Heritability of phenotype 1
---------------------------
Total Observed scale h2: 0.148 (0.0239)
Lambda GC: 1.0563
Mean Chi^2: 1.0642
Intercept: 1.0011 (0.0066)
Ratio: 0.0171 (0.1026)

Heritability of phenotype 2/2
-----------------------------
Total Observed scale h2: 0.2834 (0.0227)
Lambda GC: 1.1478
Mean Chi^2: 1.1939
Intercept: 1.0157 (0.0074)
Ratio: 0.0812 (0.0381)

Genetic Covariance
------------------
Total Observed scale gencov: 0.0115 (0.015)
Mean z1*z2: 0.0052
Intercept: -0.0007 (0.0048)

Genetic Correlation
-------------------
Genetic Correlation: 0.0559 (0.0735)
Z-score: 0.7614
P: 0.4464


Summary of Genetic Correlation Results
p1                                                                                                 p2      rg      se       z       p  h2_obs  h2_obs_se  h2_int  h2_int_se  gcov_int  gcov_int_se
/home/eerdem/CELLECT/cortical_ROI_CHARGE2020/model1b_lateraloccipital_SAMPLESIZE.sumstats.gz  /home/eerdem/CELLECT/gwas/BIG-S2_DTI2020_munged/ukb_phase1to3_fapcs_dec21_2019_pheno6.sumstats.gz  0.0559  0.0735  0.7614  0.4464  0.2834     0.0227  1.0157     0.0074   -0.0007       0.0048

Analysis finished at Tue Dec  8 15:01:07 2020
Total time elapsed: 24.85s
