*********************************************************************
* LD Score Regression (LDSC)
* Version 1.0.0
* (C) 2014-2015 Brendan Bulik-Sullivan and Hilary Finucane
* Broad Institute of MIT and Harvard / MIT Department of Mathematics
* GNU General Public License v3
*********************************************************************
Call: 
./ldsc.py \
--ref-ld-chr eur_w_ld_chr/ \
--out /home/eerdem/notebooks/CELLECT-Analyser/out/genetic_correlation/gc/model1d_supramarginal_ukb_phase1to3_fapcs_dec21_2019_pheno53 \
--rg /home/eerdem/CELLECT/cortical_ROI_CHARGE2020/model1d_supramarginal_SAMPLESIZE.sumstats.gz,/home/eerdem/CELLECT/gwas/BIG-S2_DTI2020_munged/ukb_phase1to3_fapcs_dec21_2019_pheno53.sumstats.gz \
--w-ld-chr eur_w_ld_chr/ 

Beginning analysis at Tue Dec  8 18:43:42 2020
Reading summary statistics from /home/eerdem/CELLECT/cortical_ROI_CHARGE2020/model1d_supramarginal_SAMPLESIZE.sumstats.gz ...
Read summary statistics for 1185720 SNPs.
Reading reference panel LD Score from eur_w_ld_chr/[1-22] ...
Read reference panel LD Scores for 1290028 SNPs.
Removing partitioned LD Scores with zero variance.
Reading regression weight LD Score from eur_w_ld_chr/[1-22] ...
Read regression weight LD Scores for 1290028 SNPs.
After merging with reference panel LD, 1173155 SNPs remain.
After merging with regression SNP LD, 1173155 SNPs remain.
Computing rg for phenotype 2/2
Reading summary statistics from /home/eerdem/CELLECT/gwas/BIG-S2_DTI2020_munged/ukb_phase1to3_fapcs_dec21_2019_pheno53.sumstats.gz ...
Read summary statistics for 1149074 SNPs.
After merging with summary statistics, 1134680 SNPs remain.
1134680 SNPs with valid alleles.

Heritability of phenotype 1
---------------------------
Total Observed scale h2: 0.1625 (0.0279)
Lambda GC: 1.0694
Mean Chi^2: 1.0814
Intercept: 1.0087 (0.0073)
Ratio: 0.1069 (0.0895)

Heritability of phenotype 2/2
-----------------------------
Total Observed scale h2: 0.1608 (0.0191)
Lambda GC: 1.1028
Mean Chi^2: 1.1131
Intercept: 1.0095 (0.0074)
Ratio: 0.0836 (0.0655)

Genetic Covariance
------------------
Total Observed scale gencov: -0.017 (0.0136)
Mean z1*z2: -0.0102
Intercept: -0.0007 (0.0049)

Genetic Correlation
-------------------
Genetic Correlation: -0.1051 (0.0838)
Z-score: -1.2552
P: 0.2094


Summary of Genetic Correlation Results
p1                                                                                                  p2      rg      se       z       p  h2_obs  h2_obs_se  h2_int  h2_int_se  gcov_int  gcov_int_se
/home/eerdem/CELLECT/cortical_ROI_CHARGE2020/model1d_supramarginal_SAMPLESIZE.sumstats.gz  /home/eerdem/CELLECT/gwas/BIG-S2_DTI2020_munged/ukb_phase1to3_fapcs_dec21_2019_pheno53.sumstats.gz -0.1051  0.0838 -1.2552  0.2094  0.1608     0.0191  1.0095     0.0074   -0.0007       0.0049

Analysis finished at Tue Dec  8 18:44:07 2020
Total time elapsed: 24.89s
