*********************************************************************
* LD Score Regression (LDSC)
* Version 1.0.0
* (C) 2014-2015 Brendan Bulik-Sullivan and Hilary Finucane
* Broad Institute of MIT and Harvard / MIT Department of Mathematics
* GNU General Public License v3
*********************************************************************
Call: 
./ldsc.py \
--ref-ld-chr eur_w_ld_chr/ \
--out /home/eerdem/notebooks/CELLECT-Analyser/out/genetic_correlation/gc/model1d_entorhinal_ukb_phase1to3_dti441_dec21_2019_pheno294 \
--rg /home/eerdem/CELLECT/cortical_ROI_CHARGE2020/model1d_entorhinal_SAMPLESIZE.sumstats.gz,/home/eerdem/CELLECT/gwas/BIG-S2_DTI2020_munged/ukb_phase1to3_dti441_dec21_2019_pheno294.sumstats.gz \
--w-ld-chr eur_w_ld_chr/ 

Beginning analysis at Tue Dec  8 15:16:42 2020
Reading summary statistics from /home/eerdem/CELLECT/cortical_ROI_CHARGE2020/model1d_entorhinal_SAMPLESIZE.sumstats.gz ...
Read summary statistics for 1185403 SNPs.
Reading reference panel LD Score from eur_w_ld_chr/[1-22] ...
Read reference panel LD Scores for 1290028 SNPs.
Removing partitioned LD Scores with zero variance.
Reading regression weight LD Score from eur_w_ld_chr/[1-22] ...
Read regression weight LD Scores for 1290028 SNPs.
After merging with reference panel LD, 1172977 SNPs remain.
After merging with regression SNP LD, 1172977 SNPs remain.
Computing rg for phenotype 2/2
Reading summary statistics from /home/eerdem/CELLECT/gwas/BIG-S2_DTI2020_munged/ukb_phase1to3_dti441_dec21_2019_pheno294.sumstats.gz ...
Read summary statistics for 1149074 SNPs.
After merging with summary statistics, 1134597 SNPs remain.
1134597 SNPs with valid alleles.

Heritability of phenotype 1
---------------------------
Total Observed scale h2: 0.1251 (0.0228)
Lambda GC: 1.0394
Mean Chi^2: 1.0475
Intercept: 0.991 (0.0067)
Ratio < 0 (usually indicates GC correction).

Heritability of phenotype 2/2
-----------------------------
Total Observed scale h2: 0.2461 (0.028)
Lambda GC: 1.1233
Mean Chi^2: 1.1808
Intercept: 1.0279 (0.0089)
Ratio: 0.1541 (0.0494)

Genetic Covariance
------------------
Total Observed scale gencov: -0.0108 (0.0152)
Mean z1*z2: 0.0014
Intercept: 0.0051 (0.005)

Genetic Correlation
-------------------
Genetic Correlation: -0.0613 (0.0865)
Z-score: -0.7093
P: 0.4781


Summary of Genetic Correlation Results
p1                                                                                                    p2      rg      se       z       p  h2_obs  h2_obs_se  h2_int  h2_int_se  gcov_int  gcov_int_se
/home/eerdem/CELLECT/cortical_ROI_CHARGE2020/model1d_entorhinal_SAMPLESIZE.sumstats.gz  /home/eerdem/CELLECT/gwas/BIG-S2_DTI2020_munged/ukb_phase1to3_dti441_dec21_2019_pheno294.sumstats.gz -0.0613  0.0865 -0.7093  0.4781  0.2461      0.028  1.0279     0.0089    0.0051        0.005

Analysis finished at Tue Dec  8 15:17:08 2020
Total time elapsed: 25.52s
