*********************************************************************
* LD Score Regression (LDSC)
* Version 1.0.0
* (C) 2014-2015 Brendan Bulik-Sullivan and Hilary Finucane
* Broad Institute of MIT and Harvard / MIT Department of Mathematics
* GNU General Public License v3
*********************************************************************
Call: 
./ldsc.py \
--ref-ld-chr eur_w_ld_chr/ \
--out /home/eerdem/notebooks/CELLECT-Analyser/out/genetic_correlation/gc/model1a_inferiorparietal_Net100_Node42 \
--rg /home/eerdem/CELLECT/cortical_ROI_CHARGE2020/model1a_inferiorparietal_SAMPLESIZE.sumstats.gz,/home/eerdem/CELLECT/gwas/BIG-S2_rs-fMRI/ukb_phase1to3_fmri_node_dec21_2019_pheno63.sumstats.gz \
--w-ld-chr eur_w_ld_chr/ 

Beginning analysis at Tue Dec  8 19:59:27 2020
Reading summary statistics from /home/eerdem/CELLECT/cortical_ROI_CHARGE2020/model1a_inferiorparietal_SAMPLESIZE.sumstats.gz ...
Read summary statistics for 1191335 SNPs.
Reading reference panel LD Score from eur_w_ld_chr/[1-22] ...
Read reference panel LD Scores for 1290028 SNPs.
Removing partitioned LD Scores with zero variance.
Reading regression weight LD Score from eur_w_ld_chr/[1-22] ...
Read regression weight LD Scores for 1290028 SNPs.
After merging with reference panel LD, 1174091 SNPs remain.
After merging with regression SNP LD, 1174091 SNPs remain.
Computing rg for phenotype 2/2
Reading summary statistics from /home/eerdem/CELLECT/gwas/BIG-S2_rs-fMRI/ukb_phase1to3_fmri_node_dec21_2019_pheno63.sumstats.gz ...
Read summary statistics for 1149479 SNPs.
After merging with summary statistics, 1135272 SNPs remain.
1135272 SNPs with valid alleles.

Heritability of phenotype 1
---------------------------
Total Observed scale h2: 0.2622 (0.0308)
Lambda GC: 1.0719
Mean Chi^2: 1.0907
Intercept: 0.9978 (0.0068)
Ratio < 0 (usually indicates GC correction).

Heritability of phenotype 2/2
-----------------------------
Total Observed scale h2: 0.1127 (0.0193)
Lambda GC: 1.0675
Mean Chi^2: 1.0916
Intercept: 1.0173 (0.0078)
Ratio: 0.1886 (0.0849)

Genetic Covariance
------------------
Total Observed scale gencov: -0.0156 (0.0154)
Mean z1*z2: -0.0182
Intercept: -0.012 (0.0049)

Genetic Correlation
-------------------
Genetic Correlation: -0.0908 (0.0905)
Z-score: -1.0038
P: 0.3155


Summary of Genetic Correlation Results
p1                                                                                               p2      rg      se       z       p  h2_obs  h2_obs_se  h2_int  h2_int_se  gcov_int  gcov_int_se
/home/eerdem/CELLECT/cortical_ROI_CHARGE2020/model1a_inferiorparietal_SAMPLESIZE.sumstats.gz  /home/eerdem/CELLECT/gwas/BIG-S2_rs-fMRI/ukb_phase1to3_fmri_node_dec21_2019_pheno63.sumstats.gz -0.0908  0.0905 -1.0038  0.3155  0.1127     0.0193  1.0173     0.0078    -0.012       0.0049

Analysis finished at Tue Dec  8 19:59:54 2020
Total time elapsed: 26.37s
