*********************************************************************
* LD Score Regression (LDSC)
* Version 1.0.0
* (C) 2014-2015 Brendan Bulik-Sullivan and Hilary Finucane
* Broad Institute of MIT and Harvard / MIT Department of Mathematics
* GNU General Public License v3
*********************************************************************
Call: 
./ldsc.py \
--ref-ld-chr eur_w_ld_chr/ \
--out /home/eerdem/notebooks/CELLECT-Analyser/out/genetic_correlation/gc/model1a_inferiorparietal_ukb_phase1to3_dti441_dec21_2019_pheno301 \
--rg /home/eerdem/CELLECT/cortical_ROI_CHARGE2020/model1a_inferiorparietal_SAMPLESIZE.sumstats.gz,/home/eerdem/CELLECT/gwas/BIG-S2_DTI2020_munged/ukb_phase1to3_dti441_dec21_2019_pheno301.sumstats.gz \
--w-ld-chr eur_w_ld_chr/ 

Beginning analysis at Tue Dec  8 20:26:57 2020
Reading summary statistics from /home/eerdem/CELLECT/cortical_ROI_CHARGE2020/model1a_inferiorparietal_SAMPLESIZE.sumstats.gz ...
Read summary statistics for 1191335 SNPs.
Reading reference panel LD Score from eur_w_ld_chr/[1-22] ...
Read reference panel LD Scores for 1290028 SNPs.
Removing partitioned LD Scores with zero variance.
Reading regression weight LD Score from eur_w_ld_chr/[1-22] ...
Read regression weight LD Scores for 1290028 SNPs.
After merging with reference panel LD, 1174091 SNPs remain.
After merging with regression SNP LD, 1174091 SNPs remain.
Computing rg for phenotype 2/2
Reading summary statistics from /home/eerdem/CELLECT/gwas/BIG-S2_DTI2020_munged/ukb_phase1to3_dti441_dec21_2019_pheno301.sumstats.gz ...
Read summary statistics for 1149073 SNPs.
After merging with summary statistics, 1134835 SNPs remain.
1134835 SNPs with valid alleles.

Heritability of phenotype 1
---------------------------
Total Observed scale h2: 0.2618 (0.0311)
Lambda GC: 1.0719
Mean Chi^2: 1.0908
Intercept: 0.9979 (0.0068)
Ratio < 0 (usually indicates GC correction).

Heritability of phenotype 2/2
-----------------------------
Total Observed scale h2: 0.2624 (0.0295)
Lambda GC: 1.1375
Mean Chi^2: 1.1778
Intercept: 1.0177 (0.0087)
Ratio: 0.0995 (0.0487)

Genetic Covariance
------------------
Total Observed scale gencov: 0.0008 (0.0155)
Mean z1*z2: -0.001
Intercept: -0.0028 (0.0049)

Genetic Correlation
-------------------
Genetic Correlation: 0.003 (0.0592)
Z-score: 0.0502
P: 0.9599


Summary of Genetic Correlation Results
p1                                                                                                    p2     rg      se       z       p  h2_obs  h2_obs_se  h2_int  h2_int_se  gcov_int  gcov_int_se
/home/eerdem/CELLECT/cortical_ROI_CHARGE2020/model1a_inferiorparietal_SAMPLESIZE.sumstats.gz  /home/eerdem/CELLECT/gwas/BIG-S2_DTI2020_munged/ukb_phase1to3_dti441_dec21_2019_pheno301.sumstats.gz  0.003  0.0592  0.0502  0.9599  0.2624     0.0295  1.0177     0.0087   -0.0028       0.0049

Analysis finished at Tue Dec  8 20:27:20 2020
Total time elapsed: 22.88s
