*********************************************************************
* LD Score Regression (LDSC)
* Version 1.0.0
* (C) 2014-2015 Brendan Bulik-Sullivan and Hilary Finucane
* Broad Institute of MIT and Harvard / MIT Department of Mathematics
* GNU General Public License v3
*********************************************************************
Call: 
./ldsc.py \
--ref-ld-chr eur_w_ld_chr/ \
--out /home/eerdem/notebooks/CELLECT-Analyser/out/genetic_correlation/gc/model1b_cortex_Net100_Pair3_10 \
--rg /home/eerdem/CELLECT/cortical_ROI_CHARGE2020/model1b_cortex_SAMPLESIZE.sumstats.gz,/home/eerdem/CELLECT/gwas/BIG-S2_rs-fMRI/ukb_phase1to3_fmri_edge_dec21_2019_pheno249.sumstats.gz \
--w-ld-chr eur_w_ld_chr/ 

Beginning analysis at Tue Dec  8 20:00:27 2020
Reading summary statistics from /home/eerdem/CELLECT/cortical_ROI_CHARGE2020/model1b_cortex_SAMPLESIZE.sumstats.gz ...
Read summary statistics for 1074090 SNPs.
Reading reference panel LD Score from eur_w_ld_chr/[1-22] ...
Read reference panel LD Scores for 1290028 SNPs.
Removing partitioned LD Scores with zero variance.
Reading regression weight LD Score from eur_w_ld_chr/[1-22] ...
Read regression weight LD Scores for 1290028 SNPs.
After merging with reference panel LD, 1071566 SNPs remain.
After merging with regression SNP LD, 1071566 SNPs remain.
Computing rg for phenotype 2/2
Reading summary statistics from /home/eerdem/CELLECT/gwas/BIG-S2_rs-fMRI/ukb_phase1to3_fmri_edge_dec21_2019_pheno249.sumstats.gz ...
Read summary statistics for 1149479 SNPs.
After merging with summary statistics, 1049285 SNPs remain.
1049285 SNPs with valid alleles.

Heritability of phenotype 1
---------------------------
Total Observed scale h2: 0.2526 (0.0278)
Lambda GC: 1.0827
Mean Chi^2: 1.1014
Intercept: 0.9845 (0.008)
Ratio < 0 (usually indicates GC correction).

Heritability of phenotype 2/2
-----------------------------
Total Observed scale h2: 0.069 (0.0204)
Lambda GC: 1.0415
Mean Chi^2: 1.0493
Intercept: 1.0025 (0.0081)
Ratio: 0.0498 (0.1634)

Genetic Covariance
------------------
Total Observed scale gencov: -0.0149 (0.0146)
Mean z1*z2: -0.0021
Intercept: 0.0061 (0.0055)

Genetic Correlation
-------------------
Genetic Correlation: -0.1126 (0.1114)
Z-score: -1.0112
P: 0.3119


Summary of Genetic Correlation Results
p1                                                                                                p2      rg      se       z       p  h2_obs  h2_obs_se  h2_int  h2_int_se  gcov_int  gcov_int_se
/home/eerdem/CELLECT/cortical_ROI_CHARGE2020/model1b_cortex_SAMPLESIZE.sumstats.gz  /home/eerdem/CELLECT/gwas/BIG-S2_rs-fMRI/ukb_phase1to3_fmri_edge_dec21_2019_pheno249.sumstats.gz -0.1126  0.1114 -1.0112  0.3119   0.069     0.0204  1.0025     0.0081    0.0061       0.0055

Analysis finished at Tue Dec  8 20:00:45 2020
Total time elapsed: 18.02s
