*********************************************************************
* LD Score Regression (LDSC)
* Version 1.0.0
* (C) 2014-2015 Brendan Bulik-Sullivan and Hilary Finucane
* Broad Institute of MIT and Harvard / MIT Department of Mathematics
* GNU General Public License v3
*********************************************************************
Call: 
./ldsc.py \
--ref-ld-chr eur_w_ld_chr/ \
--out /home/eerdem/notebooks/CELLECT-Analyser/out/genetic_correlation/gc/model1a_parsopercularis_ukb_phase1to3_dti441_dec21_2019_pheno28 \
--rg /home/eerdem/CELLECT/cortical_ROI_CHARGE2020/model1a_parsopercularis_SAMPLESIZE.sumstats.gz,/home/eerdem/CELLECT/gwas/BIG-S2_DTI2020_munged/ukb_phase1to3_dti441_dec21_2019_pheno28.sumstats.gz \
--w-ld-chr eur_w_ld_chr/ 

Beginning analysis at Tue Dec  8 15:58:27 2020
Reading summary statistics from /home/eerdem/CELLECT/cortical_ROI_CHARGE2020/model1a_parsopercularis_SAMPLESIZE.sumstats.gz ...
Read summary statistics for 1191337 SNPs.
Reading reference panel LD Score from eur_w_ld_chr/[1-22] ...
Read reference panel LD Scores for 1290028 SNPs.
Removing partitioned LD Scores with zero variance.
Reading regression weight LD Score from eur_w_ld_chr/[1-22] ...
Read regression weight LD Scores for 1290028 SNPs.
After merging with reference panel LD, 1174093 SNPs remain.
After merging with regression SNP LD, 1174093 SNPs remain.
Computing rg for phenotype 2/2
Reading summary statistics from /home/eerdem/CELLECT/gwas/BIG-S2_DTI2020_munged/ukb_phase1to3_dti441_dec21_2019_pheno28.sumstats.gz ...
Read summary statistics for 1149074 SNPs.
After merging with summary statistics, 1134839 SNPs remain.
1134839 SNPs with valid alleles.

Heritability of phenotype 1
---------------------------
Total Observed scale h2: 0.1612 (0.0269)
Lambda GC: 1.0437
Mean Chi^2: 1.0527
Intercept: 0.9945 (0.0062)
Ratio < 0 (usually indicates GC correction).

Heritability of phenotype 2/2
-----------------------------
Total Observed scale h2: 0.2775 (0.0257)
Lambda GC: 1.1466
Mean Chi^2: 1.1889
Intercept: 1.0117 (0.0088)
Ratio: 0.0621 (0.0466)

Genetic Covariance
------------------
Total Observed scale gencov: 0.0065 (0.0165)
Mean z1*z2: 0.0047
Intercept: 0.0018 (0.0046)

Genetic Correlation
-------------------
Genetic Correlation: 0.0307 (0.0777)
Z-score: 0.3949
P: 0.6929


Summary of Genetic Correlation Results
p1                                                                                                   p2      rg      se       z       p  h2_obs  h2_obs_se  h2_int  h2_int_se  gcov_int  gcov_int_se
/home/eerdem/CELLECT/cortical_ROI_CHARGE2020/model1a_parsopercularis_SAMPLESIZE.sumstats.gz  /home/eerdem/CELLECT/gwas/BIG-S2_DTI2020_munged/ukb_phase1to3_dti441_dec21_2019_pheno28.sumstats.gz  0.0307  0.0777  0.3949  0.6929  0.2775     0.0257  1.0117     0.0088    0.0018       0.0046

Analysis finished at Tue Dec  8 15:58:53 2020
Total time elapsed: 26.28s
