*********************************************************************
* LD Score Regression (LDSC)
* Version 1.0.0
* (C) 2014-2015 Brendan Bulik-Sullivan and Hilary Finucane
* Broad Institute of MIT and Harvard / MIT Department of Mathematics
* GNU General Public License v3
*********************************************************************
Call: 
./ldsc.py \
--ref-ld-chr eur_w_ld_chr/ \
--out /home/eerdem/notebooks/CELLECT-Analyser/out/genetic_correlation/gc/model1d_pericalcarine_ukb_phase1to3_fapcs_dec21_2019_pheno42 \
--rg /home/eerdem/CELLECT/cortical_ROI_CHARGE2020/model1d_pericalcarine_SAMPLESIZE.sumstats.gz,/home/eerdem/CELLECT/gwas/BIG-S2_DTI2020_munged/ukb_phase1to3_fapcs_dec21_2019_pheno42.sumstats.gz \
--w-ld-chr eur_w_ld_chr/ 

Beginning analysis at Tue Dec  8 16:00:42 2020
Reading summary statistics from /home/eerdem/CELLECT/cortical_ROI_CHARGE2020/model1d_pericalcarine_SAMPLESIZE.sumstats.gz ...
Read summary statistics for 1186280 SNPs.
Reading reference panel LD Score from eur_w_ld_chr/[1-22] ...
Read reference panel LD Scores for 1290028 SNPs.
Removing partitioned LD Scores with zero variance.
Reading regression weight LD Score from eur_w_ld_chr/[1-22] ...
Read regression weight LD Scores for 1290028 SNPs.
After merging with reference panel LD, 1173413 SNPs remain.
After merging with regression SNP LD, 1173413 SNPs remain.
Computing rg for phenotype 2/2
Reading summary statistics from /home/eerdem/CELLECT/gwas/BIG-S2_DTI2020_munged/ukb_phase1to3_fapcs_dec21_2019_pheno42.sumstats.gz ...
Read summary statistics for 1149074 SNPs.
After merging with summary statistics, 1134828 SNPs remain.
1134828 SNPs with valid alleles.

Heritability of phenotype 1
---------------------------
Total Observed scale h2: 0.3189 (0.0358)
Lambda GC: 1.0981
Mean Chi^2: 1.1423
Intercept: 1. (0.0084)
Ratio < 0 (usually indicates GC correction).

Heritability of phenotype 2/2
-----------------------------
Total Observed scale h2: 0.1728 (0.0194)
Lambda GC: 1.0893
Mean Chi^2: 1.1136
Intercept: 1.0047 (0.0079)
Ratio: 0.0415 (0.07)

Genetic Covariance
------------------
Total Observed scale gencov: 0.0427 (0.0159)
Mean z1*z2: 0.0241
Intercept: 0.0024 (0.0051)

Genetic Correlation
-------------------
Genetic Correlation: 0.1819 (0.0694)
Z-score: 2.6229
P: 0.0087


Summary of Genetic Correlation Results
p1                                                                                                  p2      rg      se       z       p  h2_obs  h2_obs_se  h2_int  h2_int_se  gcov_int  gcov_int_se
/home/eerdem/CELLECT/cortical_ROI_CHARGE2020/model1d_pericalcarine_SAMPLESIZE.sumstats.gz  /home/eerdem/CELLECT/gwas/BIG-S2_DTI2020_munged/ukb_phase1to3_fapcs_dec21_2019_pheno42.sumstats.gz  0.1819  0.0694  2.6229  0.0087  0.1728     0.0194  1.0047     0.0079    0.0024       0.0051

Analysis finished at Tue Dec  8 16:01:05 2020
Total time elapsed: 23.19s
