*********************************************************************
* LD Score Regression (LDSC)
* Version 1.0.0
* (C) 2014-2015 Brendan Bulik-Sullivan and Hilary Finucane
* Broad Institute of MIT and Harvard / MIT Department of Mathematics
* GNU General Public License v3
*********************************************************************
Call: 
./ldsc.py \
--ref-ld-chr eur_w_ld_chr/ \
--out /home/eerdem/notebooks/CELLECT-Analyser/out/genetic_correlation/gc/model1d_lateralorbitofrontal_ukb_phase1to3_dti441_dec21_2019_pheno274 \
--rg /home/eerdem/CELLECT/cortical_ROI_CHARGE2020/model1d_lateralorbitofrontal_SAMPLESIZE.sumstats.gz,/home/eerdem/CELLECT/gwas/BIG-S2_DTI2020_munged/ukb_phase1to3_dti441_dec21_2019_pheno274.sumstats.gz \
--w-ld-chr eur_w_ld_chr/ 

Beginning analysis at Tue Dec  8 18:59:57 2020
Reading summary statistics from /home/eerdem/CELLECT/cortical_ROI_CHARGE2020/model1d_lateralorbitofrontal_SAMPLESIZE.sumstats.gz ...
Read summary statistics for 1186340 SNPs.
Reading reference panel LD Score from eur_w_ld_chr/[1-22] ...
Read reference panel LD Scores for 1290028 SNPs.
Removing partitioned LD Scores with zero variance.
Reading regression weight LD Score from eur_w_ld_chr/[1-22] ...
Read regression weight LD Scores for 1290028 SNPs.
After merging with reference panel LD, 1173424 SNPs remain.
After merging with regression SNP LD, 1173424 SNPs remain.
Computing rg for phenotype 2/2
Reading summary statistics from /home/eerdem/CELLECT/gwas/BIG-S2_DTI2020_munged/ukb_phase1to3_dti441_dec21_2019_pheno274.sumstats.gz ...
Read summary statistics for 1149074 SNPs.
After merging with summary statistics, 1134824 SNPs remain.
1134824 SNPs with valid alleles.

Heritability of phenotype 1
---------------------------
Total Observed scale h2: 0.264 (0.0248)
Lambda GC: 1.0971
Mean Chi^2: 1.1172
Intercept: 0.9972 (0.0071)
Ratio < 0 (usually indicates GC correction).

Heritability of phenotype 2/2
-----------------------------
Total Observed scale h2: 0.2076 (0.0232)
Lambda GC: 1.1063
Mean Chi^2: 1.1365
Intercept: 1.0055 (0.0081)
Ratio: 0.0405 (0.0592)

Genetic Covariance
------------------
Total Observed scale gencov: 0.0163 (0.0153)
Mean z1*z2: 0.0128
Intercept: 0.0044 (0.0051)

Genetic Correlation
-------------------
Genetic Correlation: 0.0696 (0.066)
Z-score: 1.0552
P: 0.2913


Summary of Genetic Correlation Results
p1                                                                                                    p2      rg     se       z       p  h2_obs  h2_obs_se  h2_int  h2_int_se  gcov_int  gcov_int_se
/home/eerdem/CELLECT/cortical_ROI_CHARGE2020/model1d_lateralorbitofrontal_SAMPLESIZE.sumstats.gz  /home/eerdem/CELLECT/gwas/BIG-S2_DTI2020_munged/ukb_phase1to3_dti441_dec21_2019_pheno274.sumstats.gz  0.0696  0.066  1.0552  0.2913  0.2076     0.0232  1.0055     0.0081    0.0044       0.0051

Analysis finished at Tue Dec  8 19:00:19 2020
Total time elapsed: 21.33s
