*********************************************************************
* LD Score Regression (LDSC)
* Version 1.0.0
* (C) 2014-2015 Brendan Bulik-Sullivan and Hilary Finucane
* Broad Institute of MIT and Harvard / MIT Department of Mathematics
* GNU General Public License v3
*********************************************************************
Call: 
./ldsc.py \
--ref-ld-chr eur_w_ld_chr/ \
--out /home/eerdem/notebooks/CELLECT-Analyser/out/genetic_correlation/gc/model1b_isthmuscingulate_Net100_Pair20_32 \
--rg /home/eerdem/CELLECT/cortical_ROI_CHARGE2020/model1b_isthmuscingulate_SAMPLESIZE.sumstats.gz,/home/eerdem/CELLECT/gwas/BIG-S2_rs-fMRI/ukb_phase1to3_fmri_edge_dec21_2019_pheno695.sumstats.gz \
--w-ld-chr eur_w_ld_chr/ 

Beginning analysis at Tue Dec  8 16:35:42 2020
Reading summary statistics from /home/eerdem/CELLECT/cortical_ROI_CHARGE2020/model1b_isthmuscingulate_SAMPLESIZE.sumstats.gz ...
Read summary statistics for 1186453 SNPs.
Reading reference panel LD Score from eur_w_ld_chr/[1-22] ...
Read reference panel LD Scores for 1290028 SNPs.
Removing partitioned LD Scores with zero variance.
Reading regression weight LD Score from eur_w_ld_chr/[1-22] ...
Read regression weight LD Scores for 1290028 SNPs.
After merging with reference panel LD, 1170095 SNPs remain.
After merging with regression SNP LD, 1170095 SNPs remain.
Computing rg for phenotype 2/2
Reading summary statistics from /home/eerdem/CELLECT/gwas/BIG-S2_rs-fMRI/ukb_phase1to3_fmri_edge_dec21_2019_pheno695.sumstats.gz ...
Read summary statistics for 1149479 SNPs.
After merging with summary statistics, 1132624 SNPs remain.
1132624 SNPs with valid alleles.

Heritability of phenotype 1
---------------------------
Total Observed scale h2: 0.1503 (0.0236)
Lambda GC: 1.0509
Mean Chi^2: 1.0548
Intercept: 0.9901 (0.0071)
Ratio < 0 (usually indicates GC correction).

Heritability of phenotype 2/2
-----------------------------
Total Observed scale h2: 0.0624 (0.0134)
Lambda GC: 1.0414
Mean Chi^2: 1.0433
Intercept: 1.0027 (0.0057)
Ratio: 0.0627 (0.1326)

Genetic Covariance
------------------
Total Observed scale gencov: -0.001 (0.0118)
Mean z1*z2: -0.0035
Intercept: -0.0028 (0.0044)

Genetic Correlation
-------------------
Genetic Correlation: -0.0105 (0.1221)
Z-score: -0.0857
P: 0.9317


Summary of Genetic Correlation Results
p1                                                                                                p2      rg      se       z       p  h2_obs  h2_obs_se  h2_int  h2_int_se  gcov_int  gcov_int_se
/home/eerdem/CELLECT/cortical_ROI_CHARGE2020/model1b_isthmuscingulate_SAMPLESIZE.sumstats.gz  /home/eerdem/CELLECT/gwas/BIG-S2_rs-fMRI/ukb_phase1to3_fmri_edge_dec21_2019_pheno695.sumstats.gz -0.0105  0.1221 -0.0857  0.9317  0.0624     0.0134  1.0027     0.0057   -0.0028       0.0044

Analysis finished at Tue Dec  8 16:36:04 2020
Total time elapsed: 21.41s
