*********************************************************************
* LD Score Regression (LDSC)
* Version 1.0.0
* (C) 2014-2015 Brendan Bulik-Sullivan and Hilary Finucane
* Broad Institute of MIT and Harvard / MIT Department of Mathematics
* GNU General Public License v3
*********************************************************************
Call: 
./ldsc.py \
--ref-ld-chr eur_w_ld_chr/ \
--out /home/eerdem/notebooks/CELLECT-Analyser/out/genetic_correlation/gc/model1d_lateraloccipital_ukb_phase1to3_fapcs_dec21_2019_pheno63 \
--rg /home/eerdem/CELLECT/cortical_ROI_CHARGE2020/model1d_lateraloccipital_SAMPLESIZE.sumstats.gz,/home/eerdem/CELLECT/gwas/BIG-S2_DTI2020_munged/ukb_phase1to3_fapcs_dec21_2019_pheno63.sumstats.gz \
--w-ld-chr eur_w_ld_chr/ 

Beginning analysis at Tue Dec  8 20:15:57 2020
Reading summary statistics from /home/eerdem/CELLECT/cortical_ROI_CHARGE2020/model1d_lateraloccipital_SAMPLESIZE.sumstats.gz ...
Read summary statistics for 1186146 SNPs.
Reading reference panel LD Score from eur_w_ld_chr/[1-22] ...
Read reference panel LD Scores for 1290028 SNPs.
Removing partitioned LD Scores with zero variance.
Reading regression weight LD Score from eur_w_ld_chr/[1-22] ...
Read regression weight LD Scores for 1290028 SNPs.
After merging with reference panel LD, 1173384 SNPs remain.
After merging with regression SNP LD, 1173384 SNPs remain.
Computing rg for phenotype 2/2
Reading summary statistics from /home/eerdem/CELLECT/gwas/BIG-S2_DTI2020_munged/ukb_phase1to3_fapcs_dec21_2019_pheno63.sumstats.gz ...
Read summary statistics for 1149074 SNPs.
After merging with summary statistics, 1134821 SNPs remain.
1134821 SNPs with valid alleles.

Heritability of phenotype 1
---------------------------
Total Observed scale h2: 0.1571 (0.0241)
Lambda GC: 1.0572
Mean Chi^2: 1.0742
Intercept: 1.0046 (0.007)
Ratio: 0.0623 (0.0942)

Heritability of phenotype 2/2
-----------------------------
Total Observed scale h2: 0.2199 (0.0221)
Lambda GC: 1.1194
Mean Chi^2: 1.1477
Intercept: 1.01 (0.0079)
Ratio: 0.0675 (0.0532)

Genetic Covariance
------------------
Total Observed scale gencov: -0.0256 (0.0144)
Mean z1*z2: -0.0122
Intercept: 0.0011 (0.005)

Genetic Correlation
-------------------
Genetic Correlation: -0.1377 (0.0774)
Z-score: -1.7792
P: 0.0752


Summary of Genetic Correlation Results
p1                                                                                                  p2      rg      se       z       p  h2_obs  h2_obs_se  h2_int  h2_int_se  gcov_int  gcov_int_se
/home/eerdem/CELLECT/cortical_ROI_CHARGE2020/model1d_lateraloccipital_SAMPLESIZE.sumstats.gz  /home/eerdem/CELLECT/gwas/BIG-S2_DTI2020_munged/ukb_phase1to3_fapcs_dec21_2019_pheno63.sumstats.gz -0.1377  0.0774 -1.7792  0.0752  0.2199     0.0221    1.01     0.0079    0.0011        0.005

Analysis finished at Tue Dec  8 20:16:22 2020
Total time elapsed: 24.41s
