*********************************************************************
* LD Score Regression (LDSC)
* Version 1.0.0
* (C) 2014-2015 Brendan Bulik-Sullivan and Hilary Finucane
* Broad Institute of MIT and Harvard / MIT Department of Mathematics
* GNU General Public License v3
*********************************************************************
Call: 
./ldsc.py \
--ref-ld-chr eur_w_ld_chr/ \
--out /home/eerdem/notebooks/CELLECT-Analyser/out/genetic_correlation/gc/model1d_transversetemporal_model1b_cortex \
--rg /home/eerdem/CELLECT/cortical_ROI_CHARGE2020/model1d_transversetemporal_SAMPLESIZE.sumstats.gz,/home/eerdem/CELLECT/cortical_ROI_CHARGE2020/model1b_cortex_SAMPLESIZE.sumstats.gz \
--w-ld-chr eur_w_ld_chr/ 

Beginning analysis at Tue Dec  8 18:31:27 2020
Reading summary statistics from /home/eerdem/CELLECT/cortical_ROI_CHARGE2020/model1d_transversetemporal_SAMPLESIZE.sumstats.gz ...
Read summary statistics for 1186171 SNPs.
Reading reference panel LD Score from eur_w_ld_chr/[1-22] ...
Read reference panel LD Scores for 1290028 SNPs.
Removing partitioned LD Scores with zero variance.
Reading regression weight LD Score from eur_w_ld_chr/[1-22] ...
Read regression weight LD Scores for 1290028 SNPs.
After merging with reference panel LD, 1173389 SNPs remain.
After merging with regression SNP LD, 1173389 SNPs remain.
Computing rg for phenotype 2/2
Reading summary statistics from /home/eerdem/CELLECT/cortical_ROI_CHARGE2020/model1b_cortex_SAMPLESIZE.sumstats.gz ...
Read summary statistics for 1074090 SNPs.
After merging with summary statistics, 1071421 SNPs remain.
1071421 SNPs with valid alleles.

Heritability of phenotype 1
---------------------------
Total Observed scale h2: 0.2058 (0.0237)
Lambda GC: 1.0812
Mean Chi^2: 1.1004
Intercept: 1.0031 (0.008)
Ratio: 0.031 (0.0797)

Heritability of phenotype 2/2
-----------------------------
Total Observed scale h2: 0.2546 (0.0276)
Lambda GC: 1.0817
Mean Chi^2: 1.1001
Intercept: 0.9832 (0.0078)
Ratio < 0 (usually indicates GC correction).

Genetic Covariance
------------------
Total Observed scale gencov: 0.0047 (0.0195)
Mean z1*z2: 0.0286
Intercept: 0.0282 (0.0055)

Genetic Correlation
-------------------
Genetic Correlation: 0.0207 (0.0854)
Z-score: 0.2426
P: 0.8083


Summary of Genetic Correlation Results
p1                                                                                  p2      rg      se       z       p  h2_obs  h2_obs_se  h2_int  h2_int_se  gcov_int  gcov_int_se
/home/eerdem/CELLECT/cortical_ROI_CHARGE2020/model1d_transversetemporal_SAMPLESIZE.sumstats.gz  /home/eerdem/CELLECT/cortical_ROI_CHARGE2020/model1b_cortex_SAMPLESIZE.sumstats.gz  0.0207  0.0854  0.2426  0.8083  0.2546     0.0276  0.9832     0.0078    0.0282       0.0055

Analysis finished at Tue Dec  8 18:31:50 2020
Total time elapsed: 22.48s
