*********************************************************************
* LD Score Regression (LDSC)
* Version 1.0.0
* (C) 2014-2015 Brendan Bulik-Sullivan and Hilary Finucane
* Broad Institute of MIT and Harvard / MIT Department of Mathematics
* GNU General Public License v3
*********************************************************************
Call: 
./ldsc.py \
--ref-ld-chr eur_w_ld_chr/ \
--out /home/eerdem/notebooks/CELLECT-Analyser/out/genetic_correlation/gc/model1a_superiorparietal_Net100_Pair11_42 \
--rg /home/eerdem/CELLECT/cortical_ROI_CHARGE2020/model1a_superiorparietal_SAMPLESIZE.sumstats.gz,/home/eerdem/CELLECT/gwas/BIG-S2_rs-fMRI/ukb_phase1to3_fmri_edge_dec21_2019_pheno1041.sumstats.gz \
--w-ld-chr eur_w_ld_chr/ 

Beginning analysis at Tue Dec  8 18:28:12 2020
Reading summary statistics from /home/eerdem/CELLECT/cortical_ROI_CHARGE2020/model1a_superiorparietal_SAMPLESIZE.sumstats.gz ...
Read summary statistics for 1191336 SNPs.
Reading reference panel LD Score from eur_w_ld_chr/[1-22] ...
Read reference panel LD Scores for 1290028 SNPs.
Removing partitioned LD Scores with zero variance.
Reading regression weight LD Score from eur_w_ld_chr/[1-22] ...
Read regression weight LD Scores for 1290028 SNPs.
After merging with reference panel LD, 1174092 SNPs remain.
After merging with regression SNP LD, 1174092 SNPs remain.
Computing rg for phenotype 2/2
Reading summary statistics from /home/eerdem/CELLECT/gwas/BIG-S2_rs-fMRI/ukb_phase1to3_fmri_edge_dec21_2019_pheno1041.sumstats.gz ...
Read summary statistics for 1149479 SNPs.
After merging with summary statistics, 1135273 SNPs remain.
1135273 SNPs with valid alleles.

Heritability of phenotype 1
---------------------------
Total Observed scale h2: 0.2465 (0.0295)
Lambda GC: 1.0538
Mean Chi^2: 1.0758
Intercept: 0.988 (0.007)
Ratio < 0 (usually indicates GC correction).

Heritability of phenotype 2/2
-----------------------------
Total Observed scale h2: 0.0509 (0.0148)
Lambda GC: 1.0397
Mean Chi^2: 1.0438
Intercept: 1.0103 (0.006)
Ratio: 0.2351 (0.1377)

Genetic Covariance
------------------
Total Observed scale gencov: 0.0108 (0.0137)
Mean z1*z2: 0.0161
Intercept: 0.0108 (0.0046)

Genetic Correlation
-------------------
Genetic Correlation: 0.0963 (0.1212)
Z-score: 0.7947
P: 0.4268


Summary of Genetic Correlation Results
p1                                                                                                 p2      rg      se       z       p  h2_obs  h2_obs_se  h2_int  h2_int_se  gcov_int  gcov_int_se
/home/eerdem/CELLECT/cortical_ROI_CHARGE2020/model1a_superiorparietal_SAMPLESIZE.sumstats.gz  /home/eerdem/CELLECT/gwas/BIG-S2_rs-fMRI/ukb_phase1to3_fmri_edge_dec21_2019_pheno1041.sumstats.gz  0.0963  0.1212  0.7947  0.4268  0.0509     0.0148  1.0103      0.006    0.0108       0.0046

Analysis finished at Tue Dec  8 18:28:35 2020
Total time elapsed: 22.65s
