*********************************************************************
* LD Score Regression (LDSC)
* Version 1.0.0
* (C) 2014-2015 Brendan Bulik-Sullivan and Hilary Finucane
* Broad Institute of MIT and Harvard / MIT Department of Mathematics
* GNU General Public License v3
*********************************************************************
Call: 
./ldsc.py \
--ref-ld-chr eur_w_ld_chr/ \
--out /home/eerdem/notebooks/CELLECT-Analyser/out/genetic_correlation/gc/model1d_bankssts_model1d_lateralorbitofrontal \
--rg /home/eerdem/CELLECT/cortical_ROI_CHARGE2020/model1d_bankssts_SAMPLESIZE.sumstats.gz,/home/eerdem/CELLECT/cortical_ROI_CHARGE2020/model1d_lateralorbitofrontal_SAMPLESIZE.sumstats.gz \
--w-ld-chr eur_w_ld_chr/ 

Beginning analysis at Tue Dec  8 19:56:42 2020
Reading summary statistics from /home/eerdem/CELLECT/cortical_ROI_CHARGE2020/model1d_bankssts_SAMPLESIZE.sumstats.gz ...
Read summary statistics for 1186004 SNPs.
Reading reference panel LD Score from eur_w_ld_chr/[1-22] ...
Read reference panel LD Scores for 1290028 SNPs.
Removing partitioned LD Scores with zero variance.
Reading regression weight LD Score from eur_w_ld_chr/[1-22] ...
Read regression weight LD Scores for 1290028 SNPs.
After merging with reference panel LD, 1173293 SNPs remain.
After merging with regression SNP LD, 1173293 SNPs remain.
Computing rg for phenotype 2/2
Reading summary statistics from /home/eerdem/CELLECT/cortical_ROI_CHARGE2020/model1d_lateralorbitofrontal_SAMPLESIZE.sumstats.gz ...
Read summary statistics for 1186340 SNPs.
After merging with summary statistics, 1173273 SNPs remain.
1173273 SNPs with valid alleles.

Heritability of phenotype 1
---------------------------
Total Observed scale h2: 0.1424 (0.0222)
Lambda GC: 1.0577
Mean Chi^2: 1.0628
Intercept: 1.0005 (0.0067)
Ratio: 0.0086 (0.1061)

Heritability of phenotype 2/2
-----------------------------
Total Observed scale h2: 0.2655 (0.0248)
Lambda GC: 1.0937
Mean Chi^2: 1.1136
Intercept: 0.9948 (0.0067)
Ratio < 0 (usually indicates GC correction).

Genetic Covariance
------------------
Total Observed scale gencov: -0.0562 (0.0158)
Mean z1*z2: -0.0876
Intercept: -0.0614 (0.0043)

Genetic Correlation
-------------------
Genetic Correlation: -0.2891 (0.0781)
Z-score: -3.7004
P: 0.0002


Summary of Genetic Correlation Results
p1                                                                                                p2      rg      se       z       p  h2_obs  h2_obs_se  h2_int  h2_int_se  gcov_int  gcov_int_se
/home/eerdem/CELLECT/cortical_ROI_CHARGE2020/model1d_bankssts_SAMPLESIZE.sumstats.gz  /home/eerdem/CELLECT/cortical_ROI_CHARGE2020/model1d_lateralorbitofrontal_SAMPLESIZE.sumstats.gz -0.2891  0.0781 -3.7004  0.0002  0.2655     0.0248  0.9948     0.0067   -0.0614       0.0043

Analysis finished at Tue Dec  8 19:57:05 2020
Total time elapsed: 22.38s
