*********************************************************************
* LD Score Regression (LDSC)
* Version 1.0.0
* (C) 2014-2015 Brendan Bulik-Sullivan and Hilary Finucane
* Broad Institute of MIT and Harvard / MIT Department of Mathematics
* GNU General Public License v3
*********************************************************************
Call: 
./ldsc.py \
--ref-ld-chr eur_w_ld_chr/ \
--out /home/eerdem/notebooks/CELLECT-Analyser/out/genetic_correlation/gc/model1d_pericalcarine_ukb_phase1to3_fapcs_dec21_2019_pheno33 \
--rg /home/eerdem/CELLECT/cortical_ROI_CHARGE2020/model1d_pericalcarine_SAMPLESIZE.sumstats.gz,/home/eerdem/CELLECT/gwas/BIG-S2_DTI2020_munged/ukb_phase1to3_fapcs_dec21_2019_pheno33.sumstats.gz \
--w-ld-chr eur_w_ld_chr/ 

Beginning analysis at Tue Dec  8 17:03:12 2020
Reading summary statistics from /home/eerdem/CELLECT/cortical_ROI_CHARGE2020/model1d_pericalcarine_SAMPLESIZE.sumstats.gz ...
Read summary statistics for 1186280 SNPs.
Reading reference panel LD Score from eur_w_ld_chr/[1-22] ...
Read reference panel LD Scores for 1290028 SNPs.
Removing partitioned LD Scores with zero variance.
Reading regression weight LD Score from eur_w_ld_chr/[1-22] ...
Read regression weight LD Scores for 1290028 SNPs.
After merging with reference panel LD, 1173413 SNPs remain.
After merging with regression SNP LD, 1173413 SNPs remain.
Computing rg for phenotype 2/2
Reading summary statistics from /home/eerdem/CELLECT/gwas/BIG-S2_DTI2020_munged/ukb_phase1to3_fapcs_dec21_2019_pheno33.sumstats.gz ...
Read summary statistics for 1149074 SNPs.
After merging with summary statistics, 1134828 SNPs remain.
1134828 SNPs with valid alleles.

Heritability of phenotype 1
---------------------------
Total Observed scale h2: 0.3189 (0.0358)
Lambda GC: 1.0981
Mean Chi^2: 1.1423
Intercept: 1. (0.0084)
Ratio < 0 (usually indicates GC correction).

Heritability of phenotype 2/2
-----------------------------
Total Observed scale h2: 0.2945 (0.0285)
Lambda GC: 1.1444
Mean Chi^2: 1.1992
Intercept: 1.009 (0.0091)
Ratio: 0.0452 (0.0455)

Genetic Covariance
------------------
Total Observed scale gencov: -0.0059 (0.0183)
Mean z1*z2: 0.0056
Intercept: 0.0109 (0.0058)

Genetic Correlation
-------------------
Genetic Correlation: -0.0191 (0.06)
Z-score: -0.3182
P: 0.7504


Summary of Genetic Correlation Results
p1                                                                                                  p2      rg    se       z       p  h2_obs  h2_obs_se  h2_int  h2_int_se  gcov_int  gcov_int_se
/home/eerdem/CELLECT/cortical_ROI_CHARGE2020/model1d_pericalcarine_SAMPLESIZE.sumstats.gz  /home/eerdem/CELLECT/gwas/BIG-S2_DTI2020_munged/ukb_phase1to3_fapcs_dec21_2019_pheno33.sumstats.gz -0.0191  0.06 -0.3182  0.7504  0.2945     0.0285   1.009     0.0091    0.0109       0.0058

Analysis finished at Tue Dec  8 17:03:34 2020
Total time elapsed: 21.33s
