*********************************************************************
* LD Score Regression (LDSC)
* Version 1.0.0
* (C) 2014-2015 Brendan Bulik-Sullivan and Hilary Finucane
* Broad Institute of MIT and Harvard / MIT Department of Mathematics
* GNU General Public License v3
*********************************************************************
Call: 
./ldsc.py \
--ref-ld-chr eur_w_ld_chr/ \
--out /home/eerdem/notebooks/CELLECT-Analyser/out/genetic_correlation/gc/model1a_parahippocampal_Net100_Pair37_49 \
--rg /home/eerdem/CELLECT/cortical_ROI_CHARGE2020/model1a_parahippocampal_SAMPLESIZE.sumstats.gz,/home/eerdem/CELLECT/gwas/BIG-S2_rs-fMRI/ukb_phase1to3_fmri_edge_dec21_2019_pheno1375.sumstats.gz \
--w-ld-chr eur_w_ld_chr/ 

Beginning analysis at Tue Dec  8 19:30:42 2020
Reading summary statistics from /home/eerdem/CELLECT/cortical_ROI_CHARGE2020/model1a_parahippocampal_SAMPLESIZE.sumstats.gz ...
Read summary statistics for 1191328 SNPs.
Reading reference panel LD Score from eur_w_ld_chr/[1-22] ...
Read reference panel LD Scores for 1290028 SNPs.
Removing partitioned LD Scores with zero variance.
Reading regression weight LD Score from eur_w_ld_chr/[1-22] ...
Read regression weight LD Scores for 1290028 SNPs.
After merging with reference panel LD, 1174084 SNPs remain.
After merging with regression SNP LD, 1174084 SNPs remain.
Computing rg for phenotype 2/2
Reading summary statistics from /home/eerdem/CELLECT/gwas/BIG-S2_rs-fMRI/ukb_phase1to3_fmri_edge_dec21_2019_pheno1375.sumstats.gz ...
Read summary statistics for 1149479 SNPs.
After merging with summary statistics, 1135265 SNPs remain.
1135265 SNPs with valid alleles.

Heritability of phenotype 1
---------------------------
Total Observed scale h2: 0.1652 (0.0277)
Lambda GC: 1.049
Mean Chi^2: 1.0491
Intercept: 0.9903 (0.0067)
Ratio < 0 (usually indicates GC correction).

Heritability of phenotype 2/2
-----------------------------
Total Observed scale h2: 0.1468 (0.0218)
Lambda GC: 1.0764
Mean Chi^2: 1.0943
Intercept: 0.9964 (0.0087)
Ratio < 0 (usually indicates GC correction).

Genetic Covariance
------------------
Total Observed scale gencov: 0.0006 (0.0178)
Mean z1*z2: 0.0101
Intercept: 0.0079 (0.0056)

Genetic Correlation
-------------------
Genetic Correlation: 0.004 (0.1157)
Z-score: 0.0349
P: 0.9722


Summary of Genetic Correlation Results
p1                                                                                                 p2     rg      se       z       p  h2_obs  h2_obs_se  h2_int  h2_int_se  gcov_int  gcov_int_se
/home/eerdem/CELLECT/cortical_ROI_CHARGE2020/model1a_parahippocampal_SAMPLESIZE.sumstats.gz  /home/eerdem/CELLECT/gwas/BIG-S2_rs-fMRI/ukb_phase1to3_fmri_edge_dec21_2019_pheno1375.sumstats.gz  0.004  0.1157  0.0349  0.9722  0.1468     0.0218  0.9964     0.0087    0.0079       0.0056

Analysis finished at Tue Dec  8 19:31:05 2020
Total time elapsed: 23.23s
