*********************************************************************
* LD Score Regression (LDSC)
* Version 1.0.0
* (C) 2014-2015 Brendan Bulik-Sullivan and Hilary Finucane
* Broad Institute of MIT and Harvard / MIT Department of Mathematics
* GNU General Public License v3
*********************************************************************
Call: 
./ldsc.py \
--ref-ld-chr eur_w_ld_chr/ \
--out /home/eerdem/notebooks/CELLECT-Analyser/out/genetic_correlation/gc/model1d_parstriangularis_Net100_Node54 \
--rg /home/eerdem/CELLECT/cortical_ROI_CHARGE2020/model1d_parstriangularis_SAMPLESIZE.sumstats.gz,/home/eerdem/CELLECT/gwas/BIG-S2_rs-fMRI/ukb_phase1to3_fmri_node_dec21_2019_pheno75.sumstats.gz \
--w-ld-chr eur_w_ld_chr/ 

Beginning analysis at Tue Dec  8 17:37:27 2020
Reading summary statistics from /home/eerdem/CELLECT/cortical_ROI_CHARGE2020/model1d_parstriangularis_SAMPLESIZE.sumstats.gz ...
Read summary statistics for 1186151 SNPs.
Reading reference panel LD Score from eur_w_ld_chr/[1-22] ...
Read reference panel LD Scores for 1290028 SNPs.
Removing partitioned LD Scores with zero variance.
Reading regression weight LD Score from eur_w_ld_chr/[1-22] ...
Read regression weight LD Scores for 1290028 SNPs.
After merging with reference panel LD, 1173370 SNPs remain.
After merging with regression SNP LD, 1173370 SNPs remain.
Computing rg for phenotype 2/2
Reading summary statistics from /home/eerdem/CELLECT/gwas/BIG-S2_rs-fMRI/ukb_phase1to3_fmri_node_dec21_2019_pheno75.sumstats.gz ...
Read summary statistics for 1149479 SNPs.
After merging with summary statistics, 1135255 SNPs remain.
1135255 SNPs with valid alleles.

Heritability of phenotype 1
---------------------------
Total Observed scale h2: 0.1762 (0.0251)
Lambda GC: 1.0724
Mean Chi^2: 1.0863
Intercept: 1.0066 (0.0069)
Ratio: 0.0768 (0.0796)

Heritability of phenotype 2/2
-----------------------------
Total Observed scale h2: 0.0814 (0.0167)
Lambda GC: 1.0495
Mean Chi^2: 1.0651
Intercept: 1.0117 (0.0069)
Ratio: 0.1796 (0.1062)

Genetic Covariance
------------------
Total Observed scale gencov: 0.0148 (0.0127)
Mean z1*z2: 0.0075
Intercept: -0.0011 (0.0041)

Genetic Correlation
-------------------
Genetic Correlation: 0.1232 (0.105)
Z-score: 1.1731
P: 0.2408


Summary of Genetic Correlation Results
p1                                                                                               p2      rg     se       z       p  h2_obs  h2_obs_se  h2_int  h2_int_se  gcov_int  gcov_int_se
/home/eerdem/CELLECT/cortical_ROI_CHARGE2020/model1d_parstriangularis_SAMPLESIZE.sumstats.gz  /home/eerdem/CELLECT/gwas/BIG-S2_rs-fMRI/ukb_phase1to3_fmri_node_dec21_2019_pheno75.sumstats.gz  0.1232  0.105  1.1731  0.2408  0.0814     0.0167  1.0117     0.0069   -0.0011       0.0041

Analysis finished at Tue Dec  8 17:37:52 2020
Total time elapsed: 24.56s
