*********************************************************************
* LD Score Regression (LDSC)
* Version 1.0.0
* (C) 2014-2015 Brendan Bulik-Sullivan and Hilary Finucane
* Broad Institute of MIT and Harvard / MIT Department of Mathematics
* GNU General Public License v3
*********************************************************************
Call: 
./ldsc.py \
--ref-ld-chr eur_w_ld_chr/ \
--out /home/eerdem/notebooks/CELLECT-Analyser/out/genetic_correlation/gc/model1b_precuneus_Net25_Pair10_11 \
--rg /home/eerdem/CELLECT/cortical_ROI_CHARGE2020/model1b_precuneus_SAMPLESIZE.sumstats.gz,/home/eerdem/CELLECT/gwas/BIG-S2_rs-fMRI/ukb_phase1to3_fmri_edge_dec21_2019_pheno55.sumstats.gz \
--w-ld-chr eur_w_ld_chr/ 

Beginning analysis at Tue Dec  8 19:31:57 2020
Reading summary statistics from /home/eerdem/CELLECT/cortical_ROI_CHARGE2020/model1b_precuneus_SAMPLESIZE.sumstats.gz ...
Read summary statistics for 1186453 SNPs.
Reading reference panel LD Score from eur_w_ld_chr/[1-22] ...
Read reference panel LD Scores for 1290028 SNPs.
Removing partitioned LD Scores with zero variance.
Reading regression weight LD Score from eur_w_ld_chr/[1-22] ...
Read regression weight LD Scores for 1290028 SNPs.
After merging with reference panel LD, 1170095 SNPs remain.
After merging with regression SNP LD, 1170095 SNPs remain.
Computing rg for phenotype 2/2
Reading summary statistics from /home/eerdem/CELLECT/gwas/BIG-S2_rs-fMRI/ukb_phase1to3_fmri_edge_dec21_2019_pheno55.sumstats.gz ...
Read summary statistics for 1149479 SNPs.
After merging with summary statistics, 1132624 SNPs remain.
1132624 SNPs with valid alleles.

Heritability of phenotype 1
---------------------------
Total Observed scale h2: 0.1594 (0.0256)
Lambda GC: 1.0543
Mean Chi^2: 1.0569
Intercept: 0.9871 (0.0065)
Ratio < 0 (usually indicates GC correction).

Heritability of phenotype 2/2
-----------------------------
Total Observed scale h2: 0.0721 (0.0141)
Lambda GC: 1.0412
Mean Chi^2: 1.0454
Intercept: 0.999 (0.0065)
Ratio < 0 (usually indicates GC correction).

Genetic Covariance
------------------
Total Observed scale gencov: -0.0243 (0.0111)
Mean z1*z2: -0.0129
Intercept: 0.0008 (0.0043)

Genetic Correlation
-------------------
Genetic Correlation: -0.2266 (0.1052)
Z-score: -2.1542
P: 0.0312


Summary of Genetic Correlation Results
p1                                                                                               p2      rg      se       z       p  h2_obs  h2_obs_se  h2_int  h2_int_se  gcov_int  gcov_int_se
/home/eerdem/CELLECT/cortical_ROI_CHARGE2020/model1b_precuneus_SAMPLESIZE.sumstats.gz  /home/eerdem/CELLECT/gwas/BIG-S2_rs-fMRI/ukb_phase1to3_fmri_edge_dec21_2019_pheno55.sumstats.gz -0.2266  0.1052 -2.1542  0.0312  0.0721     0.0141   0.999     0.0065    0.0008       0.0043

Analysis finished at Tue Dec  8 19:32:19 2020
Total time elapsed: 21.74s
