*********************************************************************
* LD Score Regression (LDSC)
* Version 1.0.0
* (C) 2014-2015 Brendan Bulik-Sullivan and Hilary Finucane
* Broad Institute of MIT and Harvard / MIT Department of Mathematics
* GNU General Public License v3
*********************************************************************
Call: 
./ldsc.py \
--ref-ld-chr eur_w_ld_chr/ \
--out /home/eerdem/notebooks/CELLECT-Analyser/out/genetic_correlation/gc/model1d_superiortemporal_model1a_caudalanteriorcingulate \
--rg /home/eerdem/CELLECT/cortical_ROI_CHARGE2020/model1d_superiortemporal_SAMPLESIZE.sumstats.gz,/home/eerdem/CELLECT/cortical_ROI_CHARGE2020/model1a_caudalanteriorcingulate_SAMPLESIZE.sumstats.gz \
--w-ld-chr eur_w_ld_chr/ 

Beginning analysis at Tue Dec  8 18:38:12 2020
Reading summary statistics from /home/eerdem/CELLECT/cortical_ROI_CHARGE2020/model1d_superiortemporal_SAMPLESIZE.sumstats.gz ...
Read summary statistics for 1185921 SNPs.
Reading reference panel LD Score from eur_w_ld_chr/[1-22] ...
Read reference panel LD Scores for 1290028 SNPs.
Removing partitioned LD Scores with zero variance.
Reading regression weight LD Score from eur_w_ld_chr/[1-22] ...
Read regression weight LD Scores for 1290028 SNPs.
After merging with reference panel LD, 1173192 SNPs remain.
After merging with regression SNP LD, 1173192 SNPs remain.
Computing rg for phenotype 2/2
Reading summary statistics from /home/eerdem/CELLECT/cortical_ROI_CHARGE2020/model1a_caudalanteriorcingulate_SAMPLESIZE.sumstats.gz ...
Read summary statistics for 1191333 SNPs.
After merging with summary statistics, 1172493 SNPs remain.
1172493 SNPs with valid alleles.

Heritability of phenotype 1
---------------------------
Total Observed scale h2: 0.2595 (0.0291)
Lambda GC: 1.0837
Mean Chi^2: 1.1018
Intercept: 0.9837 (0.0078)
Ratio < 0 (usually indicates GC correction).

Heritability of phenotype 2/2
-----------------------------
Total Observed scale h2: 0.1577 (0.0274)
Lambda GC: 1.0466
Mean Chi^2: 1.0548
Intercept: 0.9976 (0.006)
Ratio < 0 (usually indicates GC correction).

Genetic Covariance
------------------
Total Observed scale gencov: -0.0114 (0.0221)
Mean z1*z2: -0.0117
Intercept: -0.0079 (0.0054)

Genetic Correlation
-------------------
Genetic Correlation: -0.0566 (0.113)
Z-score: -0.5007
P: 0.6166


Summary of Genetic Correlation Results
p1                                                                                                   p2      rg     se       z       p  h2_obs  h2_obs_se  h2_int  h2_int_se  gcov_int  gcov_int_se
/home/eerdem/CELLECT/cortical_ROI_CHARGE2020/model1d_superiortemporal_SAMPLESIZE.sumstats.gz  /home/eerdem/CELLECT/cortical_ROI_CHARGE2020/model1a_caudalanteriorcingulate_SAMPLESIZE.sumstats.gz -0.0566  0.113 -0.5007  0.6166  0.1577     0.0274  0.9976      0.006   -0.0079       0.0054

Analysis finished at Tue Dec  8 18:38:38 2020
Total time elapsed: 25.64s
