*********************************************************************
* LD Score Regression (LDSC)
* Version 1.0.0
* (C) 2014-2015 Brendan Bulik-Sullivan and Hilary Finucane
* Broad Institute of MIT and Harvard / MIT Department of Mathematics
* GNU General Public License v3
*********************************************************************
Call: 
./ldsc.py \
--ref-ld-chr eur_w_ld_chr/ \
--out /home/eerdem/notebooks/CELLECT-Analyser/out/genetic_correlation/gc/model1d_middletemporal_ukb_phase1to3_fapcs_dec21_2019_pheno88 \
--rg /home/eerdem/CELLECT/cortical_ROI_CHARGE2020/model1d_middletemporal_SAMPLESIZE.sumstats.gz,/home/eerdem/CELLECT/gwas/BIG-S2_DTI2020_munged/ukb_phase1to3_fapcs_dec21_2019_pheno88.sumstats.gz \
--w-ld-chr eur_w_ld_chr/ 

Beginning analysis at Tue Dec  8 15:38:12 2020
Reading summary statistics from /home/eerdem/CELLECT/cortical_ROI_CHARGE2020/model1d_middletemporal_SAMPLESIZE.sumstats.gz ...
Read summary statistics for 1185953 SNPs.
Reading reference panel LD Score from eur_w_ld_chr/[1-22] ...
Read reference panel LD Scores for 1290028 SNPs.
Removing partitioned LD Scores with zero variance.
Reading regression weight LD Score from eur_w_ld_chr/[1-22] ...
Read regression weight LD Scores for 1290028 SNPs.
After merging with reference panel LD, 1173205 SNPs remain.
After merging with regression SNP LD, 1173205 SNPs remain.
Computing rg for phenotype 2/2
Reading summary statistics from /home/eerdem/CELLECT/gwas/BIG-S2_DTI2020_munged/ukb_phase1to3_fapcs_dec21_2019_pheno88.sumstats.gz ...
Read summary statistics for 1149074 SNPs.
After merging with summary statistics, 1134684 SNPs remain.
1134684 SNPs with valid alleles.

Heritability of phenotype 1
---------------------------
Total Observed scale h2: 0.1682 (0.0279)
Lambda GC: 1.0675
Mean Chi^2: 1.0832
Intercept: 1.0093 (0.0076)
Ratio: 0.1113 (0.091)

Heritability of phenotype 2/2
-----------------------------
Total Observed scale h2: 0.1772 (0.0184)
Lambda GC: 1.0965
Mean Chi^2: 1.1116
Intercept: 0.9981 (0.0077)
Ratio < 0 (usually indicates GC correction).

Genetic Covariance
------------------
Total Observed scale gencov: -0.0277 (0.0134)
Mean z1*z2: 0.0009
Intercept: 0.0173 (0.0042)

Genetic Correlation
-------------------
Genetic Correlation: -0.1604 (0.077)
Z-score: -2.0821
P: 0.0373


Summary of Genetic Correlation Results
p1                                                                                                  p2      rg     se       z       p  h2_obs  h2_obs_se  h2_int  h2_int_se  gcov_int  gcov_int_se
/home/eerdem/CELLECT/cortical_ROI_CHARGE2020/model1d_middletemporal_SAMPLESIZE.sumstats.gz  /home/eerdem/CELLECT/gwas/BIG-S2_DTI2020_munged/ukb_phase1to3_fapcs_dec21_2019_pheno88.sumstats.gz -0.1604  0.077 -2.0821  0.0373  0.1772     0.0184  0.9981     0.0077    0.0173       0.0042

Analysis finished at Tue Dec  8 15:38:38 2020
Total time elapsed: 26.23s
