*********************************************************************
* LD Score Regression (LDSC)
* Version 1.0.0
* (C) 2014-2015 Brendan Bulik-Sullivan and Hilary Finucane
* Broad Institute of MIT and Harvard / MIT Department of Mathematics
* GNU General Public License v3
*********************************************************************
Call: 
./ldsc.py \
--ref-ld-chr eur_w_ld_chr/ \
--out /home/eerdem/notebooks/CELLECT-Analyser/out/genetic_correlation/gc/model1a_parahippocampal_ukb_phase1to3_dti441_dec21_2019_pheno337 \
--rg /home/eerdem/CELLECT/cortical_ROI_CHARGE2020/model1a_parahippocampal_SAMPLESIZE.sumstats.gz,/home/eerdem/CELLECT/gwas/BIG-S2_DTI2020_munged/ukb_phase1to3_dti441_dec21_2019_pheno337.sumstats.gz \
--w-ld-chr eur_w_ld_chr/ 

Beginning analysis at Tue Dec  8 19:11:12 2020
Reading summary statistics from /home/eerdem/CELLECT/cortical_ROI_CHARGE2020/model1a_parahippocampal_SAMPLESIZE.sumstats.gz ...
Read summary statistics for 1191328 SNPs.
Reading reference panel LD Score from eur_w_ld_chr/[1-22] ...
Read reference panel LD Scores for 1290028 SNPs.
Removing partitioned LD Scores with zero variance.
Reading regression weight LD Score from eur_w_ld_chr/[1-22] ...
Read regression weight LD Scores for 1290028 SNPs.
After merging with reference panel LD, 1174084 SNPs remain.
After merging with regression SNP LD, 1174084 SNPs remain.
Computing rg for phenotype 2/2
Reading summary statistics from /home/eerdem/CELLECT/gwas/BIG-S2_DTI2020_munged/ukb_phase1to3_dti441_dec21_2019_pheno337.sumstats.gz ...
Read summary statistics for 1149074 SNPs.
After merging with summary statistics, 1134829 SNPs remain.
1134829 SNPs with valid alleles.

Heritability of phenotype 1
---------------------------
Total Observed scale h2: 0.1653 (0.0276)
Lambda GC: 1.049
Mean Chi^2: 1.0491
Intercept: 0.9903 (0.0067)
Ratio < 0 (usually indicates GC correction).

Heritability of phenotype 2/2
-----------------------------
Total Observed scale h2: 0.2944 (0.0247)
Lambda GC: 1.1464
Mean Chi^2: 1.191
Intercept: 1.0044 (0.0084)
Ratio: 0.0228 (0.044)

Genetic Covariance
------------------
Total Observed scale gencov: 0.0165 (0.0166)
Mean z1*z2: 0.0225
Intercept: 0.0142 (0.0049)

Genetic Correlation
-------------------
Genetic Correlation: 0.0749 (0.075)
Z-score: 0.9989
P: 0.3179


Summary of Genetic Correlation Results
p1                                                                                                    p2      rg     se       z       p  h2_obs  h2_obs_se  h2_int  h2_int_se  gcov_int  gcov_int_se
/home/eerdem/CELLECT/cortical_ROI_CHARGE2020/model1a_parahippocampal_SAMPLESIZE.sumstats.gz  /home/eerdem/CELLECT/gwas/BIG-S2_DTI2020_munged/ukb_phase1to3_dti441_dec21_2019_pheno337.sumstats.gz  0.0749  0.075  0.9989  0.3179  0.2944     0.0247  1.0044     0.0084    0.0142       0.0049

Analysis finished at Tue Dec  8 19:11:35 2020
Total time elapsed: 22.94s
