*********************************************************************
* LD Score Regression (LDSC)
* Version 1.0.0
* (C) 2014-2015 Brendan Bulik-Sullivan and Hilary Finucane
* Broad Institute of MIT and Harvard / MIT Department of Mathematics
* GNU General Public License v3
*********************************************************************
Call: 
./ldsc.py \
--ref-ld-chr eur_w_ld_chr/ \
--out /home/eerdem/notebooks/CELLECT-Analyser/out/genetic_correlation/gc/model1d_pericalcarine_Net100_Pair2_27 \
--rg /home/eerdem/CELLECT/cortical_ROI_CHARGE2020/model1d_pericalcarine_SAMPLESIZE.sumstats.gz,/home/eerdem/CELLECT/gwas/BIG-S2_rs-fMRI/ukb_phase1to3_fmri_edge_dec21_2019_pheno537.sumstats.gz \
--w-ld-chr eur_w_ld_chr/ 

Beginning analysis at Tue Dec  8 15:36:27 2020
Reading summary statistics from /home/eerdem/CELLECT/cortical_ROI_CHARGE2020/model1d_pericalcarine_SAMPLESIZE.sumstats.gz ...
Read summary statistics for 1186280 SNPs.
Reading reference panel LD Score from eur_w_ld_chr/[1-22] ...
Read reference panel LD Scores for 1290028 SNPs.
Removing partitioned LD Scores with zero variance.
Reading regression weight LD Score from eur_w_ld_chr/[1-22] ...
Read regression weight LD Scores for 1290028 SNPs.
After merging with reference panel LD, 1173413 SNPs remain.
After merging with regression SNP LD, 1173413 SNPs remain.
Computing rg for phenotype 2/2
Reading summary statistics from /home/eerdem/CELLECT/gwas/BIG-S2_rs-fMRI/ukb_phase1to3_fmri_edge_dec21_2019_pheno537.sumstats.gz ...
Read summary statistics for 1149479 SNPs.
After merging with summary statistics, 1135263 SNPs remain.
1135263 SNPs with valid alleles.

Heritability of phenotype 1
---------------------------
Total Observed scale h2: 0.319 (0.0358)
Lambda GC: 1.0981
Mean Chi^2: 1.1423
Intercept: 0.9999 (0.0083)
Ratio < 0 (usually indicates GC correction).

Heritability of phenotype 2/2
-----------------------------
Total Observed scale h2: 0.1051 (0.0154)
Lambda GC: 1.0691
Mean Chi^2: 1.0701
Intercept: 1.0016 (0.0062)
Ratio: 0.0235 (0.0891)

Genetic Covariance
------------------
Total Observed scale gencov: -0.0101 (0.0143)
Mean z1*z2: 0.0054
Intercept: 0.0101 (0.0051)

Genetic Correlation
-------------------
Genetic Correlation: -0.0552 (0.0786)
Z-score: -0.703
P: 0.4821


Summary of Genetic Correlation Results
p1                                                                                                p2      rg      se      z       p  h2_obs  h2_obs_se  h2_int  h2_int_se  gcov_int  gcov_int_se
/home/eerdem/CELLECT/cortical_ROI_CHARGE2020/model1d_pericalcarine_SAMPLESIZE.sumstats.gz  /home/eerdem/CELLECT/gwas/BIG-S2_rs-fMRI/ukb_phase1to3_fmri_edge_dec21_2019_pheno537.sumstats.gz -0.0552  0.0786 -0.703  0.4821  0.1051     0.0154  1.0016     0.0062    0.0101       0.0051

Analysis finished at Tue Dec  8 15:36:50 2020
Total time elapsed: 22.73s
