*********************************************************************
* LD Score Regression (LDSC)
* Version 1.0.0
* (C) 2014-2015 Brendan Bulik-Sullivan and Hilary Finucane
* Broad Institute of MIT and Harvard / MIT Department of Mathematics
* GNU General Public License v3
*********************************************************************
Call: 
./ldsc.py \
--ref-ld-chr eur_w_ld_chr/ \
--out /home/eerdem/notebooks/CELLECT-Analyser/out/genetic_correlation/gc/model1d_caudalmiddlefrontal_ukb_phase1to3_dti441_dec21_2019_pheno48 \
--rg /home/eerdem/CELLECT/cortical_ROI_CHARGE2020/model1d_caudalmiddlefrontal_SAMPLESIZE.sumstats.gz,/home/eerdem/CELLECT/gwas/BIG-S2_DTI2020_munged/ukb_phase1to3_dti441_dec21_2019_pheno48.sumstats.gz \
--w-ld-chr eur_w_ld_chr/ 

Beginning analysis at Tue Dec  8 18:27:57 2020
Reading summary statistics from /home/eerdem/CELLECT/cortical_ROI_CHARGE2020/model1d_caudalmiddlefrontal_SAMPLESIZE.sumstats.gz ...
Read summary statistics for 1186002 SNPs.
Reading reference panel LD Score from eur_w_ld_chr/[1-22] ...
Read reference panel LD Scores for 1290028 SNPs.
Removing partitioned LD Scores with zero variance.
Reading regression weight LD Score from eur_w_ld_chr/[1-22] ...
Read regression weight LD Scores for 1290028 SNPs.
After merging with reference panel LD, 1173292 SNPs remain.
After merging with regression SNP LD, 1173292 SNPs remain.
Computing rg for phenotype 2/2
Reading summary statistics from /home/eerdem/CELLECT/gwas/BIG-S2_DTI2020_munged/ukb_phase1to3_dti441_dec21_2019_pheno48.sumstats.gz ...
Read summary statistics for 1149074 SNPs.
After merging with summary statistics, 1134765 SNPs remain.
1134765 SNPs with valid alleles.

Heritability of phenotype 1
---------------------------
Total Observed scale h2: 0.1768 (0.0228)
Lambda GC: 1.0758
Mean Chi^2: 1.0832
Intercept: 1.0041 (0.0066)
Ratio: 0.0492 (0.0787)

Heritability of phenotype 2/2
-----------------------------
Total Observed scale h2: 0.2559 (0.0272)
Lambda GC: 1.1367
Mean Chi^2: 1.1751
Intercept: 1.0148 (0.0086)
Ratio: 0.0843 (0.0491)

Genetic Covariance
------------------
Total Observed scale gencov: 0.0338 (0.0149)
Mean z1*z2: 0.0151
Intercept: -0.003 (0.0049)

Genetic Correlation
-------------------
Genetic Correlation: 0.1587 (0.0692)
Z-score: 2.2925
P: 0.0219


Summary of Genetic Correlation Results
p1                                                                                                   p2      rg      se       z       p  h2_obs  h2_obs_se  h2_int  h2_int_se  gcov_int  gcov_int_se
/home/eerdem/CELLECT/cortical_ROI_CHARGE2020/model1d_caudalmiddlefrontal_SAMPLESIZE.sumstats.gz  /home/eerdem/CELLECT/gwas/BIG-S2_DTI2020_munged/ukb_phase1to3_dti441_dec21_2019_pheno48.sumstats.gz  0.1587  0.0692  2.2925  0.0219  0.2559     0.0272  1.0148     0.0086    -0.003       0.0049

Analysis finished at Tue Dec  8 18:28:20 2020
Total time elapsed: 22.89s
