*********************************************************************
* LD Score Regression (LDSC)
* Version 1.0.0
* (C) 2014-2015 Brendan Bulik-Sullivan and Hilary Finucane
* Broad Institute of MIT and Harvard / MIT Department of Mathematics
* GNU General Public License v3
*********************************************************************
Call: 
./ldsc.py \
--ref-ld-chr eur_w_ld_chr/ \
--out /home/eerdem/notebooks/CELLECT-Analyser/out/genetic_correlation/gc/model1a_pericalcarine_Net100_Pair23_27 \
--rg /home/eerdem/CELLECT/cortical_ROI_CHARGE2020/model1a_pericalcarine_SAMPLESIZE.sumstats.gz,/home/eerdem/CELLECT/gwas/BIG-S2_rs-fMRI/ukb_phase1to3_fmri_edge_dec21_2019_pheno558.sumstats.gz \
--w-ld-chr eur_w_ld_chr/ 

Beginning analysis at Tue Dec  8 19:53:12 2020
Reading summary statistics from /home/eerdem/CELLECT/cortical_ROI_CHARGE2020/model1a_pericalcarine_SAMPLESIZE.sumstats.gz ...
Read summary statistics for 1191331 SNPs.
Reading reference panel LD Score from eur_w_ld_chr/[1-22] ...
Read reference panel LD Scores for 1290028 SNPs.
Removing partitioned LD Scores with zero variance.
Reading regression weight LD Score from eur_w_ld_chr/[1-22] ...
Read regression weight LD Scores for 1290028 SNPs.
After merging with reference panel LD, 1174087 SNPs remain.
After merging with regression SNP LD, 1174087 SNPs remain.
Computing rg for phenotype 2/2
Reading summary statistics from /home/eerdem/CELLECT/gwas/BIG-S2_rs-fMRI/ukb_phase1to3_fmri_edge_dec21_2019_pheno558.sumstats.gz ...
Read summary statistics for 1149479 SNPs.
After merging with summary statistics, 1135267 SNPs remain.
1135267 SNPs with valid alleles.

Heritability of phenotype 1
---------------------------
Total Observed scale h2: 0.3639 (0.0408)
Lambda GC: 1.0907
Mean Chi^2: 1.1217
Intercept: 0.9906 (0.008)
Ratio < 0 (usually indicates GC correction).

Heritability of phenotype 2/2
-----------------------------
Total Observed scale h2: 0.0309 (0.0128)
Lambda GC: 1.0124
Mean Chi^2: 1.0121
Intercept: 0.9919 (0.0062)
Ratio < 0 (usually indicates GC correction).

Genetic Covariance
------------------
Total Observed scale gencov: 0.0035 (0.014)
Mean z1*z2: -0.0044
Intercept: -0.0059 (0.0046)

Genetic Correlation
-------------------
Genetic Correlation: 0.0326 (0.1329)
Z-score: 0.2452
P: 0.8063


Summary of Genetic Correlation Results
p1                                                                                                p2      rg      se       z       p  h2_obs  h2_obs_se  h2_int  h2_int_se  gcov_int  gcov_int_se
/home/eerdem/CELLECT/cortical_ROI_CHARGE2020/model1a_pericalcarine_SAMPLESIZE.sumstats.gz  /home/eerdem/CELLECT/gwas/BIG-S2_rs-fMRI/ukb_phase1to3_fmri_edge_dec21_2019_pheno558.sumstats.gz  0.0326  0.1329  0.2452  0.8063  0.0309     0.0128  0.9919     0.0062   -0.0059       0.0046

Analysis finished at Tue Dec  8 19:53:37 2020
Total time elapsed: 25.0s
