*********************************************************************
* LD Score Regression (LDSC)
* Version 1.0.0
* (C) 2014-2015 Brendan Bulik-Sullivan and Hilary Finucane
* Broad Institute of MIT and Harvard / MIT Department of Mathematics
* GNU General Public License v3
*********************************************************************
Call: 
./ldsc.py \
--ref-ld-chr eur_w_ld_chr/ \
--out /home/eerdem/notebooks/CELLECT-Analyser/out/genetic_correlation/gc/model1b_posteriorcingulate_model1a_rostralmiddlefrontal \
--rg /home/eerdem/CELLECT/cortical_ROI_CHARGE2020/model1b_posteriorcingulate_SAMPLESIZE.sumstats.gz,/home/eerdem/CELLECT/cortical_ROI_CHARGE2020/model1a_rostralmiddlefrontal_SAMPLESIZE.sumstats.gz \
--w-ld-chr eur_w_ld_chr/ 

Beginning analysis at Tue Dec  8 15:25:12 2020
Reading summary statistics from /home/eerdem/CELLECT/cortical_ROI_CHARGE2020/model1b_posteriorcingulate_SAMPLESIZE.sumstats.gz ...
Read summary statistics for 1186453 SNPs.
Reading reference panel LD Score from eur_w_ld_chr/[1-22] ...
Read reference panel LD Scores for 1290028 SNPs.
Removing partitioned LD Scores with zero variance.
Reading regression weight LD Score from eur_w_ld_chr/[1-22] ...
Read regression weight LD Scores for 1290028 SNPs.
After merging with reference panel LD, 1170095 SNPs remain.
After merging with regression SNP LD, 1170095 SNPs remain.
Computing rg for phenotype 2/2
Reading summary statistics from /home/eerdem/CELLECT/cortical_ROI_CHARGE2020/model1a_rostralmiddlefrontal_SAMPLESIZE.sumstats.gz ...
Read summary statistics for 1191336 SNPs.
After merging with summary statistics, 1169796 SNPs remain.
1169796 SNPs with valid alleles.

Heritability of phenotype 1
---------------------------
Total Observed scale h2: 0.1031 (0.0223)
Lambda GC: 1.0413
Mean Chi^2: 1.0464
Intercept: 1.0028 (0.0059)
Ratio: 0.0594 (0.1275)

Heritability of phenotype 2/2
-----------------------------
Total Observed scale h2: 0.2106 (0.0277)
Lambda GC: 1.0655
Mean Chi^2: 1.0726
Intercept: 0.9974 (0.0074)
Ratio < 0 (usually indicates GC correction).

Genetic Covariance
------------------
Total Observed scale gencov: -0.0164 (0.0184)
Mean z1*z2: -0.0217
Intercept: -0.0147 (0.0049)

Genetic Correlation
-------------------
Genetic Correlation: -0.111 (0.1242)
Z-score: -0.8938
P: 0.3714


Summary of Genetic Correlation Results
p1                                                                                                p2     rg      se       z       p  h2_obs  h2_obs_se  h2_int  h2_int_se  gcov_int  gcov_int_se
/home/eerdem/CELLECT/cortical_ROI_CHARGE2020/model1b_posteriorcingulate_SAMPLESIZE.sumstats.gz  /home/eerdem/CELLECT/cortical_ROI_CHARGE2020/model1a_rostralmiddlefrontal_SAMPLESIZE.sumstats.gz -0.111  0.1242 -0.8938  0.3714  0.2106     0.0277  0.9974     0.0074   -0.0147       0.0049

Analysis finished at Tue Dec  8 15:25:33 2020
Total time elapsed: 20.9s
