*********************************************************************
* LD Score Regression (LDSC)
* Version 1.0.0
* (C) 2014-2015 Brendan Bulik-Sullivan and Hilary Finucane
* Broad Institute of MIT and Harvard / MIT Department of Mathematics
* GNU General Public License v3
*********************************************************************
Call: 
./ldsc.py \
--ref-ld-chr eur_w_ld_chr/ \
--out /home/eerdem/notebooks/CELLECT-Analyser/out/genetic_correlation/gc/model1b_insula_ukb_phase1to3_fapcs_dec21_2019_pheno54 \
--rg /home/eerdem/CELLECT/cortical_ROI_CHARGE2020/model1b_insula_SAMPLESIZE.sumstats.gz,/home/eerdem/CELLECT/gwas/BIG-S2_DTI2020_munged/ukb_phase1to3_fapcs_dec21_2019_pheno54.sumstats.gz \
--w-ld-chr eur_w_ld_chr/ 

Beginning analysis at Tue Dec  8 16:59:12 2020
Reading summary statistics from /home/eerdem/CELLECT/cortical_ROI_CHARGE2020/model1b_insula_SAMPLESIZE.sumstats.gz ...
Read summary statistics for 1186349 SNPs.
Reading reference panel LD Score from eur_w_ld_chr/[1-22] ...
Read reference panel LD Scores for 1290028 SNPs.
Removing partitioned LD Scores with zero variance.
Reading regression weight LD Score from eur_w_ld_chr/[1-22] ...
Read regression weight LD Scores for 1290028 SNPs.
After merging with reference panel LD, 1169875 SNPs remain.
After merging with regression SNP LD, 1169875 SNPs remain.
Computing rg for phenotype 2/2
Reading summary statistics from /home/eerdem/CELLECT/gwas/BIG-S2_DTI2020_munged/ukb_phase1to3_fapcs_dec21_2019_pheno54.sumstats.gz ...
Read summary statistics for 1149074 SNPs.
After merging with summary statistics, 1132023 SNPs remain.
1132023 SNPs with valid alleles.

Heritability of phenotype 1
---------------------------
Total Observed scale h2: 0.1382 (0.028)
Lambda GC: 1.05
Mean Chi^2: 1.0692
Intercept: 1.0086 (0.0075)
Ratio: 0.1236 (0.1079)

Heritability of phenotype 2/2
-----------------------------
Total Observed scale h2: 0.0649 (0.0146)
Lambda GC: 1.0359
Mean Chi^2: 1.0393
Intercept: 0.9979 (0.0066)
Ratio < 0 (usually indicates GC correction).

Genetic Covariance
------------------
Total Observed scale gencov: -0.0039 (0.0155)
Mean z1*z2: 0.0077
Intercept: 0.0092 (0.0054)

Genetic Correlation
-------------------
Genetic Correlation: -0.0413 (0.1655)
Z-score: -0.2498
P: 0.8028


Summary of Genetic Correlation Results
p1                                                                                                  p2      rg      se       z       p  h2_obs  h2_obs_se  h2_int  h2_int_se  gcov_int  gcov_int_se
/home/eerdem/CELLECT/cortical_ROI_CHARGE2020/model1b_insula_SAMPLESIZE.sumstats.gz  /home/eerdem/CELLECT/gwas/BIG-S2_DTI2020_munged/ukb_phase1to3_fapcs_dec21_2019_pheno54.sumstats.gz -0.0413  0.1655 -0.2498  0.8028  0.0649     0.0146  0.9979     0.0066    0.0092       0.0054

Analysis finished at Tue Dec  8 16:59:37 2020
Total time elapsed: 24.37s
