*********************************************************************
* LD Score Regression (LDSC)
* Version 1.0.0
* (C) 2014-2015 Brendan Bulik-Sullivan and Hilary Finucane
* Broad Institute of MIT and Harvard / MIT Department of Mathematics
* GNU General Public License v3
*********************************************************************
Call: 
./ldsc.py \
--ref-ld-chr eur_w_ld_chr/ \
--out /home/eerdem/notebooks/CELLECT-Analyser/out/genetic_correlation/gc/model1b_middletemporal_model1d_bankssts \
--rg /home/eerdem/CELLECT/cortical_ROI_CHARGE2020/model1b_middletemporal_SAMPLESIZE.sumstats.gz,/home/eerdem/CELLECT/cortical_ROI_CHARGE2020/model1d_bankssts_SAMPLESIZE.sumstats.gz \
--w-ld-chr eur_w_ld_chr/ 

Beginning analysis at Tue Dec  8 19:22:27 2020
Reading summary statistics from /home/eerdem/CELLECT/cortical_ROI_CHARGE2020/model1b_middletemporal_SAMPLESIZE.sumstats.gz ...
Read summary statistics for 1186349 SNPs.
Reading reference panel LD Score from eur_w_ld_chr/[1-22] ...
Read reference panel LD Scores for 1290028 SNPs.
Removing partitioned LD Scores with zero variance.
Reading regression weight LD Score from eur_w_ld_chr/[1-22] ...
Read regression weight LD Scores for 1290028 SNPs.
After merging with reference panel LD, 1169875 SNPs remain.
After merging with regression SNP LD, 1169875 SNPs remain.
Computing rg for phenotype 2/2
Reading summary statistics from /home/eerdem/CELLECT/cortical_ROI_CHARGE2020/model1d_bankssts_SAMPLESIZE.sumstats.gz ...
Read summary statistics for 1186004 SNPs.
After merging with summary statistics, 1168779 SNPs remain.
1168779 SNPs with valid alleles.

Heritability of phenotype 1
---------------------------
Total Observed scale h2: 0.0819 (0.0223)
Lambda GC: 1.0365
Mean Chi^2: 1.0409
Intercept: 1.0067 (0.0064)
Ratio: 0.1642 (0.1552)

Heritability of phenotype 2/2
-----------------------------
Total Observed scale h2: 0.1391 (0.0233)
Lambda GC: 1.0582
Mean Chi^2: 1.0631
Intercept: 1.002 (0.007)
Ratio: 0.0311 (0.1103)

Genetic Covariance
------------------
Total Observed scale gencov: 0.0304 (0.0165)
Mean z1*z2: 0.1534
Intercept: 0.1401 (0.0047)

Genetic Correlation
-------------------
Genetic Correlation: 0.2843 (0.1395)
Z-score: 2.0386
P: 0.0415


Summary of Genetic Correlation Results
p1                                                                                    p2      rg      se       z       p  h2_obs  h2_obs_se  h2_int  h2_int_se  gcov_int  gcov_int_se
/home/eerdem/CELLECT/cortical_ROI_CHARGE2020/model1b_middletemporal_SAMPLESIZE.sumstats.gz  /home/eerdem/CELLECT/cortical_ROI_CHARGE2020/model1d_bankssts_SAMPLESIZE.sumstats.gz  0.2843  0.1395  2.0386  0.0415  0.1391     0.0233   1.002      0.007    0.1401       0.0047

Analysis finished at Tue Dec  8 19:22:49 2020
Total time elapsed: 21.69s
