*********************************************************************
* LD Score Regression (LDSC)
* Version 1.0.0
* (C) 2014-2015 Brendan Bulik-Sullivan and Hilary Finucane
* Broad Institute of MIT and Harvard / MIT Department of Mathematics
* GNU General Public License v3
*********************************************************************
Call: 
./ldsc.py \
--ref-ld-chr eur_w_ld_chr/ \
--out /home/eerdem/notebooks/CELLECT-Analyser/out/genetic_correlation/gc/model1d_entorhinal_Net100_Node6 \
--rg /home/eerdem/CELLECT/cortical_ROI_CHARGE2020/model1d_entorhinal_SAMPLESIZE.sumstats.gz,/home/eerdem/CELLECT/gwas/BIG-S2_rs-fMRI/ukb_phase1to3_fmri_node_dec21_2019_pheno27.sumstats.gz \
--w-ld-chr eur_w_ld_chr/ 

Beginning analysis at Tue Dec  8 17:01:27 2020
Reading summary statistics from /home/eerdem/CELLECT/cortical_ROI_CHARGE2020/model1d_entorhinal_SAMPLESIZE.sumstats.gz ...
Read summary statistics for 1185403 SNPs.
Reading reference panel LD Score from eur_w_ld_chr/[1-22] ...
Read reference panel LD Scores for 1290028 SNPs.
Removing partitioned LD Scores with zero variance.
Reading regression weight LD Score from eur_w_ld_chr/[1-22] ...
Read regression weight LD Scores for 1290028 SNPs.
After merging with reference panel LD, 1172977 SNPs remain.
After merging with regression SNP LD, 1172977 SNPs remain.
Computing rg for phenotype 2/2
Reading summary statistics from /home/eerdem/CELLECT/gwas/BIG-S2_rs-fMRI/ukb_phase1to3_fmri_node_dec21_2019_pheno27.sumstats.gz ...
Read summary statistics for 1149479 SNPs.
After merging with summary statistics, 1135033 SNPs remain.
1135033 SNPs with valid alleles.

Heritability of phenotype 1
---------------------------
Total Observed scale h2: 0.1246 (0.0227)
Lambda GC: 1.0394
Mean Chi^2: 1.0474
Intercept: 0.9912 (0.0066)
Ratio < 0 (usually indicates GC correction).

Heritability of phenotype 2/2
-----------------------------
Total Observed scale h2: 0.1157 (0.0167)
Lambda GC: 1.071
Mean Chi^2: 1.086
Intercept: 1.01 (0.008)
Ratio: 0.1162 (0.0933)

Genetic Covariance
------------------
Total Observed scale gencov: -0.0112 (0.0141)
Mean z1*z2: -0.0044
Intercept: 0.002 (0.0054)

Genetic Correlation
-------------------
Genetic Correlation: -0.093 (0.1187)
Z-score: -0.7838
P: 0.4332


Summary of Genetic Correlation Results
p1                                                                                               p2     rg      se       z       p  h2_obs  h2_obs_se  h2_int  h2_int_se  gcov_int  gcov_int_se
/home/eerdem/CELLECT/cortical_ROI_CHARGE2020/model1d_entorhinal_SAMPLESIZE.sumstats.gz  /home/eerdem/CELLECT/gwas/BIG-S2_rs-fMRI/ukb_phase1to3_fmri_node_dec21_2019_pheno27.sumstats.gz -0.093  0.1187 -0.7838  0.4332  0.1157     0.0167    1.01      0.008     0.002       0.0054

Analysis finished at Tue Dec  8 17:01:52 2020
Total time elapsed: 25.23s
