*********************************************************************
* LD Score Regression (LDSC)
* Version 1.0.0
* (C) 2014-2015 Brendan Bulik-Sullivan and Hilary Finucane
* Broad Institute of MIT and Harvard / MIT Department of Mathematics
* GNU General Public License v3
*********************************************************************
Call: 
./ldsc.py \
--ref-ld-chr eur_w_ld_chr/ \
--out /home/eerdem/notebooks/CELLECT-Analyser/out/genetic_correlation/gc/model1b_precentral_ukb_phase1to3_dti441_dec21_2019_pheno64 \
--rg /home/eerdem/CELLECT/cortical_ROI_CHARGE2020/model1b_precentral_SAMPLESIZE.sumstats.gz,/home/eerdem/CELLECT/gwas/BIG-S2_DTI2020_munged/ukb_phase1to3_dti441_dec21_2019_pheno64.sumstats.gz \
--w-ld-chr eur_w_ld_chr/ 

Beginning analysis at Tue Dec  8 16:49:57 2020
Reading summary statistics from /home/eerdem/CELLECT/cortical_ROI_CHARGE2020/model1b_precentral_SAMPLESIZE.sumstats.gz ...
Read summary statistics for 1186453 SNPs.
Reading reference panel LD Score from eur_w_ld_chr/[1-22] ...
Read reference panel LD Scores for 1290028 SNPs.
Removing partitioned LD Scores with zero variance.
Reading regression weight LD Score from eur_w_ld_chr/[1-22] ...
Read regression weight LD Scores for 1290028 SNPs.
After merging with reference panel LD, 1170095 SNPs remain.
After merging with regression SNP LD, 1170095 SNPs remain.
Computing rg for phenotype 2/2
Reading summary statistics from /home/eerdem/CELLECT/gwas/BIG-S2_DTI2020_munged/ukb_phase1to3_dti441_dec21_2019_pheno64.sumstats.gz ...
Read summary statistics for 1149074 SNPs.
After merging with summary statistics, 1132191 SNPs remain.
1132191 SNPs with valid alleles.

Heritability of phenotype 1
---------------------------
Total Observed scale h2: 0.1112 (0.0208)
Lambda GC: 1.0432
Mean Chi^2: 1.0538
Intercept: 1.0064 (0.0062)
Ratio: 0.119 (0.1146)

Heritability of phenotype 2/2
-----------------------------
Total Observed scale h2: 0.2719 (0.0276)
Lambda GC: 1.1279
Mean Chi^2: 1.1779
Intercept: 1.01 (0.0082)
Ratio: 0.0562 (0.0461)

Genetic Covariance
------------------
Total Observed scale gencov: -0.021 (0.0157)
Mean z1*z2: -0.0143
Intercept: -0.0038 (0.0054)

Genetic Correlation
-------------------
Genetic Correlation: -0.1207 (0.0916)
Z-score: -1.3186
P: 0.1873


Summary of Genetic Correlation Results
p1                                                                                                   p2      rg      se       z       p  h2_obs  h2_obs_se  h2_int  h2_int_se  gcov_int  gcov_int_se
/home/eerdem/CELLECT/cortical_ROI_CHARGE2020/model1b_precentral_SAMPLESIZE.sumstats.gz  /home/eerdem/CELLECT/gwas/BIG-S2_DTI2020_munged/ukb_phase1to3_dti441_dec21_2019_pheno64.sumstats.gz -0.1207  0.0916 -1.3186  0.1873  0.2719     0.0276    1.01     0.0082   -0.0038       0.0054

Analysis finished at Tue Dec  8 16:50:18 2020
Total time elapsed: 20.36s
