*********************************************************************
* LD Score Regression (LDSC)
* Version 1.0.0
* (C) 2014-2015 Brendan Bulik-Sullivan and Hilary Finucane
* Broad Institute of MIT and Harvard / MIT Department of Mathematics
* GNU General Public License v3
*********************************************************************
Call: 
./ldsc.py \
--ref-ld-chr eur_w_ld_chr/ \
--out /home/eerdem/notebooks/CELLECT-Analyser/out/genetic_correlation/gc/model1d_fusiform_Net100_Pair19_36 \
--rg /home/eerdem/CELLECT/cortical_ROI_CHARGE2020/model1d_fusiform_SAMPLESIZE.sumstats.gz,/home/eerdem/CELLECT/gwas/BIG-S2_rs-fMRI/ukb_phase1to3_fmri_edge_dec21_2019_pheno824.sumstats.gz \
--w-ld-chr eur_w_ld_chr/ 

Beginning analysis at Tue Dec  8 19:26:27 2020
Reading summary statistics from /home/eerdem/CELLECT/cortical_ROI_CHARGE2020/model1d_fusiform_SAMPLESIZE.sumstats.gz ...
Read summary statistics for 1185474 SNPs.
Reading reference panel LD Score from eur_w_ld_chr/[1-22] ...
Read reference panel LD Scores for 1290028 SNPs.
Removing partitioned LD Scores with zero variance.
Reading regression weight LD Score from eur_w_ld_chr/[1-22] ...
Read regression weight LD Scores for 1290028 SNPs.
After merging with reference panel LD, 1173094 SNPs remain.
After merging with regression SNP LD, 1173094 SNPs remain.
Computing rg for phenotype 2/2
Reading summary statistics from /home/eerdem/CELLECT/gwas/BIG-S2_rs-fMRI/ukb_phase1to3_fmri_edge_dec21_2019_pheno824.sumstats.gz ...
Read summary statistics for 1149479 SNPs.
After merging with summary statistics, 1135111 SNPs remain.
1135111 SNPs with valid alleles.

Heritability of phenotype 1
---------------------------
Total Observed scale h2: 0.1782 (0.0271)
Lambda GC: 1.0592
Mean Chi^2: 1.0829
Intercept: 1.0025 (0.0072)
Ratio: 0.0296 (0.0872)

Heritability of phenotype 2/2
-----------------------------
Total Observed scale h2: 0.1792 (0.0217)
Lambda GC: 1.1
Mean Chi^2: 1.1189
Intercept: 1.0001 (0.0073)
Ratio: 0.0007 (0.0615)

Genetic Covariance
------------------
Total Observed scale gencov: 0.0102 (0.0136)
Mean z1*z2: 0.0112
Intercept: 0.0068 (0.005)

Genetic Correlation
-------------------
Genetic Correlation: 0.0571 (0.0768)
Z-score: 0.7432
P: 0.4573


Summary of Genetic Correlation Results
p1                                                                                                p2      rg      se       z       p  h2_obs  h2_obs_se  h2_int  h2_int_se  gcov_int  gcov_int_se
/home/eerdem/CELLECT/cortical_ROI_CHARGE2020/model1d_fusiform_SAMPLESIZE.sumstats.gz  /home/eerdem/CELLECT/gwas/BIG-S2_rs-fMRI/ukb_phase1to3_fmri_edge_dec21_2019_pheno824.sumstats.gz  0.0571  0.0768  0.7432  0.4573  0.1792     0.0217  1.0001     0.0073    0.0068        0.005

Analysis finished at Tue Dec  8 19:26:54 2020
Total time elapsed: 27.12s
