*********************************************************************
* LD Score Regression (LDSC)
* Version 1.0.0
* (C) 2014-2015 Brendan Bulik-Sullivan and Hilary Finucane
* Broad Institute of MIT and Harvard / MIT Department of Mathematics
* GNU General Public License v3
*********************************************************************
Call: 
./ldsc.py \
--ref-ld-chr eur_w_ld_chr/ \
--out /home/eerdem/notebooks/CELLECT-Analyser/out/genetic_correlation/gc/model1d_cuneus_Net100_Node1 \
--rg /home/eerdem/CELLECT/cortical_ROI_CHARGE2020/model1d_cuneus_SAMPLESIZE.sumstats.gz,/home/eerdem/CELLECT/gwas/BIG-S2_rs-fMRI/ukb_phase1to3_fmri_node_dec21_2019_pheno22.sumstats.gz \
--w-ld-chr eur_w_ld_chr/ 

Beginning analysis at Tue Dec  8 15:33:12 2020
Reading summary statistics from /home/eerdem/CELLECT/cortical_ROI_CHARGE2020/model1d_cuneus_SAMPLESIZE.sumstats.gz ...
Read summary statistics for 1186141 SNPs.
Reading reference panel LD Score from eur_w_ld_chr/[1-22] ...
Read reference panel LD Scores for 1290028 SNPs.
Removing partitioned LD Scores with zero variance.
Reading regression weight LD Score from eur_w_ld_chr/[1-22] ...
Read regression weight LD Scores for 1290028 SNPs.
After merging with reference panel LD, 1173377 SNPs remain.
After merging with regression SNP LD, 1173377 SNPs remain.
Computing rg for phenotype 2/2
Reading summary statistics from /home/eerdem/CELLECT/gwas/BIG-S2_rs-fMRI/ukb_phase1to3_fmri_node_dec21_2019_pheno22.sumstats.gz ...
Read summary statistics for 1149479 SNPs.
After merging with summary statistics, 1135256 SNPs remain.
1135256 SNPs with valid alleles.

Heritability of phenotype 1
---------------------------
Total Observed scale h2: 0.251 (0.0287)
Lambda GC: 1.0917
Mean Chi^2: 1.1078
Intercept: 0.9939 (0.0072)
Ratio < 0 (usually indicates GC correction).

Heritability of phenotype 2/2
-----------------------------
Total Observed scale h2: 0.1242 (0.0185)
Lambda GC: 1.0664
Mean Chi^2: 1.084
Intercept: 1.0035 (0.0077)
Ratio: 0.0421 (0.0922)

Genetic Covariance
------------------
Total Observed scale gencov: -0.0344 (0.015)
Mean z1*z2: -0.0998
Intercept: -0.081 (0.0051)

Genetic Correlation
-------------------
Genetic Correlation: -0.1947 (0.0832)
Z-score: -2.34
P: 0.0193


Summary of Genetic Correlation Results
p1                                                                                               p2      rg      se     z       p  h2_obs  h2_obs_se  h2_int  h2_int_se  gcov_int  gcov_int_se
/home/eerdem/CELLECT/cortical_ROI_CHARGE2020/model1d_cuneus_SAMPLESIZE.sumstats.gz  /home/eerdem/CELLECT/gwas/BIG-S2_rs-fMRI/ukb_phase1to3_fmri_node_dec21_2019_pheno22.sumstats.gz -0.1947  0.0832 -2.34  0.0193  0.1242     0.0185  1.0035     0.0077    -0.081       0.0051

Analysis finished at Tue Dec  8 15:33:34 2020
Total time elapsed: 21.55s
