*********************************************************************
* LD Score Regression (LDSC)
* Version 1.0.0
* (C) 2014-2015 Brendan Bulik-Sullivan and Hilary Finucane
* Broad Institute of MIT and Harvard / MIT Department of Mathematics
* GNU General Public License v3
*********************************************************************
Call: 
./ldsc.py \
--ref-ld-chr eur_w_ld_chr/ \
--out /home/eerdem/notebooks/CELLECT-Analyser/out/genetic_correlation/gc/model1a_transversetemporal_ukb_phase1to3_fapcs_dec21_2019_pheno3 \
--rg /home/eerdem/CELLECT/cortical_ROI_CHARGE2020/model1a_transversetemporal_SAMPLESIZE.sumstats.gz,/home/eerdem/CELLECT/gwas/BIG-S2_DTI2020_munged/ukb_phase1to3_fapcs_dec21_2019_pheno3.sumstats.gz \
--w-ld-chr eur_w_ld_chr/ 

Beginning analysis at Tue Dec  8 19:00:42 2020
Reading summary statistics from /home/eerdem/CELLECT/cortical_ROI_CHARGE2020/model1a_transversetemporal_SAMPLESIZE.sumstats.gz ...
Read summary statistics for 1191339 SNPs.
Reading reference panel LD Score from eur_w_ld_chr/[1-22] ...
Read reference panel LD Scores for 1290028 SNPs.
Removing partitioned LD Scores with zero variance.
Reading regression weight LD Score from eur_w_ld_chr/[1-22] ...
Read regression weight LD Scores for 1290028 SNPs.
After merging with reference panel LD, 1174095 SNPs remain.
After merging with regression SNP LD, 1174095 SNPs remain.
Computing rg for phenotype 2/2
Reading summary statistics from /home/eerdem/CELLECT/gwas/BIG-S2_DTI2020_munged/ukb_phase1to3_fapcs_dec21_2019_pheno3.sumstats.gz ...
Read summary statistics for 1149074 SNPs.
After merging with summary statistics, 1134839 SNPs remain.
1134839 SNPs with valid alleles.

Heritability of phenotype 1
---------------------------
Total Observed scale h2: 0.2249 (0.0371)
Lambda GC: 1.0567
Mean Chi^2: 1.0773
Intercept: 0.9921 (0.0075)
Ratio < 0 (usually indicates GC correction).

Heritability of phenotype 2/2
-----------------------------
Total Observed scale h2: 0.1789 (0.0192)
Lambda GC: 1.0869
Mean Chi^2: 1.1116
Intercept: 0.9982 (0.007)
Ratio < 0 (usually indicates GC correction).

Genetic Covariance
------------------
Total Observed scale gencov: -0.0697 (0.0222)
Mean z1*z2: -0.0418
Intercept: -0.0053 (0.006)

Genetic Correlation
-------------------
Genetic Correlation: -0.3475 (0.097)
Z-score: -3.5812
P: 0.0003


Summary of Genetic Correlation Results
p1                                                                                                 p2      rg     se       z       p  h2_obs  h2_obs_se  h2_int  h2_int_se  gcov_int  gcov_int_se
/home/eerdem/CELLECT/cortical_ROI_CHARGE2020/model1a_transversetemporal_SAMPLESIZE.sumstats.gz  /home/eerdem/CELLECT/gwas/BIG-S2_DTI2020_munged/ukb_phase1to3_fapcs_dec21_2019_pheno3.sumstats.gz -0.3475  0.097 -3.5812  0.0003  0.1789     0.0192  0.9982      0.007   -0.0053        0.006

Analysis finished at Tue Dec  8 19:01:06 2020
Total time elapsed: 23.42s
