*********************************************************************
* LD Score Regression (LDSC)
* Version 1.0.0
* (C) 2014-2015 Brendan Bulik-Sullivan and Hilary Finucane
* Broad Institute of MIT and Harvard / MIT Department of Mathematics
* GNU General Public License v3
*********************************************************************
Call: 
./ldsc.py \
--ref-ld-chr eur_w_ld_chr/ \
--out /home/eerdem/notebooks/CELLECT-Analyser/out/genetic_correlation/gc/model1d_parsorbitalis_Net100_Pair3_10 \
--rg /home/eerdem/CELLECT/cortical_ROI_CHARGE2020/model1d_parsorbitalis_SAMPLESIZE.sumstats.gz,/home/eerdem/CELLECT/gwas/BIG-S2_rs-fMRI/ukb_phase1to3_fmri_edge_dec21_2019_pheno249.sumstats.gz \
--w-ld-chr eur_w_ld_chr/ 

Beginning analysis at Tue Dec  8 19:18:27 2020
Reading summary statistics from /home/eerdem/CELLECT/cortical_ROI_CHARGE2020/model1d_parsorbitalis_SAMPLESIZE.sumstats.gz ...
Read summary statistics for 1186184 SNPs.
Reading reference panel LD Score from eur_w_ld_chr/[1-22] ...
Read reference panel LD Scores for 1290028 SNPs.
Removing partitioned LD Scores with zero variance.
Reading regression weight LD Score from eur_w_ld_chr/[1-22] ...
Read regression weight LD Scores for 1290028 SNPs.
After merging with reference panel LD, 1173400 SNPs remain.
After merging with regression SNP LD, 1173400 SNPs remain.
Computing rg for phenotype 2/2
Reading summary statistics from /home/eerdem/CELLECT/gwas/BIG-S2_rs-fMRI/ukb_phase1to3_fmri_edge_dec21_2019_pheno249.sumstats.gz ...
Read summary statistics for 1149479 SNPs.
After merging with summary statistics, 1135262 SNPs remain.
1135262 SNPs with valid alleles.

Heritability of phenotype 1
---------------------------
Total Observed scale h2: 0.151 (0.023)
Lambda GC: 1.0631
Mean Chi^2: 1.0724
Intercept: 1.0049 (0.0067)
Ratio: 0.068 (0.0922)

Heritability of phenotype 2/2
-----------------------------
Total Observed scale h2: 0.0608 (0.0203)
Lambda GC: 1.0405
Mean Chi^2: 1.0473
Intercept: 1.0074 (0.0075)
Ratio: 0.1572 (0.159)

Genetic Covariance
------------------
Total Observed scale gencov: -0.0121 (0.0137)
Mean z1*z2: -0.0016
Intercept: 0.0045 (0.0052)

Genetic Correlation
-------------------
Genetic Correlation: -0.1263 (0.1403)
Z-score: -0.9003
P: 0.3679


Summary of Genetic Correlation Results
p1                                                                                                p2      rg      se       z       p  h2_obs  h2_obs_se  h2_int  h2_int_se  gcov_int  gcov_int_se
/home/eerdem/CELLECT/cortical_ROI_CHARGE2020/model1d_parsorbitalis_SAMPLESIZE.sumstats.gz  /home/eerdem/CELLECT/gwas/BIG-S2_rs-fMRI/ukb_phase1to3_fmri_edge_dec21_2019_pheno249.sumstats.gz -0.1263  0.1403 -0.9003  0.3679  0.0608     0.0203  1.0074     0.0075    0.0045       0.0052

Analysis finished at Tue Dec  8 19:18:54 2020
Total time elapsed: 26.96s
