*********************************************************************
* LD Score Regression (LDSC)
* Version 1.0.0
* (C) 2014-2015 Brendan Bulik-Sullivan and Hilary Finucane
* Broad Institute of MIT and Harvard / MIT Department of Mathematics
* GNU General Public License v3
*********************************************************************
Call: 
./ldsc.py \
--ref-ld-chr eur_w_ld_chr/ \
--out /home/eerdem/notebooks/CELLECT-Analyser/out/genetic_correlation/gc/model1b_parsorbitalis_ukb_phase1to3_dti441_dec21_2019_pheno42 \
--rg /home/eerdem/CELLECT/cortical_ROI_CHARGE2020/model1b_parsorbitalis_SAMPLESIZE.sumstats.gz,/home/eerdem/CELLECT/gwas/BIG-S2_DTI2020_munged/ukb_phase1to3_dti441_dec21_2019_pheno42.sumstats.gz \
--w-ld-chr eur_w_ld_chr/ 

Beginning analysis at Tue Dec  8 19:54:27 2020
Reading summary statistics from /home/eerdem/CELLECT/cortical_ROI_CHARGE2020/model1b_parsorbitalis_SAMPLESIZE.sumstats.gz ...
Read summary statistics for 1186453 SNPs.
Reading reference panel LD Score from eur_w_ld_chr/[1-22] ...
Read reference panel LD Scores for 1290028 SNPs.
Removing partitioned LD Scores with zero variance.
Reading regression weight LD Score from eur_w_ld_chr/[1-22] ...
Read regression weight LD Scores for 1290028 SNPs.
After merging with reference panel LD, 1170095 SNPs remain.
After merging with regression SNP LD, 1170095 SNPs remain.
Computing rg for phenotype 2/2
Reading summary statistics from /home/eerdem/CELLECT/gwas/BIG-S2_DTI2020_munged/ukb_phase1to3_dti441_dec21_2019_pheno42.sumstats.gz ...
Read summary statistics for 1149074 SNPs.
After merging with summary statistics, 1132191 SNPs remain.
1132191 SNPs with valid alleles.

Heritability of phenotype 1
---------------------------
Total Observed scale h2: 0.0644 (0.021)
Lambda GC: 1.0312
Mean Chi^2: 1.0323
Intercept: 1.0043 (0.0065)
Ratio: 0.1318 (0.2021)

Heritability of phenotype 2/2
-----------------------------
Total Observed scale h2: 0.2735 (0.025)
Lambda GC: 1.153
Mean Chi^2: 1.1935
Intercept: 1.0202 (0.0079)
Ratio: 0.1043 (0.0407)

Genetic Covariance
------------------
Total Observed scale gencov: 0.0029 (0.0152)
Mean z1*z2: -0.0004
Intercept: -0.0021 (0.0048)

Genetic Correlation
-------------------
Genetic Correlation: 0.0215 (0.1157)
Z-score: 0.1858
P: 0.8526


Summary of Genetic Correlation Results
p1                                                                                                   p2      rg      se       z       p  h2_obs  h2_obs_se  h2_int  h2_int_se  gcov_int  gcov_int_se
/home/eerdem/CELLECT/cortical_ROI_CHARGE2020/model1b_parsorbitalis_SAMPLESIZE.sumstats.gz  /home/eerdem/CELLECT/gwas/BIG-S2_DTI2020_munged/ukb_phase1to3_dti441_dec21_2019_pheno42.sumstats.gz  0.0215  0.1157  0.1858  0.8526  0.2735      0.025  1.0202     0.0079   -0.0021       0.0048

Analysis finished at Tue Dec  8 19:54:49 2020
Total time elapsed: 21.74s
