*********************************************************************
* LD Score Regression (LDSC)
* Version 1.0.0
* (C) 2014-2015 Brendan Bulik-Sullivan and Hilary Finucane
* Broad Institute of MIT and Harvard / MIT Department of Mathematics
* GNU General Public License v3
*********************************************************************
Call: 
./ldsc.py \
--ref-ld-chr eur_w_ld_chr/ \
--out /home/eerdem/notebooks/CELLECT-Analyser/out/genetic_correlation/gc/model1b_cortex_Net100_Node38 \
--rg /home/eerdem/CELLECT/cortical_ROI_CHARGE2020/model1b_cortex_SAMPLESIZE.sumstats.gz,/home/eerdem/CELLECT/gwas/BIG-S2_rs-fMRI/ukb_phase1to3_fmri_node_dec21_2019_pheno59.sumstats.gz \
--w-ld-chr eur_w_ld_chr/ 

Beginning analysis at Tue Dec  8 19:25:42 2020
Reading summary statistics from /home/eerdem/CELLECT/cortical_ROI_CHARGE2020/model1b_cortex_SAMPLESIZE.sumstats.gz ...
Read summary statistics for 1074090 SNPs.
Reading reference panel LD Score from eur_w_ld_chr/[1-22] ...
Read reference panel LD Scores for 1290028 SNPs.
Removing partitioned LD Scores with zero variance.
Reading regression weight LD Score from eur_w_ld_chr/[1-22] ...
Read regression weight LD Scores for 1290028 SNPs.
After merging with reference panel LD, 1071566 SNPs remain.
After merging with regression SNP LD, 1071566 SNPs remain.
Computing rg for phenotype 2/2
Reading summary statistics from /home/eerdem/CELLECT/gwas/BIG-S2_rs-fMRI/ukb_phase1to3_fmri_node_dec21_2019_pheno59.sumstats.gz ...
Read summary statistics for 1149479 SNPs.
After merging with summary statistics, 1049285 SNPs remain.
1049285 SNPs with valid alleles.

Heritability of phenotype 1
---------------------------
Total Observed scale h2: 0.2526 (0.0278)
Lambda GC: 1.0827
Mean Chi^2: 1.1014
Intercept: 0.9845 (0.008)
Ratio < 0 (usually indicates GC correction).

Heritability of phenotype 2/2
-----------------------------
Total Observed scale h2: 0.1227 (0.0182)
Lambda GC: 1.0909
Mean Chi^2: 1.1114
Intercept: 1.0272 (0.0088)
Ratio: 0.244 (0.0793)

Genetic Covariance
------------------
Total Observed scale gencov: 0.0127 (0.017)
Mean z1*z2: 0.036
Intercept: 0.0285 (0.0062)

Genetic Correlation
-------------------
Genetic Correlation: 0.0719 (0.0956)
Z-score: 0.7516
P: 0.4523


Summary of Genetic Correlation Results
p1                                                                                               p2      rg      se       z       p  h2_obs  h2_obs_se  h2_int  h2_int_se  gcov_int  gcov_int_se
/home/eerdem/CELLECT/cortical_ROI_CHARGE2020/model1b_cortex_SAMPLESIZE.sumstats.gz  /home/eerdem/CELLECT/gwas/BIG-S2_rs-fMRI/ukb_phase1to3_fmri_node_dec21_2019_pheno59.sumstats.gz  0.0719  0.0956  0.7516  0.4523  0.1227     0.0182  1.0272     0.0088    0.0285       0.0062

Analysis finished at Tue Dec  8 19:26:06 2020
Total time elapsed: 23.71s
