*********************************************************************
* LD Score Regression (LDSC)
* Version 1.0.0
* (C) 2014-2015 Brendan Bulik-Sullivan and Hilary Finucane
* Broad Institute of MIT and Harvard / MIT Department of Mathematics
* GNU General Public License v3
*********************************************************************
Call: 
./ldsc.py \
--ref-ld-chr eur_w_ld_chr/ \
--out /home/eerdem/notebooks/CELLECT-Analyser/out/genetic_correlation/gc/model1b_cuneus_ukb_phase1to3_fapcs_dec21_2019_pheno61 \
--rg /home/eerdem/CELLECT/cortical_ROI_CHARGE2020/model1b_cuneus_SAMPLESIZE.sumstats.gz,/home/eerdem/CELLECT/gwas/BIG-S2_DTI2020_munged/ukb_phase1to3_fapcs_dec21_2019_pheno61.sumstats.gz \
--w-ld-chr eur_w_ld_chr/ 

Beginning analysis at Tue Dec  8 20:26:12 2020
Reading summary statistics from /home/eerdem/CELLECT/cortical_ROI_CHARGE2020/model1b_cuneus_SAMPLESIZE.sumstats.gz ...
Read summary statistics for 1186453 SNPs.
Reading reference panel LD Score from eur_w_ld_chr/[1-22] ...
Read reference panel LD Scores for 1290028 SNPs.
Removing partitioned LD Scores with zero variance.
Reading regression weight LD Score from eur_w_ld_chr/[1-22] ...
Read regression weight LD Scores for 1290028 SNPs.
After merging with reference panel LD, 1170095 SNPs remain.
After merging with regression SNP LD, 1170095 SNPs remain.
Computing rg for phenotype 2/2
Reading summary statistics from /home/eerdem/CELLECT/gwas/BIG-S2_DTI2020_munged/ukb_phase1to3_fapcs_dec21_2019_pheno61.sumstats.gz ...
Read summary statistics for 1149074 SNPs.
After merging with summary statistics, 1132191 SNPs remain.
1132191 SNPs with valid alleles.

Heritability of phenotype 1
---------------------------
Total Observed scale h2: 0.1301 (0.0239)
Lambda GC: 1.0616
Mean Chi^2: 1.0653
Intercept: 1.0087 (0.0064)
Ratio: 0.1335 (0.0987)

Heritability of phenotype 2/2
-----------------------------
Total Observed scale h2: 0.2929 (0.0244)
Lambda GC: 1.1612
Mean Chi^2: 1.2105
Intercept: 1.0251 (0.0085)
Ratio: 0.1192 (0.0406)

Genetic Covariance
------------------
Total Observed scale gencov: -0.0301 (0.0167)
Mean z1*z2: -0.0348
Intercept: -0.0206 (0.0051)

Genetic Correlation
-------------------
Genetic Correlation: -0.1541 (0.0858)
Z-score: -1.7955
P: 0.0726


Summary of Genetic Correlation Results
p1                                                                                                  p2      rg      se       z       p  h2_obs  h2_obs_se  h2_int  h2_int_se  gcov_int  gcov_int_se
/home/eerdem/CELLECT/cortical_ROI_CHARGE2020/model1b_cuneus_SAMPLESIZE.sumstats.gz  /home/eerdem/CELLECT/gwas/BIG-S2_DTI2020_munged/ukb_phase1to3_fapcs_dec21_2019_pheno61.sumstats.gz -0.1541  0.0858 -1.7955  0.0726  0.2929     0.0244  1.0251     0.0085   -0.0206       0.0051

Analysis finished at Tue Dec  8 20:26:35 2020
Total time elapsed: 22.53s
