*********************************************************************
* LD Score Regression (LDSC)
* Version 1.0.0
* (C) 2014-2015 Brendan Bulik-Sullivan and Hilary Finucane
* Broad Institute of MIT and Harvard / MIT Department of Mathematics
* GNU General Public License v3
*********************************************************************
Call: 
./ldsc.py \
--ref-ld-chr eur_w_ld_chr/ \
--out /home/eerdem/notebooks/CELLECT-Analyser/out/genetic_correlation/gc/model1d_postcentral_ukb_phase1to3_fapcs_dec21_2019_pheno9 \
--rg /home/eerdem/CELLECT/cortical_ROI_CHARGE2020/model1d_postcentral_SAMPLESIZE.sumstats.gz,/home/eerdem/CELLECT/gwas/BIG-S2_DTI2020_munged/ukb_phase1to3_fapcs_dec21_2019_pheno9.sumstats.gz \
--w-ld-chr eur_w_ld_chr/ 

Beginning analysis at Tue Dec  8 17:34:12 2020
Reading summary statistics from /home/eerdem/CELLECT/cortical_ROI_CHARGE2020/model1d_postcentral_SAMPLESIZE.sumstats.gz ...
Read summary statistics for 1185925 SNPs.
Reading reference panel LD Score from eur_w_ld_chr/[1-22] ...
Read reference panel LD Scores for 1290028 SNPs.
Removing partitioned LD Scores with zero variance.
Reading regression weight LD Score from eur_w_ld_chr/[1-22] ...
Read regression weight LD Scores for 1290028 SNPs.
After merging with reference panel LD, 1173202 SNPs remain.
After merging with regression SNP LD, 1173202 SNPs remain.
Computing rg for phenotype 2/2
Reading summary statistics from /home/eerdem/CELLECT/gwas/BIG-S2_DTI2020_munged/ukb_phase1to3_fapcs_dec21_2019_pheno9.sumstats.gz ...
Read summary statistics for 1149074 SNPs.
After merging with summary statistics, 1134689 SNPs remain.
1134689 SNPs with valid alleles.

Heritability of phenotype 1
---------------------------
Total Observed scale h2: 0.1963 (0.0232)
Lambda GC: 1.0694
Mean Chi^2: 1.0866
Intercept: 1.0001 (0.0079)
Ratio: 0.0017 (0.0908)

Heritability of phenotype 2/2
-----------------------------
Total Observed scale h2: 0.1739 (0.0199)
Lambda GC: 1.0778
Mean Chi^2: 1.0994
Intercept: 0.9899 (0.007)
Ratio < 0 (usually indicates GC correction).

Genetic Covariance
------------------
Total Observed scale gencov: -0.0057 (0.0129)
Mean z1*z2: 0.0062
Intercept: 0.0084 (0.0044)

Genetic Correlation
-------------------
Genetic Correlation: -0.031 (0.0703)
Z-score: -0.4412
P: 0.6591


Summary of Genetic Correlation Results
p1                                                                                                 p2     rg      se       z       p  h2_obs  h2_obs_se  h2_int  h2_int_se  gcov_int  gcov_int_se
/home/eerdem/CELLECT/cortical_ROI_CHARGE2020/model1d_postcentral_SAMPLESIZE.sumstats.gz  /home/eerdem/CELLECT/gwas/BIG-S2_DTI2020_munged/ukb_phase1to3_fapcs_dec21_2019_pheno9.sumstats.gz -0.031  0.0703 -0.4412  0.6591  0.1739     0.0199  0.9899      0.007    0.0084       0.0044

Analysis finished at Tue Dec  8 17:34:36 2020
Total time elapsed: 23.81s
