*********************************************************************
* LD Score Regression (LDSC)
* Version 1.0.0
* (C) 2014-2015 Brendan Bulik-Sullivan and Hilary Finucane
* Broad Institute of MIT and Harvard / MIT Department of Mathematics
* GNU General Public License v3
*********************************************************************
Call: 
./ldsc.py \
--ref-ld-chr eur_w_ld_chr/ \
--out /home/eerdem/notebooks/CELLECT-Analyser/out/genetic_correlation/gc/model1d_cuneus_ukb_phase1to3_dti441_dec21_2019_pheno13 \
--rg /home/eerdem/CELLECT/cortical_ROI_CHARGE2020/model1d_cuneus_SAMPLESIZE.sumstats.gz,/home/eerdem/CELLECT/gwas/BIG-S2_DTI2020_munged/ukb_phase1to3_dti441_dec21_2019_pheno13.sumstats.gz \
--w-ld-chr eur_w_ld_chr/ 

Beginning analysis at Tue Dec  8 16:07:27 2020
Reading summary statistics from /home/eerdem/CELLECT/cortical_ROI_CHARGE2020/model1d_cuneus_SAMPLESIZE.sumstats.gz ...
Read summary statistics for 1186141 SNPs.
Reading reference panel LD Score from eur_w_ld_chr/[1-22] ...
Read reference panel LD Scores for 1290028 SNPs.
Removing partitioned LD Scores with zero variance.
Reading regression weight LD Score from eur_w_ld_chr/[1-22] ...
Read regression weight LD Scores for 1290028 SNPs.
After merging with reference panel LD, 1173377 SNPs remain.
After merging with regression SNP LD, 1173377 SNPs remain.
Computing rg for phenotype 2/2
Reading summary statistics from /home/eerdem/CELLECT/gwas/BIG-S2_DTI2020_munged/ukb_phase1to3_dti441_dec21_2019_pheno13.sumstats.gz ...
Read summary statistics for 1149074 SNPs.
After merging with summary statistics, 1134821 SNPs remain.
1134821 SNPs with valid alleles.

Heritability of phenotype 1
---------------------------
Total Observed scale h2: 0.2512 (0.0289)
Lambda GC: 1.0917
Mean Chi^2: 1.1079
Intercept: 0.9939 (0.0072)
Ratio < 0 (usually indicates GC correction).

Heritability of phenotype 2/2
-----------------------------
Total Observed scale h2: 0.26 (0.0215)
Lambda GC: 1.1244
Mean Chi^2: 1.1658
Intercept: 1.0048 (0.0071)
Ratio: 0.0288 (0.0428)

Genetic Covariance
------------------
Total Observed scale gencov: 0.0357 (0.016)
Mean z1*z2: 0.0451
Intercept: 0.0274 (0.0055)

Genetic Correlation
-------------------
Genetic Correlation: 0.1396 (0.0623)
Z-score: 2.2397
P: 0.0251


Summary of Genetic Correlation Results
p1                                                                                                   p2      rg      se       z       p  h2_obs  h2_obs_se  h2_int  h2_int_se  gcov_int  gcov_int_se
/home/eerdem/CELLECT/cortical_ROI_CHARGE2020/model1d_cuneus_SAMPLESIZE.sumstats.gz  /home/eerdem/CELLECT/gwas/BIG-S2_DTI2020_munged/ukb_phase1to3_dti441_dec21_2019_pheno13.sumstats.gz  0.1396  0.0623  2.2397  0.0251    0.26     0.0215  1.0048     0.0071    0.0274       0.0055

Analysis finished at Tue Dec  8 16:07:48 2020
Total time elapsed: 21.17s
