*********************************************************************
* LD Score Regression (LDSC)
* Version 1.0.0
* (C) 2014-2015 Brendan Bulik-Sullivan and Hilary Finucane
* Broad Institute of MIT and Harvard / MIT Department of Mathematics
* GNU General Public License v3
*********************************************************************
Call: 
./ldsc.py \
--ref-ld-chr eur_w_ld_chr/ \
--out /home/eerdem/notebooks/CELLECT-Analyser/out/genetic_correlation/gc/model1a_paracentral_Net100_Pair10_33 \
--rg /home/eerdem/CELLECT/cortical_ROI_CHARGE2020/model1a_paracentral_SAMPLESIZE.sumstats.gz,/home/eerdem/CELLECT/gwas/BIG-S2_rs-fMRI/ukb_phase1to3_fmri_edge_dec21_2019_pheno716.sumstats.gz \
--w-ld-chr eur_w_ld_chr/ 

Beginning analysis at Tue Dec  8 17:22:42 2020
Reading summary statistics from /home/eerdem/CELLECT/cortical_ROI_CHARGE2020/model1a_paracentral_SAMPLESIZE.sumstats.gz ...
Read summary statistics for 1191333 SNPs.
Reading reference panel LD Score from eur_w_ld_chr/[1-22] ...
Read reference panel LD Scores for 1290028 SNPs.
Removing partitioned LD Scores with zero variance.
Reading regression weight LD Score from eur_w_ld_chr/[1-22] ...
Read regression weight LD Scores for 1290028 SNPs.
After merging with reference panel LD, 1174089 SNPs remain.
After merging with regression SNP LD, 1174089 SNPs remain.
Computing rg for phenotype 2/2
Reading summary statistics from /home/eerdem/CELLECT/gwas/BIG-S2_rs-fMRI/ukb_phase1to3_fmri_edge_dec21_2019_pheno716.sumstats.gz ...
Read summary statistics for 1149479 SNPs.
After merging with summary statistics, 1135270 SNPs remain.
1135270 SNPs with valid alleles.

Heritability of phenotype 1
---------------------------
Total Observed scale h2: 0.1967 (0.029)
Lambda GC: 1.0611
Mean Chi^2: 1.0682
Intercept: 0.9957 (0.0069)
Ratio < 0 (usually indicates GC correction).

Heritability of phenotype 2/2
-----------------------------
Total Observed scale h2: 0.0457 (0.0144)
Lambda GC: 1.0326
Mean Chi^2: 1.0358
Intercept: 1.0052 (0.0068)
Ratio: 0.1455 (0.1905)

Genetic Covariance
------------------
Total Observed scale gencov: -0.0137 (0.0171)
Mean z1*z2: -0.0119
Intercept: -0.0043 (0.0052)

Genetic Correlation
-------------------
Genetic Correlation: -0.1441 (0.1838)
Z-score: -0.7842
P: 0.4329


Summary of Genetic Correlation Results
p1                                                                                                p2      rg      se       z       p  h2_obs  h2_obs_se  h2_int  h2_int_se  gcov_int  gcov_int_se
/home/eerdem/CELLECT/cortical_ROI_CHARGE2020/model1a_paracentral_SAMPLESIZE.sumstats.gz  /home/eerdem/CELLECT/gwas/BIG-S2_rs-fMRI/ukb_phase1to3_fmri_edge_dec21_2019_pheno716.sumstats.gz -0.1441  0.1838 -0.7842  0.4329  0.0457     0.0144  1.0052     0.0068   -0.0043       0.0052

Analysis finished at Tue Dec  8 17:23:07 2020
Total time elapsed: 24.85s
