*********************************************************************
* LD Score Regression (LDSC)
* Version 1.0.0
* (C) 2014-2015 Brendan Bulik-Sullivan and Hilary Finucane
* Broad Institute of MIT and Harvard / MIT Department of Mathematics
* GNU General Public License v3
*********************************************************************
Call: 
./ldsc.py \
--ref-ld-chr eur_w_ld_chr/ \
--out /home/eerdem/notebooks/CELLECT-Analyser/out/genetic_correlation/gc/model1d_parahippocampal_model1d_superiorparietal \
--rg /home/eerdem/CELLECT/cortical_ROI_CHARGE2020/model1d_parahippocampal_SAMPLESIZE.sumstats.gz,/home/eerdem/CELLECT/cortical_ROI_CHARGE2020/model1d_superiorparietal_SAMPLESIZE.sumstats.gz \
--w-ld-chr eur_w_ld_chr/ 

Beginning analysis at Tue Dec  8 19:47:42 2020
Reading summary statistics from /home/eerdem/CELLECT/cortical_ROI_CHARGE2020/model1d_parahippocampal_SAMPLESIZE.sumstats.gz ...
Read summary statistics for 1186056 SNPs.
Reading reference panel LD Score from eur_w_ld_chr/[1-22] ...
Read reference panel LD Scores for 1290028 SNPs.
Removing partitioned LD Scores with zero variance.
Reading regression weight LD Score from eur_w_ld_chr/[1-22] ...
Read regression weight LD Scores for 1290028 SNPs.
After merging with reference panel LD, 1173356 SNPs remain.
After merging with regression SNP LD, 1173356 SNPs remain.
Computing rg for phenotype 2/2
Reading summary statistics from /home/eerdem/CELLECT/cortical_ROI_CHARGE2020/model1d_superiorparietal_SAMPLESIZE.sumstats.gz ...
Read summary statistics for 1186064 SNPs.
After merging with summary statistics, 1173253 SNPs remain.
1173253 SNPs with valid alleles.

Heritability of phenotype 1
---------------------------
Total Observed scale h2: 0.1825 (0.0233)
Lambda GC: 1.0734
Mean Chi^2: 1.0773
Intercept: 0.9962 (0.0065)
Ratio < 0 (usually indicates GC correction).

Heritability of phenotype 2/2
-----------------------------
Total Observed scale h2: 0.1922 (0.0237)
Lambda GC: 1.0558
Mean Chi^2: 1.0792
Intercept: 0.996 (0.0071)
Ratio < 0 (usually indicates GC correction).

Genetic Covariance
------------------
Total Observed scale gencov: -0.0383 (0.0169)
Mean z1*z2: -0.0663
Intercept: -0.0486 (0.0048)

Genetic Correlation
-------------------
Genetic Correlation: -0.2043 (0.0886)
Z-score: -2.3062
P: 0.0211


Summary of Genetic Correlation Results
p1                                                                                            p2      rg      se       z       p  h2_obs  h2_obs_se  h2_int  h2_int_se  gcov_int  gcov_int_se
/home/eerdem/CELLECT/cortical_ROI_CHARGE2020/model1d_parahippocampal_SAMPLESIZE.sumstats.gz  /home/eerdem/CELLECT/cortical_ROI_CHARGE2020/model1d_superiorparietal_SAMPLESIZE.sumstats.gz -0.2043  0.0886 -2.3062  0.0211  0.1922     0.0237   0.996     0.0071   -0.0486       0.0048

Analysis finished at Tue Dec  8 19:48:04 2020
Total time elapsed: 22.22s
