*********************************************************************
* LD Score Regression (LDSC)
* Version 1.0.0
* (C) 2014-2015 Brendan Bulik-Sullivan and Hilary Finucane
* Broad Institute of MIT and Harvard / MIT Department of Mathematics
* GNU General Public License v3
*********************************************************************
Call: 
./ldsc.py \
--ref-ld-chr eur_w_ld_chr/ \
--out /home/eerdem/notebooks/CELLECT-Analyser/out/genetic_correlation/gc/model1d_posteriorcingulate_ukb_phase1to3_fapcs_dec21_2019_pheno38 \
--rg /home/eerdem/CELLECT/cortical_ROI_CHARGE2020/model1d_posteriorcingulate_SAMPLESIZE.sumstats.gz,/home/eerdem/CELLECT/gwas/BIG-S2_DTI2020_munged/ukb_phase1to3_fapcs_dec21_2019_pheno38.sumstats.gz \
--w-ld-chr eur_w_ld_chr/ 

Beginning analysis at Tue Dec  8 17:50:57 2020
Reading summary statistics from /home/eerdem/CELLECT/cortical_ROI_CHARGE2020/model1d_posteriorcingulate_SAMPLESIZE.sumstats.gz ...
Read summary statistics for 1186151 SNPs.
Reading reference panel LD Score from eur_w_ld_chr/[1-22] ...
Read reference panel LD Scores for 1290028 SNPs.
Removing partitioned LD Scores with zero variance.
Reading regression weight LD Score from eur_w_ld_chr/[1-22] ...
Read regression weight LD Scores for 1290028 SNPs.
After merging with reference panel LD, 1173377 SNPs remain.
After merging with regression SNP LD, 1173377 SNPs remain.
Computing rg for phenotype 2/2
Reading summary statistics from /home/eerdem/CELLECT/gwas/BIG-S2_DTI2020_munged/ukb_phase1to3_fapcs_dec21_2019_pheno38.sumstats.gz ...
Read summary statistics for 1149074 SNPs.
After merging with summary statistics, 1134826 SNPs remain.
1134826 SNPs with valid alleles.

Heritability of phenotype 1
---------------------------
Total Observed scale h2: 0.1594 (0.0217)
Lambda GC: 1.068
Mean Chi^2: 1.0763
Intercept: 1.0036 (0.007)
Ratio: 0.0473 (0.0917)

Heritability of phenotype 2/2
-----------------------------
Total Observed scale h2: 0.1196 (0.0175)
Lambda GC: 1.0742
Mean Chi^2: 1.0915
Intercept: 1.0151 (0.0072)
Ratio: 0.1646 (0.0783)

Genetic Covariance
------------------
Total Observed scale gencov: 0.018 (0.0152)
Mean z1*z2: 0.0036
Intercept: -0.0065 (0.005)

Genetic Correlation
-------------------
Genetic Correlation: 0.1305 (0.1111)
Z-score: 1.1751
P: 0.24


Summary of Genetic Correlation Results
p1                                                                                                  p2      rg      se       z     p  h2_obs  h2_obs_se  h2_int  h2_int_se  gcov_int  gcov_int_se
/home/eerdem/CELLECT/cortical_ROI_CHARGE2020/model1d_posteriorcingulate_SAMPLESIZE.sumstats.gz  /home/eerdem/CELLECT/gwas/BIG-S2_DTI2020_munged/ukb_phase1to3_fapcs_dec21_2019_pheno38.sumstats.gz  0.1305  0.1111  1.1751  0.24  0.1196     0.0175  1.0151     0.0072   -0.0065        0.005

Analysis finished at Tue Dec  8 17:51:18 2020
Total time elapsed: 21.2s
