*********************************************************************
* LD Score Regression (LDSC)
* Version 1.0.0
* (C) 2014-2015 Brendan Bulik-Sullivan and Hilary Finucane
* Broad Institute of MIT and Harvard / MIT Department of Mathematics
* GNU General Public License v3
*********************************************************************
Call: 
./ldsc.py \
--ref-ld-chr eur_w_ld_chr/ \
--out /home/eerdem/notebooks/CELLECT-Analyser/out/genetic_correlation/gc/model1a_insula_Net100_Node35 \
--rg /home/eerdem/CELLECT/cortical_ROI_CHARGE2020/model1a_insula_SAMPLESIZE.sumstats.gz,/home/eerdem/CELLECT/gwas/BIG-S2_rs-fMRI/ukb_phase1to3_fmri_node_dec21_2019_pheno56.sumstats.gz \
--w-ld-chr eur_w_ld_chr/ 

Beginning analysis at Tue Dec  8 15:57:42 2020
Reading summary statistics from /home/eerdem/CELLECT/cortical_ROI_CHARGE2020/model1a_insula_SAMPLESIZE.sumstats.gz ...
Read summary statistics for 1189470 SNPs.
Reading reference panel LD Score from eur_w_ld_chr/[1-22] ...
Read reference panel LD Scores for 1290028 SNPs.
Removing partitioned LD Scores with zero variance.
Reading regression weight LD Score from eur_w_ld_chr/[1-22] ...
Read regression weight LD Scores for 1290028 SNPs.
After merging with reference panel LD, 1172167 SNPs remain.
After merging with regression SNP LD, 1172167 SNPs remain.
Computing rg for phenotype 2/2
Reading summary statistics from /home/eerdem/CELLECT/gwas/BIG-S2_rs-fMRI/ukb_phase1to3_fmri_node_dec21_2019_pheno56.sumstats.gz ...
Read summary statistics for 1149479 SNPs.
After merging with summary statistics, 1133908 SNPs remain.
1133908 SNPs with valid alleles.

Heritability of phenotype 1
---------------------------
Total Observed scale h2: 0.182 (0.0309)
Lambda GC: 1.0655
Mean Chi^2: 1.0682
Intercept: 1.0027 (0.0073)
Ratio: 0.0396 (0.1074)

Heritability of phenotype 2/2
-----------------------------
Total Observed scale h2: 0.1856 (0.0242)
Lambda GC: 1.0899
Mean Chi^2: 1.1192
Intercept: 0.9972 (0.0094)
Ratio < 0 (usually indicates GC correction).

Genetic Covariance
------------------
Total Observed scale gencov: 0.027 (0.0164)
Mean z1*z2: -0.0066
Intercept: -0.0203 (0.005)

Genetic Correlation
-------------------
Genetic Correlation: 0.1471 (0.0889)
Z-score: 1.6536
P: 0.0982


Summary of Genetic Correlation Results
p1                                                                                               p2      rg      se       z       p  h2_obs  h2_obs_se  h2_int  h2_int_se  gcov_int  gcov_int_se
/home/eerdem/CELLECT/cortical_ROI_CHARGE2020/model1a_insula_SAMPLESIZE.sumstats.gz  /home/eerdem/CELLECT/gwas/BIG-S2_rs-fMRI/ukb_phase1to3_fmri_node_dec21_2019_pheno56.sumstats.gz  0.1471  0.0889  1.6536  0.0982  0.1856     0.0242  0.9972     0.0094   -0.0203        0.005

Analysis finished at Tue Dec  8 15:58:06 2020
Total time elapsed: 23.47s
