*********************************************************************
* LD Score Regression (LDSC)
* Version 1.0.0
* (C) 2014-2015 Brendan Bulik-Sullivan and Hilary Finucane
* Broad Institute of MIT and Harvard / MIT Department of Mathematics
* GNU General Public License v3
*********************************************************************
Call: 
./ldsc.py \
--ref-ld-chr eur_w_ld_chr/ \
--out /home/eerdem/notebooks/CELLECT-Analyser/out/genetic_correlation/gc/model1d_frontalpole_ukb_phase1to3_fapcs_dec21_2019_pheno32 \
--rg /home/eerdem/CELLECT/cortical_ROI_CHARGE2020/model1d_frontalpole_SAMPLESIZE.sumstats.gz,/home/eerdem/CELLECT/gwas/BIG-S2_DTI2020_munged/ukb_phase1to3_fapcs_dec21_2019_pheno32.sumstats.gz \
--w-ld-chr eur_w_ld_chr/ 

Beginning analysis at Tue Dec  8 15:36:12 2020
Reading summary statistics from /home/eerdem/CELLECT/cortical_ROI_CHARGE2020/model1d_frontalpole_SAMPLESIZE.sumstats.gz ...
Read summary statistics for 1186479 SNPs.
Reading reference panel LD Score from eur_w_ld_chr/[1-22] ...
Read reference panel LD Scores for 1290028 SNPs.
Removing partitioned LD Scores with zero variance.
Reading regression weight LD Score from eur_w_ld_chr/[1-22] ...
Read regression weight LD Scores for 1290028 SNPs.
After merging with reference panel LD, 1173454 SNPs remain.
After merging with regression SNP LD, 1173454 SNPs remain.
Computing rg for phenotype 2/2
Reading summary statistics from /home/eerdem/CELLECT/gwas/BIG-S2_DTI2020_munged/ukb_phase1to3_fapcs_dec21_2019_pheno32.sumstats.gz ...
Read summary statistics for 1149074 SNPs.
After merging with summary statistics, 1134831 SNPs remain.
1134831 SNPs with valid alleles.

Heritability of phenotype 1
---------------------------
Total Observed scale h2: 0.073 (0.0226)
Lambda GC: 1.0322
Mean Chi^2: 1.0358
Intercept: 1.0027 (0.0062)
Ratio: 0.0756 (0.1725)

Heritability of phenotype 2/2
-----------------------------
Total Observed scale h2: 0.3181 (0.0284)
Lambda GC: 1.164
Mean Chi^2: 1.2048
Intercept: 0.9971 (0.0089)
Ratio < 0 (usually indicates GC correction).

Genetic Covariance
------------------
Total Observed scale gencov: 0.0044 (0.0158)
Mean z1*z2: 0.0049
Intercept: 0.0024 (0.0051)

Genetic Correlation
-------------------
Genetic Correlation: 0.0286 (0.1039)
Z-score: 0.2756
P: 0.7828


Summary of Genetic Correlation Results
p1                                                                                                  p2      rg      se       z       p  h2_obs  h2_obs_se  h2_int  h2_int_se  gcov_int  gcov_int_se
/home/eerdem/CELLECT/cortical_ROI_CHARGE2020/model1d_frontalpole_SAMPLESIZE.sumstats.gz  /home/eerdem/CELLECT/gwas/BIG-S2_DTI2020_munged/ukb_phase1to3_fapcs_dec21_2019_pheno32.sumstats.gz  0.0286  0.1039  0.2756  0.7828  0.3181     0.0284  0.9971     0.0089    0.0024       0.0051

Analysis finished at Tue Dec  8 15:36:33 2020
Total time elapsed: 21.28s
