*********************************************************************
* LD Score Regression (LDSC)
* Version 1.0.0
* (C) 2014-2015 Brendan Bulik-Sullivan and Hilary Finucane
* Broad Institute of MIT and Harvard / MIT Department of Mathematics
* GNU General Public License v3
*********************************************************************
Call: 
./ldsc.py \
--ref-ld-chr eur_w_ld_chr/ \
--out /home/eerdem/notebooks/CELLECT-Analyser/out/genetic_correlation/gc/model1a_paracentral_model1d_parsopercularis \
--rg /home/eerdem/CELLECT/cortical_ROI_CHARGE2020/model1a_paracentral_SAMPLESIZE.sumstats.gz,/home/eerdem/CELLECT/cortical_ROI_CHARGE2020/model1d_parsopercularis_SAMPLESIZE.sumstats.gz \
--w-ld-chr eur_w_ld_chr/ 

Beginning analysis at Tue Dec  8 15:40:57 2020
Reading summary statistics from /home/eerdem/CELLECT/cortical_ROI_CHARGE2020/model1a_paracentral_SAMPLESIZE.sumstats.gz ...
Read summary statistics for 1191333 SNPs.
Reading reference panel LD Score from eur_w_ld_chr/[1-22] ...
Read reference panel LD Scores for 1290028 SNPs.
Removing partitioned LD Scores with zero variance.
Reading regression weight LD Score from eur_w_ld_chr/[1-22] ...
Read regression weight LD Scores for 1290028 SNPs.
After merging with reference panel LD, 1174089 SNPs remain.
After merging with regression SNP LD, 1174089 SNPs remain.
Computing rg for phenotype 2/2
Reading summary statistics from /home/eerdem/CELLECT/cortical_ROI_CHARGE2020/model1d_parsopercularis_SAMPLESIZE.sumstats.gz ...
Read summary statistics for 1186137 SNPs.
After merging with summary statistics, 1172638 SNPs remain.
1172638 SNPs with valid alleles.

Heritability of phenotype 1
---------------------------
Total Observed scale h2: 0.1989 (0.0274)
Lambda GC: 1.0597
Mean Chi^2: 1.0661
Intercept: 0.9939 (0.0066)
Ratio < 0 (usually indicates GC correction).

Heritability of phenotype 2/2
-----------------------------
Total Observed scale h2: 0.1667 (0.0207)
Lambda GC: 1.0543
Mean Chi^2: 1.0665
Intercept: 0.9919 (0.006)
Ratio < 0 (usually indicates GC correction).

Genetic Covariance
------------------
Total Observed scale gencov: 0.0261 (0.0167)
Mean z1*z2: 0.0128
Intercept: 0.0017 (0.0041)

Genetic Correlation
-------------------
Genetic Correlation: 0.1431 (0.0912)
Z-score: 1.5697
P: 0.1165


Summary of Genetic Correlation Results
p1                                                                                           p2      rg      se       z       p  h2_obs  h2_obs_se  h2_int  h2_int_se  gcov_int  gcov_int_se
/home/eerdem/CELLECT/cortical_ROI_CHARGE2020/model1a_paracentral_SAMPLESIZE.sumstats.gz  /home/eerdem/CELLECT/cortical_ROI_CHARGE2020/model1d_parsopercularis_SAMPLESIZE.sumstats.gz  0.1431  0.0912  1.5697  0.1165  0.1667     0.0207  0.9919      0.006    0.0017       0.0041

Analysis finished at Tue Dec  8 15:41:23 2020
Total time elapsed: 25.72s
