*********************************************************************
* LD Score Regression (LDSC)
* Version 1.0.0
* (C) 2014-2015 Brendan Bulik-Sullivan and Hilary Finucane
* Broad Institute of MIT and Harvard / MIT Department of Mathematics
* GNU General Public License v3
*********************************************************************
Call: 
./ldsc.py \
--ref-ld-chr eur_w_ld_chr/ \
--out /home/eerdem/notebooks/CELLECT-Analyser/out/genetic_correlation/gc/model1d_middletemporal_ukb_phase1to3_fapcs_dec21_2019_pheno94 \
--rg /home/eerdem/CELLECT/cortical_ROI_CHARGE2020/model1d_middletemporal_SAMPLESIZE.sumstats.gz,/home/eerdem/CELLECT/gwas/BIG-S2_DTI2020_munged/ukb_phase1to3_fapcs_dec21_2019_pheno94.sumstats.gz \
--w-ld-chr eur_w_ld_chr/ 

Beginning analysis at Tue Dec  8 15:14:12 2020
Reading summary statistics from /home/eerdem/CELLECT/cortical_ROI_CHARGE2020/model1d_middletemporal_SAMPLESIZE.sumstats.gz ...
Read summary statistics for 1185953 SNPs.
Reading reference panel LD Score from eur_w_ld_chr/[1-22] ...
Read reference panel LD Scores for 1290028 SNPs.
Removing partitioned LD Scores with zero variance.
Reading regression weight LD Score from eur_w_ld_chr/[1-22] ...
Read regression weight LD Scores for 1290028 SNPs.
After merging with reference panel LD, 1173205 SNPs remain.
After merging with regression SNP LD, 1173205 SNPs remain.
Computing rg for phenotype 2/2
Reading summary statistics from /home/eerdem/CELLECT/gwas/BIG-S2_DTI2020_munged/ukb_phase1to3_fapcs_dec21_2019_pheno94.sumstats.gz ...
Read summary statistics for 1149074 SNPs.
After merging with summary statistics, 1134684 SNPs remain.
1134684 SNPs with valid alleles.

Heritability of phenotype 1
---------------------------
Total Observed scale h2: 0.1682 (0.0279)
Lambda GC: 1.0675
Mean Chi^2: 1.0832
Intercept: 1.0093 (0.0076)
Ratio: 0.1113 (0.091)

Heritability of phenotype 2/2
-----------------------------
Total Observed scale h2: 0.1669 (0.018)
Lambda GC: 1.0862
Mean Chi^2: 1.1061
Intercept: 1.0002 (0.0077)
Ratio: 0.0015 (0.0728)

Genetic Covariance
------------------
Total Observed scale gencov: -0.0507 (0.0143)
Mean z1*z2: -0.0522
Intercept: -0.0244 (0.0049)

Genetic Correlation
-------------------
Genetic Correlation: -0.3029 (0.0812)
Z-score: -3.7325
P: 0.0002


Summary of Genetic Correlation Results
p1                                                                                                  p2      rg      se       z       p  h2_obs  h2_obs_se  h2_int  h2_int_se  gcov_int  gcov_int_se
/home/eerdem/CELLECT/cortical_ROI_CHARGE2020/model1d_middletemporal_SAMPLESIZE.sumstats.gz  /home/eerdem/CELLECT/gwas/BIG-S2_DTI2020_munged/ukb_phase1to3_fapcs_dec21_2019_pheno94.sumstats.gz -0.3029  0.0812 -3.7325  0.0002  0.1669      0.018  1.0002     0.0077   -0.0244       0.0049

Analysis finished at Tue Dec  8 15:14:34 2020
Total time elapsed: 21.55s
