*********************************************************************
* LD Score Regression (LDSC)
* Version 1.0.0
* (C) 2014-2015 Brendan Bulik-Sullivan and Hilary Finucane
* Broad Institute of MIT and Harvard / MIT Department of Mathematics
* GNU General Public License v3
*********************************************************************
Call: 
./ldsc.py \
--ref-ld-chr eur_w_ld_chr/ \
--out /home/eerdem/notebooks/CELLECT-Analyser/out/genetic_correlation/gc/model1d_cuneus_ukb_phase1to3_dti441_dec21_2019_pheno323 \
--rg /home/eerdem/CELLECT/cortical_ROI_CHARGE2020/model1d_cuneus_SAMPLESIZE.sumstats.gz,/home/eerdem/CELLECT/gwas/BIG-S2_DTI2020_munged/ukb_phase1to3_dti441_dec21_2019_pheno323.sumstats.gz \
--w-ld-chr eur_w_ld_chr/ 

Beginning analysis at Tue Dec  8 20:18:27 2020
Reading summary statistics from /home/eerdem/CELLECT/cortical_ROI_CHARGE2020/model1d_cuneus_SAMPLESIZE.sumstats.gz ...
Read summary statistics for 1186141 SNPs.
Reading reference panel LD Score from eur_w_ld_chr/[1-22] ...
Read reference panel LD Scores for 1290028 SNPs.
Removing partitioned LD Scores with zero variance.
Reading regression weight LD Score from eur_w_ld_chr/[1-22] ...
Read regression weight LD Scores for 1290028 SNPs.
After merging with reference panel LD, 1173377 SNPs remain.
After merging with regression SNP LD, 1173377 SNPs remain.
Computing rg for phenotype 2/2
Reading summary statistics from /home/eerdem/CELLECT/gwas/BIG-S2_DTI2020_munged/ukb_phase1to3_dti441_dec21_2019_pheno323.sumstats.gz ...
Read summary statistics for 1149073 SNPs.
After merging with summary statistics, 1134820 SNPs remain.
1134820 SNPs with valid alleles.

Heritability of phenotype 1
---------------------------
Total Observed scale h2: 0.2512 (0.0289)
Lambda GC: 1.0917
Mean Chi^2: 1.1079
Intercept: 0.9939 (0.0072)
Ratio < 0 (usually indicates GC correction).

Heritability of phenotype 2/2
-----------------------------
Total Observed scale h2: 0.2681 (0.0239)
Lambda GC: 1.1388
Mean Chi^2: 1.1686
Intercept: 0.9992 (0.0079)
Ratio < 0 (usually indicates GC correction).

Genetic Covariance
------------------
Total Observed scale gencov: 0.0081 (0.0175)
Mean z1*z2: 0.0112
Intercept: 0.0075 (0.0053)

Genetic Correlation
-------------------
Genetic Correlation: 0.0311 (0.0679)
Z-score: 0.4578
P: 0.6471


Summary of Genetic Correlation Results
p1                                                                                                    p2      rg      se       z       p  h2_obs  h2_obs_se  h2_int  h2_int_se  gcov_int  gcov_int_se
/home/eerdem/CELLECT/cortical_ROI_CHARGE2020/model1d_cuneus_SAMPLESIZE.sumstats.gz  /home/eerdem/CELLECT/gwas/BIG-S2_DTI2020_munged/ukb_phase1to3_dti441_dec21_2019_pheno323.sumstats.gz  0.0311  0.0679  0.4578  0.6471  0.2681     0.0239  0.9992     0.0079    0.0075       0.0053

Analysis finished at Tue Dec  8 20:18:51 2020
Total time elapsed: 23.98s
