*********************************************************************
* LD Score Regression (LDSC)
* Version 1.0.0
* (C) 2014-2015 Brendan Bulik-Sullivan and Hilary Finucane
* Broad Institute of MIT and Harvard / MIT Department of Mathematics
* GNU General Public License v3
*********************************************************************
Call: 
./ldsc.py \
--ref-ld-chr eur_w_ld_chr/ \
--out /home/eerdem/notebooks/CELLECT-Analyser/out/genetic_correlation/gc/model1b_cortex_model1d_lateraloccipital \
--rg /home/eerdem/CELLECT/cortical_ROI_CHARGE2020/model1b_cortex_SAMPLESIZE.sumstats.gz,/home/eerdem/CELLECT/cortical_ROI_CHARGE2020/model1d_lateraloccipital_SAMPLESIZE.sumstats.gz \
--w-ld-chr eur_w_ld_chr/ 

Beginning analysis at Tue Dec  8 16:09:42 2020
Reading summary statistics from /home/eerdem/CELLECT/cortical_ROI_CHARGE2020/model1b_cortex_SAMPLESIZE.sumstats.gz ...
Read summary statistics for 1074090 SNPs.
Reading reference panel LD Score from eur_w_ld_chr/[1-22] ...
Read reference panel LD Scores for 1290028 SNPs.
Removing partitioned LD Scores with zero variance.
Reading regression weight LD Score from eur_w_ld_chr/[1-22] ...
Read regression weight LD Scores for 1290028 SNPs.
After merging with reference panel LD, 1071566 SNPs remain.
After merging with regression SNP LD, 1071566 SNPs remain.
Computing rg for phenotype 2/2
Reading summary statistics from /home/eerdem/CELLECT/cortical_ROI_CHARGE2020/model1d_lateraloccipital_SAMPLESIZE.sumstats.gz ...
Read summary statistics for 1186146 SNPs.
After merging with summary statistics, 1071421 SNPs remain.
1071421 SNPs with valid alleles.

Heritability of phenotype 1
---------------------------
Total Observed scale h2: 0.2546 (0.0276)
Lambda GC: 1.0817
Mean Chi^2: 1.1001
Intercept: 0.9832 (0.0078)
Ratio < 0 (usually indicates GC correction).

Heritability of phenotype 2/2
-----------------------------
Total Observed scale h2: 0.1496 (0.0257)
Lambda GC: 1.0606
Mean Chi^2: 1.0768
Intercept: 1.0079 (0.0081)
Ratio: 0.1033 (0.1053)

Genetic Covariance
------------------
Total Observed scale gencov: -0.0182 (0.0174)
Mean z1*z2: -0.0027
Intercept: 0.0046 (0.0051)

Genetic Correlation
-------------------
Genetic Correlation: -0.0932 (0.0892)
Z-score: -1.0456
P: 0.2958


Summary of Genetic Correlation Results
p1                                                                                            p2      rg      se       z       p  h2_obs  h2_obs_se  h2_int  h2_int_se  gcov_int  gcov_int_se
/home/eerdem/CELLECT/cortical_ROI_CHARGE2020/model1b_cortex_SAMPLESIZE.sumstats.gz  /home/eerdem/CELLECT/cortical_ROI_CHARGE2020/model1d_lateraloccipital_SAMPLESIZE.sumstats.gz -0.0932  0.0892 -1.0456  0.2958  0.1496     0.0257  1.0079     0.0081    0.0046       0.0051

Analysis finished at Tue Dec  8 16:09:59 2020
Total time elapsed: 17.3s
