*********************************************************************
* LD Score Regression (LDSC)
* Version 1.0.0
* (C) 2014-2015 Brendan Bulik-Sullivan and Hilary Finucane
* Broad Institute of MIT and Harvard / MIT Department of Mathematics
* GNU General Public License v3
*********************************************************************
Call: 
./ldsc.py \
--ref-ld-chr eur_w_ld_chr/ \
--out /home/eerdem/notebooks/CELLECT-Analyser/out/genetic_correlation/gc/model1a_entorhinal_ukb_phase1to3_dti441_dec21_2019_pheno397 \
--rg /home/eerdem/CELLECT/cortical_ROI_CHARGE2020/model1a_entorhinal_SAMPLESIZE.sumstats.gz,/home/eerdem/CELLECT/gwas/BIG-S2_DTI2020_munged/ukb_phase1to3_dti441_dec21_2019_pheno397.sumstats.gz \
--w-ld-chr eur_w_ld_chr/ 

Beginning analysis at Tue Dec  8 17:11:57 2020
Reading summary statistics from /home/eerdem/CELLECT/cortical_ROI_CHARGE2020/model1a_entorhinal_SAMPLESIZE.sumstats.gz ...
Read summary statistics for 1191327 SNPs.
Reading reference panel LD Score from eur_w_ld_chr/[1-22] ...
Read reference panel LD Scores for 1290028 SNPs.
Removing partitioned LD Scores with zero variance.
Reading regression weight LD Score from eur_w_ld_chr/[1-22] ...
Read regression weight LD Scores for 1290028 SNPs.
After merging with reference panel LD, 1174083 SNPs remain.
After merging with regression SNP LD, 1174083 SNPs remain.
Computing rg for phenotype 2/2
Reading summary statistics from /home/eerdem/CELLECT/gwas/BIG-S2_DTI2020_munged/ukb_phase1to3_dti441_dec21_2019_pheno397.sumstats.gz ...
Read summary statistics for 1149074 SNPs.
After merging with summary statistics, 1134829 SNPs remain.
1134829 SNPs with valid alleles.

Heritability of phenotype 1
---------------------------
Total Observed scale h2: 0.1309 (0.0283)
Lambda GC: 1.0322
Mean Chi^2: 1.0386
Intercept: 0.9894 (0.0066)
Ratio < 0 (usually indicates GC correction).

Heritability of phenotype 2/2
-----------------------------
Total Observed scale h2: 0.2122 (0.0239)
Lambda GC: 1.1051
Mean Chi^2: 1.1382
Intercept: 1.0041 (0.0082)
Ratio: 0.0293 (0.0596)

Genetic Covariance
------------------
Total Observed scale gencov: -0.0162 (0.0168)
Mean z1*z2: -0.0003
Intercept: 0.0091 (0.0052)

Genetic Correlation
-------------------
Genetic Correlation: -0.097 (0.1042)
Z-score: -0.9306
P: 0.3521


Summary of Genetic Correlation Results
p1                                                                                                    p2     rg      se       z       p  h2_obs  h2_obs_se  h2_int  h2_int_se  gcov_int  gcov_int_se
/home/eerdem/CELLECT/cortical_ROI_CHARGE2020/model1a_entorhinal_SAMPLESIZE.sumstats.gz  /home/eerdem/CELLECT/gwas/BIG-S2_DTI2020_munged/ukb_phase1to3_dti441_dec21_2019_pheno397.sumstats.gz -0.097  0.1042 -0.9306  0.3521  0.2122     0.0239  1.0041     0.0082    0.0091       0.0052

Analysis finished at Tue Dec  8 17:12:21 2020
Total time elapsed: 23.74s
