*********************************************************************
* LD Score Regression (LDSC)
* Version 1.0.0
* (C) 2014-2015 Brendan Bulik-Sullivan and Hilary Finucane
* Broad Institute of MIT and Harvard / MIT Department of Mathematics
* GNU General Public License v3
*********************************************************************
Call: 
./ldsc.py \
--ref-ld-chr eur_w_ld_chr/ \
--out /home/eerdem/notebooks/CELLECT-Analyser/out/genetic_correlation/gc/model1b_middletemporal_ukb_phase1to3_dti441_dec21_2019_pheno300 \
--rg /home/eerdem/CELLECT/cortical_ROI_CHARGE2020/model1b_middletemporal_SAMPLESIZE.sumstats.gz,/home/eerdem/CELLECT/gwas/BIG-S2_DTI2020_munged/ukb_phase1to3_dti441_dec21_2019_pheno300.sumstats.gz \
--w-ld-chr eur_w_ld_chr/ 

Beginning analysis at Tue Dec  8 15:27:42 2020
Reading summary statistics from /home/eerdem/CELLECT/cortical_ROI_CHARGE2020/model1b_middletemporal_SAMPLESIZE.sumstats.gz ...
Read summary statistics for 1186349 SNPs.
Reading reference panel LD Score from eur_w_ld_chr/[1-22] ...
Read reference panel LD Scores for 1290028 SNPs.
Removing partitioned LD Scores with zero variance.
Reading regression weight LD Score from eur_w_ld_chr/[1-22] ...
Read regression weight LD Scores for 1290028 SNPs.
After merging with reference panel LD, 1169875 SNPs remain.
After merging with regression SNP LD, 1169875 SNPs remain.
Computing rg for phenotype 2/2
Reading summary statistics from /home/eerdem/CELLECT/gwas/BIG-S2_DTI2020_munged/ukb_phase1to3_dti441_dec21_2019_pheno300.sumstats.gz ...
Read summary statistics for 1149073 SNPs.
After merging with summary statistics, 1132022 SNPs remain.
1132022 SNPs with valid alleles.

Heritability of phenotype 1
---------------------------
Total Observed scale h2: 0.0801 (0.0233)
Lambda GC: 1.0379
Mean Chi^2: 1.0422
Intercept: 1.0083 (0.0068)
Ratio: 0.1954 (0.1606)

Heritability of phenotype 2/2
-----------------------------
Total Observed scale h2: 0.265 (0.0249)
Lambda GC: 1.1313
Mean Chi^2: 1.1684
Intercept: 1.0051 (0.0079)
Ratio: 0.0301 (0.0467)

Genetic Covariance
------------------
Total Observed scale gencov: 0.0192 (0.0149)
Mean z1*z2: 0.0045
Intercept: -0.0042 (0.0047)

Genetic Correlation
-------------------
Genetic Correlation: 0.1319 (0.1059)
Z-score: 1.2454
P: 0.213


Summary of Genetic Correlation Results
p1                                                                                                    p2      rg      se       z      p  h2_obs  h2_obs_se  h2_int  h2_int_se  gcov_int  gcov_int_se
/home/eerdem/CELLECT/cortical_ROI_CHARGE2020/model1b_middletemporal_SAMPLESIZE.sumstats.gz  /home/eerdem/CELLECT/gwas/BIG-S2_DTI2020_munged/ukb_phase1to3_dti441_dec21_2019_pheno300.sumstats.gz  0.1319  0.1059  1.2454  0.213   0.265     0.0249  1.0051     0.0079   -0.0042       0.0047

Analysis finished at Tue Dec  8 15:28:03 2020
Total time elapsed: 20.83s
