*********************************************************************
* LD Score Regression (LDSC)
* Version 1.0.0
* (C) 2014-2015 Brendan Bulik-Sullivan and Hilary Finucane
* Broad Institute of MIT and Harvard / MIT Department of Mathematics
* GNU General Public License v3
*********************************************************************
Call: 
./ldsc.py \
--ref-ld-chr eur_w_ld_chr/ \
--out /home/eerdem/notebooks/CELLECT-Analyser/out/genetic_correlation/gc/model1d_superiorparietal_ukb_phase1to3_fapcs_dec21_2019_pheno75 \
--rg /home/eerdem/CELLECT/cortical_ROI_CHARGE2020/model1d_superiorparietal_SAMPLESIZE.sumstats.gz,/home/eerdem/CELLECT/gwas/BIG-S2_DTI2020_munged/ukb_phase1to3_fapcs_dec21_2019_pheno75.sumstats.gz \
--w-ld-chr eur_w_ld_chr/ 

Beginning analysis at Tue Dec  8 15:07:27 2020
Reading summary statistics from /home/eerdem/CELLECT/cortical_ROI_CHARGE2020/model1d_superiorparietal_SAMPLESIZE.sumstats.gz ...
Read summary statistics for 1186064 SNPs.
Reading reference panel LD Score from eur_w_ld_chr/[1-22] ...
Read reference panel LD Scores for 1290028 SNPs.
Removing partitioned LD Scores with zero variance.
Reading regression weight LD Score from eur_w_ld_chr/[1-22] ...
Read regression weight LD Scores for 1290028 SNPs.
After merging with reference panel LD, 1173297 SNPs remain.
After merging with regression SNP LD, 1173297 SNPs remain.
Computing rg for phenotype 2/2
Reading summary statistics from /home/eerdem/CELLECT/gwas/BIG-S2_DTI2020_munged/ukb_phase1to3_fapcs_dec21_2019_pheno75.sumstats.gz ...
Read summary statistics for 1149074 SNPs.
After merging with summary statistics, 1134757 SNPs remain.
1134757 SNPs with valid alleles.

Heritability of phenotype 1
---------------------------
Total Observed scale h2: 0.1955 (0.0238)
Lambda GC: 1.0553
Mean Chi^2: 1.0808
Intercept: 0.9952 (0.0076)
Ratio < 0 (usually indicates GC correction).

Heritability of phenotype 2/2
-----------------------------
Total Observed scale h2: 0.0695 (0.0164)
Lambda GC: 1.0478
Mean Chi^2: 1.0475
Intercept: 1.0034 (0.0069)
Ratio: 0.0725 (0.1452)

Genetic Covariance
------------------
Total Observed scale gencov: -0.0118 (0.0142)
Mean z1*z2: -0.0119
Intercept: -0.0064 (0.0048)

Genetic Correlation
-------------------
Genetic Correlation: -0.1016 (0.1242)
Z-score: -0.8182
P: 0.4133


Summary of Genetic Correlation Results
p1                                                                                                  p2      rg      se       z       p  h2_obs  h2_obs_se  h2_int  h2_int_se  gcov_int  gcov_int_se
/home/eerdem/CELLECT/cortical_ROI_CHARGE2020/model1d_superiorparietal_SAMPLESIZE.sumstats.gz  /home/eerdem/CELLECT/gwas/BIG-S2_DTI2020_munged/ukb_phase1to3_fapcs_dec21_2019_pheno75.sumstats.gz -0.1016  0.1242 -0.8182  0.4133  0.0695     0.0164  1.0034     0.0069   -0.0064       0.0048

Analysis finished at Tue Dec  8 15:07:49 2020
Total time elapsed: 22.02s
