*********************************************************************
* LD Score Regression (LDSC)
* Version 1.0.0
* (C) 2014-2015 Brendan Bulik-Sullivan and Hilary Finucane
* Broad Institute of MIT and Harvard / MIT Department of Mathematics
* GNU General Public License v3
*********************************************************************
Call: 
./ldsc.py \
--ref-ld-chr eur_w_ld_chr/ \
--out /home/eerdem/notebooks/CELLECT-Analyser/out/genetic_correlation/gc/model1a_posteriorcingulate_Net25_Pair10_12 \
--rg /home/eerdem/CELLECT/cortical_ROI_CHARGE2020/model1a_posteriorcingulate_SAMPLESIZE.sumstats.gz,/home/eerdem/CELLECT/gwas/BIG-S2_rs-fMRI/ukb_phase1to3_fmri_edge_dec21_2019_pheno65.sumstats.gz \
--w-ld-chr eur_w_ld_chr/ 

Beginning analysis at Tue Dec  8 18:08:12 2020
Reading summary statistics from /home/eerdem/CELLECT/cortical_ROI_CHARGE2020/model1a_posteriorcingulate_SAMPLESIZE.sumstats.gz ...
Read summary statistics for 1191332 SNPs.
Reading reference panel LD Score from eur_w_ld_chr/[1-22] ...
Read reference panel LD Scores for 1290028 SNPs.
Removing partitioned LD Scores with zero variance.
Reading regression weight LD Score from eur_w_ld_chr/[1-22] ...
Read regression weight LD Scores for 1290028 SNPs.
After merging with reference panel LD, 1174088 SNPs remain.
After merging with regression SNP LD, 1174088 SNPs remain.
Computing rg for phenotype 2/2
Reading summary statistics from /home/eerdem/CELLECT/gwas/BIG-S2_rs-fMRI/ukb_phase1to3_fmri_edge_dec21_2019_pheno65.sumstats.gz ...
Read summary statistics for 1149479 SNPs.
After merging with summary statistics, 1135272 SNPs remain.
1135272 SNPs with valid alleles.

Heritability of phenotype 1
---------------------------
Total Observed scale h2: 0.192 (0.0291)
Lambda GC: 1.049
Mean Chi^2: 1.0569
Intercept: 0.9857 (0.0064)
Ratio < 0 (usually indicates GC correction).

Heritability of phenotype 2/2
-----------------------------
Total Observed scale h2: 0.0637 (0.0151)
Lambda GC: 1.0437
Mean Chi^2: 1.0446
Intercept: 1.0027 (0.0071)
Ratio: 0.061 (0.1588)

Genetic Covariance
------------------
Total Observed scale gencov: -0.0055 (0.0156)
Mean z1*z2: -0.0039
Intercept: -0.0024 (0.005)

Genetic Correlation
-------------------
Genetic Correlation: -0.05 (0.1432)
Z-score: -0.3491
P: 0.727


Summary of Genetic Correlation Results
p1                                                                                               p2    rg      se       z      p  h2_obs  h2_obs_se  h2_int  h2_int_se  gcov_int  gcov_int_se
/home/eerdem/CELLECT/cortical_ROI_CHARGE2020/model1a_posteriorcingulate_SAMPLESIZE.sumstats.gz  /home/eerdem/CELLECT/gwas/BIG-S2_rs-fMRI/ukb_phase1to3_fmri_edge_dec21_2019_pheno65.sumstats.gz -0.05  0.1432 -0.3491  0.727  0.0637     0.0151  1.0027     0.0071   -0.0024        0.005

Analysis finished at Tue Dec  8 18:08:34 2020
Total time elapsed: 22.1s
