*********************************************************************
* LD Score Regression (LDSC)
* Version 1.0.0
* (C) 2014-2015 Brendan Bulik-Sullivan and Hilary Finucane
* Broad Institute of MIT and Harvard / MIT Department of Mathematics
* GNU General Public License v3
*********************************************************************
Call: 
./ldsc.py \
--ref-ld-chr eur_w_ld_chr/ \
--out /home/eerdem/notebooks/CELLECT-Analyser/out/genetic_correlation/gc/model1d_transversetemporal_model1b_superiorfrontal \
--rg /home/eerdem/CELLECT/cortical_ROI_CHARGE2020/model1d_transversetemporal_SAMPLESIZE.sumstats.gz,/home/eerdem/CELLECT/cortical_ROI_CHARGE2020/model1b_superiorfrontal_SAMPLESIZE.sumstats.gz \
--w-ld-chr eur_w_ld_chr/ 

Beginning analysis at Tue Dec  8 16:26:12 2020
Reading summary statistics from /home/eerdem/CELLECT/cortical_ROI_CHARGE2020/model1d_transversetemporal_SAMPLESIZE.sumstats.gz ...
Read summary statistics for 1186171 SNPs.
Reading reference panel LD Score from eur_w_ld_chr/[1-22] ...
Read reference panel LD Scores for 1290028 SNPs.
Removing partitioned LD Scores with zero variance.
Reading regression weight LD Score from eur_w_ld_chr/[1-22] ...
Read regression weight LD Scores for 1290028 SNPs.
After merging with reference panel LD, 1173389 SNPs remain.
After merging with regression SNP LD, 1173389 SNPs remain.
Computing rg for phenotype 2/2
Reading summary statistics from /home/eerdem/CELLECT/cortical_ROI_CHARGE2020/model1b_superiorfrontal_SAMPLESIZE.sumstats.gz ...
Read summary statistics for 1186453 SNPs.
After merging with summary statistics, 1169074 SNPs remain.
1169074 SNPs with valid alleles.

Heritability of phenotype 1
---------------------------
Total Observed scale h2: 0.2142 (0.0232)
Lambda GC: 1.0734
Mean Chi^2: 1.0934
Intercept: 0.9967 (0.0072)
Ratio < 0 (usually indicates GC correction).

Heritability of phenotype 2/2
-----------------------------
Total Observed scale h2: 0.0829 (0.0218)
Lambda GC: 1.0208
Mean Chi^2: 1.0314
Intercept: 0.995 (0.0063)
Ratio < 0 (usually indicates GC correction).

Genetic Covariance
------------------
Total Observed scale gencov: -0.0066 (0.0164)
Mean z1*z2: -0.0301
Intercept: -0.0265 (0.0055)

Genetic Correlation
-------------------
Genetic Correlation: -0.0496 (0.1236)
Z-score: -0.4015
P: 0.688


Summary of Genetic Correlation Results
p1                                                                                           p2      rg      se       z      p  h2_obs  h2_obs_se  h2_int  h2_int_se  gcov_int  gcov_int_se
/home/eerdem/CELLECT/cortical_ROI_CHARGE2020/model1d_transversetemporal_SAMPLESIZE.sumstats.gz  /home/eerdem/CELLECT/cortical_ROI_CHARGE2020/model1b_superiorfrontal_SAMPLESIZE.sumstats.gz -0.0496  0.1236 -0.4015  0.688  0.0829     0.0218   0.995     0.0063   -0.0265       0.0055

Analysis finished at Tue Dec  8 16:26:35 2020
Total time elapsed: 23.09s
