*********************************************************************
* LD Score Regression (LDSC)
* Version 1.0.0
* (C) 2014-2015 Brendan Bulik-Sullivan and Hilary Finucane
* Broad Institute of MIT and Harvard / MIT Department of Mathematics
* GNU General Public License v3
*********************************************************************
Call: 
./ldsc.py \
--ref-ld-chr eur_w_ld_chr/ \
--out /home/eerdem/notebooks/CELLECT-Analyser/out/genetic_correlation/gc/model1b_parsopercularis_ukb_phase1to3_dti441_dec21_2019_pheno294 \
--rg /home/eerdem/CELLECT/cortical_ROI_CHARGE2020/model1b_parsopercularis_SAMPLESIZE.sumstats.gz,/home/eerdem/CELLECT/gwas/BIG-S2_DTI2020_munged/ukb_phase1to3_dti441_dec21_2019_pheno294.sumstats.gz \
--w-ld-chr eur_w_ld_chr/ 

Beginning analysis at Tue Dec  8 15:25:42 2020
Reading summary statistics from /home/eerdem/CELLECT/cortical_ROI_CHARGE2020/model1b_parsopercularis_SAMPLESIZE.sumstats.gz ...
Read summary statistics for 1186453 SNPs.
Reading reference panel LD Score from eur_w_ld_chr/[1-22] ...
Read reference panel LD Scores for 1290028 SNPs.
Removing partitioned LD Scores with zero variance.
Reading regression weight LD Score from eur_w_ld_chr/[1-22] ...
Read regression weight LD Scores for 1290028 SNPs.
After merging with reference panel LD, 1170095 SNPs remain.
After merging with regression SNP LD, 1170095 SNPs remain.
Computing rg for phenotype 2/2
Reading summary statistics from /home/eerdem/CELLECT/gwas/BIG-S2_DTI2020_munged/ukb_phase1to3_dti441_dec21_2019_pheno294.sumstats.gz ...
Read summary statistics for 1149074 SNPs.
After merging with summary statistics, 1132191 SNPs remain.
1132191 SNPs with valid alleles.

Heritability of phenotype 1
---------------------------
Total Observed scale h2: 0.0972 (0.0229)
Lambda GC: 1.0461
Mean Chi^2: 1.0462
Intercept: 1.004 (0.0065)
Ratio: 0.0861 (0.1416)

Heritability of phenotype 2/2
-----------------------------
Total Observed scale h2: 0.2454 (0.0278)
Lambda GC: 1.1237
Mean Chi^2: 1.1811
Intercept: 1.0284 (0.009)
Ratio: 0.1567 (0.0496)

Genetic Covariance
------------------
Total Observed scale gencov: 0.018 (0.0136)
Mean z1*z2: 0.0035
Intercept: -0.006 (0.0045)

Genetic Correlation
-------------------
Genetic Correlation: 0.1166 (0.0881)
Z-score: 1.323
P: 0.1858


Summary of Genetic Correlation Results
p1                                                                                                    p2      rg      se      z       p  h2_obs  h2_obs_se  h2_int  h2_int_se  gcov_int  gcov_int_se
/home/eerdem/CELLECT/cortical_ROI_CHARGE2020/model1b_parsopercularis_SAMPLESIZE.sumstats.gz  /home/eerdem/CELLECT/gwas/BIG-S2_DTI2020_munged/ukb_phase1to3_dti441_dec21_2019_pheno294.sumstats.gz  0.1166  0.0881  1.323  0.1858  0.2454     0.0278  1.0284      0.009    -0.006       0.0045

Analysis finished at Tue Dec  8 15:26:06 2020
Total time elapsed: 23.69s
