*********************************************************************
* LD Score Regression (LDSC)
* Version 1.0.0
* (C) 2014-2015 Brendan Bulik-Sullivan and Hilary Finucane
* Broad Institute of MIT and Harvard / MIT Department of Mathematics
* GNU General Public License v3
*********************************************************************
Call: 
./ldsc.py \
--ref-ld-chr eur_w_ld_chr/ \
--out /home/eerdem/notebooks/CELLECT-Analyser/out/genetic_correlation/gc/model1b_supramarginal_ukb_phase1to3_fapcs_dec21_2019_pheno105 \
--rg /home/eerdem/CELLECT/cortical_ROI_CHARGE2020/model1b_supramarginal_SAMPLESIZE.sumstats.gz,/home/eerdem/CELLECT/gwas/BIG-S2_DTI2020_munged/ukb_phase1to3_fapcs_dec21_2019_pheno105.sumstats.gz \
--w-ld-chr eur_w_ld_chr/ 

Beginning analysis at Tue Dec  8 19:26:57 2020
Reading summary statistics from /home/eerdem/CELLECT/cortical_ROI_CHARGE2020/model1b_supramarginal_SAMPLESIZE.sumstats.gz ...
Read summary statistics for 1186455 SNPs.
Reading reference panel LD Score from eur_w_ld_chr/[1-22] ...
Read reference panel LD Scores for 1290028 SNPs.
Removing partitioned LD Scores with zero variance.
Reading regression weight LD Score from eur_w_ld_chr/[1-22] ...
Read regression weight LD Scores for 1290028 SNPs.
After merging with reference panel LD, 1170096 SNPs remain.
After merging with regression SNP LD, 1170096 SNPs remain.
Computing rg for phenotype 2/2
Reading summary statistics from /home/eerdem/CELLECT/gwas/BIG-S2_DTI2020_munged/ukb_phase1to3_fapcs_dec21_2019_pheno105.sumstats.gz ...
Read summary statistics for 1149074 SNPs.
After merging with summary statistics, 1132192 SNPs remain.
1132192 SNPs with valid alleles.

Heritability of phenotype 1
---------------------------
Total Observed scale h2: 0.0726 (0.0205)
Lambda GC: 1.0348
Mean Chi^2: 1.0336
Intercept: 1.0021 (0.0063)
Ratio: 0.0616 (0.1884)

Heritability of phenotype 2/2
-----------------------------
Total Observed scale h2: 0.0824 (0.015)
Lambda GC: 1.0614
Mean Chi^2: 1.066
Intercept: 1.015 (0.0066)
Ratio: 0.2275 (0.0993)

Genetic Covariance
------------------
Total Observed scale gencov: 0.0352 (0.0135)
Mean z1*z2: 0.0023
Intercept: -0.0156 (0.005)

Genetic Correlation
-------------------
Genetic Correlation: 0.4546 (0.1862)
Z-score: 2.4415
P: 0.0146


Summary of Genetic Correlation Results
p1                                                                                                   p2      rg      se       z       p  h2_obs  h2_obs_se  h2_int  h2_int_se  gcov_int  gcov_int_se
/home/eerdem/CELLECT/cortical_ROI_CHARGE2020/model1b_supramarginal_SAMPLESIZE.sumstats.gz  /home/eerdem/CELLECT/gwas/BIG-S2_DTI2020_munged/ukb_phase1to3_fapcs_dec21_2019_pheno105.sumstats.gz  0.4546  0.1862  2.4415  0.0146  0.0824      0.015   1.015     0.0066   -0.0156        0.005

Analysis finished at Tue Dec  8 19:27:22 2020
Total time elapsed: 25.24s
