*********************************************************************
* LD Score Regression (LDSC)
* Version 1.0.0
* (C) 2014-2015 Brendan Bulik-Sullivan and Hilary Finucane
* Broad Institute of MIT and Harvard / MIT Department of Mathematics
* GNU General Public License v3
*********************************************************************
Call: 
./ldsc.py \
--ref-ld-chr eur_w_ld_chr/ \
--out /home/eerdem/notebooks/CELLECT-Analyser/out/genetic_correlation/gc/model1a_superiorfrontal_ukb_phase1to3_fapcs_dec21_2019_pheno104 \
--rg /home/eerdem/CELLECT/cortical_ROI_CHARGE2020/model1a_superiorfrontal_SAMPLESIZE.sumstats.gz,/home/eerdem/CELLECT/gwas/BIG-S2_DTI2020_munged/ukb_phase1to3_fapcs_dec21_2019_pheno104.sumstats.gz \
--w-ld-chr eur_w_ld_chr/ 

Beginning analysis at Tue Dec  8 17:51:27 2020
Reading summary statistics from /home/eerdem/CELLECT/cortical_ROI_CHARGE2020/model1a_superiorfrontal_SAMPLESIZE.sumstats.gz ...
Read summary statistics for 1191330 SNPs.
Reading reference panel LD Score from eur_w_ld_chr/[1-22] ...
Read reference panel LD Scores for 1290028 SNPs.
Removing partitioned LD Scores with zero variance.
Reading regression weight LD Score from eur_w_ld_chr/[1-22] ...
Read regression weight LD Scores for 1290028 SNPs.
After merging with reference panel LD, 1174086 SNPs remain.
After merging with regression SNP LD, 1174086 SNPs remain.
Computing rg for phenotype 2/2
Reading summary statistics from /home/eerdem/CELLECT/gwas/BIG-S2_DTI2020_munged/ukb_phase1to3_fapcs_dec21_2019_pheno104.sumstats.gz ...
Read summary statistics for 1149074 SNPs.
After merging with summary statistics, 1134831 SNPs remain.
1134831 SNPs with valid alleles.

Heritability of phenotype 1
---------------------------
Total Observed scale h2: 0.1973 (0.028)
Lambda GC: 1.0597
Mean Chi^2: 1.0719
Intercept: 1.0014 (0.007)
Ratio: 0.0189 (0.0967)

Heritability of phenotype 2/2
-----------------------------
Total Observed scale h2: 0.0844 (0.0154)
Lambda GC: 1.0624
Mean Chi^2: 1.0639
Intercept: 1.012 (0.0069)
Ratio: 0.1883 (0.1071)

Genetic Covariance
------------------
Total Observed scale gencov: 0.0036 (0.0143)
Mean z1*z2: -0.0027
Intercept: -0.0042 (0.0048)

Genetic Correlation
-------------------
Genetic Correlation: 0.028 (0.1103)
Z-score: 0.2543
P: 0.7993


Summary of Genetic Correlation Results
p1                                                                                                   p2     rg      se       z       p  h2_obs  h2_obs_se  h2_int  h2_int_se  gcov_int  gcov_int_se
/home/eerdem/CELLECT/cortical_ROI_CHARGE2020/model1a_superiorfrontal_SAMPLESIZE.sumstats.gz  /home/eerdem/CELLECT/gwas/BIG-S2_DTI2020_munged/ukb_phase1to3_fapcs_dec21_2019_pheno104.sumstats.gz  0.028  0.1103  0.2543  0.7993  0.0844     0.0154   1.012     0.0069   -0.0042       0.0048

Analysis finished at Tue Dec  8 17:51:48 2020
Total time elapsed: 21.14s
