*********************************************************************
* LD Score Regression (LDSC)
* Version 1.0.0
* (C) 2014-2015 Brendan Bulik-Sullivan and Hilary Finucane
* Broad Institute of MIT and Harvard / MIT Department of Mathematics
* GNU General Public License v3
*********************************************************************
Call: 
./ldsc.py \
--ref-ld-chr eur_w_ld_chr/ \
--out /home/eerdem/notebooks/CELLECT-Analyser/out/genetic_correlation/gc/model1d_parsopercularis_ukb_phase1to3_dti441_dec21_2019_pheno411 \
--rg /home/eerdem/CELLECT/cortical_ROI_CHARGE2020/model1d_parsopercularis_SAMPLESIZE.sumstats.gz,/home/eerdem/CELLECT/gwas/BIG-S2_DTI2020_munged/ukb_phase1to3_dti441_dec21_2019_pheno411.sumstats.gz \
--w-ld-chr eur_w_ld_chr/ 

Beginning analysis at Tue Dec  8 16:52:12 2020
Reading summary statistics from /home/eerdem/CELLECT/cortical_ROI_CHARGE2020/model1d_parsopercularis_SAMPLESIZE.sumstats.gz ...
Read summary statistics for 1186137 SNPs.
Reading reference panel LD Score from eur_w_ld_chr/[1-22] ...
Read reference panel LD Scores for 1290028 SNPs.
Removing partitioned LD Scores with zero variance.
Reading regression weight LD Score from eur_w_ld_chr/[1-22] ...
Read regression weight LD Scores for 1290028 SNPs.
After merging with reference panel LD, 1173367 SNPs remain.
After merging with regression SNP LD, 1173367 SNPs remain.
Computing rg for phenotype 2/2
Reading summary statistics from /home/eerdem/CELLECT/gwas/BIG-S2_DTI2020_munged/ukb_phase1to3_dti441_dec21_2019_pheno411.sumstats.gz ...
Read summary statistics for 1149074 SNPs.
After merging with summary statistics, 1134819 SNPs remain.
1134819 SNPs with valid alleles.

Heritability of phenotype 1
---------------------------
Total Observed scale h2: 0.1679 (0.023)
Lambda GC: 1.0553
Mean Chi^2: 1.068
Intercept: 0.992 (0.0066)
Ratio < 0 (usually indicates GC correction).

Heritability of phenotype 2/2
-----------------------------
Total Observed scale h2: 0.2567 (0.0274)
Lambda GC: 1.1398
Mean Chi^2: 1.1748
Intercept: 1.0068 (0.0091)
Ratio: 0.0391 (0.052)

Genetic Covariance
------------------
Total Observed scale gencov: 0.0052 (0.0153)
Mean z1*z2: -0.0015
Intercept: -0.003 (0.0053)

Genetic Correlation
-------------------
Genetic Correlation: 0.0251 (0.0739)
Z-score: 0.3391
P: 0.7346


Summary of Genetic Correlation Results
p1                                                                                                    p2      rg      se       z       p  h2_obs  h2_obs_se  h2_int  h2_int_se  gcov_int  gcov_int_se
/home/eerdem/CELLECT/cortical_ROI_CHARGE2020/model1d_parsopercularis_SAMPLESIZE.sumstats.gz  /home/eerdem/CELLECT/gwas/BIG-S2_DTI2020_munged/ukb_phase1to3_dti441_dec21_2019_pheno411.sumstats.gz  0.0251  0.0739  0.3391  0.7346  0.2567     0.0274  1.0068     0.0091    -0.003       0.0053

Analysis finished at Tue Dec  8 16:52:34 2020
Total time elapsed: 22.04s
