*********************************************************************
* LD Score Regression (LDSC)
* Version 1.0.0
* (C) 2014-2015 Brendan Bulik-Sullivan and Hilary Finucane
* Broad Institute of MIT and Harvard / MIT Department of Mathematics
* GNU General Public License v3
*********************************************************************
Call: 
./ldsc.py \
--ref-ld-chr eur_w_ld_chr/ \
--out /home/eerdem/notebooks/CELLECT-Analyser/out/genetic_correlation/gc/model1a_cuneus_ukb_phase1to3_dti441_dec21_2019_pheno436 \
--rg /home/eerdem/CELLECT/cortical_ROI_CHARGE2020/model1a_cuneus_SAMPLESIZE.sumstats.gz,/home/eerdem/CELLECT/gwas/BIG-S2_DTI2020_munged/ukb_phase1to3_dti441_dec21_2019_pheno436.sumstats.gz \
--w-ld-chr eur_w_ld_chr/ 

Beginning analysis at Tue Dec  8 20:18:42 2020
Reading summary statistics from /home/eerdem/CELLECT/cortical_ROI_CHARGE2020/model1a_cuneus_SAMPLESIZE.sumstats.gz ...
Read summary statistics for 1191336 SNPs.
Reading reference panel LD Score from eur_w_ld_chr/[1-22] ...
Read reference panel LD Scores for 1290028 SNPs.
Removing partitioned LD Scores with zero variance.
Reading regression weight LD Score from eur_w_ld_chr/[1-22] ...
Read regression weight LD Scores for 1290028 SNPs.
After merging with reference panel LD, 1174092 SNPs remain.
After merging with regression SNP LD, 1174092 SNPs remain.
Computing rg for phenotype 2/2
Reading summary statistics from /home/eerdem/CELLECT/gwas/BIG-S2_DTI2020_munged/ukb_phase1to3_dti441_dec21_2019_pheno436.sumstats.gz ...
Read summary statistics for 1149074 SNPs.
After merging with summary statistics, 1134837 SNPs remain.
1134837 SNPs with valid alleles.

Heritability of phenotype 1
---------------------------
Total Observed scale h2: 0.2309 (0.0329)
Lambda GC: 1.0694
Mean Chi^2: 1.0759
Intercept: 0.9908 (0.0071)
Ratio < 0 (usually indicates GC correction).

Heritability of phenotype 2/2
-----------------------------
Total Observed scale h2: 0.2616 (0.0277)
Lambda GC: 1.1359
Mean Chi^2: 1.1864
Intercept: 1.0245 (0.0086)
Ratio: 0.1316 (0.0459)

Genetic Covariance
------------------
Total Observed scale gencov: -0.0122 (0.0176)
Mean z1*z2: -0.0189
Intercept: -0.0149 (0.0054)

Genetic Correlation
-------------------
Genetic Correlation: -0.0496 (0.0717)
Z-score: -0.6917
P: 0.4891


Summary of Genetic Correlation Results
p1                                                                                                    p2      rg      se       z       p  h2_obs  h2_obs_se  h2_int  h2_int_se  gcov_int  gcov_int_se
/home/eerdem/CELLECT/cortical_ROI_CHARGE2020/model1a_cuneus_SAMPLESIZE.sumstats.gz  /home/eerdem/CELLECT/gwas/BIG-S2_DTI2020_munged/ukb_phase1to3_dti441_dec21_2019_pheno436.sumstats.gz -0.0496  0.0717 -0.6917  0.4891  0.2616     0.0277  1.0245     0.0086   -0.0149       0.0054

Analysis finished at Tue Dec  8 20:19:07 2020
Total time elapsed: 24.64s
