*********************************************************************
* LD Score Regression (LDSC)
* Version 1.0.0
* (C) 2014-2015 Brendan Bulik-Sullivan and Hilary Finucane
* Broad Institute of MIT and Harvard / MIT Department of Mathematics
* GNU General Public License v3
*********************************************************************
Call: 
./ldsc.py \
--ref-ld-chr eur_w_ld_chr/ \
--out /home/eerdem/notebooks/CELLECT-Analyser/out/genetic_correlation/gc/model1a_caudalmiddlefrontal_ukb_phase1to3_dti441_dec21_2019_pheno385 \
--rg /home/eerdem/CELLECT/cortical_ROI_CHARGE2020/model1a_caudalmiddlefrontal_SAMPLESIZE.sumstats.gz,/home/eerdem/CELLECT/gwas/BIG-S2_DTI2020_munged/ukb_phase1to3_dti441_dec21_2019_pheno385.sumstats.gz \
--w-ld-chr eur_w_ld_chr/ 

Beginning analysis at Tue Dec  8 15:55:57 2020
Reading summary statistics from /home/eerdem/CELLECT/cortical_ROI_CHARGE2020/model1a_caudalmiddlefrontal_SAMPLESIZE.sumstats.gz ...
Read summary statistics for 1191338 SNPs.
Reading reference panel LD Score from eur_w_ld_chr/[1-22] ...
Read reference panel LD Scores for 1290028 SNPs.
Removing partitioned LD Scores with zero variance.
Reading regression weight LD Score from eur_w_ld_chr/[1-22] ...
Read regression weight LD Scores for 1290028 SNPs.
After merging with reference panel LD, 1174094 SNPs remain.
After merging with regression SNP LD, 1174094 SNPs remain.
Computing rg for phenotype 2/2
Reading summary statistics from /home/eerdem/CELLECT/gwas/BIG-S2_DTI2020_munged/ukb_phase1to3_dti441_dec21_2019_pheno385.sumstats.gz ...
Read summary statistics for 1149074 SNPs.
After merging with summary statistics, 1134838 SNPs remain.
1134838 SNPs with valid alleles.

Heritability of phenotype 1
---------------------------
Total Observed scale h2: 0.1897 (0.0282)
Lambda GC: 1.0577
Mean Chi^2: 1.0643
Intercept: 0.9947 (0.0064)
Ratio < 0 (usually indicates GC correction).

Heritability of phenotype 2/2
-----------------------------
Total Observed scale h2: 0.3149 (0.0303)
Lambda GC: 1.1539
Mean Chi^2: 1.212
Intercept: 1.0159 (0.0089)
Ratio: 0.0749 (0.0421)

Genetic Covariance
------------------
Total Observed scale gencov: 0.0074 (0.0155)
Mean z1*z2: 0.0081
Intercept: 0.0034 (0.0048)

Genetic Correlation
-------------------
Genetic Correlation: 0.0303 (0.0638)
Z-score: 0.4751
P: 0.6347


Summary of Genetic Correlation Results
p1                                                                                                    p2      rg      se       z       p  h2_obs  h2_obs_se  h2_int  h2_int_se  gcov_int  gcov_int_se
/home/eerdem/CELLECT/cortical_ROI_CHARGE2020/model1a_caudalmiddlefrontal_SAMPLESIZE.sumstats.gz  /home/eerdem/CELLECT/gwas/BIG-S2_DTI2020_munged/ukb_phase1to3_dti441_dec21_2019_pheno385.sumstats.gz  0.0303  0.0638  0.4751  0.6347  0.3149     0.0303  1.0159     0.0089    0.0034       0.0048

Analysis finished at Tue Dec  8 15:56:19 2020
Total time elapsed: 22.02s
