*********************************************************************
* LD Score Regression (LDSC)
* Version 1.0.0
* (C) 2014-2015 Brendan Bulik-Sullivan and Hilary Finucane
* Broad Institute of MIT and Harvard / MIT Department of Mathematics
* GNU General Public License v3
*********************************************************************
Call: 
./ldsc.py \
--ref-ld-chr eur_w_ld_chr/ \
--out /home/eerdem/notebooks/CELLECT-Analyser/out/genetic_correlation/gc/model1b_transversetemporal_Net100_Pair6_35 \
--rg /home/eerdem/CELLECT/cortical_ROI_CHARGE2020/model1b_transversetemporal_SAMPLESIZE.sumstats.gz,/home/eerdem/CELLECT/gwas/BIG-S2_rs-fMRI/ukb_phase1to3_fmri_edge_dec21_2019_pheno777.sumstats.gz \
--w-ld-chr eur_w_ld_chr/ 

Beginning analysis at Tue Dec  8 17:04:42 2020
Reading summary statistics from /home/eerdem/CELLECT/cortical_ROI_CHARGE2020/model1b_transversetemporal_SAMPLESIZE.sumstats.gz ...
Read summary statistics for 1186453 SNPs.
Reading reference panel LD Score from eur_w_ld_chr/[1-22] ...
Read reference panel LD Scores for 1290028 SNPs.
Removing partitioned LD Scores with zero variance.
Reading regression weight LD Score from eur_w_ld_chr/[1-22] ...
Read regression weight LD Scores for 1290028 SNPs.
After merging with reference panel LD, 1170095 SNPs remain.
After merging with regression SNP LD, 1170095 SNPs remain.
Computing rg for phenotype 2/2
Reading summary statistics from /home/eerdem/CELLECT/gwas/BIG-S2_rs-fMRI/ukb_phase1to3_fmri_edge_dec21_2019_pheno777.sumstats.gz ...
Read summary statistics for 1149479 SNPs.
After merging with summary statistics, 1132624 SNPs remain.
1132624 SNPs with valid alleles.

Heritability of phenotype 1
---------------------------
Total Observed scale h2: 0.1674 (0.0248)
Lambda GC: 1.0597
Mean Chi^2: 1.0662
Intercept: 0.993 (0.0071)
Ratio < 0 (usually indicates GC correction).

Heritability of phenotype 2/2
-----------------------------
Total Observed scale h2: 0.0432 (0.0146)
Lambda GC: 1.0405
Mean Chi^2: 1.0428
Intercept: 1.0141 (0.0063)
Ratio: 0.3297 (0.1485)

Genetic Covariance
------------------
Total Observed scale gencov: -0.0367 (0.0143)
Mean z1*z2: -0.001
Intercept: 0.018 (0.005)

Genetic Correlation
-------------------
Genetic Correlation: -0.4314 (0.1839)
Z-score: -2.3464
P: 0.019


Summary of Genetic Correlation Results
p1                                                                                                p2      rg      se       z      p  h2_obs  h2_obs_se  h2_int  h2_int_se  gcov_int  gcov_int_se
/home/eerdem/CELLECT/cortical_ROI_CHARGE2020/model1b_transversetemporal_SAMPLESIZE.sumstats.gz  /home/eerdem/CELLECT/gwas/BIG-S2_rs-fMRI/ukb_phase1to3_fmri_edge_dec21_2019_pheno777.sumstats.gz -0.4314  0.1839 -2.3464  0.019  0.0432     0.0146  1.0141     0.0063     0.018        0.005

Analysis finished at Tue Dec  8 17:05:06 2020
Total time elapsed: 23.54s
