*********************************************************************
* LD Score Regression (LDSC)
* Version 1.0.0
* (C) 2014-2015 Brendan Bulik-Sullivan and Hilary Finucane
* Broad Institute of MIT and Harvard / MIT Department of Mathematics
* GNU General Public License v3
*********************************************************************
Call: 
./ldsc.py \
--ref-ld-chr eur_w_ld_chr/ \
--out /home/eerdem/notebooks/CELLECT-Analyser/out/genetic_correlation/gc/model1a_cortex_Net100_Node23 \
--rg /home/eerdem/CELLECT/cortical_ROI_CHARGE2020/model1a_cortex_SAMPLESIZE.sumstats.gz,/home/eerdem/CELLECT/gwas/BIG-S2_rs-fMRI/ukb_phase1to3_fmri_node_dec21_2019_pheno44.sumstats.gz \
--w-ld-chr eur_w_ld_chr/ 

Beginning analysis at Tue Dec  8 18:49:12 2020
Reading summary statistics from /home/eerdem/CELLECT/cortical_ROI_CHARGE2020/model1a_cortex_SAMPLESIZE.sumstats.gz ...
Read summary statistics for 1076965 SNPs.
Reading reference panel LD Score from eur_w_ld_chr/[1-22] ...
Read reference panel LD Scores for 1290028 SNPs.
Removing partitioned LD Scores with zero variance.
Reading regression weight LD Score from eur_w_ld_chr/[1-22] ...
Read regression weight LD Scores for 1290028 SNPs.
After merging with reference panel LD, 1074416 SNPs remain.
After merging with regression SNP LD, 1074416 SNPs remain.
Computing rg for phenotype 2/2
Reading summary statistics from /home/eerdem/CELLECT/gwas/BIG-S2_rs-fMRI/ukb_phase1to3_fmri_node_dec21_2019_pheno44.sumstats.gz ...
Read summary statistics for 1149479 SNPs.
After merging with summary statistics, 1051281 SNPs remain.
1051281 SNPs with valid alleles.

Heritability of phenotype 1
---------------------------
Total Observed scale h2: 0.304 (0.0389)
Lambda GC: 1.1097
Mean Chi^2: 1.1259
Intercept: 1.0091 (0.0089)
Ratio: 0.072 (0.0708)

Heritability of phenotype 2/2
-----------------------------
Total Observed scale h2: 0.1111 (0.0168)
Lambda GC: 1.0806
Mean Chi^2: 1.0925
Intercept: 1.0176 (0.0086)
Ratio: 0.1903 (0.0926)

Genetic Covariance
------------------
Total Observed scale gencov: -0.032 (0.015)
Mean z1*z2: -0.054
Intercept: -0.0374 (0.0054)

Genetic Correlation
-------------------
Genetic Correlation: -0.1742 (0.0802)
Z-score: -2.1712
P: 0.0299


Summary of Genetic Correlation Results
p1                                                                                               p2      rg      se       z       p  h2_obs  h2_obs_se  h2_int  h2_int_se  gcov_int  gcov_int_se
/home/eerdem/CELLECT/cortical_ROI_CHARGE2020/model1a_cortex_SAMPLESIZE.sumstats.gz  /home/eerdem/CELLECT/gwas/BIG-S2_rs-fMRI/ukb_phase1to3_fmri_node_dec21_2019_pheno44.sumstats.gz -0.1742  0.0802 -2.1712  0.0299  0.1111     0.0168  1.0176     0.0086   -0.0374       0.0054

Analysis finished at Tue Dec  8 18:49:35 2020
Total time elapsed: 23.28s
