*********************************************************************
* LD Score Regression (LDSC)
* Version 1.0.0
* (C) 2014-2015 Brendan Bulik-Sullivan and Hilary Finucane
* Broad Institute of MIT and Harvard / MIT Department of Mathematics
* GNU General Public License v3
*********************************************************************
Call: 
./ldsc.py \
--ref-ld-chr eur_w_ld_chr/ \
--out /home/eerdem/notebooks/CELLECT-Analyser/out/genetic_correlation/gc/model1d_lateraloccipital_ukb_phase1to3_dti441_dec21_2019_pheno400 \
--rg /home/eerdem/CELLECT/cortical_ROI_CHARGE2020/model1d_lateraloccipital_SAMPLESIZE.sumstats.gz,/home/eerdem/CELLECT/gwas/BIG-S2_DTI2020_munged/ukb_phase1to3_dti441_dec21_2019_pheno400.sumstats.gz \
--w-ld-chr eur_w_ld_chr/ 

Beginning analysis at Tue Dec  8 20:03:42 2020
Reading summary statistics from /home/eerdem/CELLECT/cortical_ROI_CHARGE2020/model1d_lateraloccipital_SAMPLESIZE.sumstats.gz ...
Read summary statistics for 1186146 SNPs.
Reading reference panel LD Score from eur_w_ld_chr/[1-22] ...
Read reference panel LD Scores for 1290028 SNPs.
Removing partitioned LD Scores with zero variance.
Reading regression weight LD Score from eur_w_ld_chr/[1-22] ...
Read regression weight LD Scores for 1290028 SNPs.
After merging with reference panel LD, 1173384 SNPs remain.
After merging with regression SNP LD, 1173384 SNPs remain.
Computing rg for phenotype 2/2
Reading summary statistics from /home/eerdem/CELLECT/gwas/BIG-S2_DTI2020_munged/ukb_phase1to3_dti441_dec21_2019_pheno400.sumstats.gz ...
Read summary statistics for 1149074 SNPs.
After merging with summary statistics, 1134821 SNPs remain.
1134821 SNPs with valid alleles.

Heritability of phenotype 1
---------------------------
Total Observed scale h2: 0.1571 (0.0241)
Lambda GC: 1.0572
Mean Chi^2: 1.0742
Intercept: 1.0046 (0.007)
Ratio: 0.0623 (0.0942)

Heritability of phenotype 2/2
-----------------------------
Total Observed scale h2: 0.2285 (0.0241)
Lambda GC: 1.1177
Mean Chi^2: 1.1517
Intercept: 1.0069 (0.0084)
Ratio: 0.0454 (0.0554)

Genetic Covariance
------------------
Total Observed scale gencov: -0.0033 (0.016)
Mean z1*z2: -0.0048
Intercept: -0.0023 (0.0052)

Genetic Correlation
-------------------
Genetic Correlation: -0.0172 (0.0848)
Z-score: -0.2026
P: 0.8394


Summary of Genetic Correlation Results
p1                                                                                                    p2      rg      se       z       p  h2_obs  h2_obs_se  h2_int  h2_int_se  gcov_int  gcov_int_se
/home/eerdem/CELLECT/cortical_ROI_CHARGE2020/model1d_lateraloccipital_SAMPLESIZE.sumstats.gz  /home/eerdem/CELLECT/gwas/BIG-S2_DTI2020_munged/ukb_phase1to3_dti441_dec21_2019_pheno400.sumstats.gz -0.0172  0.0848 -0.2026  0.8394  0.2285     0.0241  1.0069     0.0084   -0.0023       0.0052

Analysis finished at Tue Dec  8 20:04:05 2020
Total time elapsed: 22.76s
