*********************************************************************
* LD Score Regression (LDSC)
* Version 1.0.0
* (C) 2014-2015 Brendan Bulik-Sullivan and Hilary Finucane
* Broad Institute of MIT and Harvard / MIT Department of Mathematics
* GNU General Public License v3
*********************************************************************
Call: 
./ldsc.py \
--ref-ld-chr eur_w_ld_chr/ \
--out /home/eerdem/notebooks/CELLECT-Analyser/out/genetic_correlation/gc/model1a_cortex_model1b_postcentral \
--rg /home/eerdem/CELLECT/cortical_ROI_CHARGE2020/model1a_cortex_SAMPLESIZE.sumstats.gz,/home/eerdem/CELLECT/cortical_ROI_CHARGE2020/model1b_postcentral_SAMPLESIZE.sumstats.gz \
--w-ld-chr eur_w_ld_chr/ 

Beginning analysis at Tue Dec  8 16:57:12 2020
Reading summary statistics from /home/eerdem/CELLECT/cortical_ROI_CHARGE2020/model1a_cortex_SAMPLESIZE.sumstats.gz ...
Read summary statistics for 1076965 SNPs.
Reading reference panel LD Score from eur_w_ld_chr/[1-22] ...
Read reference panel LD Scores for 1290028 SNPs.
Removing partitioned LD Scores with zero variance.
Reading regression weight LD Score from eur_w_ld_chr/[1-22] ...
Read regression weight LD Scores for 1290028 SNPs.
After merging with reference panel LD, 1074416 SNPs remain.
After merging with regression SNP LD, 1074416 SNPs remain.
Computing rg for phenotype 2/2
Reading summary statistics from /home/eerdem/CELLECT/cortical_ROI_CHARGE2020/model1b_postcentral_SAMPLESIZE.sumstats.gz ...
Read summary statistics for 1186449 SNPs.
After merging with summary statistics, 1071496 SNPs remain.
1071496 SNPs with valid alleles.

Heritability of phenotype 1
---------------------------
Total Observed scale h2: 0.301 (0.0392)
Lambda GC: 1.1097
Mean Chi^2: 1.1255
Intercept: 1.0101 (0.0089)
Ratio: 0.0804 (0.0711)

Heritability of phenotype 2/2
-----------------------------
Total Observed scale h2: 0.1638 (0.0257)
Lambda GC: 1.0729
Mean Chi^2: 1.0847
Intercept: 1.0128 (0.0085)
Ratio: 0.1509 (0.1004)

Genetic Covariance
------------------
Total Observed scale gencov: 0.0758 (0.0221)
Mean z1*z2: 0.1801
Intercept: 0.1486 (0.0054)

Genetic Correlation
-------------------
Genetic Correlation: 0.3414 (0.0894)
Z-score: 3.8174
P: 0.0001


Summary of Genetic Correlation Results
p1                                                                                       p2      rg      se       z       p  h2_obs  h2_obs_se  h2_int  h2_int_se  gcov_int  gcov_int_se
/home/eerdem/CELLECT/cortical_ROI_CHARGE2020/model1a_cortex_SAMPLESIZE.sumstats.gz  /home/eerdem/CELLECT/cortical_ROI_CHARGE2020/model1b_postcentral_SAMPLESIZE.sumstats.gz  0.3414  0.0894  3.8174  0.0001  0.1638     0.0257  1.0128     0.0085    0.1486       0.0054

Analysis finished at Tue Dec  8 16:57:34 2020
Total time elapsed: 21.85s
