*********************************************************************
* LD Score Regression (LDSC)
* Version 1.0.0
* (C) 2014-2015 Brendan Bulik-Sullivan and Hilary Finucane
* Broad Institute of MIT and Harvard / MIT Department of Mathematics
* GNU General Public License v3
*********************************************************************
Call: 
./ldsc.py \
--ref-ld-chr eur_w_ld_chr/ \
--out /home/eerdem/notebooks/CELLECT-Analyser/out/genetic_correlation/gc/model1d_lateralorbitofrontal_Net100_Pair2_48 \
--rg /home/eerdem/CELLECT/cortical_ROI_CHARGE2020/model1d_lateralorbitofrontal_SAMPLESIZE.sumstats.gz,/home/eerdem/CELLECT/gwas/BIG-S2_rs-fMRI/ukb_phase1to3_fmri_edge_dec21_2019_pheno1293.sumstats.gz \
--w-ld-chr eur_w_ld_chr/ 

Beginning analysis at Tue Dec  8 16:55:27 2020
Reading summary statistics from /home/eerdem/CELLECT/cortical_ROI_CHARGE2020/model1d_lateralorbitofrontal_SAMPLESIZE.sumstats.gz ...
Read summary statistics for 1186340 SNPs.
Reading reference panel LD Score from eur_w_ld_chr/[1-22] ...
Read reference panel LD Scores for 1290028 SNPs.
Removing partitioned LD Scores with zero variance.
Reading regression weight LD Score from eur_w_ld_chr/[1-22] ...
Read regression weight LD Scores for 1290028 SNPs.
After merging with reference panel LD, 1173424 SNPs remain.
After merging with regression SNP LD, 1173424 SNPs remain.
Computing rg for phenotype 2/2
Reading summary statistics from /home/eerdem/CELLECT/gwas/BIG-S2_rs-fMRI/ukb_phase1to3_fmri_edge_dec21_2019_pheno1293.sumstats.gz ...
Read summary statistics for 1149479 SNPs.
After merging with summary statistics, 1135259 SNPs remain.
1135259 SNPs with valid alleles.

Heritability of phenotype 1
---------------------------
Total Observed scale h2: 0.2634 (0.0249)
Lambda GC: 1.0971
Mean Chi^2: 1.1172
Intercept: 0.9974 (0.0071)
Ratio < 0 (usually indicates GC correction).

Heritability of phenotype 2/2
-----------------------------
Total Observed scale h2: 0.1639 (0.019)
Lambda GC: 1.095
Mean Chi^2: 1.1078
Intercept: 0.9992 (0.0073)
Ratio < 0 (usually indicates GC correction).

Genetic Covariance
------------------
Total Observed scale gencov: 0.0137 (0.0138)
Mean z1*z2: 0.0139
Intercept: 0.006 (0.0048)

Genetic Correlation
-------------------
Genetic Correlation: 0.066 (0.067)
Z-score: 0.9859
P: 0.3242


Summary of Genetic Correlation Results
p1                                                                                                 p2     rg     se       z       p  h2_obs  h2_obs_se  h2_int  h2_int_se  gcov_int  gcov_int_se
/home/eerdem/CELLECT/cortical_ROI_CHARGE2020/model1d_lateralorbitofrontal_SAMPLESIZE.sumstats.gz  /home/eerdem/CELLECT/gwas/BIG-S2_rs-fMRI/ukb_phase1to3_fmri_edge_dec21_2019_pheno1293.sumstats.gz  0.066  0.067  0.9859  0.3242  0.1639      0.019  0.9992     0.0073     0.006       0.0048

Analysis finished at Tue Dec  8 16:55:49 2020
Total time elapsed: 21.4s
