*********************************************************************
* LD Score Regression (LDSC)
* Version 1.0.0
* (C) 2014-2015 Brendan Bulik-Sullivan and Hilary Finucane
* Broad Institute of MIT and Harvard / MIT Department of Mathematics
* GNU General Public License v3
*********************************************************************
Call: 
./ldsc.py \
--ref-ld-chr eur_w_ld_chr/ \
--out /home/eerdem/notebooks/CELLECT-Analyser/out/genetic_correlation/gc/model1a_medialorbitofrontal_Net25_Node10 \
--rg /home/eerdem/CELLECT/cortical_ROI_CHARGE2020/model1a_medialorbitofrontal_SAMPLESIZE.sumstats.gz,/home/eerdem/CELLECT/gwas/BIG-S2_rs-fMRI/ukb_phase1to3_fmri_node_dec21_2019_pheno10.sumstats.gz \
--w-ld-chr eur_w_ld_chr/ 

Beginning analysis at Tue Dec  8 17:18:27 2020
Reading summary statistics from /home/eerdem/CELLECT/cortical_ROI_CHARGE2020/model1a_medialorbitofrontal_SAMPLESIZE.sumstats.gz ...
Read summary statistics for 1191336 SNPs.
Reading reference panel LD Score from eur_w_ld_chr/[1-22] ...
Read reference panel LD Scores for 1290028 SNPs.
Removing partitioned LD Scores with zero variance.
Reading regression weight LD Score from eur_w_ld_chr/[1-22] ...
Read regression weight LD Scores for 1290028 SNPs.
After merging with reference panel LD, 1174092 SNPs remain.
After merging with regression SNP LD, 1174092 SNPs remain.
Computing rg for phenotype 2/2
Reading summary statistics from /home/eerdem/CELLECT/gwas/BIG-S2_rs-fMRI/ukb_phase1to3_fmri_node_dec21_2019_pheno10.sumstats.gz ...
Read summary statistics for 1149479 SNPs.
After merging with summary statistics, 1135273 SNPs remain.
1135273 SNPs with valid alleles.

Heritability of phenotype 1
---------------------------
Total Observed scale h2: 0.1553 (0.0261)
Lambda GC: 1.0475
Mean Chi^2: 1.0476
Intercept: 0.9906 (0.0058)
Ratio < 0 (usually indicates GC correction).

Heritability of phenotype 2/2
-----------------------------
Total Observed scale h2: 0.1262 (0.018)
Lambda GC: 1.0737
Mean Chi^2: 1.0869
Intercept: 1.0047 (0.0073)
Ratio: 0.0544 (0.0841)

Genetic Covariance
------------------
Total Observed scale gencov: -0.0197 (0.0155)
Mean z1*z2: -0.0122
Intercept: -0.0024 (0.0046)

Genetic Correlation
-------------------
Genetic Correlation: -0.1404 (0.1127)
Z-score: -1.2455
P: 0.213


Summary of Genetic Correlation Results
p1                                                                                               p2      rg      se       z      p  h2_obs  h2_obs_se  h2_int  h2_int_se  gcov_int  gcov_int_se
/home/eerdem/CELLECT/cortical_ROI_CHARGE2020/model1a_medialorbitofrontal_SAMPLESIZE.sumstats.gz  /home/eerdem/CELLECT/gwas/BIG-S2_rs-fMRI/ukb_phase1to3_fmri_node_dec21_2019_pheno10.sumstats.gz -0.1404  0.1127 -1.2455  0.213  0.1262      0.018  1.0047     0.0073   -0.0024       0.0046

Analysis finished at Tue Dec  8 17:18:47 2020
Total time elapsed: 20.21s
