*********************************************************************
* LD Score Regression (LDSC)
* Version 1.0.0
* (C) 2014-2015 Brendan Bulik-Sullivan and Hilary Finucane
* Broad Institute of MIT and Harvard / MIT Department of Mathematics
* GNU General Public License v3
*********************************************************************
Call: 
./ldsc.py \
--ref-ld-chr eur_w_ld_chr/ \
--out /home/eerdem/notebooks/CELLECT-Analyser/out/genetic_correlation/gc/model1b_insula_model1a_lateralorbitofrontal \
--rg /home/eerdem/CELLECT/cortical_ROI_CHARGE2020/model1b_insula_SAMPLESIZE.sumstats.gz,/home/eerdem/CELLECT/cortical_ROI_CHARGE2020/model1a_lateralorbitofrontal_SAMPLESIZE.sumstats.gz \
--w-ld-chr eur_w_ld_chr/ 

Beginning analysis at Tue Dec  8 18:47:27 2020
Reading summary statistics from /home/eerdem/CELLECT/cortical_ROI_CHARGE2020/model1b_insula_SAMPLESIZE.sumstats.gz ...
Read summary statistics for 1186349 SNPs.
Reading reference panel LD Score from eur_w_ld_chr/[1-22] ...
Read reference panel LD Scores for 1290028 SNPs.
Removing partitioned LD Scores with zero variance.
Reading regression weight LD Score from eur_w_ld_chr/[1-22] ...
Read regression weight LD Scores for 1290028 SNPs.
After merging with reference panel LD, 1169875 SNPs remain.
After merging with regression SNP LD, 1169875 SNPs remain.
Computing rg for phenotype 2/2
Reading summary statistics from /home/eerdem/CELLECT/cortical_ROI_CHARGE2020/model1a_lateralorbitofrontal_SAMPLESIZE.sumstats.gz ...
Read summary statistics for 1191333 SNPs.
After merging with summary statistics, 1169578 SNPs remain.
1169578 SNPs with valid alleles.

Heritability of phenotype 1
---------------------------
Total Observed scale h2: 0.1447 (0.0277)
Lambda GC: 1.0485
Mean Chi^2: 1.0682
Intercept: 1.0055 (0.0072)
Ratio: 0.081 (0.1051)

Heritability of phenotype 2/2
-----------------------------
Total Observed scale h2: 0.2483 (0.0303)
Lambda GC: 1.0592
Mean Chi^2: 1.073
Intercept: 0.9841 (0.0069)
Ratio < 0 (usually indicates GC correction).

Genetic Covariance
------------------
Total Observed scale gencov: 0.0122 (0.0174)
Mean z1*z2: 0.0197
Intercept: 0.0152 (0.0044)

Genetic Correlation
-------------------
Genetic Correlation: 0.0642 (0.0915)
Z-score: 0.7017
P: 0.4829


Summary of Genetic Correlation Results
p1                                                                                                p2      rg      se       z       p  h2_obs  h2_obs_se  h2_int  h2_int_se  gcov_int  gcov_int_se
/home/eerdem/CELLECT/cortical_ROI_CHARGE2020/model1b_insula_SAMPLESIZE.sumstats.gz  /home/eerdem/CELLECT/cortical_ROI_CHARGE2020/model1a_lateralorbitofrontal_SAMPLESIZE.sumstats.gz  0.0642  0.0915  0.7017  0.4829  0.2483     0.0303  0.9841     0.0069    0.0152       0.0044

Analysis finished at Tue Dec  8 18:47:52 2020
Total time elapsed: 24.45s
