*********************************************************************
* LD Score Regression (LDSC)
* Version 1.0.0
* (C) 2014-2015 Brendan Bulik-Sullivan and Hilary Finucane
* Broad Institute of MIT and Harvard / MIT Department of Mathematics
* GNU General Public License v3
*********************************************************************
Call: 
./ldsc.py \
--ref-ld-chr eur_w_ld_chr/ \
--out /home/eerdem/notebooks/CELLECT-Analyser/out/genetic_correlation/gc/model1d_inferiortemporal_Net100_Pair20_23 \
--rg /home/eerdem/CELLECT/cortical_ROI_CHARGE2020/model1d_inferiortemporal_SAMPLESIZE.sumstats.gz,/home/eerdem/CELLECT/gwas/BIG-S2_rs-fMRI/ukb_phase1to3_fmri_edge_dec21_2019_pheno461.sumstats.gz \
--w-ld-chr eur_w_ld_chr/ 

Beginning analysis at Tue Dec  8 17:23:42 2020
Reading summary statistics from /home/eerdem/CELLECT/cortical_ROI_CHARGE2020/model1d_inferiortemporal_SAMPLESIZE.sumstats.gz ...
Read summary statistics for 1186134 SNPs.
Reading reference panel LD Score from eur_w_ld_chr/[1-22] ...
Read reference panel LD Scores for 1290028 SNPs.
Removing partitioned LD Scores with zero variance.
Reading regression weight LD Score from eur_w_ld_chr/[1-22] ...
Read regression weight LD Scores for 1290028 SNPs.
After merging with reference panel LD, 1173386 SNPs remain.
After merging with regression SNP LD, 1173386 SNPs remain.
Computing rg for phenotype 2/2
Reading summary statistics from /home/eerdem/CELLECT/gwas/BIG-S2_rs-fMRI/ukb_phase1to3_fmri_edge_dec21_2019_pheno461.sumstats.gz ...
Read summary statistics for 1149479 SNPs.
After merging with summary statistics, 1135259 SNPs remain.
1135259 SNPs with valid alleles.

Heritability of phenotype 1
---------------------------
Total Observed scale h2: 0.2093 (0.0243)
Lambda GC: 1.0743
Mean Chi^2: 1.0782
Intercept: 0.9847 (0.0064)
Ratio < 0 (usually indicates GC correction).

Heritability of phenotype 2/2
-----------------------------
Total Observed scale h2: 0.052 (0.0141)
Lambda GC: 1.0327
Mean Chi^2: 1.0337
Intercept: 0.9998 (0.0069)
Ratio < 0 (usually indicates GC correction).

Genetic Covariance
------------------
Total Observed scale gencov: -0.0078 (0.0127)
Mean z1*z2: -0.0105
Intercept: -0.006 (0.0049)

Genetic Correlation
-------------------
Genetic Correlation: -0.0749 (0.1228)
Z-score: -0.6102
P: 0.5417


Summary of Genetic Correlation Results
p1                                                                                                p2      rg      se       z       p  h2_obs  h2_obs_se  h2_int  h2_int_se  gcov_int  gcov_int_se
/home/eerdem/CELLECT/cortical_ROI_CHARGE2020/model1d_inferiortemporal_SAMPLESIZE.sumstats.gz  /home/eerdem/CELLECT/gwas/BIG-S2_rs-fMRI/ukb_phase1to3_fmri_edge_dec21_2019_pheno461.sumstats.gz -0.0749  0.1228 -0.6102  0.5417   0.052     0.0141  0.9998     0.0069    -0.006       0.0049

Analysis finished at Tue Dec  8 17:24:02 2020
Total time elapsed: 19.65s
