*********************************************************************
* LD Score Regression (LDSC)
* Version 1.0.0
* (C) 2014-2015 Brendan Bulik-Sullivan and Hilary Finucane
* Broad Institute of MIT and Harvard / MIT Department of Mathematics
* GNU General Public License v3
*********************************************************************
Call: 
./ldsc.py \
--ref-ld-chr eur_w_ld_chr/ \
--out /home/eerdem/notebooks/CELLECT-Analyser/out/genetic_correlation/gc/model1b_precentral_ukb_phase1to3_fapcs_dec21_2019_pheno82 \
--rg /home/eerdem/CELLECT/cortical_ROI_CHARGE2020/model1b_precentral_SAMPLESIZE.sumstats.gz,/home/eerdem/CELLECT/gwas/BIG-S2_DTI2020_munged/ukb_phase1to3_fapcs_dec21_2019_pheno82.sumstats.gz \
--w-ld-chr eur_w_ld_chr/ 

Beginning analysis at Tue Dec  8 18:57:42 2020
Reading summary statistics from /home/eerdem/CELLECT/cortical_ROI_CHARGE2020/model1b_precentral_SAMPLESIZE.sumstats.gz ...
Read summary statistics for 1186453 SNPs.
Reading reference panel LD Score from eur_w_ld_chr/[1-22] ...
Read reference panel LD Scores for 1290028 SNPs.
Removing partitioned LD Scores with zero variance.
Reading regression weight LD Score from eur_w_ld_chr/[1-22] ...
Read regression weight LD Scores for 1290028 SNPs.
After merging with reference panel LD, 1170095 SNPs remain.
After merging with regression SNP LD, 1170095 SNPs remain.
Computing rg for phenotype 2/2
Reading summary statistics from /home/eerdem/CELLECT/gwas/BIG-S2_DTI2020_munged/ukb_phase1to3_fapcs_dec21_2019_pheno82.sumstats.gz ...
Read summary statistics for 1149074 SNPs.
After merging with summary statistics, 1132191 SNPs remain.
1132191 SNPs with valid alleles.

Heritability of phenotype 1
---------------------------
Total Observed scale h2: 0.1112 (0.0208)
Lambda GC: 1.0432
Mean Chi^2: 1.0538
Intercept: 1.0064 (0.0062)
Ratio: 0.119 (0.1146)

Heritability of phenotype 2/2
-----------------------------
Total Observed scale h2: 0.2891 (0.0237)
Lambda GC: 1.155
Mean Chi^2: 1.1937
Intercept: 1.0085 (0.0088)
Ratio: 0.044 (0.0454)

Genetic Covariance
------------------
Total Observed scale gencov: 0.0136 (0.0153)
Mean z1*z2: -0.0122
Intercept: -0.021 (0.005)

Genetic Correlation
-------------------
Genetic Correlation: 0.0758 (0.0844)
Z-score: 0.8989
P: 0.3687


Summary of Genetic Correlation Results
p1                                                                                                  p2      rg      se       z       p  h2_obs  h2_obs_se  h2_int  h2_int_se  gcov_int  gcov_int_se
/home/eerdem/CELLECT/cortical_ROI_CHARGE2020/model1b_precentral_SAMPLESIZE.sumstats.gz  /home/eerdem/CELLECT/gwas/BIG-S2_DTI2020_munged/ukb_phase1to3_fapcs_dec21_2019_pheno82.sumstats.gz  0.0758  0.0844  0.8989  0.3687  0.2891     0.0237  1.0085     0.0088    -0.021        0.005

Analysis finished at Tue Dec  8 18:58:07 2020
Total time elapsed: 24.39s
