*********************************************************************
* LD Score Regression (LDSC)
* Version 1.0.0
* (C) 2014-2015 Brendan Bulik-Sullivan and Hilary Finucane
* Broad Institute of MIT and Harvard / MIT Department of Mathematics
* GNU General Public License v3
*********************************************************************
Call: 
./ldsc.py \
--ref-ld-chr eur_w_ld_chr/ \
--out /home/eerdem/notebooks/CELLECT-Analyser/out/genetic_correlation/gc/model1d_rostralanteriorcingulate_ukb_phase1to3_fapcs_dec21_2019_pheno82 \
--rg /home/eerdem/CELLECT/cortical_ROI_CHARGE2020/model1d_rostralanteriorcingulate_SAMPLESIZE.sumstats.gz,/home/eerdem/CELLECT/gwas/BIG-S2_DTI2020_munged/ukb_phase1to3_fapcs_dec21_2019_pheno82.sumstats.gz \
--w-ld-chr eur_w_ld_chr/ 

Beginning analysis at Tue Dec  8 17:50:57 2020
Reading summary statistics from /home/eerdem/CELLECT/cortical_ROI_CHARGE2020/model1d_rostralanteriorcingulate_SAMPLESIZE.sumstats.gz ...
Read summary statistics for 1185801 SNPs.
Reading reference panel LD Score from eur_w_ld_chr/[1-22] ...
Read reference panel LD Scores for 1290028 SNPs.
Removing partitioned LD Scores with zero variance.
Reading regression weight LD Score from eur_w_ld_chr/[1-22] ...
Read regression weight LD Scores for 1290028 SNPs.
After merging with reference panel LD, 1173169 SNPs remain.
After merging with regression SNP LD, 1173169 SNPs remain.
Computing rg for phenotype 2/2
Reading summary statistics from /home/eerdem/CELLECT/gwas/BIG-S2_DTI2020_munged/ukb_phase1to3_fapcs_dec21_2019_pheno82.sumstats.gz ...
Read summary statistics for 1149074 SNPs.
After merging with summary statistics, 1134685 SNPs remain.
1134685 SNPs with valid alleles.

Heritability of phenotype 1
---------------------------
Total Observed scale h2: 0.1573 (0.025)
Lambda GC: 1.0538
Mean Chi^2: 1.0641
Intercept: 0.9943 (0.0068)
Ratio < 0 (usually indicates GC correction).

Heritability of phenotype 2/2
-----------------------------
Total Observed scale h2: 0.2883 (0.0237)
Lambda GC: 1.1546
Mean Chi^2: 1.1935
Intercept: 1.009 (0.0086)
Ratio: 0.0465 (0.0443)

Genetic Covariance
------------------
Total Observed scale gencov: -0.0543 (0.0153)
Mean z1*z2: -0.0357
Intercept: -0.0061 (0.0047)

Genetic Correlation
-------------------
Genetic Correlation: -0.2548 (0.0722)
Z-score: -3.527
P: 0.0004


Summary of Genetic Correlation Results
p1                                                                                                  p2      rg      se      z       p  h2_obs  h2_obs_se  h2_int  h2_int_se  gcov_int  gcov_int_se
/home/eerdem/CELLECT/cortical_ROI_CHARGE2020/model1d_rostralanteriorcingulate_SAMPLESIZE.sumstats.gz  /home/eerdem/CELLECT/gwas/BIG-S2_DTI2020_munged/ukb_phase1to3_fapcs_dec21_2019_pheno82.sumstats.gz -0.2548  0.0722 -3.527  0.0004  0.2883     0.0237   1.009     0.0086   -0.0061       0.0047

Analysis finished at Tue Dec  8 17:51:21 2020
Total time elapsed: 24.25s
