*********************************************************************
* LD Score Regression (LDSC)
* Version 1.0.0
* (C) 2014-2015 Brendan Bulik-Sullivan and Hilary Finucane
* Broad Institute of MIT and Harvard / MIT Department of Mathematics
* GNU General Public License v3
*********************************************************************
Call: 
./ldsc.py \
--ref-ld-chr eur_w_ld_chr/ \
--out /home/eerdem/notebooks/CELLECT-Analyser/out/genetic_correlation/gc/model1d_middletemporal_ukb_phase1to3_dti441_dec21_2019_pheno19 \
--rg /home/eerdem/CELLECT/cortical_ROI_CHARGE2020/model1d_middletemporal_SAMPLESIZE.sumstats.gz,/home/eerdem/CELLECT/gwas/BIG-S2_DTI2020_munged/ukb_phase1to3_dti441_dec21_2019_pheno19.sumstats.gz \
--w-ld-chr eur_w_ld_chr/ 

Beginning analysis at Tue Dec  8 17:53:27 2020
Reading summary statistics from /home/eerdem/CELLECT/cortical_ROI_CHARGE2020/model1d_middletemporal_SAMPLESIZE.sumstats.gz ...
Read summary statistics for 1185953 SNPs.
Reading reference panel LD Score from eur_w_ld_chr/[1-22] ...
Read reference panel LD Scores for 1290028 SNPs.
Removing partitioned LD Scores with zero variance.
Reading regression weight LD Score from eur_w_ld_chr/[1-22] ...
Read regression weight LD Scores for 1290028 SNPs.
After merging with reference panel LD, 1173205 SNPs remain.
After merging with regression SNP LD, 1173205 SNPs remain.
Computing rg for phenotype 2/2
Reading summary statistics from /home/eerdem/CELLECT/gwas/BIG-S2_DTI2020_munged/ukb_phase1to3_dti441_dec21_2019_pheno19.sumstats.gz ...
Read summary statistics for 1149074 SNPs.
After merging with summary statistics, 1134684 SNPs remain.
1134684 SNPs with valid alleles.

Heritability of phenotype 1
---------------------------
Total Observed scale h2: 0.1682 (0.0279)
Lambda GC: 1.0675
Mean Chi^2: 1.0832
Intercept: 1.0093 (0.0076)
Ratio: 0.1113 (0.091)

Heritability of phenotype 2/2
-----------------------------
Total Observed scale h2: 0.1574 (0.0163)
Lambda GC: 1.0902
Mean Chi^2: 1.1038
Intercept: 1.0052 (0.0068)
Ratio: 0.0505 (0.0652)

Genetic Covariance
------------------
Total Observed scale gencov: -0.0053 (0.0136)
Mean z1*z2: -0.0053
Intercept: -0.0033 (0.0047)

Genetic Correlation
-------------------
Genetic Correlation: -0.0327 (0.0843)
Z-score: -0.3876
P: 0.6983


Summary of Genetic Correlation Results
p1                                                                                                   p2      rg      se       z       p  h2_obs  h2_obs_se  h2_int  h2_int_se  gcov_int  gcov_int_se
/home/eerdem/CELLECT/cortical_ROI_CHARGE2020/model1d_middletemporal_SAMPLESIZE.sumstats.gz  /home/eerdem/CELLECT/gwas/BIG-S2_DTI2020_munged/ukb_phase1to3_dti441_dec21_2019_pheno19.sumstats.gz -0.0327  0.0843 -0.3876  0.6983  0.1574     0.0163  1.0052     0.0068   -0.0033       0.0047

Analysis finished at Tue Dec  8 17:53:47 2020
Total time elapsed: 19.77s
