*********************************************************************
* LD Score Regression (LDSC)
* Version 1.0.0
* (C) 2014-2015 Brendan Bulik-Sullivan and Hilary Finucane
* Broad Institute of MIT and Harvard / MIT Department of Mathematics
* GNU General Public License v3
*********************************************************************
Call: 
./ldsc.py \
--ref-ld-chr eur_w_ld_chr/ \
--out /home/eerdem/notebooks/CELLECT-Analyser/out/genetic_correlation/gc/model1b_frontalpole_ukb_phase1to3_fapcs_dec21_2019_pheno49 \
--rg /home/eerdem/CELLECT/cortical_ROI_CHARGE2020/model1b_frontalpole_SAMPLESIZE.sumstats.gz,/home/eerdem/CELLECT/gwas/BIG-S2_DTI2020_munged/ukb_phase1to3_fapcs_dec21_2019_pheno49.sumstats.gz \
--w-ld-chr eur_w_ld_chr/ 

Beginning analysis at Tue Dec  8 18:28:42 2020
Reading summary statistics from /home/eerdem/CELLECT/cortical_ROI_CHARGE2020/model1b_frontalpole_SAMPLESIZE.sumstats.gz ...
Read summary statistics for 1191502 SNPs.
Reading reference panel LD Score from eur_w_ld_chr/[1-22] ...
Read reference panel LD Scores for 1290028 SNPs.
Removing partitioned LD Scores with zero variance.
Reading regression weight LD Score from eur_w_ld_chr/[1-22] ...
Read regression weight LD Scores for 1290028 SNPs.
After merging with reference panel LD, 1174249 SNPs remain.
After merging with regression SNP LD, 1174249 SNPs remain.
Computing rg for phenotype 2/2
Reading summary statistics from /home/eerdem/CELLECT/gwas/BIG-S2_DTI2020_munged/ukb_phase1to3_fapcs_dec21_2019_pheno49.sumstats.gz ...
Read summary statistics for 1149074 SNPs.
After merging with summary statistics, 1134964 SNPs remain.
1134964 SNPs with valid alleles.

Heritability of phenotype 1
---------------------------
Total Observed scale h2: 0.0681 (0.0237)
Lambda GC: 1.0327
Mean Chi^2: 1.0234
Intercept: 0.9987 (0.0062)
Ratio < 0 (usually indicates GC correction).

Heritability of phenotype 2/2
-----------------------------
Total Observed scale h2: 0.2227 (0.0192)
Lambda GC: 1.118
Mean Chi^2: 1.1422
Intercept: 1.0039 (0.0072)
Ratio: 0.0273 (0.051)

Genetic Covariance
------------------
Total Observed scale gencov: -0.0044 (0.0141)
Mean z1*z2: -0.0004
Intercept: 0.0015 (0.0048)

Genetic Correlation
-------------------
Genetic Correlation: -0.0357 (0.1146)
Z-score: -0.3113
P: 0.7556


Summary of Genetic Correlation Results
p1                                                                                                  p2      rg      se       z       p  h2_obs  h2_obs_se  h2_int  h2_int_se  gcov_int  gcov_int_se
/home/eerdem/CELLECT/cortical_ROI_CHARGE2020/model1b_frontalpole_SAMPLESIZE.sumstats.gz  /home/eerdem/CELLECT/gwas/BIG-S2_DTI2020_munged/ukb_phase1to3_fapcs_dec21_2019_pheno49.sumstats.gz -0.0357  0.1146 -0.3113  0.7556  0.2227     0.0192  1.0039     0.0072    0.0015       0.0048

Analysis finished at Tue Dec  8 18:29:04 2020
Total time elapsed: 21.75s
