*********************************************************************
* LD Score Regression (LDSC)
* Version 1.0.0
* (C) 2014-2015 Brendan Bulik-Sullivan and Hilary Finucane
* Broad Institute of MIT and Harvard / MIT Department of Mathematics
* GNU General Public License v3
*********************************************************************
Call: 
./ldsc.py \
--ref-ld-chr eur_w_ld_chr/ \
--out /home/eerdem/notebooks/CELLECT-Analyser/out/genetic_correlation/gc/model1d_parsorbitalis_Net25_Node20 \
--rg /home/eerdem/CELLECT/cortical_ROI_CHARGE2020/model1d_parsorbitalis_SAMPLESIZE.sumstats.gz,/home/eerdem/CELLECT/gwas/BIG-S2_rs-fMRI/ukb_phase1to3_fmri_node_dec21_2019_pheno20.sumstats.gz \
--w-ld-chr eur_w_ld_chr/ 

Beginning analysis at Tue Dec  8 17:14:12 2020
Reading summary statistics from /home/eerdem/CELLECT/cortical_ROI_CHARGE2020/model1d_parsorbitalis_SAMPLESIZE.sumstats.gz ...
Read summary statistics for 1186184 SNPs.
Reading reference panel LD Score from eur_w_ld_chr/[1-22] ...
Read reference panel LD Scores for 1290028 SNPs.
Removing partitioned LD Scores with zero variance.
Reading regression weight LD Score from eur_w_ld_chr/[1-22] ...
Read regression weight LD Scores for 1290028 SNPs.
After merging with reference panel LD, 1173400 SNPs remain.
After merging with regression SNP LD, 1173400 SNPs remain.
Computing rg for phenotype 2/2
Reading summary statistics from /home/eerdem/CELLECT/gwas/BIG-S2_rs-fMRI/ukb_phase1to3_fmri_node_dec21_2019_pheno20.sumstats.gz ...
Read summary statistics for 1149479 SNPs.
After merging with summary statistics, 1135262 SNPs remain.
1135262 SNPs with valid alleles.

Heritability of phenotype 1
---------------------------
Total Observed scale h2: 0.151 (0.023)
Lambda GC: 1.0631
Mean Chi^2: 1.0724
Intercept: 1.0049 (0.0067)
Ratio: 0.068 (0.0922)

Heritability of phenotype 2/2
-----------------------------
Total Observed scale h2: 0.1698 (0.0246)
Lambda GC: 1.0796
Mean Chi^2: 1.1123
Intercept: 1.0003 (0.01)
Ratio: 0.0031 (0.089)

Genetic Covariance
------------------
Total Observed scale gencov: 0.0023 (0.0168)
Mean z1*z2: 0.0001
Intercept: -0.0018 (0.0056)

Genetic Correlation
-------------------
Genetic Correlation: 0.0142 (0.1061)
Z-score: 0.1342
P: 0.8932


Summary of Genetic Correlation Results
p1                                                                                               p2      rg      se       z       p  h2_obs  h2_obs_se  h2_int  h2_int_se  gcov_int  gcov_int_se
/home/eerdem/CELLECT/cortical_ROI_CHARGE2020/model1d_parsorbitalis_SAMPLESIZE.sumstats.gz  /home/eerdem/CELLECT/gwas/BIG-S2_rs-fMRI/ukb_phase1to3_fmri_node_dec21_2019_pheno20.sumstats.gz  0.0142  0.1061  0.1342  0.8932  0.1698     0.0246  1.0003       0.01   -0.0018       0.0056

Analysis finished at Tue Dec  8 17:14:36 2020
Total time elapsed: 24.06s
