*********************************************************************
* LD Score Regression (LDSC)
* Version 1.0.0
* (C) 2014-2015 Brendan Bulik-Sullivan and Hilary Finucane
* Broad Institute of MIT and Harvard / MIT Department of Mathematics
* GNU General Public License v3
*********************************************************************
Call: 
./ldsc.py \
--ref-ld-chr eur_w_ld_chr/ \
--out /home/eerdem/notebooks/CELLECT-Analyser/out/genetic_correlation/gc/model1a_medialorbitofrontal_ukb_phase1to3_fapcs_dec21_2019_pheno86 \
--rg /home/eerdem/CELLECT/cortical_ROI_CHARGE2020/model1a_medialorbitofrontal_SAMPLESIZE.sumstats.gz,/home/eerdem/CELLECT/gwas/BIG-S2_DTI2020_munged/ukb_phase1to3_fapcs_dec21_2019_pheno86.sumstats.gz \
--w-ld-chr eur_w_ld_chr/ 

Beginning analysis at Tue Dec  8 15:17:57 2020
Reading summary statistics from /home/eerdem/CELLECT/cortical_ROI_CHARGE2020/model1a_medialorbitofrontal_SAMPLESIZE.sumstats.gz ...
Read summary statistics for 1191336 SNPs.
Reading reference panel LD Score from eur_w_ld_chr/[1-22] ...
Read reference panel LD Scores for 1290028 SNPs.
Removing partitioned LD Scores with zero variance.
Reading regression weight LD Score from eur_w_ld_chr/[1-22] ...
Read regression weight LD Scores for 1290028 SNPs.
After merging with reference panel LD, 1174092 SNPs remain.
After merging with regression SNP LD, 1174092 SNPs remain.
Computing rg for phenotype 2/2
Reading summary statistics from /home/eerdem/CELLECT/gwas/BIG-S2_DTI2020_munged/ukb_phase1to3_fapcs_dec21_2019_pheno86.sumstats.gz ...
Read summary statistics for 1149074 SNPs.
After merging with summary statistics, 1134837 SNPs remain.
1134837 SNPs with valid alleles.

Heritability of phenotype 1
---------------------------
Total Observed scale h2: 0.1557 (0.0264)
Lambda GC: 1.0475
Mean Chi^2: 1.0475
Intercept: 0.9903 (0.0058)
Ratio < 0 (usually indicates GC correction).

Heritability of phenotype 2/2
-----------------------------
Total Observed scale h2: 0.2391 (0.024)
Lambda GC: 1.1238
Mean Chi^2: 1.1672
Intercept: 1.0139 (0.0084)
Ratio: 0.0832 (0.0504)

Genetic Covariance
------------------
Total Observed scale gencov: 0.0302 (0.0165)
Mean z1*z2: 0.0211
Intercept: 0.006 (0.0051)

Genetic Correlation
-------------------
Genetic Correlation: 0.1568 (0.085)
Z-score: 1.8442
P: 0.0652


Summary of Genetic Correlation Results
p1                                                                                                  p2      rg     se       z       p  h2_obs  h2_obs_se  h2_int  h2_int_se  gcov_int  gcov_int_se
/home/eerdem/CELLECT/cortical_ROI_CHARGE2020/model1a_medialorbitofrontal_SAMPLESIZE.sumstats.gz  /home/eerdem/CELLECT/gwas/BIG-S2_DTI2020_munged/ukb_phase1to3_fapcs_dec21_2019_pheno86.sumstats.gz  0.1568  0.085  1.8442  0.0652  0.2391      0.024  1.0139     0.0084     0.006       0.0051

Analysis finished at Tue Dec  8 15:18:21 2020
Total time elapsed: 23.88s
