*********************************************************************
* LD Score Regression (LDSC)
* Version 1.0.0
* (C) 2014-2015 Brendan Bulik-Sullivan and Hilary Finucane
* Broad Institute of MIT and Harvard / MIT Department of Mathematics
* GNU General Public License v3
*********************************************************************
Call: 
./ldsc.py \
--ref-ld-chr eur_w_ld_chr/ \
--out /home/eerdem/notebooks/CELLECT-Analyser/out/genetic_correlation/gc/model1d_precuneus_ukb_phase1to3_fapcs_dec21_2019_pheno35 \
--rg /home/eerdem/CELLECT/cortical_ROI_CHARGE2020/model1d_precuneus_SAMPLESIZE.sumstats.gz,/home/eerdem/CELLECT/gwas/BIG-S2_DTI2020_munged/ukb_phase1to3_fapcs_dec21_2019_pheno35.sumstats.gz \
--w-ld-chr eur_w_ld_chr/ 

Beginning analysis at Tue Dec  8 20:25:57 2020
Reading summary statistics from /home/eerdem/CELLECT/cortical_ROI_CHARGE2020/model1d_precuneus_SAMPLESIZE.sumstats.gz ...
Read summary statistics for 1186148 SNPs.
Reading reference panel LD Score from eur_w_ld_chr/[1-22] ...
Read reference panel LD Scores for 1290028 SNPs.
Removing partitioned LD Scores with zero variance.
Reading regression weight LD Score from eur_w_ld_chr/[1-22] ...
Read regression weight LD Scores for 1290028 SNPs.
After merging with reference panel LD, 1173376 SNPs remain.
After merging with regression SNP LD, 1173376 SNPs remain.
Computing rg for phenotype 2/2
Reading summary statistics from /home/eerdem/CELLECT/gwas/BIG-S2_DTI2020_munged/ukb_phase1to3_fapcs_dec21_2019_pheno35.sumstats.gz ...
Read summary statistics for 1149074 SNPs.
After merging with summary statistics, 1134823 SNPs remain.
1134823 SNPs with valid alleles.

Heritability of phenotype 1
---------------------------
Total Observed scale h2: 0.2765 (0.0291)
Lambda GC: 1.0832
Mean Chi^2: 1.1129
Intercept: 0.9872 (0.0079)
Ratio < 0 (usually indicates GC correction).

Heritability of phenotype 2/2
-----------------------------
Total Observed scale h2: 0.2729 (0.0249)
Lambda GC: 1.1303
Mean Chi^2: 1.1762
Intercept: 0.998 (0.0086)
Ratio < 0 (usually indicates GC correction).

Genetic Covariance
------------------
Total Observed scale gencov: -0.0363 (0.0175)
Mean z1*z2: -0.0189
Intercept: 0.0038 (0.0056)

Genetic Correlation
-------------------
Genetic Correlation: -0.1321 (0.063)
Z-score: -2.099
P: 0.0358


Summary of Genetic Correlation Results
p1                                                                                                  p2      rg     se      z       p  h2_obs  h2_obs_se  h2_int  h2_int_se  gcov_int  gcov_int_se
/home/eerdem/CELLECT/cortical_ROI_CHARGE2020/model1d_precuneus_SAMPLESIZE.sumstats.gz  /home/eerdem/CELLECT/gwas/BIG-S2_DTI2020_munged/ukb_phase1to3_fapcs_dec21_2019_pheno35.sumstats.gz -0.1321  0.063 -2.099  0.0358  0.2729     0.0249   0.998     0.0086    0.0038       0.0056

Analysis finished at Tue Dec  8 20:26:20 2020
Total time elapsed: 22.42s
