*********************************************************************
* LD Score Regression (LDSC)
* Version 1.0.0
* (C) 2014-2015 Brendan Bulik-Sullivan and Hilary Finucane
* Broad Institute of MIT and Harvard / MIT Department of Mathematics
* GNU General Public License v3
*********************************************************************
Call: 
./ldsc.py \
--ref-ld-chr eur_w_ld_chr/ \
--out /home/eerdem/notebooks/CELLECT-Analyser/out/genetic_correlation/gc/model1d_temporalpole_Net100_Pair9_44 \
--rg /home/eerdem/CELLECT/cortical_ROI_CHARGE2020/model1d_temporalpole_SAMPLESIZE.sumstats.gz,/home/eerdem/CELLECT/gwas/BIG-S2_rs-fMRI/ukb_phase1to3_fmri_edge_dec21_2019_pheno1122.sumstats.gz \
--w-ld-chr eur_w_ld_chr/ 

Beginning analysis at Tue Dec  8 15:24:12 2020
Reading summary statistics from /home/eerdem/CELLECT/cortical_ROI_CHARGE2020/model1d_temporalpole_SAMPLESIZE.sumstats.gz ...
Read summary statistics for 1185969 SNPs.
Reading reference panel LD Score from eur_w_ld_chr/[1-22] ...
Read reference panel LD Scores for 1290028 SNPs.
Removing partitioned LD Scores with zero variance.
Reading regression weight LD Score from eur_w_ld_chr/[1-22] ...
Read regression weight LD Scores for 1290028 SNPs.
After merging with reference panel LD, 1173214 SNPs remain.
After merging with regression SNP LD, 1173214 SNPs remain.
Computing rg for phenotype 2/2
Reading summary statistics from /home/eerdem/CELLECT/gwas/BIG-S2_rs-fMRI/ukb_phase1to3_fmri_edge_dec21_2019_pheno1122.sumstats.gz ...
Read summary statistics for 1149479 SNPs.
After merging with summary statistics, 1135130 SNPs remain.
1135130 SNPs with valid alleles.

Heritability of phenotype 1
---------------------------
Total Observed scale h2: 0.0551 (0.0221)
Lambda GC: 1.0312
Mean Chi^2: 1.0384
Intercept: 1.0132 (0.0074)
Ratio: 0.3437 (0.1932)

Heritability of phenotype 2/2
-----------------------------
Total Observed scale h2: 0.18 (0.02)
Lambda GC: 1.106
Mean Chi^2: 1.1243
Intercept: 1.007 (0.0077)
Ratio: 0.0566 (0.0622)

Genetic Covariance
------------------
Total Observed scale gencov: -0.0063 (0.012)
Mean z1*z2: 0.0081
Intercept: 0.0124 (0.0045)

Genetic Correlation
-------------------
Genetic Correlation: -0.0628 (0.1212)
Z-score: -0.5181
P: 0.6044


Summary of Genetic Correlation Results
p1                                                                                                 p2      rg      se       z       p  h2_obs  h2_obs_se  h2_int  h2_int_se  gcov_int  gcov_int_se
/home/eerdem/CELLECT/cortical_ROI_CHARGE2020/model1d_temporalpole_SAMPLESIZE.sumstats.gz  /home/eerdem/CELLECT/gwas/BIG-S2_rs-fMRI/ukb_phase1to3_fmri_edge_dec21_2019_pheno1122.sumstats.gz -0.0628  0.1212 -0.5181  0.6044    0.18       0.02   1.007     0.0077    0.0124       0.0045

Analysis finished at Tue Dec  8 15:24:37 2020
Total time elapsed: 24.69s
