*********************************************************************
* LD Score Regression (LDSC)
* Version 1.0.0
* (C) 2014-2015 Brendan Bulik-Sullivan and Hilary Finucane
* Broad Institute of MIT and Harvard / MIT Department of Mathematics
* GNU General Public License v3
*********************************************************************
Call: 
./ldsc.py \
--ref-ld-chr eur_w_ld_chr/ \
--out /home/eerdem/notebooks/CELLECT-Analyser/out/genetic_correlation/gc/Net100_Node25_ukb_phase1to3_dti441_dec21_2019_pheno288 \
--rg /home/eerdem/CELLECT/gwas/BIG-S2_rs-fMRI/ukb_phase1to3_fmri_node_dec21_2019_pheno46.sumstats.gz,/home/eerdem/CELLECT/gwas/BIG-S2_DTI2020_munged/ukb_phase1to3_dti441_dec21_2019_pheno288.sumstats.gz \
--w-ld-chr eur_w_ld_chr/ 

Beginning analysis at Tue Dec  8 16:53:12 2020
Reading summary statistics from /home/eerdem/CELLECT/gwas/BIG-S2_rs-fMRI/ukb_phase1to3_fmri_node_dec21_2019_pheno46.sumstats.gz ...
Read summary statistics for 1149479 SNPs.
Reading reference panel LD Score from eur_w_ld_chr/[1-22] ...
Read reference panel LD Scores for 1290028 SNPs.
Removing partitioned LD Scores with zero variance.
Reading regression weight LD Score from eur_w_ld_chr/[1-22] ...
Read regression weight LD Scores for 1290028 SNPs.
After merging with reference panel LD, 1142539 SNPs remain.
After merging with regression SNP LD, 1142539 SNPs remain.
Computing rg for phenotype 2/2
Reading summary statistics from /home/eerdem/CELLECT/gwas/BIG-S2_DTI2020_munged/ukb_phase1to3_dti441_dec21_2019_pheno288.sumstats.gz ...
Read summary statistics for 1149073 SNPs.
After merging with summary statistics, 1141610 SNPs remain.
1141610 SNPs with valid alleles.

Heritability of phenotype 1
---------------------------
Total Observed scale h2: 0.1845 (0.0205)
Lambda GC: 1.1033
Mean Chi^2: 1.1221
Intercept: 1.0042 (0.0085)
Ratio: 0.0346 (0.0695)

Heritability of phenotype 2/2
-----------------------------
Total Observed scale h2: 0.2637 (0.0294)
Lambda GC: 1.124
Mean Chi^2: 1.1764
Intercept: 1.0178 (0.0081)
Ratio: 0.101 (0.0457)

Genetic Covariance
------------------
Total Observed scale gencov: -0.0167 (0.0129)
Mean z1*z2: -0.1034
Intercept: -0.0936 (0.0046)

Genetic Correlation
-------------------
Genetic Correlation: -0.0756 (0.0586)
Z-score: -1.2905
P: 0.1969


Summary of Genetic Correlation Results
p1                                                                                                    p2      rg      se       z       p  h2_obs  h2_obs_se  h2_int  h2_int_se  gcov_int  gcov_int_se
/home/eerdem/CELLECT/gwas/BIG-S2_rs-fMRI/ukb_phase1to3_fmri_node_dec21_2019_pheno46.sumstats.gz  /home/eerdem/CELLECT/gwas/BIG-S2_DTI2020_munged/ukb_phase1to3_dti441_dec21_2019_pheno288.sumstats.gz -0.0756  0.0586 -1.2905  0.1969  0.2637     0.0294  1.0178     0.0081   -0.0936       0.0046

Analysis finished at Tue Dec  8 16:53:37 2020
Total time elapsed: 25.02s
