*********************************************************************
* LD Score Regression (LDSC)
* Version 1.0.0
* (C) 2014-2015 Brendan Bulik-Sullivan and Hilary Finucane
* Broad Institute of MIT and Harvard / MIT Department of Mathematics
* GNU General Public License v3
*********************************************************************
Call: 
./ldsc.py \
--ref-ld-chr eur_w_ld_chr/ \
--out /home/eerdem/notebooks/CELLECT-Analyser/out/genetic_correlation/gc/Net100_Node46_ukb_phase1to3_dti441_dec21_2019_pheno253 \
--rg /home/eerdem/CELLECT/gwas/BIG-S2_rs-fMRI/ukb_phase1to3_fmri_node_dec21_2019_pheno67.sumstats.gz,/home/eerdem/CELLECT/gwas/BIG-S2_DTI2020_munged/ukb_phase1to3_dti441_dec21_2019_pheno253.sumstats.gz \
--w-ld-chr eur_w_ld_chr/ 

Beginning analysis at Tue Dec  8 18:30:27 2020
Reading summary statistics from /home/eerdem/CELLECT/gwas/BIG-S2_rs-fMRI/ukb_phase1to3_fmri_node_dec21_2019_pheno67.sumstats.gz ...
Read summary statistics for 1149479 SNPs.
Reading reference panel LD Score from eur_w_ld_chr/[1-22] ...
Read reference panel LD Scores for 1290028 SNPs.
Removing partitioned LD Scores with zero variance.
Reading regression weight LD Score from eur_w_ld_chr/[1-22] ...
Read regression weight LD Scores for 1290028 SNPs.
After merging with reference panel LD, 1142539 SNPs remain.
After merging with regression SNP LD, 1142539 SNPs remain.
Computing rg for phenotype 2/2
Reading summary statistics from /home/eerdem/CELLECT/gwas/BIG-S2_DTI2020_munged/ukb_phase1to3_dti441_dec21_2019_pheno253.sumstats.gz ...
Read summary statistics for 1149073 SNPs.
After merging with summary statistics, 1141610 SNPs remain.
1141610 SNPs with valid alleles.

Heritability of phenotype 1
---------------------------
Total Observed scale h2: 0.1909 (0.0225)
Lambda GC: 1.1051
Mean Chi^2: 1.1431
Intercept: 1.0172 (0.0077)
Ratio: 0.1201 (0.0539)

Heritability of phenotype 2/2
-----------------------------
Total Observed scale h2: 0.3151 (0.0338)
Lambda GC: 1.1402
Mean Chi^2: 1.2063
Intercept: 1.0152 (0.0085)
Ratio: 0.0736 (0.0411)

Genetic Covariance
------------------
Total Observed scale gencov: -0.0054 (0.0123)
Mean z1*z2: -0.0707
Intercept: -0.0682 (0.0048)

Genetic Correlation
-------------------
Genetic Correlation: -0.022 (0.0499)
Z-score: -0.4406
P: 0.6595


Summary of Genetic Correlation Results
p1                                                                                                    p2     rg      se       z       p  h2_obs  h2_obs_se  h2_int  h2_int_se  gcov_int  gcov_int_se
/home/eerdem/CELLECT/gwas/BIG-S2_rs-fMRI/ukb_phase1to3_fmri_node_dec21_2019_pheno67.sumstats.gz  /home/eerdem/CELLECT/gwas/BIG-S2_DTI2020_munged/ukb_phase1to3_dti441_dec21_2019_pheno253.sumstats.gz -0.022  0.0499 -0.4406  0.6595  0.3151     0.0338  1.0152     0.0085   -0.0682       0.0048

Analysis finished at Tue Dec  8 18:30:49 2020
Total time elapsed: 21.53s
