*********************************************************************
* LD Score Regression (LDSC)
* Version 1.0.0
* (C) 2014-2015 Brendan Bulik-Sullivan and Hilary Finucane
* Broad Institute of MIT and Harvard / MIT Department of Mathematics
* GNU General Public License v3
*********************************************************************
Call: 
./ldsc.py \
--ref-ld-chr eur_w_ld_chr/ \
--out /home/eerdem/notebooks/CELLECT-Analyser/out/genetic_correlation/gc/Net100_Pair2_29_ukb_phase1to3_dti441_dec21_2019_pheno96 \
--rg /home/eerdem/CELLECT/gwas/BIG-S2_rs-fMRI/ukb_phase1to3_fmri_edge_dec21_2019_pheno590.sumstats.gz,/home/eerdem/CELLECT/gwas/BIG-S2_DTI2020_munged/ukb_phase1to3_dti441_dec21_2019_pheno96.sumstats.gz \
--w-ld-chr eur_w_ld_chr/ 

Beginning analysis at Tue Dec  8 20:22:12 2020
Reading summary statistics from /home/eerdem/CELLECT/gwas/BIG-S2_rs-fMRI/ukb_phase1to3_fmri_edge_dec21_2019_pheno590.sumstats.gz ...
Read summary statistics for 1149479 SNPs.
Reading reference panel LD Score from eur_w_ld_chr/[1-22] ...
Read reference panel LD Scores for 1290028 SNPs.
Removing partitioned LD Scores with zero variance.
Reading regression weight LD Score from eur_w_ld_chr/[1-22] ...
Read regression weight LD Scores for 1290028 SNPs.
After merging with reference panel LD, 1142539 SNPs remain.
After merging with regression SNP LD, 1142539 SNPs remain.
Computing rg for phenotype 2/2
Reading summary statistics from /home/eerdem/CELLECT/gwas/BIG-S2_DTI2020_munged/ukb_phase1to3_dti441_dec21_2019_pheno96.sumstats.gz ...
Read summary statistics for 1149074 SNPs.
After merging with summary statistics, 1141611 SNPs remain.
1141611 SNPs with valid alleles.

Heritability of phenotype 1
---------------------------
Total Observed scale h2: 0.143 (0.0245)
Lambda GC: 1.0849
Mean Chi^2: 1.1007
Intercept: 1.0068 (0.0086)
Ratio: 0.0678 (0.0852)

Heritability of phenotype 2/2
-----------------------------
Total Observed scale h2: 0.2153 (0.0215)
Lambda GC: 1.105
Mean Chi^2: 1.1403
Intercept: 1.0077 (0.0076)
Ratio: 0.0548 (0.0542)

Genetic Covariance
------------------
Total Observed scale gencov: -0.0227 (0.0123)
Mean z1*z2: -0.0341
Intercept: -0.0192 (0.005)

Genetic Correlation
-------------------
Genetic Correlation: -0.1293 (0.0697)
Z-score: -1.856
P: 0.0635


Summary of Genetic Correlation Results
p1                                                                                                   p2      rg      se      z       p  h2_obs  h2_obs_se  h2_int  h2_int_se  gcov_int  gcov_int_se
/home/eerdem/CELLECT/gwas/BIG-S2_rs-fMRI/ukb_phase1to3_fmri_edge_dec21_2019_pheno590.sumstats.gz  /home/eerdem/CELLECT/gwas/BIG-S2_DTI2020_munged/ukb_phase1to3_dti441_dec21_2019_pheno96.sumstats.gz -0.1293  0.0697 -1.856  0.0635  0.2153     0.0215  1.0077     0.0076   -0.0192        0.005

Analysis finished at Tue Dec  8 20:22:33 2020
Total time elapsed: 20.96s
