*********************************************************************
* LD Score Regression (LDSC)
* Version 1.0.0
* (C) 2014-2015 Brendan Bulik-Sullivan and Hilary Finucane
* Broad Institute of MIT and Harvard / MIT Department of Mathematics
* GNU General Public License v3
*********************************************************************
Call: 
./ldsc.py \
--ref-ld-chr eur_w_ld_chr/ \
--out /home/eerdem/notebooks/CELLECT-Analyser/out/genetic_correlation/gc/Net100_Pair29_34_Net100_Pair32_38 \
--rg /home/eerdem/CELLECT/gwas/BIG-S2_rs-fMRI/ukb_phase1to3_fmri_edge_dec21_2019_pheno767.sumstats.gz,/home/eerdem/CELLECT/gwas/BIG-S2_rs-fMRI/ukb_phase1to3_fmri_edge_dec21_2019_pheno908.sumstats.gz \
--w-ld-chr eur_w_ld_chr/ 

Beginning analysis at Tue Dec  8 15:04:42 2020
Reading summary statistics from /home/eerdem/CELLECT/gwas/BIG-S2_rs-fMRI/ukb_phase1to3_fmri_edge_dec21_2019_pheno767.sumstats.gz ...
Read summary statistics for 1149479 SNPs.
Reading reference panel LD Score from eur_w_ld_chr/[1-22] ...
Read reference panel LD Scores for 1290028 SNPs.
Removing partitioned LD Scores with zero variance.
Reading regression weight LD Score from eur_w_ld_chr/[1-22] ...
Read regression weight LD Scores for 1290028 SNPs.
After merging with reference panel LD, 1142539 SNPs remain.
After merging with regression SNP LD, 1142539 SNPs remain.
Computing rg for phenotype 2/2
Reading summary statistics from /home/eerdem/CELLECT/gwas/BIG-S2_rs-fMRI/ukb_phase1to3_fmri_edge_dec21_2019_pheno908.sumstats.gz ...
Read summary statistics for 1149479 SNPs.
After merging with summary statistics, 1142539 SNPs remain.
1142539 SNPs with valid alleles.

Heritability of phenotype 1
---------------------------
Total Observed scale h2: 0.0495 (0.0164)
Lambda GC: 1.0272
Mean Chi^2: 1.0355
Intercept: 1.0033 (0.0064)
Ratio: 0.0928 (0.1791)

Heritability of phenotype 2/2
-----------------------------
Total Observed scale h2: 0.0337 (0.014)
Lambda GC: 1.0161
Mean Chi^2: 1.024
Intercept: 1.0021 (0.0063)
Ratio: 0.0871 (0.264)

Genetic Covariance
------------------
Total Observed scale gencov: -0.0021 (0.0095)
Mean z1*z2: 0.0206
Intercept: 0.0219 (0.0045)

Genetic Correlation
-------------------
Genetic Correlation: -0.0505 (0.2348)
Z-score: -0.215
P: 0.8298


Summary of Genetic Correlation Results
p1                                                                                                p2      rg      se      z       p  h2_obs  h2_obs_se  h2_int  h2_int_se  gcov_int  gcov_int_se
/home/eerdem/CELLECT/gwas/BIG-S2_rs-fMRI/ukb_phase1to3_fmri_edge_dec21_2019_pheno767.sumstats.gz  /home/eerdem/CELLECT/gwas/BIG-S2_rs-fMRI/ukb_phase1to3_fmri_edge_dec21_2019_pheno908.sumstats.gz -0.0505  0.2348 -0.215  0.8298  0.0337      0.014  1.0021     0.0063    0.0219       0.0045

Analysis finished at Tue Dec  8 15:05:06 2020
Total time elapsed: 24.3s
