*********************************************************************
* LD Score Regression (LDSC)
* Version 1.0.0
* (C) 2014-2015 Brendan Bulik-Sullivan and Hilary Finucane
* Broad Institute of MIT and Harvard / MIT Department of Mathematics
* GNU General Public License v3
*********************************************************************
Call: 
./ldsc.py \
--ref-ld-chr eur_w_ld_chr/ \
--out /home/eerdem/notebooks/CELLECT-Analyser/out/genetic_correlation/gc/Net100_Pair6_35_ukb_phase1to3_dti441_dec21_2019_pheno4 \
--rg /home/eerdem/CELLECT/gwas/BIG-S2_rs-fMRI/ukb_phase1to3_fmri_edge_dec21_2019_pheno777.sumstats.gz,/home/eerdem/CELLECT/gwas/BIG-S2_DTI2020_munged/ukb_phase1to3_dti441_dec21_2019_pheno4.sumstats.gz \
--w-ld-chr eur_w_ld_chr/ 

Beginning analysis at Tue Dec  8 18:48:57 2020
Reading summary statistics from /home/eerdem/CELLECT/gwas/BIG-S2_rs-fMRI/ukb_phase1to3_fmri_edge_dec21_2019_pheno777.sumstats.gz ...
Read summary statistics for 1149479 SNPs.
Reading reference panel LD Score from eur_w_ld_chr/[1-22] ...
Read reference panel LD Scores for 1290028 SNPs.
Removing partitioned LD Scores with zero variance.
Reading regression weight LD Score from eur_w_ld_chr/[1-22] ...
Read regression weight LD Scores for 1290028 SNPs.
After merging with reference panel LD, 1142539 SNPs remain.
After merging with regression SNP LD, 1142539 SNPs remain.
Computing rg for phenotype 2/2
Reading summary statistics from /home/eerdem/CELLECT/gwas/BIG-S2_DTI2020_munged/ukb_phase1to3_dti441_dec21_2019_pheno4.sumstats.gz ...
Read summary statistics for 1149074 SNPs.
After merging with summary statistics, 1141611 SNPs remain.
1141611 SNPs with valid alleles.

Heritability of phenotype 1
---------------------------
Total Observed scale h2: 0.0468 (0.0149)
Lambda GC: 1.0398
Mean Chi^2: 1.0423
Intercept: 1.0114 (0.0067)
Ratio: 0.2697 (0.1574)

Heritability of phenotype 2/2
-----------------------------
Total Observed scale h2: 0.277 (0.0228)
Lambda GC: 1.1427
Mean Chi^2: 1.1889
Intercept: 1.0158 (0.0072)
Ratio: 0.0835 (0.038)

Genetic Covariance
------------------
Total Observed scale gencov: -0.0043 (0.0119)
Mean z1*z2: -0.0064
Intercept: -0.0055 (0.0049)

Genetic Correlation
-------------------
Genetic Correlation: -0.0381 (0.1057)
Z-score: -0.361
P: 0.7181


Summary of Genetic Correlation Results
p1                                                                                                  p2      rg      se      z       p  h2_obs  h2_obs_se  h2_int  h2_int_se  gcov_int  gcov_int_se
/home/eerdem/CELLECT/gwas/BIG-S2_rs-fMRI/ukb_phase1to3_fmri_edge_dec21_2019_pheno777.sumstats.gz  /home/eerdem/CELLECT/gwas/BIG-S2_DTI2020_munged/ukb_phase1to3_dti441_dec21_2019_pheno4.sumstats.gz -0.0381  0.1057 -0.361  0.7181   0.277     0.0228  1.0158     0.0072   -0.0055       0.0049

Analysis finished at Tue Dec  8 18:49:21 2020
Total time elapsed: 23.32s
