*********************************************************************
* LD Score Regression (LDSC)
* Version 1.0.0
* (C) 2014-2015 Brendan Bulik-Sullivan and Hilary Finucane
* Broad Institute of MIT and Harvard / MIT Department of Mathematics
* GNU General Public License v3
*********************************************************************
Call: 
./ldsc.py \
--ref-ld-chr eur_w_ld_chr/ \
--out /home/eerdem/notebooks/CELLECT-Analyser/out/genetic_correlation/gc/Net100_Node4_Net100_Pair29_44 \
--rg /home/eerdem/CELLECT/gwas/BIG-S2_rs-fMRI/ukb_phase1to3_fmri_node_dec21_2019_pheno25.sumstats.gz,/home/eerdem/CELLECT/gwas/BIG-S2_rs-fMRI/ukb_phase1to3_fmri_edge_dec21_2019_pheno1142.sumstats.gz \
--w-ld-chr eur_w_ld_chr/ 

Beginning analysis at Tue Dec  8 16:36:57 2020
Reading summary statistics from /home/eerdem/CELLECT/gwas/BIG-S2_rs-fMRI/ukb_phase1to3_fmri_node_dec21_2019_pheno25.sumstats.gz ...
Read summary statistics for 1149479 SNPs.
Reading reference panel LD Score from eur_w_ld_chr/[1-22] ...
Read reference panel LD Scores for 1290028 SNPs.
Removing partitioned LD Scores with zero variance.
Reading regression weight LD Score from eur_w_ld_chr/[1-22] ...
Read regression weight LD Scores for 1290028 SNPs.
After merging with reference panel LD, 1142539 SNPs remain.
After merging with regression SNP LD, 1142539 SNPs remain.
Computing rg for phenotype 2/2
Reading summary statistics from /home/eerdem/CELLECT/gwas/BIG-S2_rs-fMRI/ukb_phase1to3_fmri_edge_dec21_2019_pheno1142.sumstats.gz ...
Read summary statistics for 1149479 SNPs.
After merging with summary statistics, 1142539 SNPs remain.
1142539 SNPs with valid alleles.

Heritability of phenotype 1
---------------------------
Total Observed scale h2: 0.1201 (0.0214)
Lambda GC: 1.0655
Mean Chi^2: 1.0819
Intercept: 1.0042 (0.0086)
Ratio: 0.0517 (0.105)

Heritability of phenotype 2/2
-----------------------------
Total Observed scale h2: 0.1466 (0.0197)
Lambda GC: 1.0827
Mean Chi^2: 1.1064
Intercept: 1.0096 (0.0075)
Ratio: 0.0904 (0.0701)

Genetic Covariance
------------------
Total Observed scale gencov: -0.0143 (0.0104)
Mean z1*z2: -0.0093
Intercept: 0.0005 (0.0047)

Genetic Correlation
-------------------
Genetic Correlation: -0.1076 (0.0785)
Z-score: -1.3711
P: 0.1703


Summary of Genetic Correlation Results
p1                                                                                                 p2      rg      se       z       p  h2_obs  h2_obs_se  h2_int  h2_int_se  gcov_int  gcov_int_se
/home/eerdem/CELLECT/gwas/BIG-S2_rs-fMRI/ukb_phase1to3_fmri_node_dec21_2019_pheno25.sumstats.gz  /home/eerdem/CELLECT/gwas/BIG-S2_rs-fMRI/ukb_phase1to3_fmri_edge_dec21_2019_pheno1142.sumstats.gz -0.1076  0.0785 -1.3711  0.1703  0.1466     0.0197  1.0096     0.0075    0.0005       0.0047

Analysis finished at Tue Dec  8 16:37:20 2020
Total time elapsed: 22.9s
