*********************************************************************
* LD Score Regression (LDSC)
* Version 1.0.0
* (C) 2014-2015 Brendan Bulik-Sullivan and Hilary Finucane
* Broad Institute of MIT and Harvard / MIT Department of Mathematics
* GNU General Public License v3
*********************************************************************
Call: 
./ldsc.py \
--ref-ld-chr eur_w_ld_chr/ \
--out /home/eerdem/notebooks/CELLECT-Analyser/out/genetic_correlation/gc/Net100_Node54_ukb_phase1to3_dti441_dec21_2019_pheno439 \
--rg /home/eerdem/CELLECT/gwas/BIG-S2_rs-fMRI/ukb_phase1to3_fmri_node_dec21_2019_pheno75.sumstats.gz,/home/eerdem/CELLECT/gwas/BIG-S2_DTI2020_munged/ukb_phase1to3_dti441_dec21_2019_pheno439.sumstats.gz \
--w-ld-chr eur_w_ld_chr/ 

Beginning analysis at Tue Dec  8 19:08:57 2020
Reading summary statistics from /home/eerdem/CELLECT/gwas/BIG-S2_rs-fMRI/ukb_phase1to3_fmri_node_dec21_2019_pheno75.sumstats.gz ...
Read summary statistics for 1149479 SNPs.
Reading reference panel LD Score from eur_w_ld_chr/[1-22] ...
Read reference panel LD Scores for 1290028 SNPs.
Removing partitioned LD Scores with zero variance.
Reading regression weight LD Score from eur_w_ld_chr/[1-22] ...
Read regression weight LD Scores for 1290028 SNPs.
After merging with reference panel LD, 1142539 SNPs remain.
After merging with regression SNP LD, 1142539 SNPs remain.
Computing rg for phenotype 2/2
Reading summary statistics from /home/eerdem/CELLECT/gwas/BIG-S2_DTI2020_munged/ukb_phase1to3_dti441_dec21_2019_pheno439.sumstats.gz ...
Read summary statistics for 1149074 SNPs.
After merging with summary statistics, 1141611 SNPs remain.
1141611 SNPs with valid alleles.

Heritability of phenotype 1
---------------------------
Total Observed scale h2: 0.0843 (0.0163)
Lambda GC: 1.0494
Mean Chi^2: 1.0647
Intercept: 1.0095 (0.0069)
Ratio: 0.1476 (0.106)

Heritability of phenotype 2/2
-----------------------------
Total Observed scale h2: 0.2119 (0.023)
Lambda GC: 1.0986
Mean Chi^2: 1.1325
Intercept: 1.003 (0.0076)
Ratio: 0.0227 (0.057)

Genetic Covariance
------------------
Total Observed scale gencov: 0.0079 (0.0124)
Mean z1*z2: -0.1074
Intercept: -0.1142 (0.005)

Genetic Correlation
-------------------
Genetic Correlation: 0.0593 (0.094)
Z-score: 0.631
P: 0.528


Summary of Genetic Correlation Results
p1                                                                                                    p2      rg     se      z      p  h2_obs  h2_obs_se  h2_int  h2_int_se  gcov_int  gcov_int_se
/home/eerdem/CELLECT/gwas/BIG-S2_rs-fMRI/ukb_phase1to3_fmri_node_dec21_2019_pheno75.sumstats.gz  /home/eerdem/CELLECT/gwas/BIG-S2_DTI2020_munged/ukb_phase1to3_dti441_dec21_2019_pheno439.sumstats.gz  0.0593  0.094  0.631  0.528  0.2119      0.023   1.003     0.0076   -0.1142        0.005

Analysis finished at Tue Dec  8 19:09:26 2020
Total time elapsed: 29.21s
