*********************************************************************
* LD Score Regression (LDSC)
* Version 1.0.0
* (C) 2014-2015 Brendan Bulik-Sullivan and Hilary Finucane
* Broad Institute of MIT and Harvard / MIT Department of Mathematics
* GNU General Public License v3
*********************************************************************
Call: 
./ldsc.py \
--ref-ld-chr eur_w_ld_chr/ \
--out /home/eerdem/notebooks/CELLECT-Analyser/out/genetic_correlation/gc/Net100_Pair14_40_ukb_phase1to3_fapcs_dec21_2019_pheno30 \
--rg /home/eerdem/CELLECT/gwas/BIG-S2_rs-fMRI/ukb_phase1to3_fmri_edge_dec21_2019_pheno965.sumstats.gz,/home/eerdem/CELLECT/gwas/BIG-S2_DTI2020_munged/ukb_phase1to3_fapcs_dec21_2019_pheno30.sumstats.gz \
--w-ld-chr eur_w_ld_chr/ 

Beginning analysis at Tue Dec  8 15:51:27 2020
Reading summary statistics from /home/eerdem/CELLECT/gwas/BIG-S2_rs-fMRI/ukb_phase1to3_fmri_edge_dec21_2019_pheno965.sumstats.gz ...
Read summary statistics for 1149479 SNPs.
Reading reference panel LD Score from eur_w_ld_chr/[1-22] ...
Read reference panel LD Scores for 1290028 SNPs.
Removing partitioned LD Scores with zero variance.
Reading regression weight LD Score from eur_w_ld_chr/[1-22] ...
Read regression weight LD Scores for 1290028 SNPs.
After merging with reference panel LD, 1142539 SNPs remain.
After merging with regression SNP LD, 1142539 SNPs remain.
Computing rg for phenotype 2/2
Reading summary statistics from /home/eerdem/CELLECT/gwas/BIG-S2_DTI2020_munged/ukb_phase1to3_fapcs_dec21_2019_pheno30.sumstats.gz ...
Read summary statistics for 1149074 SNPs.
After merging with summary statistics, 1141611 SNPs remain.
1141611 SNPs with valid alleles.

Heritability of phenotype 1
---------------------------
Total Observed scale h2: 0.0402 (0.0142)
Lambda GC: 1.0291
Mean Chi^2: 1.0296
Intercept: 1.0027 (0.0065)
Ratio: 0.0918 (0.2187)

Heritability of phenotype 2/2
-----------------------------
Total Observed scale h2: 0.0979 (0.0229)
Lambda GC: 1.046
Mean Chi^2: 1.0657
Intercept: 1.005 (0.0074)
Ratio: 0.0763 (0.1119)

Genetic Covariance
------------------
Total Observed scale gencov: -0.0117 (0.0107)
Mean z1*z2: -0.0086
Intercept: -0.0009 (0.0045)

Genetic Correlation
-------------------
Genetic Correlation: -0.1861 (0.1697)
Z-score: -1.097
P: 0.2726


Summary of Genetic Correlation Results
p1                                                                                                  p2      rg      se      z       p  h2_obs  h2_obs_se  h2_int  h2_int_se  gcov_int  gcov_int_se
/home/eerdem/CELLECT/gwas/BIG-S2_rs-fMRI/ukb_phase1to3_fmri_edge_dec21_2019_pheno965.sumstats.gz  /home/eerdem/CELLECT/gwas/BIG-S2_DTI2020_munged/ukb_phase1to3_fapcs_dec21_2019_pheno30.sumstats.gz -0.1861  0.1697 -1.097  0.2726  0.0979     0.0229   1.005     0.0074   -0.0009       0.0045

Analysis finished at Tue Dec  8 15:51:51 2020
Total time elapsed: 24.24s
