*********************************************************************
* LD Score Regression (LDSC)
* Version 1.0.0
* (C) 2014-2015 Brendan Bulik-Sullivan and Hilary Finucane
* Broad Institute of MIT and Harvard / MIT Department of Mathematics
* GNU General Public License v3
*********************************************************************
Call: 
./ldsc.py \
--ref-ld-chr eur_w_ld_chr/ \
--out /home/eerdem/notebooks/CELLECT-Analyser/out/genetic_correlation/gc/Net100_Pair10_13_ukb_phase1to3_fapcs_dec21_2019_pheno68 \
--rg /home/eerdem/CELLECT/gwas/BIG-S2_rs-fMRI/ukb_phase1to3_fmri_edge_dec21_2019_pheno286.sumstats.gz,/home/eerdem/CELLECT/gwas/BIG-S2_DTI2020_munged/ukb_phase1to3_fapcs_dec21_2019_pheno68.sumstats.gz \
--w-ld-chr eur_w_ld_chr/ 

Beginning analysis at Tue Dec  8 15:43:57 2020
Reading summary statistics from /home/eerdem/CELLECT/gwas/BIG-S2_rs-fMRI/ukb_phase1to3_fmri_edge_dec21_2019_pheno286.sumstats.gz ...
Read summary statistics for 1149479 SNPs.
Reading reference panel LD Score from eur_w_ld_chr/[1-22] ...
Read reference panel LD Scores for 1290028 SNPs.
Removing partitioned LD Scores with zero variance.
Reading regression weight LD Score from eur_w_ld_chr/[1-22] ...
Read regression weight LD Scores for 1290028 SNPs.
After merging with reference panel LD, 1142539 SNPs remain.
After merging with regression SNP LD, 1142539 SNPs remain.
Computing rg for phenotype 2/2
Reading summary statistics from /home/eerdem/CELLECT/gwas/BIG-S2_DTI2020_munged/ukb_phase1to3_fapcs_dec21_2019_pheno68.sumstats.gz ...
Read summary statistics for 1149074 SNPs.
After merging with summary statistics, 1141611 SNPs remain.
1141611 SNPs with valid alleles.

Heritability of phenotype 1
---------------------------
Total Observed scale h2: 0.0656 (0.0191)
Lambda GC: 1.0424
Mean Chi^2: 1.0479
Intercept: 1.0048 (0.0072)
Ratio: 0.0997 (0.1498)

Heritability of phenotype 2/2
-----------------------------
Total Observed scale h2: 0.291 (0.0229)
Lambda GC: 1.154
Mean Chi^2: 1.1888
Intercept: 1.0048 (0.0073)
Ratio: 0.0255 (0.0385)

Genetic Covariance
------------------
Total Observed scale gencov: 0.0156 (0.0141)
Mean z1*z2: 0.0826
Intercept: 0.0732 (0.0053)

Genetic Correlation
-------------------
Genetic Correlation: 0.1131 (0.114)
Z-score: 0.9924
P: 0.321


Summary of Genetic Correlation Results
p1                                                                                                  p2      rg     se       z      p  h2_obs  h2_obs_se  h2_int  h2_int_se  gcov_int  gcov_int_se
/home/eerdem/CELLECT/gwas/BIG-S2_rs-fMRI/ukb_phase1to3_fmri_edge_dec21_2019_pheno286.sumstats.gz  /home/eerdem/CELLECT/gwas/BIG-S2_DTI2020_munged/ukb_phase1to3_fapcs_dec21_2019_pheno68.sumstats.gz  0.1131  0.114  0.9924  0.321   0.291     0.0229  1.0048     0.0073    0.0732       0.0053

Analysis finished at Tue Dec  8 15:44:21 2020
Total time elapsed: 23.62s
