*********************************************************************
* LD Score Regression (LDSC)
* Version 1.0.0
* (C) 2014-2015 Brendan Bulik-Sullivan and Hilary Finucane
* Broad Institute of MIT and Harvard / MIT Department of Mathematics
* GNU General Public License v3
*********************************************************************
Call: 
./ldsc.py \
--ref-ld-chr eur_w_ld_chr/ \
--out /home/eerdem/notebooks/CELLECT-Analyser/out/genetic_correlation/gc/Net100_Pair27_45_ukb_phase1to3_dti441_dec21_2019_pheno313 \
--rg /home/eerdem/CELLECT/gwas/BIG-S2_rs-fMRI/ukb_phase1to3_fmri_edge_dec21_2019_pheno1183.sumstats.gz,/home/eerdem/CELLECT/gwas/BIG-S2_DTI2020_munged/ukb_phase1to3_dti441_dec21_2019_pheno313.sumstats.gz \
--w-ld-chr eur_w_ld_chr/ 

Beginning analysis at Tue Dec  8 17:45:57 2020
Reading summary statistics from /home/eerdem/CELLECT/gwas/BIG-S2_rs-fMRI/ukb_phase1to3_fmri_edge_dec21_2019_pheno1183.sumstats.gz ...
Read summary statistics for 1149479 SNPs.
Reading reference panel LD Score from eur_w_ld_chr/[1-22] ...
Read reference panel LD Scores for 1290028 SNPs.
Removing partitioned LD Scores with zero variance.
Reading regression weight LD Score from eur_w_ld_chr/[1-22] ...
Read regression weight LD Scores for 1290028 SNPs.
After merging with reference panel LD, 1142539 SNPs remain.
After merging with regression SNP LD, 1142539 SNPs remain.
Computing rg for phenotype 2/2
Reading summary statistics from /home/eerdem/CELLECT/gwas/BIG-S2_DTI2020_munged/ukb_phase1to3_dti441_dec21_2019_pheno313.sumstats.gz ...
Read summary statistics for 1149073 SNPs.
After merging with summary statistics, 1141610 SNPs remain.
1141610 SNPs with valid alleles.

Heritability of phenotype 1
---------------------------
Total Observed scale h2: 0.0804 (0.0161)
Lambda GC: 1.0473
Mean Chi^2: 1.0569
Intercept: 1.0038 (0.0067)
Ratio: 0.0665 (0.1182)

Heritability of phenotype 2/2
-----------------------------
Total Observed scale h2: 0.1798 (0.0219)
Lambda GC: 1.0789
Mean Chi^2: 1.1205
Intercept: 1.0123 (0.0077)
Ratio: 0.1022 (0.0636)

Genetic Covariance
------------------
Total Observed scale gencov: -0.0167 (0.0121)
Mean z1*z2: -0.0231
Intercept: -0.0111 (0.0051)

Genetic Correlation
-------------------
Genetic Correlation: -0.139 (0.0996)
Z-score: -1.3951
P: 0.163


Summary of Genetic Correlation Results
p1                                                                                                    p2     rg      se       z      p  h2_obs  h2_obs_se  h2_int  h2_int_se  gcov_int  gcov_int_se
/home/eerdem/CELLECT/gwas/BIG-S2_rs-fMRI/ukb_phase1to3_fmri_edge_dec21_2019_pheno1183.sumstats.gz  /home/eerdem/CELLECT/gwas/BIG-S2_DTI2020_munged/ukb_phase1to3_dti441_dec21_2019_pheno313.sumstats.gz -0.139  0.0996 -1.3951  0.163  0.1798     0.0219  1.0123     0.0077   -0.0111       0.0051

Analysis finished at Tue Dec  8 17:46:15 2020
Total time elapsed: 18.14s
