*********************************************************************
* LD Score Regression (LDSC)
* Version 1.0.0
* (C) 2014-2015 Brendan Bulik-Sullivan and Hilary Finucane
* Broad Institute of MIT and Harvard / MIT Department of Mathematics
* GNU General Public License v3
*********************************************************************
Call: 
./ldsc.py \
--ref-ld-chr eur_w_ld_chr/ \
--out /home/eerdem/notebooks/CELLECT-Analyser/out/genetic_correlation/gc/Net100_Pair6_23_ukb_phase1to3_dti441_dec21_2019_pheno58 \
--rg /home/eerdem/CELLECT/gwas/BIG-S2_rs-fMRI/ukb_phase1to3_fmri_edge_dec21_2019_pheno447.sumstats.gz,/home/eerdem/CELLECT/gwas/BIG-S2_DTI2020_munged/ukb_phase1to3_dti441_dec21_2019_pheno58.sumstats.gz \
--w-ld-chr eur_w_ld_chr/ 

Beginning analysis at Tue Dec  8 20:12:57 2020
Reading summary statistics from /home/eerdem/CELLECT/gwas/BIG-S2_rs-fMRI/ukb_phase1to3_fmri_edge_dec21_2019_pheno447.sumstats.gz ...
Read summary statistics for 1149479 SNPs.
Reading reference panel LD Score from eur_w_ld_chr/[1-22] ...
Read reference panel LD Scores for 1290028 SNPs.
Removing partitioned LD Scores with zero variance.
Reading regression weight LD Score from eur_w_ld_chr/[1-22] ...
Read regression weight LD Scores for 1290028 SNPs.
After merging with reference panel LD, 1142539 SNPs remain.
After merging with regression SNP LD, 1142539 SNPs remain.
Computing rg for phenotype 2/2
Reading summary statistics from /home/eerdem/CELLECT/gwas/BIG-S2_DTI2020_munged/ukb_phase1to3_dti441_dec21_2019_pheno58.sumstats.gz ...
Read summary statistics for 1149074 SNPs.
After merging with summary statistics, 1141611 SNPs remain.
1141611 SNPs with valid alleles.

Heritability of phenotype 1
---------------------------
Total Observed scale h2: 0.0448 (0.0139)
Lambda GC: 1.0263
Mean Chi^2: 1.0306
Intercept: 1.0014 (0.0062)
Ratio: 0.0464 (0.2025)

Heritability of phenotype 2/2
-----------------------------
Total Observed scale h2: 0.287 (0.0283)
Lambda GC: 1.1472
Mean Chi^2: 1.2004
Intercept: 1.0194 (0.0083)
Ratio: 0.0969 (0.0416)

Genetic Covariance
------------------
Total Observed scale gencov: -0.0098 (0.0107)
Mean z1*z2: 0.0281
Intercept: 0.033 (0.0047)

Genetic Correlation
-------------------
Genetic Correlation: -0.0863 (0.0965)
Z-score: -0.8939
P: 0.3714


Summary of Genetic Correlation Results
p1                                                                                                   p2      rg      se       z       p  h2_obs  h2_obs_se  h2_int  h2_int_se  gcov_int  gcov_int_se
/home/eerdem/CELLECT/gwas/BIG-S2_rs-fMRI/ukb_phase1to3_fmri_edge_dec21_2019_pheno447.sumstats.gz  /home/eerdem/CELLECT/gwas/BIG-S2_DTI2020_munged/ukb_phase1to3_dti441_dec21_2019_pheno58.sumstats.gz -0.0863  0.0965 -0.8939  0.3714   0.287     0.0283  1.0194     0.0083     0.033       0.0047

Analysis finished at Tue Dec  8 20:13:18 2020
Total time elapsed: 20.41s
