*********************************************************************
* LD Score Regression (LDSC)
* Version 1.0.0
* (C) 2014-2015 Brendan Bulik-Sullivan and Hilary Finucane
* Broad Institute of MIT and Harvard / MIT Department of Mathematics
* GNU General Public License v3
*********************************************************************
Call: 
./ldsc.py \
--ref-ld-chr eur_w_ld_chr/ \
--out /home/eerdem/notebooks/CELLECT-Analyser/out/genetic_correlation/gc/Net100_Pair5_40_ukb_phase1to3_fapcs_dec21_2019_pheno17 \
--rg /home/eerdem/CELLECT/gwas/BIG-S2_rs-fMRI/ukb_phase1to3_fmri_edge_dec21_2019_pheno956.sumstats.gz,/home/eerdem/CELLECT/gwas/BIG-S2_DTI2020_munged/ukb_phase1to3_fapcs_dec21_2019_pheno17.sumstats.gz \
--w-ld-chr eur_w_ld_chr/ 

Beginning analysis at Tue Dec  8 15:21:42 2020
Reading summary statistics from /home/eerdem/CELLECT/gwas/BIG-S2_rs-fMRI/ukb_phase1to3_fmri_edge_dec21_2019_pheno956.sumstats.gz ...
Read summary statistics for 1149479 SNPs.
Reading reference panel LD Score from eur_w_ld_chr/[1-22] ...
Read reference panel LD Scores for 1290028 SNPs.
Removing partitioned LD Scores with zero variance.
Reading regression weight LD Score from eur_w_ld_chr/[1-22] ...
Read regression weight LD Scores for 1290028 SNPs.
After merging with reference panel LD, 1142539 SNPs remain.
After merging with regression SNP LD, 1142539 SNPs remain.
Computing rg for phenotype 2/2
Reading summary statistics from /home/eerdem/CELLECT/gwas/BIG-S2_DTI2020_munged/ukb_phase1to3_fapcs_dec21_2019_pheno17.sumstats.gz ...
Read summary statistics for 1149074 SNPs.
After merging with summary statistics, 1141611 SNPs remain.
1141611 SNPs with valid alleles.

Heritability of phenotype 1
---------------------------
Total Observed scale h2: 0.1004 (0.0211)
Lambda GC: 1.0665
Mean Chi^2: 1.0758
Intercept: 1.0102 (0.008)
Ratio: 0.1346 (0.1052)

Heritability of phenotype 2/2
-----------------------------
Total Observed scale h2: 0.2076 (0.0221)
Lambda GC: 1.1155
Mean Chi^2: 1.1477
Intercept: 1.0168 (0.0075)
Ratio: 0.1135 (0.0509)

Genetic Covariance
------------------
Total Observed scale gencov: 0.0237 (0.0138)
Mean z1*z2: 0.0257
Intercept: 0.0098 (0.0051)

Genetic Correlation
-------------------
Genetic Correlation: 0.1638 (0.09)
Z-score: 1.821
P: 0.0686


Summary of Genetic Correlation Results
p1                                                                                                  p2      rg    se      z       p  h2_obs  h2_obs_se  h2_int  h2_int_se  gcov_int  gcov_int_se
/home/eerdem/CELLECT/gwas/BIG-S2_rs-fMRI/ukb_phase1to3_fmri_edge_dec21_2019_pheno956.sumstats.gz  /home/eerdem/CELLECT/gwas/BIG-S2_DTI2020_munged/ukb_phase1to3_fapcs_dec21_2019_pheno17.sumstats.gz  0.1638  0.09  1.821  0.0686  0.2076     0.0221  1.0168     0.0075    0.0098       0.0051

Analysis finished at Tue Dec  8 15:22:07 2020
Total time elapsed: 25.25s
