*********************************************************************
* LD Score Regression (LDSC)
* Version 1.0.0
* (C) 2014-2015 Brendan Bulik-Sullivan and Hilary Finucane
* Broad Institute of MIT and Harvard / MIT Department of Mathematics
* GNU General Public License v3
*********************************************************************
Call: 
./ldsc.py \
--ref-ld-chr eur_w_ld_chr/ \
--out /home/eerdem/notebooks/CELLECT-Analyser/out/genetic_correlation/gc/Net100_Pair20_30_ukb_phase1to3_dti441_dec21_2019_pheno76 \
--rg /home/eerdem/CELLECT/gwas/BIG-S2_rs-fMRI/ukb_phase1to3_fmri_edge_dec21_2019_pheno636.sumstats.gz,/home/eerdem/CELLECT/gwas/BIG-S2_DTI2020_munged/ukb_phase1to3_dti441_dec21_2019_pheno76.sumstats.gz \
--w-ld-chr eur_w_ld_chr/ 

Beginning analysis at Tue Dec  8 19:44:42 2020
Reading summary statistics from /home/eerdem/CELLECT/gwas/BIG-S2_rs-fMRI/ukb_phase1to3_fmri_edge_dec21_2019_pheno636.sumstats.gz ...
Read summary statistics for 1149479 SNPs.
Reading reference panel LD Score from eur_w_ld_chr/[1-22] ...
Read reference panel LD Scores for 1290028 SNPs.
Removing partitioned LD Scores with zero variance.
Reading regression weight LD Score from eur_w_ld_chr/[1-22] ...
Read regression weight LD Scores for 1290028 SNPs.
After merging with reference panel LD, 1142539 SNPs remain.
After merging with regression SNP LD, 1142539 SNPs remain.
Computing rg for phenotype 2/2
Reading summary statistics from /home/eerdem/CELLECT/gwas/BIG-S2_DTI2020_munged/ukb_phase1to3_dti441_dec21_2019_pheno76.sumstats.gz ...
Read summary statistics for 1149074 SNPs.
After merging with summary statistics, 1141611 SNPs remain.
1141611 SNPs with valid alleles.

Heritability of phenotype 1
---------------------------
Total Observed scale h2: 0.0534 (0.0142)
Lambda GC: 1.0435
Mean Chi^2: 1.0414
Intercept: 1.0067 (0.0061)
Ratio: 0.1625 (0.148)

Heritability of phenotype 2/2
-----------------------------
Total Observed scale h2: 0.1857 (0.0216)
Lambda GC: 1.0999
Mean Chi^2: 1.1302
Intercept: 1.0134 (0.0085)
Ratio: 0.1027 (0.0657)

Genetic Covariance
------------------
Total Observed scale gencov: 6.7369e-05 (0.0113)
Mean z1*z2: -0.0246
Intercept: -0.0246 (0.0049)

Genetic Correlation
-------------------
Genetic Correlation: 0.0007 (0.1134)
Z-score: 0.006
P: 0.9952


Summary of Genetic Correlation Results
p1                                                                                                   p2      rg      se      z       p  h2_obs  h2_obs_se  h2_int  h2_int_se  gcov_int  gcov_int_se
/home/eerdem/CELLECT/gwas/BIG-S2_rs-fMRI/ukb_phase1to3_fmri_edge_dec21_2019_pheno636.sumstats.gz  /home/eerdem/CELLECT/gwas/BIG-S2_DTI2020_munged/ukb_phase1to3_dti441_dec21_2019_pheno76.sumstats.gz  0.0007  0.1134  0.006  0.9952  0.1857     0.0216  1.0134     0.0085   -0.0246       0.0049

Analysis finished at Tue Dec  8 19:45:07 2020
Total time elapsed: 24.4s
