*********************************************************************
* LD Score Regression (LDSC)
* Version 1.0.0
* (C) 2014-2015 Brendan Bulik-Sullivan and Hilary Finucane
* Broad Institute of MIT and Harvard / MIT Department of Mathematics
* GNU General Public License v3
*********************************************************************
Call: 
./ldsc.py \
--ref-ld-chr eur_w_ld_chr/ \
--out /home/eerdem/notebooks/CELLECT-Analyser/out/genetic_correlation/gc/Net100_Pair20_32_ukb_phase1to3_fapcs_dec21_2019_pheno42 \
--rg /home/eerdem/CELLECT/gwas/BIG-S2_rs-fMRI/ukb_phase1to3_fmri_edge_dec21_2019_pheno695.sumstats.gz,/home/eerdem/CELLECT/gwas/BIG-S2_DTI2020_munged/ukb_phase1to3_fapcs_dec21_2019_pheno42.sumstats.gz \
--w-ld-chr eur_w_ld_chr/ 

Beginning analysis at Tue Dec  8 19:44:42 2020
Reading summary statistics from /home/eerdem/CELLECT/gwas/BIG-S2_rs-fMRI/ukb_phase1to3_fmri_edge_dec21_2019_pheno695.sumstats.gz ...
Read summary statistics for 1149479 SNPs.
Reading reference panel LD Score from eur_w_ld_chr/[1-22] ...
Read reference panel LD Scores for 1290028 SNPs.
Removing partitioned LD Scores with zero variance.
Reading regression weight LD Score from eur_w_ld_chr/[1-22] ...
Read regression weight LD Scores for 1290028 SNPs.
After merging with reference panel LD, 1142539 SNPs remain.
After merging with regression SNP LD, 1142539 SNPs remain.
Computing rg for phenotype 2/2
Reading summary statistics from /home/eerdem/CELLECT/gwas/BIG-S2_DTI2020_munged/ukb_phase1to3_fapcs_dec21_2019_pheno42.sumstats.gz ...
Read summary statistics for 1149074 SNPs.
After merging with summary statistics, 1141611 SNPs remain.
1141611 SNPs with valid alleles.

Heritability of phenotype 1
---------------------------
Total Observed scale h2: 0.062 (0.0136)
Lambda GC: 1.0414
Mean Chi^2: 1.0434
Intercept: 1.0032 (0.0061)
Ratio: 0.0733 (0.1403)

Heritability of phenotype 2/2
-----------------------------
Total Observed scale h2: 0.1734 (0.0201)
Lambda GC: 1.0889
Mean Chi^2: 1.1132
Intercept: 1.0044 (0.0076)
Ratio: 0.0385 (0.0672)

Genetic Covariance
------------------
Total Observed scale gencov: 0.0102 (0.0112)
Mean z1*z2: -0.0215
Intercept: -0.0287 (0.0044)

Genetic Correlation
-------------------
Genetic Correlation: 0.098 (0.1101)
Z-score: 0.8901
P: 0.3734


Summary of Genetic Correlation Results
p1                                                                                                  p2     rg      se       z       p  h2_obs  h2_obs_se  h2_int  h2_int_se  gcov_int  gcov_int_se
/home/eerdem/CELLECT/gwas/BIG-S2_rs-fMRI/ukb_phase1to3_fmri_edge_dec21_2019_pheno695.sumstats.gz  /home/eerdem/CELLECT/gwas/BIG-S2_DTI2020_munged/ukb_phase1to3_fapcs_dec21_2019_pheno42.sumstats.gz  0.098  0.1101  0.8901  0.3734  0.1734     0.0201  1.0044     0.0076   -0.0287       0.0044

Analysis finished at Tue Dec  8 19:45:04 2020
Total time elapsed: 22.17s
