*********************************************************************
* LD Score Regression (LDSC)
* Version 1.0.0
* (C) 2014-2015 Brendan Bulik-Sullivan and Hilary Finucane
* Broad Institute of MIT and Harvard / MIT Department of Mathematics
* GNU General Public License v3
*********************************************************************
Call: 
./ldsc.py \
--ref-ld-chr eur_w_ld_chr/ \
--out /home/eerdem/notebooks/CELLECT-Analyser/out/genetic_correlation/gc/Net100_Pair44_49_Net25_Node19 \
--rg /home/eerdem/CELLECT/gwas/BIG-S2_rs-fMRI/ukb_phase1to3_fmri_edge_dec21_2019_pheno1382.sumstats.gz,/home/eerdem/CELLECT/gwas/BIG-S2_rs-fMRI/ukb_phase1to3_fmri_node_dec21_2019_pheno19.sumstats.gz \
--w-ld-chr eur_w_ld_chr/ 

Beginning analysis at Tue Dec  8 16:18:12 2020
Reading summary statistics from /home/eerdem/CELLECT/gwas/BIG-S2_rs-fMRI/ukb_phase1to3_fmri_edge_dec21_2019_pheno1382.sumstats.gz ...
Read summary statistics for 1149479 SNPs.
Reading reference panel LD Score from eur_w_ld_chr/[1-22] ...
Read reference panel LD Scores for 1290028 SNPs.
Removing partitioned LD Scores with zero variance.
Reading regression weight LD Score from eur_w_ld_chr/[1-22] ...
Read regression weight LD Scores for 1290028 SNPs.
After merging with reference panel LD, 1142539 SNPs remain.
After merging with regression SNP LD, 1142539 SNPs remain.
Computing rg for phenotype 2/2
Reading summary statistics from /home/eerdem/CELLECT/gwas/BIG-S2_rs-fMRI/ukb_phase1to3_fmri_node_dec21_2019_pheno19.sumstats.gz ...
Read summary statistics for 1149479 SNPs.
After merging with summary statistics, 1142539 SNPs remain.
1142539 SNPs with valid alleles.

Heritability of phenotype 1
---------------------------
Total Observed scale h2: 0.1563 (0.0187)
Lambda GC: 1.088
Mean Chi^2: 1.104
Intercept: 1.0031 (0.0072)
Ratio: 0.0295 (0.0693)

Heritability of phenotype 2/2
-----------------------------
Total Observed scale h2: 0.0742 (0.0158)
Lambda GC: 1.0429
Mean Chi^2: 1.0521
Intercept: 1.0039 (0.007)
Ratio: 0.0744 (0.1345)

Genetic Covariance
------------------
Total Observed scale gencov: 0.0015 (0.0104)
Mean z1*z2: -0.0167
Intercept: -0.0172 (0.0046)

Genetic Correlation
-------------------
Genetic Correlation: 0.0137 (0.097)
Z-score: 0.141
P: 0.8879


Summary of Genetic Correlation Results
p1                                                                                               p2      rg     se      z       p  h2_obs  h2_obs_se  h2_int  h2_int_se  gcov_int  gcov_int_se
/home/eerdem/CELLECT/gwas/BIG-S2_rs-fMRI/ukb_phase1to3_fmri_edge_dec21_2019_pheno1382.sumstats.gz  /home/eerdem/CELLECT/gwas/BIG-S2_rs-fMRI/ukb_phase1to3_fmri_node_dec21_2019_pheno19.sumstats.gz  0.0137  0.097  0.141  0.8879  0.0742     0.0158  1.0039      0.007   -0.0172       0.0046

Analysis finished at Tue Dec  8 16:18:37 2020
Total time elapsed: 24.83s
