*********************************************************************
* LD Score Regression (LDSC)
* Version 1.0.0
* (C) 2014-2015 Brendan Bulik-Sullivan and Hilary Finucane
* Broad Institute of MIT and Harvard / MIT Department of Mathematics
* GNU General Public License v3
*********************************************************************
Call: 
./ldsc.py \
--ref-ld-chr eur_w_ld_chr/ \
--out /home/eerdem/notebooks/CELLECT-Analyser/out/genetic_correlation/gc/Net100_Node30_ukb_phase1to3_fapcs_dec21_2019_pheno77 \
--rg /home/eerdem/CELLECT/gwas/BIG-S2_rs-fMRI/ukb_phase1to3_fmri_node_dec21_2019_pheno51.sumstats.gz,/home/eerdem/CELLECT/gwas/BIG-S2_DTI2020_munged/ukb_phase1to3_fapcs_dec21_2019_pheno77.sumstats.gz \
--w-ld-chr eur_w_ld_chr/ 

Beginning analysis at Tue Dec  8 18:42:57 2020
Reading summary statistics from /home/eerdem/CELLECT/gwas/BIG-S2_rs-fMRI/ukb_phase1to3_fmri_node_dec21_2019_pheno51.sumstats.gz ...
Read summary statistics for 1149479 SNPs.
Reading reference panel LD Score from eur_w_ld_chr/[1-22] ...
Read reference panel LD Scores for 1290028 SNPs.
Removing partitioned LD Scores with zero variance.
Reading regression weight LD Score from eur_w_ld_chr/[1-22] ...
Read regression weight LD Scores for 1290028 SNPs.
After merging with reference panel LD, 1142539 SNPs remain.
After merging with regression SNP LD, 1142539 SNPs remain.
Computing rg for phenotype 2/2
Reading summary statistics from /home/eerdem/CELLECT/gwas/BIG-S2_DTI2020_munged/ukb_phase1to3_fapcs_dec21_2019_pheno77.sumstats.gz ...
Read summary statistics for 1149074 SNPs.
After merging with summary statistics, 1141611 SNPs remain.
1141611 SNPs with valid alleles.

Heritability of phenotype 1
---------------------------
Total Observed scale h2: 0.1114 (0.0171)
Lambda GC: 1.0659
Mean Chi^2: 1.0808
Intercept: 1.0099 (0.0071)
Ratio: 0.1228 (0.0883)

Heritability of phenotype 2/2
-----------------------------
Total Observed scale h2: 0.3028 (0.0281)
Lambda GC: 1.1565
Mean Chi^2: 1.1992
Intercept: 1.0048 (0.0086)
Ratio: 0.0243 (0.0433)

Genetic Covariance
------------------
Total Observed scale gencov: -0.0083 (0.0113)
Mean z1*z2: -0.0106
Intercept: -0.0052 (0.0047)

Genetic Correlation
-------------------
Genetic Correlation: -0.0453 (0.062)
Z-score: -0.7301
P: 0.4653


Summary of Genetic Correlation Results
p1                                                                                                  p2      rg     se       z       p  h2_obs  h2_obs_se  h2_int  h2_int_se  gcov_int  gcov_int_se
/home/eerdem/CELLECT/gwas/BIG-S2_rs-fMRI/ukb_phase1to3_fmri_node_dec21_2019_pheno51.sumstats.gz  /home/eerdem/CELLECT/gwas/BIG-S2_DTI2020_munged/ukb_phase1to3_fapcs_dec21_2019_pheno77.sumstats.gz -0.0453  0.062 -0.7301  0.4653  0.3028     0.0281  1.0048     0.0086   -0.0052       0.0047

Analysis finished at Tue Dec  8 18:43:19 2020
Total time elapsed: 22.01s
