*********************************************************************
* LD Score Regression (LDSC)
* Version 1.0.0
* (C) 2014-2015 Brendan Bulik-Sullivan and Hilary Finucane
* Broad Institute of MIT and Harvard / MIT Department of Mathematics
* GNU General Public License v3
*********************************************************************
Call: 
./ldsc.py \
--ref-ld-chr eur_w_ld_chr/ \
--out /home/eerdem/notebooks/CELLECT-Analyser/out/genetic_correlation/gc/Net100_Node39_ukb_phase1to3_fapcs_dec21_2019_pheno84 \
--rg /home/eerdem/CELLECT/gwas/BIG-S2_rs-fMRI/ukb_phase1to3_fmri_node_dec21_2019_pheno60.sumstats.gz,/home/eerdem/CELLECT/gwas/BIG-S2_DTI2020_munged/ukb_phase1to3_fapcs_dec21_2019_pheno84.sumstats.gz \
--w-ld-chr eur_w_ld_chr/ 

Beginning analysis at Tue Dec  8 19:10:57 2020
Reading summary statistics from /home/eerdem/CELLECT/gwas/BIG-S2_rs-fMRI/ukb_phase1to3_fmri_node_dec21_2019_pheno60.sumstats.gz ...
Read summary statistics for 1149479 SNPs.
Reading reference panel LD Score from eur_w_ld_chr/[1-22] ...
Read reference panel LD Scores for 1290028 SNPs.
Removing partitioned LD Scores with zero variance.
Reading regression weight LD Score from eur_w_ld_chr/[1-22] ...
Read regression weight LD Scores for 1290028 SNPs.
After merging with reference panel LD, 1142539 SNPs remain.
After merging with regression SNP LD, 1142539 SNPs remain.
Computing rg for phenotype 2/2
Reading summary statistics from /home/eerdem/CELLECT/gwas/BIG-S2_DTI2020_munged/ukb_phase1to3_fapcs_dec21_2019_pheno84.sumstats.gz ...
Read summary statistics for 1149074 SNPs.
After merging with summary statistics, 1141611 SNPs remain.
1141611 SNPs with valid alleles.

Heritability of phenotype 1
---------------------------
Total Observed scale h2: 0.1541 (0.0225)
Lambda GC: 1.0804
Mean Chi^2: 1.1052
Intercept: 1.0059 (0.0091)
Ratio: 0.0564 (0.0863)

Heritability of phenotype 2/2
-----------------------------
Total Observed scale h2: 0.2246 (0.0227)
Lambda GC: 1.1158
Mean Chi^2: 1.1486
Intercept: 1.0077 (0.0076)
Ratio: 0.0516 (0.051)

Genetic Covariance
------------------
Total Observed scale gencov: -0.0019 (0.0115)
Mean z1*z2: 0.0013
Intercept: 0.0014 (0.0044)

Genetic Correlation
-------------------
Genetic Correlation: -0.0101 (0.062)
Z-score: -0.1635
P: 0.8702


Summary of Genetic Correlation Results
p1                                                                                                  p2      rg     se       z       p  h2_obs  h2_obs_se  h2_int  h2_int_se  gcov_int  gcov_int_se
/home/eerdem/CELLECT/gwas/BIG-S2_rs-fMRI/ukb_phase1to3_fmri_node_dec21_2019_pheno60.sumstats.gz  /home/eerdem/CELLECT/gwas/BIG-S2_DTI2020_munged/ukb_phase1to3_fapcs_dec21_2019_pheno84.sumstats.gz -0.0101  0.062 -0.1635  0.8702  0.2246     0.0227  1.0077     0.0076    0.0014       0.0044

Analysis finished at Tue Dec  8 19:11:23 2020
Total time elapsed: 26.21s
