*********************************************************************
* LD Score Regression (LDSC)
* Version 1.0.0
* (C) 2014-2015 Brendan Bulik-Sullivan and Hilary Finucane
* Broad Institute of MIT and Harvard / MIT Department of Mathematics
* GNU General Public License v3
*********************************************************************
Call: 
./ldsc.py \
--ref-ld-chr eur_w_ld_chr/ \
--out /home/eerdem/notebooks/CELLECT-Analyser/out/genetic_correlation/gc/Net100_Node52_ukb_phase1to3_fapcs_dec21_2019_pheno100 \
--rg /home/eerdem/CELLECT/gwas/BIG-S2_rs-fMRI/ukb_phase1to3_fmri_node_dec21_2019_pheno73.sumstats.gz,/home/eerdem/CELLECT/gwas/BIG-S2_DTI2020_munged/ukb_phase1to3_fapcs_dec21_2019_pheno100.sumstats.gz \
--w-ld-chr eur_w_ld_chr/ 

Beginning analysis at Tue Dec  8 16:51:42 2020
Reading summary statistics from /home/eerdem/CELLECT/gwas/BIG-S2_rs-fMRI/ukb_phase1to3_fmri_node_dec21_2019_pheno73.sumstats.gz ...
Read summary statistics for 1149479 SNPs.
Reading reference panel LD Score from eur_w_ld_chr/[1-22] ...
Read reference panel LD Scores for 1290028 SNPs.
Removing partitioned LD Scores with zero variance.
Reading regression weight LD Score from eur_w_ld_chr/[1-22] ...
Read regression weight LD Scores for 1290028 SNPs.
After merging with reference panel LD, 1142539 SNPs remain.
After merging with regression SNP LD, 1142539 SNPs remain.
Computing rg for phenotype 2/2
Reading summary statistics from /home/eerdem/CELLECT/gwas/BIG-S2_DTI2020_munged/ukb_phase1to3_fapcs_dec21_2019_pheno100.sumstats.gz ...
Read summary statistics for 1149074 SNPs.
After merging with summary statistics, 1141611 SNPs remain.
1141611 SNPs with valid alleles.

Heritability of phenotype 1
---------------------------
Total Observed scale h2: 0.1002 (0.0163)
Lambda GC: 1.0635
Mean Chi^2: 1.075
Intercept: 1.0099 (0.0076)
Ratio: 0.1325 (0.1009)

Heritability of phenotype 2/2
-----------------------------
Total Observed scale h2: 0.1354 (0.0194)
Lambda GC: 1.081
Mean Chi^2: 1.0948
Intercept: 1.0097 (0.0073)
Ratio: 0.1026 (0.0764)

Genetic Covariance
------------------
Total Observed scale gencov: 0.0044 (0.011)
Mean z1*z2: -0.0266
Intercept: -0.0288 (0.0044)

Genetic Correlation
-------------------
Genetic Correlation: 0.0377 (0.095)
Z-score: 0.3972
P: 0.6912


Summary of Genetic Correlation Results
p1                                                                                                   p2      rg     se       z       p  h2_obs  h2_obs_se  h2_int  h2_int_se  gcov_int  gcov_int_se
/home/eerdem/CELLECT/gwas/BIG-S2_rs-fMRI/ukb_phase1to3_fmri_node_dec21_2019_pheno73.sumstats.gz  /home/eerdem/CELLECT/gwas/BIG-S2_DTI2020_munged/ukb_phase1to3_fapcs_dec21_2019_pheno100.sumstats.gz  0.0377  0.095  0.3972  0.6912  0.1354     0.0194  1.0097     0.0073   -0.0288       0.0044

Analysis finished at Tue Dec  8 16:52:05 2020
Total time elapsed: 22.81s
