*********************************************************************
* LD Score Regression (LDSC)
* Version 1.0.0
* (C) 2014-2015 Brendan Bulik-Sullivan and Hilary Finucane
* Broad Institute of MIT and Harvard / MIT Department of Mathematics
* GNU General Public License v3
*********************************************************************
Call: 
./ldsc.py \
--ref-ld-chr eur_w_ld_chr/ \
--out /home/eerdem/notebooks/CELLECT-Analyser/out/genetic_correlation/gc/Net100_Node27_Net100_Node51 \
--rg /home/eerdem/CELLECT/gwas/BIG-S2_rs-fMRI/ukb_phase1to3_fmri_node_dec21_2019_pheno48.sumstats.gz,/home/eerdem/CELLECT/gwas/BIG-S2_rs-fMRI/ukb_phase1to3_fmri_node_dec21_2019_pheno72.sumstats.gz \
--w-ld-chr eur_w_ld_chr/ 

Beginning analysis at Tue Dec  8 18:19:57 2020
Reading summary statistics from /home/eerdem/CELLECT/gwas/BIG-S2_rs-fMRI/ukb_phase1to3_fmri_node_dec21_2019_pheno48.sumstats.gz ...
Read summary statistics for 1149479 SNPs.
Reading reference panel LD Score from eur_w_ld_chr/[1-22] ...
Read reference panel LD Scores for 1290028 SNPs.
Removing partitioned LD Scores with zero variance.
Reading regression weight LD Score from eur_w_ld_chr/[1-22] ...
Read regression weight LD Scores for 1290028 SNPs.
After merging with reference panel LD, 1142539 SNPs remain.
After merging with regression SNP LD, 1142539 SNPs remain.
Computing rg for phenotype 2/2
Reading summary statistics from /home/eerdem/CELLECT/gwas/BIG-S2_rs-fMRI/ukb_phase1to3_fmri_node_dec21_2019_pheno72.sumstats.gz ...
Read summary statistics for 1149479 SNPs.
After merging with summary statistics, 1142539 SNPs remain.
1142539 SNPs with valid alleles.

Heritability of phenotype 1
---------------------------
Total Observed scale h2: 0.1715 (0.024)
Lambda GC: 1.0798
Mean Chi^2: 1.1167
Intercept: 1.0046 (0.0093)
Ratio: 0.039 (0.0801)

Heritability of phenotype 2/2
-----------------------------
Total Observed scale h2: 0.102 (0.0178)
Lambda GC: 1.0559
Mean Chi^2: 1.0701
Intercept: 1.0026 (0.0077)
Ratio: 0.0377 (0.1093)

Genetic Covariance
------------------
Total Observed scale gencov: 0.0955 (0.0157)
Mean z1*z2: 0.4474
Intercept: 0.3846 (0.0061)

Genetic Correlation
-------------------
Genetic Correlation: 0.7215 (0.0701)
Z-score: 10.2993
P: 7.0945e-25


Summary of Genetic Correlation Results
p1                                                                                               p2      rg      se        z           p  h2_obs  h2_obs_se  h2_int  h2_int_se  gcov_int  gcov_int_se
/home/eerdem/CELLECT/gwas/BIG-S2_rs-fMRI/ukb_phase1to3_fmri_node_dec21_2019_pheno48.sumstats.gz  /home/eerdem/CELLECT/gwas/BIG-S2_rs-fMRI/ukb_phase1to3_fmri_node_dec21_2019_pheno72.sumstats.gz  0.7215  0.0701  10.2993  7.0945e-25   0.102     0.0178  1.0026     0.0077    0.3846       0.0061

Analysis finished at Tue Dec  8 18:20:19 2020
Total time elapsed: 21.41s
