*********************************************************************
* LD Score Regression (LDSC)
* Version 1.0.0
* (C) 2014-2015 Brendan Bulik-Sullivan and Hilary Finucane
* Broad Institute of MIT and Harvard / MIT Department of Mathematics
* GNU General Public License v3
*********************************************************************
Call: 
./ldsc.py \
--ref-ld-chr eur_w_ld_chr/ \
--out /home/eerdem/notebooks/CELLECT-Analyser/out/genetic_correlation/gc/Net100_Pair18_48_ukb_phase1to3_fapcs_dec21_2019_pheno94 \
--rg /home/eerdem/CELLECT/gwas/BIG-S2_rs-fMRI/ukb_phase1to3_fmri_edge_dec21_2019_pheno1309.sumstats.gz,/home/eerdem/CELLECT/gwas/BIG-S2_DTI2020_munged/ukb_phase1to3_fapcs_dec21_2019_pheno94.sumstats.gz \
--w-ld-chr eur_w_ld_chr/ 

Beginning analysis at Tue Dec  8 18:11:42 2020
Reading summary statistics from /home/eerdem/CELLECT/gwas/BIG-S2_rs-fMRI/ukb_phase1to3_fmri_edge_dec21_2019_pheno1309.sumstats.gz ...
Read summary statistics for 1149479 SNPs.
Reading reference panel LD Score from eur_w_ld_chr/[1-22] ...
Read reference panel LD Scores for 1290028 SNPs.
Removing partitioned LD Scores with zero variance.
Reading regression weight LD Score from eur_w_ld_chr/[1-22] ...
Read regression weight LD Scores for 1290028 SNPs.
After merging with reference panel LD, 1142539 SNPs remain.
After merging with regression SNP LD, 1142539 SNPs remain.
Computing rg for phenotype 2/2
Reading summary statistics from /home/eerdem/CELLECT/gwas/BIG-S2_DTI2020_munged/ukb_phase1to3_fapcs_dec21_2019_pheno94.sumstats.gz ...
Read summary statistics for 1149074 SNPs.
After merging with summary statistics, 1141611 SNPs remain.
1141611 SNPs with valid alleles.

Heritability of phenotype 1
---------------------------
Total Observed scale h2: 0.1425 (0.0203)
Lambda GC: 1.0697
Mean Chi^2: 1.0954
Intercept: 1.0017 (0.008)
Ratio: 0.0178 (0.0835)

Heritability of phenotype 2/2
-----------------------------
Total Observed scale h2: 0.166 (0.018)
Lambda GC: 1.0861
Mean Chi^2: 1.1061
Intercept: 1.001 (0.0077)
Ratio: 0.009 (0.0731)

Genetic Covariance
------------------
Total Observed scale gencov: -0.0129 (0.0141)
Mean z1*z2: -0.0499
Intercept: -0.0428 (0.0052)

Genetic Correlation
-------------------
Genetic Correlation: -0.0837 (0.0915)
Z-score: -0.915
P: 0.3602


Summary of Genetic Correlation Results
p1                                                                                                  p2      rg      se      z       p  h2_obs  h2_obs_se  h2_int  h2_int_se  gcov_int  gcov_int_se
/home/eerdem/CELLECT/gwas/BIG-S2_rs-fMRI/ukb_phase1to3_fmri_edge_dec21_2019_pheno1309.sumstats.gz  /home/eerdem/CELLECT/gwas/BIG-S2_DTI2020_munged/ukb_phase1to3_fapcs_dec21_2019_pheno94.sumstats.gz -0.0837  0.0915 -0.915  0.3602   0.166      0.018   1.001     0.0077   -0.0428       0.0052

Analysis finished at Tue Dec  8 18:12:04 2020
Total time elapsed: 22.02s
