*********************************************************************
* LD Score Regression (LDSC)
* Version 1.0.0
* (C) 2014-2015 Brendan Bulik-Sullivan and Hilary Finucane
* Broad Institute of MIT and Harvard / MIT Department of Mathematics
* GNU General Public License v3
*********************************************************************
Call: 
./ldsc.py \
--ref-ld-chr eur_w_ld_chr/ \
--out /home/eerdem/notebooks/CELLECT-Analyser/out/genetic_correlation/gc/Net100_Node2_ukb_phase1to3_dti441_dec21_2019_pheno112 \
--rg /home/eerdem/CELLECT/gwas/BIG-S2_rs-fMRI/ukb_phase1to3_fmri_node_dec21_2019_pheno23.sumstats.gz,/home/eerdem/CELLECT/gwas/BIG-S2_DTI2020_munged/ukb_phase1to3_dti441_dec21_2019_pheno112.sumstats.gz \
--w-ld-chr eur_w_ld_chr/ 

Beginning analysis at Tue Dec  8 18:38:42 2020
Reading summary statistics from /home/eerdem/CELLECT/gwas/BIG-S2_rs-fMRI/ukb_phase1to3_fmri_node_dec21_2019_pheno23.sumstats.gz ...
Read summary statistics for 1149479 SNPs.
Reading reference panel LD Score from eur_w_ld_chr/[1-22] ...
Read reference panel LD Scores for 1290028 SNPs.
Removing partitioned LD Scores with zero variance.
Reading regression weight LD Score from eur_w_ld_chr/[1-22] ...
Read regression weight LD Scores for 1290028 SNPs.
After merging with reference panel LD, 1142539 SNPs remain.
After merging with regression SNP LD, 1142539 SNPs remain.
Computing rg for phenotype 2/2
Reading summary statistics from /home/eerdem/CELLECT/gwas/BIG-S2_DTI2020_munged/ukb_phase1to3_dti441_dec21_2019_pheno112.sumstats.gz ...
Read summary statistics for 1149073 SNPs.
After merging with summary statistics, 1141610 SNPs remain.
1141610 SNPs with valid alleles.

Heritability of phenotype 1
---------------------------
Total Observed scale h2: 0.1762 (0.0225)
Lambda GC: 1.0929
Mean Chi^2: 1.1257
Intercept: 1.0103 (0.0089)
Ratio: 0.0821 (0.0706)

Heritability of phenotype 2/2
-----------------------------
Total Observed scale h2: 0.2551 (0.0245)
Lambda GC: 1.1434
Mean Chi^2: 1.182
Intercept: 1.0254 (0.0077)
Ratio: 0.1398 (0.0425)

Genetic Covariance
------------------
Total Observed scale gencov: -0.0309 (0.0134)
Mean z1*z2: -0.1286
Intercept: -0.1088 (0.0053)

Genetic Correlation
-------------------
Genetic Correlation: -0.1456 (0.0618)
Z-score: -2.3543
P: 0.0186


Summary of Genetic Correlation Results
p1                                                                                                    p2      rg      se       z       p  h2_obs  h2_obs_se  h2_int  h2_int_se  gcov_int  gcov_int_se
/home/eerdem/CELLECT/gwas/BIG-S2_rs-fMRI/ukb_phase1to3_fmri_node_dec21_2019_pheno23.sumstats.gz  /home/eerdem/CELLECT/gwas/BIG-S2_DTI2020_munged/ukb_phase1to3_dti441_dec21_2019_pheno112.sumstats.gz -0.1456  0.0618 -2.3543  0.0186  0.2551     0.0245  1.0254     0.0077   -0.1088       0.0053

Analysis finished at Tue Dec  8 18:39:07 2020
Total time elapsed: 24.72s
