*********************************************************************
* LD Score Regression (LDSC)
* Version 1.0.0
* (C) 2014-2015 Brendan Bulik-Sullivan and Hilary Finucane
* Broad Institute of MIT and Harvard / MIT Department of Mathematics
* GNU General Public License v3
*********************************************************************
Call: 
./ldsc.py \
--ref-ld-chr eur_w_ld_chr/ \
--out /home/eerdem/notebooks/CELLECT-Analyser/out/genetic_correlation/gc/Net100_Node29_ukb_phase1to3_dti441_dec21_2019_pheno260 \
--rg /home/eerdem/CELLECT/gwas/BIG-S2_rs-fMRI/ukb_phase1to3_fmri_node_dec21_2019_pheno50.sumstats.gz,/home/eerdem/CELLECT/gwas/BIG-S2_DTI2020_munged/ukb_phase1to3_dti441_dec21_2019_pheno260.sumstats.gz \
--w-ld-chr eur_w_ld_chr/ 

Beginning analysis at Tue Dec  8 19:09:42 2020
Reading summary statistics from /home/eerdem/CELLECT/gwas/BIG-S2_rs-fMRI/ukb_phase1to3_fmri_node_dec21_2019_pheno50.sumstats.gz ...
Read summary statistics for 1149479 SNPs.
Reading reference panel LD Score from eur_w_ld_chr/[1-22] ...
Read reference panel LD Scores for 1290028 SNPs.
Removing partitioned LD Scores with zero variance.
Reading regression weight LD Score from eur_w_ld_chr/[1-22] ...
Read regression weight LD Scores for 1290028 SNPs.
After merging with reference panel LD, 1142539 SNPs remain.
After merging with regression SNP LD, 1142539 SNPs remain.
Computing rg for phenotype 2/2
Reading summary statistics from /home/eerdem/CELLECT/gwas/BIG-S2_DTI2020_munged/ukb_phase1to3_dti441_dec21_2019_pheno260.sumstats.gz ...
Read summary statistics for 1149074 SNPs.
After merging with summary statistics, 1141611 SNPs remain.
1141611 SNPs with valid alleles.

Heritability of phenotype 1
---------------------------
Total Observed scale h2: 0.136 (0.0177)
Lambda GC: 1.0752
Mean Chi^2: 1.0965
Intercept: 1.0079 (0.0077)
Ratio: 0.0823 (0.0802)

Heritability of phenotype 2/2
-----------------------------
Total Observed scale h2: 0.3032 (0.0272)
Lambda GC: 1.1437
Mean Chi^2: 1.1885
Intercept: 1.0007 (0.0079)
Ratio: 0.0039 (0.0419)

Genetic Covariance
------------------
Total Observed scale gencov: -0.0179 (0.0111)
Mean z1*z2: -0.0794
Intercept: -0.0678 (0.0048)

Genetic Correlation
-------------------
Genetic Correlation: -0.088 (0.0546)
Z-score: -1.614
P: 0.1065


Summary of Genetic Correlation Results
p1                                                                                                    p2     rg      se      z       p  h2_obs  h2_obs_se  h2_int  h2_int_se  gcov_int  gcov_int_se
/home/eerdem/CELLECT/gwas/BIG-S2_rs-fMRI/ukb_phase1to3_fmri_node_dec21_2019_pheno50.sumstats.gz  /home/eerdem/CELLECT/gwas/BIG-S2_DTI2020_munged/ukb_phase1to3_dti441_dec21_2019_pheno260.sumstats.gz -0.088  0.0546 -1.614  0.1065  0.3032     0.0272  1.0007     0.0079   -0.0678       0.0048

Analysis finished at Tue Dec  8 19:10:04 2020
Total time elapsed: 22.04s
