*********************************************************************
* LD Score Regression (LDSC)
* Version 1.0.0
* (C) 2014-2015 Brendan Bulik-Sullivan and Hilary Finucane
* Broad Institute of MIT and Harvard / MIT Department of Mathematics
* GNU General Public License v3
*********************************************************************
Call: 
./ldsc.py \
--ref-ld-chr eur_w_ld_chr/ \
--out /home/eerdem/notebooks/CELLECT-Analyser/out/genetic_correlation/gc/Net100_Node27_Net100_Pair5_36 \
--rg /home/eerdem/CELLECT/gwas/BIG-S2_rs-fMRI/ukb_phase1to3_fmri_node_dec21_2019_pheno48.sumstats.gz,/home/eerdem/CELLECT/gwas/BIG-S2_rs-fMRI/ukb_phase1to3_fmri_edge_dec21_2019_pheno810.sumstats.gz \
--w-ld-chr eur_w_ld_chr/ 

Beginning analysis at Tue Dec  8 20:00:27 2020
Reading summary statistics from /home/eerdem/CELLECT/gwas/BIG-S2_rs-fMRI/ukb_phase1to3_fmri_node_dec21_2019_pheno48.sumstats.gz ...
Read summary statistics for 1149479 SNPs.
Reading reference panel LD Score from eur_w_ld_chr/[1-22] ...
Read reference panel LD Scores for 1290028 SNPs.
Removing partitioned LD Scores with zero variance.
Reading regression weight LD Score from eur_w_ld_chr/[1-22] ...
Read regression weight LD Scores for 1290028 SNPs.
After merging with reference panel LD, 1142539 SNPs remain.
After merging with regression SNP LD, 1142539 SNPs remain.
Computing rg for phenotype 2/2
Reading summary statistics from /home/eerdem/CELLECT/gwas/BIG-S2_rs-fMRI/ukb_phase1to3_fmri_edge_dec21_2019_pheno810.sumstats.gz ...
Read summary statistics for 1149479 SNPs.
After merging with summary statistics, 1142539 SNPs remain.
1142539 SNPs with valid alleles.

Heritability of phenotype 1
---------------------------
Total Observed scale h2: 0.1715 (0.024)
Lambda GC: 1.0798
Mean Chi^2: 1.1167
Intercept: 1.0046 (0.0093)
Ratio: 0.039 (0.0801)

Heritability of phenotype 2/2
-----------------------------
Total Observed scale h2: 0.1232 (0.0162)
Lambda GC: 1.0718
Mean Chi^2: 1.0803
Intercept: 1.0017 (0.007)
Ratio: 0.021 (0.0874)

Genetic Covariance
------------------
Total Observed scale gencov: -0.0174 (0.0111)
Mean z1*z2: -0.0538
Intercept: -0.0428 (0.0049)

Genetic Correlation
-------------------
Genetic Correlation: -0.1199 (0.0785)
Z-score: -1.527
P: 0.1268


Summary of Genetic Correlation Results
p1                                                                                                p2      rg      se      z       p  h2_obs  h2_obs_se  h2_int  h2_int_se  gcov_int  gcov_int_se
/home/eerdem/CELLECT/gwas/BIG-S2_rs-fMRI/ukb_phase1to3_fmri_node_dec21_2019_pheno48.sumstats.gz  /home/eerdem/CELLECT/gwas/BIG-S2_rs-fMRI/ukb_phase1to3_fmri_edge_dec21_2019_pheno810.sumstats.gz -0.1199  0.0785 -1.527  0.1268  0.1232     0.0162  1.0017      0.007   -0.0428       0.0049

Analysis finished at Tue Dec  8 20:00:47 2020
Total time elapsed: 19.72s
