*********************************************************************
* LD Score Regression (LDSC)
* Version 1.0.0
* (C) 2014-2015 Brendan Bulik-Sullivan and Hilary Finucane
* Broad Institute of MIT and Harvard / MIT Department of Mathematics
* GNU General Public License v3
*********************************************************************
Call: 
./ldsc.py \
--ref-ld-chr eur_w_ld_chr/ \
--out /home/eerdem/notebooks/CELLECT-Analyser/out/genetic_correlation/gc/Net100_Node48_ukb_phase1to3_dti441_dec21_2019_pheno322 \
--rg /home/eerdem/CELLECT/gwas/BIG-S2_rs-fMRI/ukb_phase1to3_fmri_node_dec21_2019_pheno69.sumstats.gz,/home/eerdem/CELLECT/gwas/BIG-S2_DTI2020_munged/ukb_phase1to3_dti441_dec21_2019_pheno322.sumstats.gz \
--w-ld-chr eur_w_ld_chr/ 

Beginning analysis at Tue Dec  8 17:35:57 2020
Reading summary statistics from /home/eerdem/CELLECT/gwas/BIG-S2_rs-fMRI/ukb_phase1to3_fmri_node_dec21_2019_pheno69.sumstats.gz ...
Read summary statistics for 1149479 SNPs.
Reading reference panel LD Score from eur_w_ld_chr/[1-22] ...
Read reference panel LD Scores for 1290028 SNPs.
Removing partitioned LD Scores with zero variance.
Reading regression weight LD Score from eur_w_ld_chr/[1-22] ...
Read regression weight LD Scores for 1290028 SNPs.
After merging with reference panel LD, 1142539 SNPs remain.
After merging with regression SNP LD, 1142539 SNPs remain.
Computing rg for phenotype 2/2
Reading summary statistics from /home/eerdem/CELLECT/gwas/BIG-S2_DTI2020_munged/ukb_phase1to3_dti441_dec21_2019_pheno322.sumstats.gz ...
Read summary statistics for 1149074 SNPs.
After merging with summary statistics, 1141611 SNPs remain.
1141611 SNPs with valid alleles.

Heritability of phenotype 1
---------------------------
Total Observed scale h2: 0.1752 (0.0226)
Lambda GC: 1.1085
Mean Chi^2: 1.1286
Intercept: 1.0117 (0.0087)
Ratio: 0.0914 (0.0673)

Heritability of phenotype 2/2
-----------------------------
Total Observed scale h2: 0.2417 (0.0256)
Lambda GC: 1.1342
Mean Chi^2: 1.1725
Intercept: 1.0223 (0.0079)
Ratio: 0.1293 (0.0461)

Genetic Covariance
------------------
Total Observed scale gencov: -0.0266 (0.0132)
Mean z1*z2: -0.0584
Intercept: -0.0428 (0.0051)

Genetic Correlation
-------------------
Genetic Correlation: -0.1291 (0.0629)
Z-score: -2.054
P: 0.04


Summary of Genetic Correlation Results
p1                                                                                                    p2      rg      se      z     p  h2_obs  h2_obs_se  h2_int  h2_int_se  gcov_int  gcov_int_se
/home/eerdem/CELLECT/gwas/BIG-S2_rs-fMRI/ukb_phase1to3_fmri_node_dec21_2019_pheno69.sumstats.gz  /home/eerdem/CELLECT/gwas/BIG-S2_DTI2020_munged/ukb_phase1to3_dti441_dec21_2019_pheno322.sumstats.gz -0.1291  0.0629 -2.054  0.04  0.2417     0.0256  1.0223     0.0079   -0.0428       0.0051

Analysis finished at Tue Dec  8 17:36:20 2020
Total time elapsed: 23.25s
