*********************************************************************
* LD Score Regression (LDSC)
* Version 1.0.0
* (C) 2014-2015 Brendan Bulik-Sullivan and Hilary Finucane
* Broad Institute of MIT and Harvard / MIT Department of Mathematics
* GNU General Public License v3
*********************************************************************
Call: 
./ldsc.py \
--ref-ld-chr eur_w_ld_chr/ \
--out /home/eerdem/notebooks/CELLECT-Analyser/out/genetic_correlation/gc/Net100_Pair11_45_Net100_Pair23_30 \
--rg /home/eerdem/CELLECT/gwas/BIG-S2_rs-fMRI/ukb_phase1to3_fmri_edge_dec21_2019_pheno1167.sumstats.gz,/home/eerdem/CELLECT/gwas/BIG-S2_rs-fMRI/ukb_phase1to3_fmri_edge_dec21_2019_pheno639.sumstats.gz \
--w-ld-chr eur_w_ld_chr/ 

Beginning analysis at Tue Dec  8 17:53:42 2020
Reading summary statistics from /home/eerdem/CELLECT/gwas/BIG-S2_rs-fMRI/ukb_phase1to3_fmri_edge_dec21_2019_pheno1167.sumstats.gz ...
Read summary statistics for 1149479 SNPs.
Reading reference panel LD Score from eur_w_ld_chr/[1-22] ...
Read reference panel LD Scores for 1290028 SNPs.
Removing partitioned LD Scores with zero variance.
Reading regression weight LD Score from eur_w_ld_chr/[1-22] ...
Read regression weight LD Scores for 1290028 SNPs.
After merging with reference panel LD, 1142539 SNPs remain.
After merging with regression SNP LD, 1142539 SNPs remain.
Computing rg for phenotype 2/2
Reading summary statistics from /home/eerdem/CELLECT/gwas/BIG-S2_rs-fMRI/ukb_phase1to3_fmri_edge_dec21_2019_pheno639.sumstats.gz ...
Read summary statistics for 1149479 SNPs.
After merging with summary statistics, 1142539 SNPs remain.
1142539 SNPs with valid alleles.

Heritability of phenotype 1
---------------------------
Total Observed scale h2: 0.1346 (0.017)
Lambda GC: 1.0713
Mean Chi^2: 1.0894
Intercept: 1.0015 (0.0062)
Ratio: 0.0172 (0.069)

Heritability of phenotype 2/2
-----------------------------
Total Observed scale h2: 0.0758 (0.0131)
Lambda GC: 1.0457
Mean Chi^2: 1.0513
Intercept: 1.0022 (0.0065)
Ratio: 0.0431 (0.1259)

Genetic Covariance
------------------
Total Observed scale gencov: -0.0014 (0.0117)
Mean z1*z2: 0.0335
Intercept: 0.0348 (0.0047)

Genetic Correlation
-------------------
Genetic Correlation: -0.0135 (0.1167)
Z-score: -0.1156
P: 0.908


Summary of Genetic Correlation Results
p1                                                                                                p2      rg      se       z      p  h2_obs  h2_obs_se  h2_int  h2_int_se  gcov_int  gcov_int_se
/home/eerdem/CELLECT/gwas/BIG-S2_rs-fMRI/ukb_phase1to3_fmri_edge_dec21_2019_pheno1167.sumstats.gz  /home/eerdem/CELLECT/gwas/BIG-S2_rs-fMRI/ukb_phase1to3_fmri_edge_dec21_2019_pheno639.sumstats.gz -0.0135  0.1167 -0.1156  0.908  0.0758     0.0131  1.0022     0.0065    0.0348       0.0047

Analysis finished at Tue Dec  8 17:54:04 2020
Total time elapsed: 21.56s
