*********************************************************************
* LD Score Regression (LDSC)
* Version 1.0.0
* (C) 2014-2015 Brendan Bulik-Sullivan and Hilary Finucane
* Broad Institute of MIT and Harvard / MIT Department of Mathematics
* GNU General Public License v3
*********************************************************************
Call: 
./ldsc.py \
--ref-ld-chr eur_w_ld_chr/ \
--out /home/eerdem/notebooks/CELLECT-Analyser/out/genetic_correlation/gc/Net100_Pair20_29_ukb_phase1to3_dti441_dec21_2019_pheno259 \
--rg /home/eerdem/CELLECT/gwas/BIG-S2_rs-fMRI/ukb_phase1to3_fmri_edge_dec21_2019_pheno608.sumstats.gz,/home/eerdem/CELLECT/gwas/BIG-S2_DTI2020_munged/ukb_phase1to3_dti441_dec21_2019_pheno259.sumstats.gz \
--w-ld-chr eur_w_ld_chr/ 

Beginning analysis at Tue Dec  8 17:04:42 2020
Reading summary statistics from /home/eerdem/CELLECT/gwas/BIG-S2_rs-fMRI/ukb_phase1to3_fmri_edge_dec21_2019_pheno608.sumstats.gz ...
Read summary statistics for 1149479 SNPs.
Reading reference panel LD Score from eur_w_ld_chr/[1-22] ...
Read reference panel LD Scores for 1290028 SNPs.
Removing partitioned LD Scores with zero variance.
Reading regression weight LD Score from eur_w_ld_chr/[1-22] ...
Read regression weight LD Scores for 1290028 SNPs.
After merging with reference panel LD, 1142539 SNPs remain.
After merging with regression SNP LD, 1142539 SNPs remain.
Computing rg for phenotype 2/2
Reading summary statistics from /home/eerdem/CELLECT/gwas/BIG-S2_DTI2020_munged/ukb_phase1to3_dti441_dec21_2019_pheno259.sumstats.gz ...
Read summary statistics for 1149074 SNPs.
After merging with summary statistics, 1141611 SNPs remain.
1141611 SNPs with valid alleles.

Heritability of phenotype 1
---------------------------
Total Observed scale h2: 0.0282 (0.0155)
Lambda GC: 1.0266
Mean Chi^2: 1.0255
Intercept: 1.0068 (0.007)
Ratio: 0.2679 (0.2739)

Heritability of phenotype 2/2
-----------------------------
Total Observed scale h2: 0.311 (0.0305)
Lambda GC: 1.15
Mean Chi^2: 1.2079
Intercept: 1.0145 (0.0089)
Ratio: 0.0697 (0.0429)

Genetic Covariance
------------------
Total Observed scale gencov: -0.0044 (0.0129)
Mean z1*z2: -0.0149
Intercept: -0.0121 (0.0047)

Genetic Correlation
-------------------
Genetic Correlation: -0.0467 (0.1408)
Z-score: -0.3319
P: 0.74


Summary of Genetic Correlation Results
p1                                                                                                    p2      rg      se       z     p  h2_obs  h2_obs_se  h2_int  h2_int_se  gcov_int  gcov_int_se
/home/eerdem/CELLECT/gwas/BIG-S2_rs-fMRI/ukb_phase1to3_fmri_edge_dec21_2019_pheno608.sumstats.gz  /home/eerdem/CELLECT/gwas/BIG-S2_DTI2020_munged/ukb_phase1to3_dti441_dec21_2019_pheno259.sumstats.gz -0.0467  0.1408 -0.3319  0.74   0.311     0.0305  1.0145     0.0089   -0.0121       0.0047

Analysis finished at Tue Dec  8 17:05:08 2020
Total time elapsed: 26.17s
