*********************************************************************
* LD Score Regression (LDSC)
* Version 1.0.0
* (C) 2014-2015 Brendan Bulik-Sullivan and Hilary Finucane
* Broad Institute of MIT and Harvard / MIT Department of Mathematics
* GNU General Public License v3
*********************************************************************
Call: 
./ldsc.py \
--ref-ld-chr eur_w_ld_chr/ \
--out /home/eerdem/notebooks/CELLECT-Analyser/out/genetic_correlation/gc/Net100_Node40_ukb_phase1to3_fapcs_dec21_2019_pheno105 \
--rg /home/eerdem/CELLECT/gwas/BIG-S2_rs-fMRI/ukb_phase1to3_fmri_node_dec21_2019_pheno61.sumstats.gz,/home/eerdem/CELLECT/gwas/BIG-S2_DTI2020_munged/ukb_phase1to3_fapcs_dec21_2019_pheno105.sumstats.gz \
--w-ld-chr eur_w_ld_chr/ 

Beginning analysis at Tue Dec  8 18:52:57 2020
Reading summary statistics from /home/eerdem/CELLECT/gwas/BIG-S2_rs-fMRI/ukb_phase1to3_fmri_node_dec21_2019_pheno61.sumstats.gz ...
Read summary statistics for 1149479 SNPs.
Reading reference panel LD Score from eur_w_ld_chr/[1-22] ...
Read reference panel LD Scores for 1290028 SNPs.
Removing partitioned LD Scores with zero variance.
Reading regression weight LD Score from eur_w_ld_chr/[1-22] ...
Read regression weight LD Scores for 1290028 SNPs.
After merging with reference panel LD, 1142539 SNPs remain.
After merging with regression SNP LD, 1142539 SNPs remain.
Computing rg for phenotype 2/2
Reading summary statistics from /home/eerdem/CELLECT/gwas/BIG-S2_DTI2020_munged/ukb_phase1to3_fapcs_dec21_2019_pheno105.sumstats.gz ...
Read summary statistics for 1149074 SNPs.
After merging with summary statistics, 1141611 SNPs remain.
1141611 SNPs with valid alleles.

Heritability of phenotype 1
---------------------------
Total Observed scale h2: 0.1554 (0.0213)
Lambda GC: 1.0803
Mean Chi^2: 1.1088
Intercept: 1.0064 (0.0091)
Ratio: 0.0589 (0.0835)

Heritability of phenotype 2/2
-----------------------------
Total Observed scale h2: 0.083 (0.0145)
Lambda GC: 1.0618
Mean Chi^2: 1.0662
Intercept: 1.0151 (0.0065)
Ratio: 0.2279 (0.0987)

Genetic Covariance
------------------
Total Observed scale gencov: 0.0019 (0.0113)
Mean z1*z2: -0.0111
Intercept: -0.0125 (0.0048)

Genetic Correlation
-------------------
Genetic Correlation: 0.0164 (0.0991)
Z-score: 0.165
P: 0.869


Summary of Genetic Correlation Results
p1                                                                                                   p2      rg      se      z      p  h2_obs  h2_obs_se  h2_int  h2_int_se  gcov_int  gcov_int_se
/home/eerdem/CELLECT/gwas/BIG-S2_rs-fMRI/ukb_phase1to3_fmri_node_dec21_2019_pheno61.sumstats.gz  /home/eerdem/CELLECT/gwas/BIG-S2_DTI2020_munged/ukb_phase1to3_fapcs_dec21_2019_pheno105.sumstats.gz  0.0164  0.0991  0.165  0.869   0.083     0.0145  1.0151     0.0065   -0.0125       0.0048

Analysis finished at Tue Dec  8 18:53:19 2020
Total time elapsed: 22.32s
