*********************************************************************
* LD Score Regression (LDSC)
* Version 1.0.0
* (C) 2014-2015 Brendan Bulik-Sullivan and Hilary Finucane
* Broad Institute of MIT and Harvard / MIT Department of Mathematics
* GNU General Public License v3
*********************************************************************
Call: 
./ldsc.py \
--ref-ld-chr eur_w_ld_chr/ \
--out /home/eerdem/notebooks/CELLECT-Analyser/out/genetic_correlation/gc/Net100_Pair28_45_ukb_phase1to3_dti441_dec21_2019_pheno58 \
--rg /home/eerdem/CELLECT/gwas/BIG-S2_rs-fMRI/ukb_phase1to3_fmri_edge_dec21_2019_pheno1184.sumstats.gz,/home/eerdem/CELLECT/gwas/BIG-S2_DTI2020_munged/ukb_phase1to3_dti441_dec21_2019_pheno58.sumstats.gz \
--w-ld-chr eur_w_ld_chr/ 

Beginning analysis at Tue Dec  8 19:29:42 2020
Reading summary statistics from /home/eerdem/CELLECT/gwas/BIG-S2_rs-fMRI/ukb_phase1to3_fmri_edge_dec21_2019_pheno1184.sumstats.gz ...
Read summary statistics for 1149479 SNPs.
Reading reference panel LD Score from eur_w_ld_chr/[1-22] ...
Read reference panel LD Scores for 1290028 SNPs.
Removing partitioned LD Scores with zero variance.
Reading regression weight LD Score from eur_w_ld_chr/[1-22] ...
Read regression weight LD Scores for 1290028 SNPs.
After merging with reference panel LD, 1142539 SNPs remain.
After merging with regression SNP LD, 1142539 SNPs remain.
Computing rg for phenotype 2/2
Reading summary statistics from /home/eerdem/CELLECT/gwas/BIG-S2_DTI2020_munged/ukb_phase1to3_dti441_dec21_2019_pheno58.sumstats.gz ...
Read summary statistics for 1149074 SNPs.
After merging with summary statistics, 1141611 SNPs remain.
1141611 SNPs with valid alleles.

Heritability of phenotype 1
---------------------------
Total Observed scale h2: 0.0896 (0.017)
Lambda GC: 1.0632
Mean Chi^2: 1.0681
Intercept: 1.0102 (0.0064)
Ratio: 0.1493 (0.0937)

Heritability of phenotype 2/2
-----------------------------
Total Observed scale h2: 0.287 (0.0283)
Lambda GC: 1.1472
Mean Chi^2: 1.2004
Intercept: 1.0194 (0.0083)
Ratio: 0.0969 (0.0416)

Genetic Covariance
------------------
Total Observed scale gencov: -0.0165 (0.0115)
Mean z1*z2: -0.0107
Intercept: 0.0003 (0.0047)

Genetic Correlation
-------------------
Genetic Correlation: -0.103 (0.0712)
Z-score: -1.447
P: 0.1479


Summary of Genetic Correlation Results
p1                                                                                                   p2     rg      se      z       p  h2_obs  h2_obs_se  h2_int  h2_int_se  gcov_int  gcov_int_se
/home/eerdem/CELLECT/gwas/BIG-S2_rs-fMRI/ukb_phase1to3_fmri_edge_dec21_2019_pheno1184.sumstats.gz  /home/eerdem/CELLECT/gwas/BIG-S2_DTI2020_munged/ukb_phase1to3_dti441_dec21_2019_pheno58.sumstats.gz -0.103  0.0712 -1.447  0.1479   0.287     0.0283  1.0194     0.0083    0.0003       0.0047

Analysis finished at Tue Dec  8 19:30:06 2020
Total time elapsed: 23.59s
