*********************************************************************
* LD Score Regression (LDSC)
* Version 1.0.0
* (C) 2014-2015 Brendan Bulik-Sullivan and Hilary Finucane
* Broad Institute of MIT and Harvard / MIT Department of Mathematics
* GNU General Public License v3
*********************************************************************
Call: 
./ldsc.py \
--ref-ld-chr eur_w_ld_chr/ \
--out /home/eerdem/notebooks/CELLECT-Analyser/out/genetic_correlation/gc/Net100_Node21_Net25_Node4 \
--rg /home/eerdem/CELLECT/gwas/BIG-S2_rs-fMRI/ukb_phase1to3_fmri_node_dec21_2019_pheno42.sumstats.gz,/home/eerdem/CELLECT/gwas/BIG-S2_rs-fMRI/ukb_phase1to3_fmri_node_dec21_2019_pheno4.sumstats.gz \
--w-ld-chr eur_w_ld_chr/ 

Beginning analysis at Tue Dec  8 19:23:43 2020
Reading summary statistics from /home/eerdem/CELLECT/gwas/BIG-S2_rs-fMRI/ukb_phase1to3_fmri_node_dec21_2019_pheno42.sumstats.gz ...
Read summary statistics for 1149479 SNPs.
Reading reference panel LD Score from eur_w_ld_chr/[1-22] ...
Read reference panel LD Scores for 1290028 SNPs.
Removing partitioned LD Scores with zero variance.
Reading regression weight LD Score from eur_w_ld_chr/[1-22] ...
Read regression weight LD Scores for 1290028 SNPs.
After merging with reference panel LD, 1142539 SNPs remain.
After merging with regression SNP LD, 1142539 SNPs remain.
Computing rg for phenotype 2/2
Reading summary statistics from /home/eerdem/CELLECT/gwas/BIG-S2_rs-fMRI/ukb_phase1to3_fmri_node_dec21_2019_pheno4.sumstats.gz ...
Read summary statistics for 1149479 SNPs.
After merging with summary statistics, 1142539 SNPs remain.
1142539 SNPs with valid alleles.

Heritability of phenotype 1
---------------------------
Total Observed scale h2: 0.1764 (0.0205)
Lambda GC: 1.0898
Mean Chi^2: 1.1295
Intercept: 1.0148 (0.0088)
Ratio: 0.1145 (0.068)

Heritability of phenotype 2/2
-----------------------------
Total Observed scale h2: 0.1068 (0.017)
Lambda GC: 1.0598
Mean Chi^2: 1.0739
Intercept: 1.0035 (0.0072)
Ratio: 0.047 (0.0972)

Genetic Covariance
------------------
Total Observed scale gencov: 0.0611 (0.014)
Mean z1*z2: 0.1949
Intercept: 0.1566 (0.0057)

Genetic Correlation
-------------------
Genetic Correlation: 0.445 (0.0883)
Z-score: 5.0421
P: 4.6037e-07


Summary of Genetic Correlation Results
p1                                                                                              p2     rg      se       z           p  h2_obs  h2_obs_se  h2_int  h2_int_se  gcov_int  gcov_int_se
/home/eerdem/CELLECT/gwas/BIG-S2_rs-fMRI/ukb_phase1to3_fmri_node_dec21_2019_pheno42.sumstats.gz  /home/eerdem/CELLECT/gwas/BIG-S2_rs-fMRI/ukb_phase1to3_fmri_node_dec21_2019_pheno4.sumstats.gz  0.445  0.0883  5.0421  4.6037e-07  0.1068      0.017  1.0035     0.0072    0.1566       0.0057

Analysis finished at Tue Dec  8 19:24:06 2020
Total time elapsed: 23.42s
