*********************************************************************
* LD Score Regression (LDSC)
* Version 1.0.0
* (C) 2014-2015 Brendan Bulik-Sullivan and Hilary Finucane
* Broad Institute of MIT and Harvard / MIT Department of Mathematics
* GNU General Public License v3
*********************************************************************
Call: 
./ldsc.py \
--ref-ld-chr eur_w_ld_chr/ \
--out /home/eerdem/notebooks/CELLECT-Analyser/out/genetic_correlation/gc/Net100_Node7_Net100_Node45 \
--rg /home/eerdem/CELLECT/gwas/BIG-S2_rs-fMRI/ukb_phase1to3_fmri_node_dec21_2019_pheno28.sumstats.gz,/home/eerdem/CELLECT/gwas/BIG-S2_rs-fMRI/ukb_phase1to3_fmri_node_dec21_2019_pheno66.sumstats.gz \
--w-ld-chr eur_w_ld_chr/ 

Beginning analysis at Tue Dec  8 17:41:57 2020
Reading summary statistics from /home/eerdem/CELLECT/gwas/BIG-S2_rs-fMRI/ukb_phase1to3_fmri_node_dec21_2019_pheno28.sumstats.gz ...
Read summary statistics for 1149479 SNPs.
Reading reference panel LD Score from eur_w_ld_chr/[1-22] ...
Read reference panel LD Scores for 1290028 SNPs.
Removing partitioned LD Scores with zero variance.
Reading regression weight LD Score from eur_w_ld_chr/[1-22] ...
Read regression weight LD Scores for 1290028 SNPs.
After merging with reference panel LD, 1142539 SNPs remain.
After merging with regression SNP LD, 1142539 SNPs remain.
Computing rg for phenotype 2/2
Reading summary statistics from /home/eerdem/CELLECT/gwas/BIG-S2_rs-fMRI/ukb_phase1to3_fmri_node_dec21_2019_pheno66.sumstats.gz ...
Read summary statistics for 1149479 SNPs.
After merging with summary statistics, 1142539 SNPs remain.
1142539 SNPs with valid alleles.

Heritability of phenotype 1
---------------------------
Total Observed scale h2: 0.1598 (0.0195)
Lambda GC: 1.0858
Mean Chi^2: 1.109
Intercept: 1.003 (0.0082)
Ratio: 0.0273 (0.0756)

Heritability of phenotype 2/2
-----------------------------
Total Observed scale h2: 0.1316 (0.0185)
Lambda GC: 1.0786
Mean Chi^2: 1.0968
Intercept: 1.0108 (0.0082)
Ratio: 0.111 (0.0846)

Genetic Covariance
------------------
Total Observed scale gencov: 0.1136 (0.0169)
Mean z1*z2: 0.6419
Intercept: 0.5666 (0.007)

Genetic Correlation
-------------------
Genetic Correlation: 0.7835 (0.0494)
Z-score: 15.853
P: 1.3396e-56


Summary of Genetic Correlation Results
p1                                                                                               p2      rg      se       z           p  h2_obs  h2_obs_se  h2_int  h2_int_se  gcov_int  gcov_int_se
/home/eerdem/CELLECT/gwas/BIG-S2_rs-fMRI/ukb_phase1to3_fmri_node_dec21_2019_pheno28.sumstats.gz  /home/eerdem/CELLECT/gwas/BIG-S2_rs-fMRI/ukb_phase1to3_fmri_node_dec21_2019_pheno66.sumstats.gz  0.7835  0.0494  15.853  1.3396e-56  0.1316     0.0185  1.0108     0.0082    0.5666        0.007

Analysis finished at Tue Dec  8 17:42:21 2020
Total time elapsed: 24.16s
