*********************************************************************
* LD Score Regression (LDSC)
* Version 1.0.0
* (C) 2014-2015 Brendan Bulik-Sullivan and Hilary Finucane
* Broad Institute of MIT and Harvard / MIT Department of Mathematics
* GNU General Public License v3
*********************************************************************
Call: 
./ldsc.py \
--ref-ld-chr eur_w_ld_chr/ \
--out /home/eerdem/notebooks/CELLECT-Analyser/out/genetic_correlation/gc/Net100_Pair5_25_ukb_phase1to3_dti441_dec21_2019_pheno118 \
--rg /home/eerdem/CELLECT/gwas/BIG-S2_rs-fMRI/ukb_phase1to3_fmri_edge_dec21_2019_pheno491.sumstats.gz,/home/eerdem/CELLECT/gwas/BIG-S2_DTI2020_munged/ukb_phase1to3_dti441_dec21_2019_pheno118.sumstats.gz \
--w-ld-chr eur_w_ld_chr/ 

Beginning analysis at Tue Dec  8 15:31:42 2020
Reading summary statistics from /home/eerdem/CELLECT/gwas/BIG-S2_rs-fMRI/ukb_phase1to3_fmri_edge_dec21_2019_pheno491.sumstats.gz ...
Read summary statistics for 1149479 SNPs.
Reading reference panel LD Score from eur_w_ld_chr/[1-22] ...
Read reference panel LD Scores for 1290028 SNPs.
Removing partitioned LD Scores with zero variance.
Reading regression weight LD Score from eur_w_ld_chr/[1-22] ...
Read regression weight LD Scores for 1290028 SNPs.
After merging with reference panel LD, 1142539 SNPs remain.
After merging with regression SNP LD, 1142539 SNPs remain.
Computing rg for phenotype 2/2
Reading summary statistics from /home/eerdem/CELLECT/gwas/BIG-S2_DTI2020_munged/ukb_phase1to3_dti441_dec21_2019_pheno118.sumstats.gz ...
Read summary statistics for 1149074 SNPs.
After merging with summary statistics, 1141611 SNPs remain.
1141611 SNPs with valid alleles.

Heritability of phenotype 1
---------------------------
Total Observed scale h2: 0.0506 (0.0168)
Lambda GC: 1.0266
Mean Chi^2: 1.0393
Intercept: 1.0064 (0.0065)
Ratio: 0.1634 (0.1666)

Heritability of phenotype 2/2
-----------------------------
Total Observed scale h2: 0.3128 (0.0281)
Lambda GC: 1.148
Mean Chi^2: 1.1973
Intercept: 1.0061 (0.0089)
Ratio: 0.0309 (0.0449)

Genetic Covariance
------------------
Total Observed scale gencov: 0.0053 (0.0129)
Mean z1*z2: 0.0049
Intercept: 0.002 (0.0053)

Genetic Correlation
-------------------
Genetic Correlation: 0.042 (0.107)
Z-score: 0.3927
P: 0.6945


Summary of Genetic Correlation Results
p1                                                                                                    p2     rg     se       z       p  h2_obs  h2_obs_se  h2_int  h2_int_se  gcov_int  gcov_int_se
/home/eerdem/CELLECT/gwas/BIG-S2_rs-fMRI/ukb_phase1to3_fmri_edge_dec21_2019_pheno491.sumstats.gz  /home/eerdem/CELLECT/gwas/BIG-S2_DTI2020_munged/ukb_phase1to3_dti441_dec21_2019_pheno118.sumstats.gz  0.042  0.107  0.3927  0.6945  0.3128     0.0281  1.0061     0.0089     0.002       0.0053

Analysis finished at Tue Dec  8 15:32:09 2020
Total time elapsed: 26.34s
