*********************************************************************
* LD Score Regression (LDSC)
* Version 1.0.0
* (C) 2014-2015 Brendan Bulik-Sullivan and Hilary Finucane
* Broad Institute of MIT and Harvard / MIT Department of Mathematics
* GNU General Public License v3
*********************************************************************
Call: 
./ldsc.py \
--ref-ld-chr eur_w_ld_chr/ \
--out /home/eerdem/notebooks/CELLECT-Analyser/out/genetic_correlation/gc/Net100_Pair2_29_Net100_Node3 \
--rg /home/eerdem/CELLECT/gwas/BIG-S2_rs-fMRI/ukb_phase1to3_fmri_edge_dec21_2019_pheno590.sumstats.gz,/home/eerdem/CELLECT/gwas/BIG-S2_rs-fMRI/ukb_phase1to3_fmri_node_dec21_2019_pheno24.sumstats.gz \
--w-ld-chr eur_w_ld_chr/ 

Beginning analysis at Tue Dec  8 17:27:12 2020
Reading summary statistics from /home/eerdem/CELLECT/gwas/BIG-S2_rs-fMRI/ukb_phase1to3_fmri_edge_dec21_2019_pheno590.sumstats.gz ...
Read summary statistics for 1149479 SNPs.
Reading reference panel LD Score from eur_w_ld_chr/[1-22] ...
Read reference panel LD Scores for 1290028 SNPs.
Removing partitioned LD Scores with zero variance.
Reading regression weight LD Score from eur_w_ld_chr/[1-22] ...
Read regression weight LD Scores for 1290028 SNPs.
After merging with reference panel LD, 1142539 SNPs remain.
After merging with regression SNP LD, 1142539 SNPs remain.
Computing rg for phenotype 2/2
Reading summary statistics from /home/eerdem/CELLECT/gwas/BIG-S2_rs-fMRI/ukb_phase1to3_fmri_node_dec21_2019_pheno24.sumstats.gz ...
Read summary statistics for 1149479 SNPs.
After merging with summary statistics, 1142539 SNPs remain.
1142539 SNPs with valid alleles.

Heritability of phenotype 1
---------------------------
Total Observed scale h2: 0.1431 (0.0245)
Lambda GC: 1.0848
Mean Chi^2: 1.1006
Intercept: 1.0067 (0.0086)
Ratio: 0.0668 (0.0854)

Heritability of phenotype 2/2
-----------------------------
Total Observed scale h2: 0.1096 (0.0177)
Lambda GC: 1.0665
Mean Chi^2: 1.08
Intercept: 1.0085 (0.0079)
Ratio: 0.1066 (0.0982)

Genetic Covariance
------------------
Total Observed scale gencov: -0.0024 (0.0123)
Mean z1*z2: 0.0523
Intercept: 0.0545 (0.0049)

Genetic Correlation
-------------------
Genetic Correlation: -0.0194 (0.0993)
Z-score: -0.1954
P: 0.8451


Summary of Genetic Correlation Results
p1                                                                                               p2      rg      se       z       p  h2_obs  h2_obs_se  h2_int  h2_int_se  gcov_int  gcov_int_se
/home/eerdem/CELLECT/gwas/BIG-S2_rs-fMRI/ukb_phase1to3_fmri_edge_dec21_2019_pheno590.sumstats.gz  /home/eerdem/CELLECT/gwas/BIG-S2_rs-fMRI/ukb_phase1to3_fmri_node_dec21_2019_pheno24.sumstats.gz -0.0194  0.0993 -0.1954  0.8451  0.1096     0.0177  1.0085     0.0079    0.0545       0.0049

Analysis finished at Tue Dec  8 17:27:38 2020
Total time elapsed: 25.56s
