*********************************************************************
* LD Score Regression (LDSC)
* Version 1.0.0
* (C) 2014-2015 Brendan Bulik-Sullivan and Hilary Finucane
* Broad Institute of MIT and Harvard / MIT Department of Mathematics
* GNU General Public License v3
*********************************************************************
Call: 
./ldsc.py \
--ref-ld-chr eur_w_ld_chr/ \
--out /home/eerdem/notebooks/CELLECT-Analyser/out/genetic_correlation/gc/Net100_Node25_ukb_phase1to3_fapcs_dec21_2019_pheno41 \
--rg /home/eerdem/CELLECT/gwas/BIG-S2_rs-fMRI/ukb_phase1to3_fmri_node_dec21_2019_pheno46.sumstats.gz,/home/eerdem/CELLECT/gwas/BIG-S2_DTI2020_munged/ukb_phase1to3_fapcs_dec21_2019_pheno41.sumstats.gz \
--w-ld-chr eur_w_ld_chr/ 

Beginning analysis at Tue Dec  8 17:00:42 2020
Reading summary statistics from /home/eerdem/CELLECT/gwas/BIG-S2_rs-fMRI/ukb_phase1to3_fmri_node_dec21_2019_pheno46.sumstats.gz ...
Read summary statistics for 1149479 SNPs.
Reading reference panel LD Score from eur_w_ld_chr/[1-22] ...
Read reference panel LD Scores for 1290028 SNPs.
Removing partitioned LD Scores with zero variance.
Reading regression weight LD Score from eur_w_ld_chr/[1-22] ...
Read regression weight LD Scores for 1290028 SNPs.
After merging with reference panel LD, 1142539 SNPs remain.
After merging with regression SNP LD, 1142539 SNPs remain.
Computing rg for phenotype 2/2
Reading summary statistics from /home/eerdem/CELLECT/gwas/BIG-S2_DTI2020_munged/ukb_phase1to3_fapcs_dec21_2019_pheno41.sumstats.gz ...
Read summary statistics for 1149074 SNPs.
After merging with summary statistics, 1141611 SNPs remain.
1141611 SNPs with valid alleles.

Heritability of phenotype 1
---------------------------
Total Observed scale h2: 0.1845 (0.0204)
Lambda GC: 1.1033
Mean Chi^2: 1.1221
Intercept: 1.0042 (0.0085)
Ratio: 0.0346 (0.0694)

Heritability of phenotype 2/2
-----------------------------
Total Observed scale h2: 0.2799 (0.0258)
Lambda GC: 1.1451
Mean Chi^2: 1.188
Intercept: 1.0102 (0.0086)
Ratio: 0.0544 (0.0458)

Genetic Covariance
------------------
Total Observed scale gencov: -0.025 (0.013)
Mean z1*z2: -0.0547
Intercept: -0.0384 (0.005)

Genetic Correlation
-------------------
Genetic Correlation: -0.11 (0.0573)
Z-score: -1.9178
P: 0.0551


Summary of Genetic Correlation Results
p1                                                                                                  p2    rg      se       z       p  h2_obs  h2_obs_se  h2_int  h2_int_se  gcov_int  gcov_int_se
/home/eerdem/CELLECT/gwas/BIG-S2_rs-fMRI/ukb_phase1to3_fmri_node_dec21_2019_pheno46.sumstats.gz  /home/eerdem/CELLECT/gwas/BIG-S2_DTI2020_munged/ukb_phase1to3_fapcs_dec21_2019_pheno41.sumstats.gz -0.11  0.0573 -1.9178  0.0551  0.2799     0.0258  1.0102     0.0086   -0.0384        0.005

Analysis finished at Tue Dec  8 17:01:03 2020
Total time elapsed: 20.47s
