*********************************************************************
* LD Score Regression (LDSC)
* Version 1.0.0
* (C) 2014-2015 Brendan Bulik-Sullivan and Hilary Finucane
* Broad Institute of MIT and Harvard / MIT Department of Mathematics
* GNU General Public License v3
*********************************************************************
Call: 
./ldsc.py \
--ref-ld-chr eur_w_ld_chr/ \
--out /home/eerdem/notebooks/CELLECT-Analyser/out/genetic_correlation/gc/Net100_Pair24_44_Net100_Pair27_45 \
--rg /home/eerdem/CELLECT/gwas/BIG-S2_rs-fMRI/ukb_phase1to3_fmri_edge_dec21_2019_pheno1137.sumstats.gz,/home/eerdem/CELLECT/gwas/BIG-S2_rs-fMRI/ukb_phase1to3_fmri_edge_dec21_2019_pheno1183.sumstats.gz \
--w-ld-chr eur_w_ld_chr/ 

Beginning analysis at Tue Dec  8 17:43:42 2020
Reading summary statistics from /home/eerdem/CELLECT/gwas/BIG-S2_rs-fMRI/ukb_phase1to3_fmri_edge_dec21_2019_pheno1137.sumstats.gz ...
Read summary statistics for 1149479 SNPs.
Reading reference panel LD Score from eur_w_ld_chr/[1-22] ...
Read reference panel LD Scores for 1290028 SNPs.
Removing partitioned LD Scores with zero variance.
Reading regression weight LD Score from eur_w_ld_chr/[1-22] ...
Read regression weight LD Scores for 1290028 SNPs.
After merging with reference panel LD, 1142539 SNPs remain.
After merging with regression SNP LD, 1142539 SNPs remain.
Computing rg for phenotype 2/2
Reading summary statistics from /home/eerdem/CELLECT/gwas/BIG-S2_rs-fMRI/ukb_phase1to3_fmri_edge_dec21_2019_pheno1183.sumstats.gz ...
Read summary statistics for 1149479 SNPs.
After merging with summary statistics, 1142539 SNPs remain.
1142539 SNPs with valid alleles.

Heritability of phenotype 1
---------------------------
Total Observed scale h2: 0.1986 (0.0185)
Lambda GC: 1.103
Mean Chi^2: 1.1355
Intercept: 1.0065 (0.0074)
Ratio: 0.0479 (0.055)

Heritability of phenotype 2/2
-----------------------------
Total Observed scale h2: 0.0804 (0.0161)
Lambda GC: 1.0471
Mean Chi^2: 1.0568
Intercept: 1.0037 (0.0067)
Ratio: 0.0658 (0.1181)

Genetic Covariance
------------------
Total Observed scale gencov: -0.0664 (0.0133)
Mean z1*z2: -0.1588
Intercept: -0.1157 (0.0056)

Genetic Correlation
-------------------
Genetic Correlation: -0.5253 (0.0984)
Z-score: -5.3369
P: 9.4539e-08


Summary of Genetic Correlation Results
p1                                                                                                 p2      rg      se       z           p  h2_obs  h2_obs_se  h2_int  h2_int_se  gcov_int  gcov_int_se
/home/eerdem/CELLECT/gwas/BIG-S2_rs-fMRI/ukb_phase1to3_fmri_edge_dec21_2019_pheno1137.sumstats.gz  /home/eerdem/CELLECT/gwas/BIG-S2_rs-fMRI/ukb_phase1to3_fmri_edge_dec21_2019_pheno1183.sumstats.gz -0.5253  0.0984 -5.3369  9.4539e-08  0.0804     0.0161  1.0037     0.0067   -0.1157       0.0056

Analysis finished at Tue Dec  8 17:44:07 2020
Total time elapsed: 24.58s
