*********************************************************************
* LD Score Regression (LDSC)
* Version 1.0.0
* (C) 2014-2015 Brendan Bulik-Sullivan and Hilary Finucane
* Broad Institute of MIT and Harvard / MIT Department of Mathematics
* GNU General Public License v3
*********************************************************************
Call: 
./ldsc.py \
--ref-ld-chr eur_w_ld_chr/ \
--out /home/eerdem/notebooks/CELLECT-Analyser/out/genetic_correlation/gc/Net100_Pair3_10_ukb_phase1to3_dti441_dec21_2019_pheno417 \
--rg /home/eerdem/CELLECT/gwas/BIG-S2_rs-fMRI/ukb_phase1to3_fmri_edge_dec21_2019_pheno249.sumstats.gz,/home/eerdem/CELLECT/gwas/BIG-S2_DTI2020_munged/ukb_phase1to3_dti441_dec21_2019_pheno417.sumstats.gz \
--w-ld-chr eur_w_ld_chr/ 

Beginning analysis at Tue Dec  8 18:40:42 2020
Reading summary statistics from /home/eerdem/CELLECT/gwas/BIG-S2_rs-fMRI/ukb_phase1to3_fmri_edge_dec21_2019_pheno249.sumstats.gz ...
Read summary statistics for 1149479 SNPs.
Reading reference panel LD Score from eur_w_ld_chr/[1-22] ...
Read reference panel LD Scores for 1290028 SNPs.
Removing partitioned LD Scores with zero variance.
Reading regression weight LD Score from eur_w_ld_chr/[1-22] ...
Read regression weight LD Scores for 1290028 SNPs.
After merging with reference panel LD, 1142539 SNPs remain.
After merging with regression SNP LD, 1142539 SNPs remain.
Computing rg for phenotype 2/2
Reading summary statistics from /home/eerdem/CELLECT/gwas/BIG-S2_DTI2020_munged/ukb_phase1to3_dti441_dec21_2019_pheno417.sumstats.gz ...
Read summary statistics for 1149074 SNPs.
After merging with summary statistics, 1141611 SNPs remain.
1141611 SNPs with valid alleles.

Heritability of phenotype 1
---------------------------
Total Observed scale h2: 0.0597 (0.019)
Lambda GC: 1.0405
Mean Chi^2: 1.0472
Intercept: 1.0082 (0.0074)
Ratio: 0.1736 (0.1573)

Heritability of phenotype 2/2
-----------------------------
Total Observed scale h2: 0.2184 (0.0238)
Lambda GC: 1.1256
Mean Chi^2: 1.1601
Intercept: 1.0244 (0.0088)
Ratio: 0.1527 (0.0552)

Genetic Covariance
------------------
Total Observed scale gencov: -0.0083 (0.0115)
Mean z1*z2: 0.0014
Intercept: 0.0063 (0.0053)

Genetic Correlation
-------------------
Genetic Correlation: -0.0726 (0.0991)
Z-score: -0.732
P: 0.4642


Summary of Genetic Correlation Results
p1                                                                                                    p2      rg      se      z       p  h2_obs  h2_obs_se  h2_int  h2_int_se  gcov_int  gcov_int_se
/home/eerdem/CELLECT/gwas/BIG-S2_rs-fMRI/ukb_phase1to3_fmri_edge_dec21_2019_pheno249.sumstats.gz  /home/eerdem/CELLECT/gwas/BIG-S2_DTI2020_munged/ukb_phase1to3_dti441_dec21_2019_pheno417.sumstats.gz -0.0726  0.0991 -0.732  0.4642  0.2184     0.0238  1.0244     0.0088    0.0063       0.0053

Analysis finished at Tue Dec  8 18:41:07 2020
Total time elapsed: 25.03s
