*********************************************************************
* LD Score Regression (LDSC)
* Version 1.0.0
* (C) 2014-2015 Brendan Bulik-Sullivan and Hilary Finucane
* Broad Institute of MIT and Harvard / MIT Department of Mathematics
* GNU General Public License v3
*********************************************************************
Call: 
./ldsc.py \
--ref-ld-chr eur_w_ld_chr/ \
--out /home/eerdem/notebooks/CELLECT-Analyser/out/genetic_correlation/gc/Net100_Pair31_47_ukb_phase1to3_dti441_dec21_2019_pheno403 \
--rg /home/eerdem/CELLECT/gwas/BIG-S2_rs-fMRI/ukb_phase1to3_fmri_edge_dec21_2019_pheno1276.sumstats.gz,/home/eerdem/CELLECT/gwas/BIG-S2_DTI2020_munged/ukb_phase1to3_dti441_dec21_2019_pheno403.sumstats.gz \
--w-ld-chr eur_w_ld_chr/ 

Beginning analysis at Tue Dec  8 18:13:12 2020
Reading summary statistics from /home/eerdem/CELLECT/gwas/BIG-S2_rs-fMRI/ukb_phase1to3_fmri_edge_dec21_2019_pheno1276.sumstats.gz ...
Read summary statistics for 1149479 SNPs.
Reading reference panel LD Score from eur_w_ld_chr/[1-22] ...
Read reference panel LD Scores for 1290028 SNPs.
Removing partitioned LD Scores with zero variance.
Reading regression weight LD Score from eur_w_ld_chr/[1-22] ...
Read regression weight LD Scores for 1290028 SNPs.
After merging with reference panel LD, 1142539 SNPs remain.
After merging with regression SNP LD, 1142539 SNPs remain.
Computing rg for phenotype 2/2
Reading summary statistics from /home/eerdem/CELLECT/gwas/BIG-S2_DTI2020_munged/ukb_phase1to3_dti441_dec21_2019_pheno403.sumstats.gz ...
Read summary statistics for 1149074 SNPs.
After merging with summary statistics, 1141611 SNPs remain.
1141611 SNPs with valid alleles.

Heritability of phenotype 1
---------------------------
Total Observed scale h2: 0.1313 (0.0188)
Lambda GC: 1.0762
Mean Chi^2: 1.0947
Intercept: 1.0062 (0.0071)
Ratio: 0.0654 (0.0751)

Heritability of phenotype 2/2
-----------------------------
Total Observed scale h2: 0.2596 (0.0241)
Lambda GC: 1.1314
Mean Chi^2: 1.1698
Intercept: 1.0069 (0.0086)
Ratio: 0.0408 (0.0507)

Genetic Covariance
------------------
Total Observed scale gencov: 0.0121 (0.0119)
Mean z1*z2: 0.0543
Intercept: 0.0449 (0.0048)

Genetic Correlation
-------------------
Genetic Correlation: 0.0656 (0.064)
Z-score: 1.0253
P: 0.3052


Summary of Genetic Correlation Results
p1                                                                                                    p2      rg     se       z       p  h2_obs  h2_obs_se  h2_int  h2_int_se  gcov_int  gcov_int_se
/home/eerdem/CELLECT/gwas/BIG-S2_rs-fMRI/ukb_phase1to3_fmri_edge_dec21_2019_pheno1276.sumstats.gz  /home/eerdem/CELLECT/gwas/BIG-S2_DTI2020_munged/ukb_phase1to3_dti441_dec21_2019_pheno403.sumstats.gz  0.0656  0.064  1.0253  0.3052  0.2596     0.0241  1.0069     0.0086    0.0449       0.0048

Analysis finished at Tue Dec  8 18:13:35 2020
Total time elapsed: 22.49s
