*********************************************************************
* LD Score Regression (LDSC)
* Version 1.0.0
* (C) 2014-2015 Brendan Bulik-Sullivan and Hilary Finucane
* Broad Institute of MIT and Harvard / MIT Department of Mathematics
* GNU General Public License v3
*********************************************************************
Call: 
./ldsc.py \
--ref-ld-chr eur_w_ld_chr/ \
--out /home/eerdem/notebooks/CELLECT-Analyser/out/genetic_correlation/gc/Net100_Pair10_33_ukb_phase1to3_fapcs_dec21_2019_pheno22 \
--rg /home/eerdem/CELLECT/gwas/BIG-S2_rs-fMRI/ukb_phase1to3_fmri_edge_dec21_2019_pheno716.sumstats.gz,/home/eerdem/CELLECT/gwas/BIG-S2_DTI2020_munged/ukb_phase1to3_fapcs_dec21_2019_pheno22.sumstats.gz \
--w-ld-chr eur_w_ld_chr/ 

Beginning analysis at Tue Dec  8 16:31:42 2020
Reading summary statistics from /home/eerdem/CELLECT/gwas/BIG-S2_rs-fMRI/ukb_phase1to3_fmri_edge_dec21_2019_pheno716.sumstats.gz ...
Read summary statistics for 1149479 SNPs.
Reading reference panel LD Score from eur_w_ld_chr/[1-22] ...
Read reference panel LD Scores for 1290028 SNPs.
Removing partitioned LD Scores with zero variance.
Reading regression weight LD Score from eur_w_ld_chr/[1-22] ...
Read regression weight LD Scores for 1290028 SNPs.
After merging with reference panel LD, 1142539 SNPs remain.
After merging with regression SNP LD, 1142539 SNPs remain.
Computing rg for phenotype 2/2
Reading summary statistics from /home/eerdem/CELLECT/gwas/BIG-S2_DTI2020_munged/ukb_phase1to3_fapcs_dec21_2019_pheno22.sumstats.gz ...
Read summary statistics for 1149074 SNPs.
After merging with summary statistics, 1141611 SNPs remain.
1141611 SNPs with valid alleles.

Heritability of phenotype 1
---------------------------
Total Observed scale h2: 0.0461 (0.0133)
Lambda GC: 1.0326
Mean Chi^2: 1.0357
Intercept: 1.0049 (0.0062)
Ratio: 0.1366 (0.174)

Heritability of phenotype 2/2
-----------------------------
Total Observed scale h2: 0.0725 (0.0145)
Lambda GC: 1.0569
Mean Chi^2: 1.0582
Intercept: 1.0126 (0.006)
Ratio: 0.2168 (0.1035)

Genetic Covariance
------------------
Total Observed scale gencov: 0.0069 (0.0105)
Mean z1*z2: -0.0077
Intercept: -0.0126 (0.0045)

Genetic Correlation
-------------------
Genetic Correlation: 0.1196 (0.181)
Z-score: 0.6607
P: 0.5088


Summary of Genetic Correlation Results
p1                                                                                                  p2      rg     se       z       p  h2_obs  h2_obs_se  h2_int  h2_int_se  gcov_int  gcov_int_se
/home/eerdem/CELLECT/gwas/BIG-S2_rs-fMRI/ukb_phase1to3_fmri_edge_dec21_2019_pheno716.sumstats.gz  /home/eerdem/CELLECT/gwas/BIG-S2_DTI2020_munged/ukb_phase1to3_fapcs_dec21_2019_pheno22.sumstats.gz  0.1196  0.181  0.6607  0.5088  0.0725     0.0145  1.0126      0.006   -0.0126       0.0045

Analysis finished at Tue Dec  8 16:32:04 2020
Total time elapsed: 21.76s
