*********************************************************************
* LD Score Regression (LDSC)
* Version 1.0.0
* (C) 2014-2015 Brendan Bulik-Sullivan and Hilary Finucane
* Broad Institute of MIT and Harvard / MIT Department of Mathematics
* GNU General Public License v3
*********************************************************************
Call: 
./ldsc.py \
--ref-ld-chr eur_w_ld_chr/ \
--out /home/eerdem/notebooks/CELLECT-Analyser/out/genetic_correlation/gc/Net100_Node10_Net100_Node22 \
--rg /home/eerdem/CELLECT/gwas/BIG-S2_rs-fMRI/ukb_phase1to3_fmri_node_dec21_2019_pheno31.sumstats.gz,/home/eerdem/CELLECT/gwas/BIG-S2_rs-fMRI/ukb_phase1to3_fmri_node_dec21_2019_pheno43.sumstats.gz \
--w-ld-chr eur_w_ld_chr/ 

Beginning analysis at Tue Dec  8 15:07:57 2020
Reading summary statistics from /home/eerdem/CELLECT/gwas/BIG-S2_rs-fMRI/ukb_phase1to3_fmri_node_dec21_2019_pheno31.sumstats.gz ...
Read summary statistics for 1149479 SNPs.
Reading reference panel LD Score from eur_w_ld_chr/[1-22] ...
Read reference panel LD Scores for 1290028 SNPs.
Removing partitioned LD Scores with zero variance.
Reading regression weight LD Score from eur_w_ld_chr/[1-22] ...
Read regression weight LD Scores for 1290028 SNPs.
After merging with reference panel LD, 1142539 SNPs remain.
After merging with regression SNP LD, 1142539 SNPs remain.
Computing rg for phenotype 2/2
Reading summary statistics from /home/eerdem/CELLECT/gwas/BIG-S2_rs-fMRI/ukb_phase1to3_fmri_node_dec21_2019_pheno43.sumstats.gz ...
Read summary statistics for 1149479 SNPs.
After merging with summary statistics, 1142539 SNPs remain.
1142539 SNPs with valid alleles.

Heritability of phenotype 1
---------------------------
Total Observed scale h2: 0.1359 (0.0204)
Lambda GC: 1.0758
Mean Chi^2: 1.0913
Intercept: 1.0025 (0.0082)
Ratio: 0.0279 (0.0902)

Heritability of phenotype 2/2
-----------------------------
Total Observed scale h2: 0.1609 (0.0209)
Lambda GC: 1.0981
Mean Chi^2: 1.1136
Intercept: 1.0098 (0.0089)
Ratio: 0.0864 (0.0781)

Genetic Covariance
------------------
Total Observed scale gencov: 0.1025 (0.0177)
Mean z1*z2: 0.5062
Intercept: 0.4398 (0.0074)

Genetic Correlation
-------------------
Genetic Correlation: 0.6928 (0.0598)
Z-score: 11.583
P: 5.0256e-31


Summary of Genetic Correlation Results
p1                                                                                               p2      rg      se       z           p  h2_obs  h2_obs_se  h2_int  h2_int_se  gcov_int  gcov_int_se
/home/eerdem/CELLECT/gwas/BIG-S2_rs-fMRI/ukb_phase1to3_fmri_node_dec21_2019_pheno31.sumstats.gz  /home/eerdem/CELLECT/gwas/BIG-S2_rs-fMRI/ukb_phase1to3_fmri_node_dec21_2019_pheno43.sumstats.gz  0.6928  0.0598  11.583  5.0256e-31  0.1609     0.0209  1.0098     0.0089    0.4398       0.0074

Analysis finished at Tue Dec  8 15:08:23 2020
Total time elapsed: 25.82s
