*********************************************************************
* LD Score Regression (LDSC)
* Version 1.0.0
* (C) 2014-2015 Brendan Bulik-Sullivan and Hilary Finucane
* Broad Institute of MIT and Harvard / MIT Department of Mathematics
* GNU General Public License v3
*********************************************************************
Call: 
./ldsc.py \
--ref-ld-chr eur_w_ld_chr/ \
--out /home/eerdem/notebooks/CELLECT-Analyser/out/genetic_correlation/gc/Net100_Pair5_29_ukb_phase1to3_dti441_dec21_2019_pheno386 \
--rg /home/eerdem/CELLECT/gwas/BIG-S2_rs-fMRI/ukb_phase1to3_fmri_edge_dec21_2019_pheno593.sumstats.gz,/home/eerdem/CELLECT/gwas/BIG-S2_DTI2020_munged/ukb_phase1to3_dti441_dec21_2019_pheno386.sumstats.gz \
--w-ld-chr eur_w_ld_chr/ 

Beginning analysis at Tue Dec  8 16:24:42 2020
Reading summary statistics from /home/eerdem/CELLECT/gwas/BIG-S2_rs-fMRI/ukb_phase1to3_fmri_edge_dec21_2019_pheno593.sumstats.gz ...
Read summary statistics for 1149479 SNPs.
Reading reference panel LD Score from eur_w_ld_chr/[1-22] ...
Read reference panel LD Scores for 1290028 SNPs.
Removing partitioned LD Scores with zero variance.
Reading regression weight LD Score from eur_w_ld_chr/[1-22] ...
Read regression weight LD Scores for 1290028 SNPs.
After merging with reference panel LD, 1142539 SNPs remain.
After merging with regression SNP LD, 1142539 SNPs remain.
Computing rg for phenotype 2/2
Reading summary statistics from /home/eerdem/CELLECT/gwas/BIG-S2_DTI2020_munged/ukb_phase1to3_dti441_dec21_2019_pheno386.sumstats.gz ...
Read summary statistics for 1149074 SNPs.
After merging with summary statistics, 1141611 SNPs remain.
1141611 SNPs with valid alleles.

Heritability of phenotype 1
---------------------------
Total Observed scale h2: 0.1371 (0.0267)
Lambda GC: 1.0849
Mean Chi^2: 1.0973
Intercept: 1.0066 (0.0092)
Ratio: 0.0682 (0.0945)

Heritability of phenotype 2/2
-----------------------------
Total Observed scale h2: 0.3126 (0.0282)
Lambda GC: 1.1559
Mean Chi^2: 1.1963
Intercept: 1.0027 (0.008)
Ratio: 0.0139 (0.0408)

Genetic Covariance
------------------
Total Observed scale gencov: -0.0161 (0.0147)
Mean z1*z2: 1.5430e-05
Intercept: 0.0115 (0.0054)

Genetic Correlation
-------------------
Genetic Correlation: -0.0775 (0.0695)
Z-score: -1.116
P: 0.2644


Summary of Genetic Correlation Results
p1                                                                                                    p2      rg      se      z       p  h2_obs  h2_obs_se  h2_int  h2_int_se  gcov_int  gcov_int_se
/home/eerdem/CELLECT/gwas/BIG-S2_rs-fMRI/ukb_phase1to3_fmri_edge_dec21_2019_pheno593.sumstats.gz  /home/eerdem/CELLECT/gwas/BIG-S2_DTI2020_munged/ukb_phase1to3_dti441_dec21_2019_pheno386.sumstats.gz -0.0775  0.0695 -1.116  0.2644  0.3126     0.0282  1.0027      0.008    0.0115       0.0054

Analysis finished at Tue Dec  8 16:25:02 2020
Total time elapsed: 20.06s
