*********************************************************************
* LD Score Regression (LDSC)
* Version 1.0.0
* (C) 2014-2015 Brendan Bulik-Sullivan and Hilary Finucane
* Broad Institute of MIT and Harvard / MIT Department of Mathematics
* GNU General Public License v3
*********************************************************************
Call: 
./ldsc.py \
--ref-ld-chr eur_w_ld_chr/ \
--out /home/eerdem/notebooks/CELLECT-Analyser/out/genetic_correlation/gc/Net100_Node34_Net100_Node27 \
--rg /home/eerdem/CELLECT/gwas/BIG-S2_rs-fMRI/ukb_phase1to3_fmri_node_dec21_2019_pheno55.sumstats.gz,/home/eerdem/CELLECT/gwas/BIG-S2_rs-fMRI/ukb_phase1to3_fmri_node_dec21_2019_pheno48.sumstats.gz \
--w-ld-chr eur_w_ld_chr/ 

Beginning analysis at Tue Dec  8 15:52:57 2020
Reading summary statistics from /home/eerdem/CELLECT/gwas/BIG-S2_rs-fMRI/ukb_phase1to3_fmri_node_dec21_2019_pheno55.sumstats.gz ...
Read summary statistics for 1149479 SNPs.
Reading reference panel LD Score from eur_w_ld_chr/[1-22] ...
Read reference panel LD Scores for 1290028 SNPs.
Removing partitioned LD Scores with zero variance.
Reading regression weight LD Score from eur_w_ld_chr/[1-22] ...
Read regression weight LD Scores for 1290028 SNPs.
After merging with reference panel LD, 1142539 SNPs remain.
After merging with regression SNP LD, 1142539 SNPs remain.
Computing rg for phenotype 2/2
Reading summary statistics from /home/eerdem/CELLECT/gwas/BIG-S2_rs-fMRI/ukb_phase1to3_fmri_node_dec21_2019_pheno48.sumstats.gz ...
Read summary statistics for 1149479 SNPs.
After merging with summary statistics, 1142539 SNPs remain.
1142539 SNPs with valid alleles.

Heritability of phenotype 1
---------------------------
Total Observed scale h2: 0.1587 (0.021)
Lambda GC: 1.074
Mean Chi^2: 1.1049
Intercept: 1.0035 (0.0086)
Ratio: 0.0336 (0.0818)

Heritability of phenotype 2/2
-----------------------------
Total Observed scale h2: 0.1715 (0.024)
Lambda GC: 1.0798
Mean Chi^2: 1.1167
Intercept: 1.0046 (0.0093)
Ratio: 0.039 (0.0801)

Genetic Covariance
------------------
Total Observed scale gencov: 0.1256 (0.0193)
Mean z1*z2: 0.6017
Intercept: 0.5201 (0.0079)

Genetic Correlation
-------------------
Genetic Correlation: 0.7615 (0.0445)
Z-score: 17.1277
P: 9.2232e-66


Summary of Genetic Correlation Results
p1                                                                                               p2      rg      se        z           p  h2_obs  h2_obs_se  h2_int  h2_int_se  gcov_int  gcov_int_se
/home/eerdem/CELLECT/gwas/BIG-S2_rs-fMRI/ukb_phase1to3_fmri_node_dec21_2019_pheno55.sumstats.gz  /home/eerdem/CELLECT/gwas/BIG-S2_rs-fMRI/ukb_phase1to3_fmri_node_dec21_2019_pheno48.sumstats.gz  0.7615  0.0445  17.1277  9.2232e-66  0.1715      0.024  1.0046     0.0093    0.5201       0.0079

Analysis finished at Tue Dec  8 15:53:23 2020
Total time elapsed: 25.45s
