*********************************************************************
* LD Score Regression (LDSC)
* Version 1.0.0
* (C) 2014-2015 Brendan Bulik-Sullivan and Hilary Finucane
* Broad Institute of MIT and Harvard / MIT Department of Mathematics
* GNU General Public License v3
*********************************************************************
Call: 
./ldsc.py \
--ref-ld-chr eur_w_ld_chr/ \
--out /home/eerdem/notebooks/CELLECT-Analyser/out/genetic_correlation/gc/Net100_Pair14_40_ukb_phase1to3_fapcs_dec21_2019_pheno103 \
--rg /home/eerdem/CELLECT/gwas/BIG-S2_rs-fMRI/ukb_phase1to3_fmri_edge_dec21_2019_pheno965.sumstats.gz,/home/eerdem/CELLECT/gwas/BIG-S2_DTI2020_munged/ukb_phase1to3_fapcs_dec21_2019_pheno103.sumstats.gz \
--w-ld-chr eur_w_ld_chr/ 

Beginning analysis at Tue Dec  8 15:01:42 2020
Reading summary statistics from /home/eerdem/CELLECT/gwas/BIG-S2_rs-fMRI/ukb_phase1to3_fmri_edge_dec21_2019_pheno965.sumstats.gz ...
Read summary statistics for 1149479 SNPs.
Reading reference panel LD Score from eur_w_ld_chr/[1-22] ...
Read reference panel LD Scores for 1290028 SNPs.
Removing partitioned LD Scores with zero variance.
Reading regression weight LD Score from eur_w_ld_chr/[1-22] ...
Read regression weight LD Scores for 1290028 SNPs.
After merging with reference panel LD, 1142539 SNPs remain.
After merging with regression SNP LD, 1142539 SNPs remain.
Computing rg for phenotype 2/2
Reading summary statistics from /home/eerdem/CELLECT/gwas/BIG-S2_DTI2020_munged/ukb_phase1to3_fapcs_dec21_2019_pheno103.sumstats.gz ...
Read summary statistics for 1149074 SNPs.
After merging with summary statistics, 1141611 SNPs remain.
1141611 SNPs with valid alleles.

Heritability of phenotype 1
---------------------------
Total Observed scale h2: 0.0402 (0.0142)
Lambda GC: 1.0291
Mean Chi^2: 1.0296
Intercept: 1.0027 (0.0065)
Ratio: 0.0918 (0.2187)

Heritability of phenotype 2/2
-----------------------------
Total Observed scale h2: 0.187 (0.0204)
Lambda GC: 1.111
Mean Chi^2: 1.1295
Intercept: 1.0108 (0.0075)
Ratio: 0.083 (0.0577)

Genetic Covariance
------------------
Total Observed scale gencov: -0.0041 (0.0111)
Mean z1*z2: -0.0251
Intercept: -0.0235 (0.0046)

Genetic Correlation
-------------------
Genetic Correlation: -0.0473 (0.1273)
Z-score: -0.372
P: 0.7099


Summary of Genetic Correlation Results
p1                                                                                                   p2      rg      se      z       p  h2_obs  h2_obs_se  h2_int  h2_int_se  gcov_int  gcov_int_se
/home/eerdem/CELLECT/gwas/BIG-S2_rs-fMRI/ukb_phase1to3_fmri_edge_dec21_2019_pheno965.sumstats.gz  /home/eerdem/CELLECT/gwas/BIG-S2_DTI2020_munged/ukb_phase1to3_fapcs_dec21_2019_pheno103.sumstats.gz -0.0473  0.1273 -0.372  0.7099   0.187     0.0204  1.0108     0.0075   -0.0235       0.0046

Analysis finished at Tue Dec  8 15:02:07 2020
Total time elapsed: 24.69s
