*********************************************************************
* LD Score Regression (LDSC)
* Version 1.0.0
* (C) 2014-2015 Brendan Bulik-Sullivan and Hilary Finucane
* Broad Institute of MIT and Harvard / MIT Department of Mathematics
* GNU General Public License v3
*********************************************************************
Call: 
./ldsc.py \
--ref-ld-chr eur_w_ld_chr/ \
--out /home/eerdem/notebooks/CELLECT-Analyser/out/genetic_correlation/gc/Net100_Node2_Net100_Node41 \
--rg /home/eerdem/CELLECT/gwas/BIG-S2_rs-fMRI/ukb_phase1to3_fmri_node_dec21_2019_pheno23.sumstats.gz,/home/eerdem/CELLECT/gwas/BIG-S2_rs-fMRI/ukb_phase1to3_fmri_node_dec21_2019_pheno62.sumstats.gz \
--w-ld-chr eur_w_ld_chr/ 

Beginning analysis at Tue Dec  8 16:06:27 2020
Reading summary statistics from /home/eerdem/CELLECT/gwas/BIG-S2_rs-fMRI/ukb_phase1to3_fmri_node_dec21_2019_pheno23.sumstats.gz ...
Read summary statistics for 1149479 SNPs.
Reading reference panel LD Score from eur_w_ld_chr/[1-22] ...
Read reference panel LD Scores for 1290028 SNPs.
Removing partitioned LD Scores with zero variance.
Reading regression weight LD Score from eur_w_ld_chr/[1-22] ...
Read regression weight LD Scores for 1290028 SNPs.
After merging with reference panel LD, 1142539 SNPs remain.
After merging with regression SNP LD, 1142539 SNPs remain.
Computing rg for phenotype 2/2
Reading summary statistics from /home/eerdem/CELLECT/gwas/BIG-S2_rs-fMRI/ukb_phase1to3_fmri_node_dec21_2019_pheno62.sumstats.gz ...
Read summary statistics for 1149479 SNPs.
After merging with summary statistics, 1142539 SNPs remain.
1142539 SNPs with valid alleles.

Heritability of phenotype 1
---------------------------
Total Observed scale h2: 0.1761 (0.0224)
Lambda GC: 1.0928
Mean Chi^2: 1.1257
Intercept: 1.0104 (0.0089)
Ratio: 0.0826 (0.0706)

Heritability of phenotype 2/2
-----------------------------
Total Observed scale h2: 0.0919 (0.0172)
Lambda GC: 1.0462
Mean Chi^2: 1.0588
Intercept: 1.0001 (0.0076)
Ratio: 0.0016 (0.1294)

Genetic Covariance
------------------
Total Observed scale gencov: 0.0837 (0.0162)
Mean z1*z2: 0.4551
Intercept: 0.4013 (0.0064)

Genetic Correlation
-------------------
Genetic Correlation: 0.6578 (0.0699)
Z-score: 9.4173
P: 4.6280e-21


Summary of Genetic Correlation Results
p1                                                                                               p2      rg      se       z           p  h2_obs  h2_obs_se  h2_int  h2_int_se  gcov_int  gcov_int_se
/home/eerdem/CELLECT/gwas/BIG-S2_rs-fMRI/ukb_phase1to3_fmri_node_dec21_2019_pheno23.sumstats.gz  /home/eerdem/CELLECT/gwas/BIG-S2_rs-fMRI/ukb_phase1to3_fmri_node_dec21_2019_pheno62.sumstats.gz  0.6578  0.0699  9.4173  4.6280e-21  0.0919     0.0172  1.0001     0.0076    0.4013       0.0064

Analysis finished at Tue Dec  8 16:06:50 2020
Total time elapsed: 22.5s
