*********************************************************************
* LD Score Regression (LDSC)
* Version 1.0.0
* (C) 2014-2015 Brendan Bulik-Sullivan and Hilary Finucane
* Broad Institute of MIT and Harvard / MIT Department of Mathematics
* GNU General Public License v3
*********************************************************************
Call: 
./ldsc.py \
--ref-ld-chr eur_w_ld_chr/ \
--out /home/eerdem/notebooks/CELLECT-Analyser/out/genetic_correlation/gc/Net100_Pair20_30_Net25_Pair15_18 \
--rg /home/eerdem/CELLECT/gwas/BIG-S2_rs-fMRI/ukb_phase1to3_fmri_edge_dec21_2019_pheno636.sumstats.gz,/home/eerdem/CELLECT/gwas/BIG-S2_rs-fMRI/ukb_phase1to3_fmri_edge_dec21_2019_pheno151.sumstats.gz \
--w-ld-chr eur_w_ld_chr/ 

Beginning analysis at Tue Dec  8 17:18:42 2020
Reading summary statistics from /home/eerdem/CELLECT/gwas/BIG-S2_rs-fMRI/ukb_phase1to3_fmri_edge_dec21_2019_pheno636.sumstats.gz ...
Read summary statistics for 1149479 SNPs.
Reading reference panel LD Score from eur_w_ld_chr/[1-22] ...
Read reference panel LD Scores for 1290028 SNPs.
Removing partitioned LD Scores with zero variance.
Reading regression weight LD Score from eur_w_ld_chr/[1-22] ...
Read regression weight LD Scores for 1290028 SNPs.
After merging with reference panel LD, 1142539 SNPs remain.
After merging with regression SNP LD, 1142539 SNPs remain.
Computing rg for phenotype 2/2
Reading summary statistics from /home/eerdem/CELLECT/gwas/BIG-S2_rs-fMRI/ukb_phase1to3_fmri_edge_dec21_2019_pheno151.sumstats.gz ...
Read summary statistics for 1149479 SNPs.
After merging with summary statistics, 1142539 SNPs remain.
1142539 SNPs with valid alleles.

Heritability of phenotype 1
---------------------------
Total Observed scale h2: 0.0535 (0.0142)
Lambda GC: 1.0435
Mean Chi^2: 1.0414
Intercept: 1.0067 (0.0062)
Ratio: 0.161 (0.1498)

Heritability of phenotype 2/2
-----------------------------
Total Observed scale h2: 0.0529 (0.016)
Lambda GC: 1.035
Mean Chi^2: 1.04
Intercept: 1.0052 (0.0072)
Ratio: 0.1302 (0.1789)

Genetic Covariance
------------------
Total Observed scale gencov: 0.0152 (0.0095)
Mean z1*z2: 0.228
Intercept: 0.2178 (0.0047)

Genetic Correlation
-------------------
Genetic Correlation: 0.2868 (0.1684)
Z-score: 1.7027
P: 0.0886


Summary of Genetic Correlation Results
p1                                                                                                p2      rg      se       z       p  h2_obs  h2_obs_se  h2_int  h2_int_se  gcov_int  gcov_int_se
/home/eerdem/CELLECT/gwas/BIG-S2_rs-fMRI/ukb_phase1to3_fmri_edge_dec21_2019_pheno636.sumstats.gz  /home/eerdem/CELLECT/gwas/BIG-S2_rs-fMRI/ukb_phase1to3_fmri_edge_dec21_2019_pheno151.sumstats.gz  0.2868  0.1684  1.7027  0.0886  0.0529      0.016  1.0052     0.0072    0.2178       0.0047

Analysis finished at Tue Dec  8 17:19:03 2020
Total time elapsed: 20.54s
