*********************************************************************
* LD Score Regression (LDSC)
* Version 1.0.0
* (C) 2014-2015 Brendan Bulik-Sullivan and Hilary Finucane
* Broad Institute of MIT and Harvard / MIT Department of Mathematics
* GNU General Public License v3
*********************************************************************
Call: 
./ldsc.py \
--ref-ld-chr eur_w_ld_chr/ \
--out /home/eerdem/notebooks/CELLECT-Analyser/out/genetic_correlation/gc/Net100_Node47_ukb_phase1to3_dti441_dec21_2019_pheno91 \
--rg /home/eerdem/CELLECT/gwas/BIG-S2_rs-fMRI/ukb_phase1to3_fmri_node_dec21_2019_pheno68.sumstats.gz,/home/eerdem/CELLECT/gwas/BIG-S2_DTI2020_munged/ukb_phase1to3_dti441_dec21_2019_pheno91.sumstats.gz \
--w-ld-chr eur_w_ld_chr/ 

Beginning analysis at Tue Dec  8 16:46:42 2020
Reading summary statistics from /home/eerdem/CELLECT/gwas/BIG-S2_rs-fMRI/ukb_phase1to3_fmri_node_dec21_2019_pheno68.sumstats.gz ...
Read summary statistics for 1149479 SNPs.
Reading reference panel LD Score from eur_w_ld_chr/[1-22] ...
Read reference panel LD Scores for 1290028 SNPs.
Removing partitioned LD Scores with zero variance.
Reading regression weight LD Score from eur_w_ld_chr/[1-22] ...
Read regression weight LD Scores for 1290028 SNPs.
After merging with reference panel LD, 1142539 SNPs remain.
After merging with regression SNP LD, 1142539 SNPs remain.
Computing rg for phenotype 2/2
Reading summary statistics from /home/eerdem/CELLECT/gwas/BIG-S2_DTI2020_munged/ukb_phase1to3_dti441_dec21_2019_pheno91.sumstats.gz ...
Read summary statistics for 1149074 SNPs.
After merging with summary statistics, 1141611 SNPs remain.
1141611 SNPs with valid alleles.

Heritability of phenotype 1
---------------------------
Total Observed scale h2: 0.1214 (0.0192)
Lambda GC: 1.0778
Mean Chi^2: 1.0964
Intercept: 1.016 (0.008)
Ratio: 0.1655 (0.0827)

Heritability of phenotype 2/2
-----------------------------
Total Observed scale h2: 0.2017 (0.0191)
Lambda GC: 1.102
Mean Chi^2: 1.1261
Intercept: 1.002 (0.007)
Ratio: 0.0158 (0.0557)

Genetic Covariance
------------------
Total Observed scale gencov: -0.0044 (0.0122)
Mean z1*z2: -0.0229
Intercept: -0.0205 (0.0046)

Genetic Correlation
-------------------
Genetic Correlation: -0.0279 (0.0781)
Z-score: -0.357
P: 0.7211


Summary of Genetic Correlation Results
p1                                                                                                   p2      rg      se      z       p  h2_obs  h2_obs_se  h2_int  h2_int_se  gcov_int  gcov_int_se
/home/eerdem/CELLECT/gwas/BIG-S2_rs-fMRI/ukb_phase1to3_fmri_node_dec21_2019_pheno68.sumstats.gz  /home/eerdem/CELLECT/gwas/BIG-S2_DTI2020_munged/ukb_phase1to3_dti441_dec21_2019_pheno91.sumstats.gz -0.0279  0.0781 -0.357  0.7211  0.2017     0.0191   1.002      0.007   -0.0205       0.0046

Analysis finished at Tue Dec  8 16:47:07 2020
Total time elapsed: 24.85s
