*********************************************************************
* LD Score Regression (LDSC)
* Version 1.0.0
* (C) 2014-2015 Brendan Bulik-Sullivan and Hilary Finucane
* Broad Institute of MIT and Harvard / MIT Department of Mathematics
* GNU General Public License v3
*********************************************************************
Call: 
./ldsc.py \
--ref-ld-chr eur_w_ld_chr/ \
--out /home/eerdem/notebooks/CELLECT-Analyser/out/genetic_correlation/gc/Net100_Pair24_44_ukb_phase1to3_dti441_dec21_2019_pheno71 \
--rg /home/eerdem/CELLECT/gwas/BIG-S2_rs-fMRI/ukb_phase1to3_fmri_edge_dec21_2019_pheno1137.sumstats.gz,/home/eerdem/CELLECT/gwas/BIG-S2_DTI2020_munged/ukb_phase1to3_dti441_dec21_2019_pheno71.sumstats.gz \
--w-ld-chr eur_w_ld_chr/ 

Beginning analysis at Tue Dec  8 20:20:12 2020
Reading summary statistics from /home/eerdem/CELLECT/gwas/BIG-S2_rs-fMRI/ukb_phase1to3_fmri_edge_dec21_2019_pheno1137.sumstats.gz ...
Read summary statistics for 1149479 SNPs.
Reading reference panel LD Score from eur_w_ld_chr/[1-22] ...
Read reference panel LD Scores for 1290028 SNPs.
Removing partitioned LD Scores with zero variance.
Reading regression weight LD Score from eur_w_ld_chr/[1-22] ...
Read regression weight LD Scores for 1290028 SNPs.
After merging with reference panel LD, 1142539 SNPs remain.
After merging with regression SNP LD, 1142539 SNPs remain.
Computing rg for phenotype 2/2
Reading summary statistics from /home/eerdem/CELLECT/gwas/BIG-S2_DTI2020_munged/ukb_phase1to3_dti441_dec21_2019_pheno71.sumstats.gz ...
Read summary statistics for 1149074 SNPs.
After merging with summary statistics, 1141611 SNPs remain.
1141611 SNPs with valid alleles.

Heritability of phenotype 1
---------------------------
Total Observed scale h2: 0.1987 (0.0185)
Lambda GC: 1.1032
Mean Chi^2: 1.1357
Intercept: 1.0066 (0.0075)
Ratio: 0.0487 (0.0551)

Heritability of phenotype 2/2
-----------------------------
Total Observed scale h2: 0.2487 (0.0218)
Lambda GC: 1.1335
Mean Chi^2: 1.1647
Intercept: 1.009 (0.0081)
Ratio: 0.0545 (0.0493)

Genetic Covariance
------------------
Total Observed scale gencov: 0.0073 (0.0121)
Mean z1*z2: 0.0019
Intercept: -0.0029 (0.0049)

Genetic Correlation
-------------------
Genetic Correlation: 0.0327 (0.0546)
Z-score: 0.5986
P: 0.5494


Summary of Genetic Correlation Results
p1                                                                                                   p2      rg      se       z       p  h2_obs  h2_obs_se  h2_int  h2_int_se  gcov_int  gcov_int_se
/home/eerdem/CELLECT/gwas/BIG-S2_rs-fMRI/ukb_phase1to3_fmri_edge_dec21_2019_pheno1137.sumstats.gz  /home/eerdem/CELLECT/gwas/BIG-S2_DTI2020_munged/ukb_phase1to3_dti441_dec21_2019_pheno71.sumstats.gz  0.0327  0.0546  0.5986  0.5494  0.2487     0.0218   1.009     0.0081   -0.0029       0.0049

Analysis finished at Tue Dec  8 20:20:35 2020
Total time elapsed: 22.53s
