*********************************************************************
* LD Score Regression (LDSC)
* Version 1.0.0
* (C) 2014-2015 Brendan Bulik-Sullivan and Hilary Finucane
* Broad Institute of MIT and Harvard / MIT Department of Mathematics
* GNU General Public License v3
*********************************************************************
Call: 
./ldsc.py \
--ref-ld-chr eur_w_ld_chr/ \
--out /home/eerdem/notebooks/CELLECT-Analyser/out/genetic_correlation/gc/Net100_Node54_Net100_Node24 \
--rg /home/eerdem/CELLECT/gwas/BIG-S2_rs-fMRI/ukb_phase1to3_fmri_node_dec21_2019_pheno75.sumstats.gz,/home/eerdem/CELLECT/gwas/BIG-S2_rs-fMRI/ukb_phase1to3_fmri_node_dec21_2019_pheno45.sumstats.gz \
--w-ld-chr eur_w_ld_chr/ 

Beginning analysis at Tue Dec  8 16:52:27 2020
Reading summary statistics from /home/eerdem/CELLECT/gwas/BIG-S2_rs-fMRI/ukb_phase1to3_fmri_node_dec21_2019_pheno75.sumstats.gz ...
Read summary statistics for 1149479 SNPs.
Reading reference panel LD Score from eur_w_ld_chr/[1-22] ...
Read reference panel LD Scores for 1290028 SNPs.
Removing partitioned LD Scores with zero variance.
Reading regression weight LD Score from eur_w_ld_chr/[1-22] ...
Read regression weight LD Scores for 1290028 SNPs.
After merging with reference panel LD, 1142539 SNPs remain.
After merging with regression SNP LD, 1142539 SNPs remain.
Computing rg for phenotype 2/2
Reading summary statistics from /home/eerdem/CELLECT/gwas/BIG-S2_rs-fMRI/ukb_phase1to3_fmri_node_dec21_2019_pheno45.sumstats.gz ...
Read summary statistics for 1149479 SNPs.
After merging with summary statistics, 1142539 SNPs remain.
1142539 SNPs with valid alleles.

Heritability of phenotype 1
---------------------------
Total Observed scale h2: 0.0842 (0.0163)
Lambda GC: 1.0495
Mean Chi^2: 1.0647
Intercept: 1.0097 (0.0068)
Ratio: 0.1499 (0.1052)

Heritability of phenotype 2/2
-----------------------------
Total Observed scale h2: 0.174 (0.0205)
Lambda GC: 1.0922
Mean Chi^2: 1.118
Intercept: 1.0045 (0.0091)
Ratio: 0.0385 (0.0769)

Genetic Covariance
------------------
Total Observed scale gencov: 0.0992 (0.0144)
Mean z1*z2: 0.4706
Intercept: 0.4055 (0.0064)

Genetic Correlation
-------------------
Genetic Correlation: 0.8193 (0.07)
Z-score: 11.7115
P: 1.1128e-31


Summary of Genetic Correlation Results
p1                                                                                               p2      rg    se        z           p  h2_obs  h2_obs_se  h2_int  h2_int_se  gcov_int  gcov_int_se
/home/eerdem/CELLECT/gwas/BIG-S2_rs-fMRI/ukb_phase1to3_fmri_node_dec21_2019_pheno75.sumstats.gz  /home/eerdem/CELLECT/gwas/BIG-S2_rs-fMRI/ukb_phase1to3_fmri_node_dec21_2019_pheno45.sumstats.gz  0.8193  0.07  11.7115  1.1128e-31   0.174     0.0205  1.0045     0.0091    0.4055       0.0064

Analysis finished at Tue Dec  8 16:52:49 2020
Total time elapsed: 21.43s
