*********************************************************************
* LD Score Regression (LDSC)
* Version 1.0.0
* (C) 2014-2015 Brendan Bulik-Sullivan and Hilary Finucane
* Broad Institute of MIT and Harvard / MIT Department of Mathematics
* GNU General Public License v3
*********************************************************************
Call: 
./ldsc.py \
--ref-ld-chr eur_w_ld_chr/ \
--out /home/eerdem/notebooks/CELLECT-Analyser/out/genetic_correlation/gc/Net100_Pair23_32_Net100_Pair2_48 \
--rg /home/eerdem/CELLECT/gwas/BIG-S2_rs-fMRI/ukb_phase1to3_fmri_edge_dec21_2019_pheno698.sumstats.gz,/home/eerdem/CELLECT/gwas/BIG-S2_rs-fMRI/ukb_phase1to3_fmri_edge_dec21_2019_pheno1293.sumstats.gz \
--w-ld-chr eur_w_ld_chr/ 

Beginning analysis at Tue Dec  8 18:28:57 2020
Reading summary statistics from /home/eerdem/CELLECT/gwas/BIG-S2_rs-fMRI/ukb_phase1to3_fmri_edge_dec21_2019_pheno698.sumstats.gz ...
Read summary statistics for 1149479 SNPs.
Reading reference panel LD Score from eur_w_ld_chr/[1-22] ...
Read reference panel LD Scores for 1290028 SNPs.
Removing partitioned LD Scores with zero variance.
Reading regression weight LD Score from eur_w_ld_chr/[1-22] ...
Read regression weight LD Scores for 1290028 SNPs.
After merging with reference panel LD, 1142539 SNPs remain.
After merging with regression SNP LD, 1142539 SNPs remain.
Computing rg for phenotype 2/2
Reading summary statistics from /home/eerdem/CELLECT/gwas/BIG-S2_rs-fMRI/ukb_phase1to3_fmri_edge_dec21_2019_pheno1293.sumstats.gz ...
Read summary statistics for 1149479 SNPs.
After merging with summary statistics, 1142539 SNPs remain.
1142539 SNPs with valid alleles.

Heritability of phenotype 1
---------------------------
Total Observed scale h2: 0.0473 (0.0164)
Lambda GC: 1.0341
Mean Chi^2: 1.0372
Intercept: 1.0054 (0.0076)
Ratio: 0.1463 (0.205)

Heritability of phenotype 2/2
-----------------------------
Total Observed scale h2: 0.1622 (0.0186)
Lambda GC: 1.0943
Mean Chi^2: 1.1075
Intercept: 1.0003 (0.0071)
Ratio: 0.0023 (0.0659)

Genetic Covariance
------------------
Total Observed scale gencov: -0.0129 (0.0123)
Mean z1*z2: -0.0365
Intercept: -0.0273 (0.005)

Genetic Correlation
-------------------
Genetic Correlation: -0.1467 (0.1373)
Z-score: -1.0684
P: 0.2854


Summary of Genetic Correlation Results
p1                                                                                                 p2      rg      se       z       p  h2_obs  h2_obs_se  h2_int  h2_int_se  gcov_int  gcov_int_se
/home/eerdem/CELLECT/gwas/BIG-S2_rs-fMRI/ukb_phase1to3_fmri_edge_dec21_2019_pheno698.sumstats.gz  /home/eerdem/CELLECT/gwas/BIG-S2_rs-fMRI/ukb_phase1to3_fmri_edge_dec21_2019_pheno1293.sumstats.gz -0.1467  0.1373 -1.0684  0.2854  0.1622     0.0186  1.0003     0.0071   -0.0273        0.005

Analysis finished at Tue Dec  8 18:29:21 2020
Total time elapsed: 23.56s
