*********************************************************************
* LD Score Regression (LDSC)
* Version 1.0.0
* (C) 2014-2015 Brendan Bulik-Sullivan and Hilary Finucane
* Broad Institute of MIT and Harvard / MIT Department of Mathematics
* GNU General Public License v3
*********************************************************************
Call: 
./ldsc.py \
--ref-ld-chr eur_w_ld_chr/ \
--out /home/eerdem/notebooks/CELLECT-Analyser/out/genetic_correlation/gc/Net100_Pair5_49_Net100_Pair31_47 \
--rg /home/eerdem/CELLECT/gwas/BIG-S2_rs-fMRI/ukb_phase1to3_fmri_edge_dec21_2019_pheno1343.sumstats.gz,/home/eerdem/CELLECT/gwas/BIG-S2_rs-fMRI/ukb_phase1to3_fmri_edge_dec21_2019_pheno1276.sumstats.gz \
--w-ld-chr eur_w_ld_chr/ 

Beginning analysis at Tue Dec  8 17:19:27 2020
Reading summary statistics from /home/eerdem/CELLECT/gwas/BIG-S2_rs-fMRI/ukb_phase1to3_fmri_edge_dec21_2019_pheno1343.sumstats.gz ...
Read summary statistics for 1149479 SNPs.
Reading reference panel LD Score from eur_w_ld_chr/[1-22] ...
Read reference panel LD Scores for 1290028 SNPs.
Removing partitioned LD Scores with zero variance.
Reading regression weight LD Score from eur_w_ld_chr/[1-22] ...
Read regression weight LD Scores for 1290028 SNPs.
After merging with reference panel LD, 1142539 SNPs remain.
After merging with regression SNP LD, 1142539 SNPs remain.
Computing rg for phenotype 2/2
Reading summary statistics from /home/eerdem/CELLECT/gwas/BIG-S2_rs-fMRI/ukb_phase1to3_fmri_edge_dec21_2019_pheno1276.sumstats.gz ...
Read summary statistics for 1149479 SNPs.
After merging with summary statistics, 1142539 SNPs remain.
1142539 SNPs with valid alleles.

Heritability of phenotype 1
---------------------------
Total Observed scale h2: 0.1271 (0.0159)
Lambda GC: 1.0856
Mean Chi^2: 1.0881
Intercept: 1.0051 (0.0065)
Ratio: 0.058 (0.0743)

Heritability of phenotype 2/2
-----------------------------
Total Observed scale h2: 0.1312 (0.0188)
Lambda GC: 1.0763
Mean Chi^2: 1.0948
Intercept: 1.0063 (0.0071)
Ratio: 0.0666 (0.075)

Genetic Covariance
------------------
Total Observed scale gencov: 0.0227 (0.0114)
Mean z1*z2: 0.0098
Intercept: -0.0059 (0.0051)

Genetic Correlation
-------------------
Genetic Correlation: 0.1759 (0.087)
Z-score: 2.0221
P: 0.0432


Summary of Genetic Correlation Results
p1                                                                                                 p2      rg     se       z       p  h2_obs  h2_obs_se  h2_int  h2_int_se  gcov_int  gcov_int_se
/home/eerdem/CELLECT/gwas/BIG-S2_rs-fMRI/ukb_phase1to3_fmri_edge_dec21_2019_pheno1343.sumstats.gz  /home/eerdem/CELLECT/gwas/BIG-S2_rs-fMRI/ukb_phase1to3_fmri_edge_dec21_2019_pheno1276.sumstats.gz  0.1759  0.087  2.0221  0.0432  0.1312     0.0188  1.0063     0.0071   -0.0059       0.0051

Analysis finished at Tue Dec  8 17:19:48 2020
Total time elapsed: 21.13s
