*********************************************************************
* LD Score Regression (LDSC)
* Version 1.0.0
* (C) 2014-2015 Brendan Bulik-Sullivan and Hilary Finucane
* Broad Institute of MIT and Harvard / MIT Department of Mathematics
* GNU General Public License v3
*********************************************************************
Call: 
./ldsc.py \
--ref-ld-chr eur_w_ld_chr/ \
--out /home/eerdem/notebooks/CELLECT-Analyser/out/genetic_correlation/gc/Net100_Node40_Net100_Node19 \
--rg /home/eerdem/CELLECT/gwas/BIG-S2_rs-fMRI/ukb_phase1to3_fmri_node_dec21_2019_pheno61.sumstats.gz,/home/eerdem/CELLECT/gwas/BIG-S2_rs-fMRI/ukb_phase1to3_fmri_node_dec21_2019_pheno40.sumstats.gz \
--w-ld-chr eur_w_ld_chr/ 

Beginning analysis at Tue Dec  8 15:55:27 2020
Reading summary statistics from /home/eerdem/CELLECT/gwas/BIG-S2_rs-fMRI/ukb_phase1to3_fmri_node_dec21_2019_pheno61.sumstats.gz ...
Read summary statistics for 1149479 SNPs.
Reading reference panel LD Score from eur_w_ld_chr/[1-22] ...
Read reference panel LD Scores for 1290028 SNPs.
Removing partitioned LD Scores with zero variance.
Reading regression weight LD Score from eur_w_ld_chr/[1-22] ...
Read regression weight LD Scores for 1290028 SNPs.
After merging with reference panel LD, 1142539 SNPs remain.
After merging with regression SNP LD, 1142539 SNPs remain.
Computing rg for phenotype 2/2
Reading summary statistics from /home/eerdem/CELLECT/gwas/BIG-S2_rs-fMRI/ukb_phase1to3_fmri_node_dec21_2019_pheno40.sumstats.gz ...
Read summary statistics for 1149479 SNPs.
After merging with summary statistics, 1142539 SNPs remain.
1142539 SNPs with valid alleles.

Heritability of phenotype 1
---------------------------
Total Observed scale h2: 0.155 (0.0213)
Lambda GC: 1.0804
Mean Chi^2: 1.1088
Intercept: 1.0067 (0.0091)
Ratio: 0.0612 (0.0837)

Heritability of phenotype 2/2
-----------------------------
Total Observed scale h2: 0.15 (0.0216)
Lambda GC: 1.0867
Mean Chi^2: 1.1079
Intercept: 1.0091 (0.0095)
Ratio: 0.0843 (0.0884)

Genetic Covariance
------------------
Total Observed scale gencov: 0.1161 (0.0191)
Mean z1*z2: 0.5273
Intercept: 0.4514 (0.0085)

Genetic Correlation
-------------------
Genetic Correlation: 0.7617 (0.0591)
Z-score: 12.8956
P: 4.7632e-38


Summary of Genetic Correlation Results
p1                                                                                               p2      rg      se        z           p  h2_obs  h2_obs_se  h2_int  h2_int_se  gcov_int  gcov_int_se
/home/eerdem/CELLECT/gwas/BIG-S2_rs-fMRI/ukb_phase1to3_fmri_node_dec21_2019_pheno61.sumstats.gz  /home/eerdem/CELLECT/gwas/BIG-S2_rs-fMRI/ukb_phase1to3_fmri_node_dec21_2019_pheno40.sumstats.gz  0.7617  0.0591  12.8956  4.7632e-38    0.15     0.0216  1.0091     0.0095    0.4514       0.0085

Analysis finished at Tue Dec  8 15:55:50 2020
Total time elapsed: 22.94s
