*********************************************************************
* LD Score Regression (LDSC)
* Version 1.0.0
* (C) 2014-2015 Brendan Bulik-Sullivan and Hilary Finucane
* Broad Institute of MIT and Harvard / MIT Department of Mathematics
* GNU General Public License v3
*********************************************************************
Call: 
./ldsc.py \
--ref-ld-chr eur_w_ld_chr/ \
--out /home/eerdem/notebooks/CELLECT-Analyser/out/genetic_correlation/gc/Net25_Node9_ukb_phase1to3_fapcs_dec21_2019_pheno44 \
--rg /home/eerdem/CELLECT/gwas/BIG-S2_rs-fMRI/ukb_phase1to3_fmri_node_dec21_2019_pheno9.sumstats.gz,/home/eerdem/CELLECT/gwas/BIG-S2_DTI2020_munged/ukb_phase1to3_fapcs_dec21_2019_pheno44.sumstats.gz \
--w-ld-chr eur_w_ld_chr/ 

Beginning analysis at Tue Dec  8 16:26:42 2020
Reading summary statistics from /home/eerdem/CELLECT/gwas/BIG-S2_rs-fMRI/ukb_phase1to3_fmri_node_dec21_2019_pheno9.sumstats.gz ...
Read summary statistics for 1149479 SNPs.
Reading reference panel LD Score from eur_w_ld_chr/[1-22] ...
Read reference panel LD Scores for 1290028 SNPs.
Removing partitioned LD Scores with zero variance.
Reading regression weight LD Score from eur_w_ld_chr/[1-22] ...
Read regression weight LD Scores for 1290028 SNPs.
After merging with reference panel LD, 1142539 SNPs remain.
After merging with regression SNP LD, 1142539 SNPs remain.
Computing rg for phenotype 2/2
Reading summary statistics from /home/eerdem/CELLECT/gwas/BIG-S2_DTI2020_munged/ukb_phase1to3_fapcs_dec21_2019_pheno44.sumstats.gz ...
Read summary statistics for 1149074 SNPs.
After merging with summary statistics, 1141611 SNPs remain.
1141611 SNPs with valid alleles.

Heritability of phenotype 1
---------------------------
Total Observed scale h2: 0.1963 (0.0234)
Lambda GC: 1.1066
Mean Chi^2: 1.1328
Intercept: 1.0024 (0.0092)
Ratio: 0.0182 (0.0691)

Heritability of phenotype 2/2
-----------------------------
Total Observed scale h2: 0.1775 (0.0203)
Lambda GC: 1.1044
Mean Chi^2: 1.119
Intercept: 1.0045 (0.0074)
Ratio: 0.0381 (0.062)

Genetic Covariance
------------------
Total Observed scale gencov: 0.0063 (0.0125)
Mean z1*z2: 0.0231
Intercept: 0.0183 (0.0049)

Genetic Correlation
-------------------
Genetic Correlation: 0.0336 (0.0675)
Z-score: 0.498
P: 0.6185


Summary of Genetic Correlation Results
p1                                                                                                  p2      rg      se      z       p  h2_obs  h2_obs_se  h2_int  h2_int_se  gcov_int  gcov_int_se
/home/eerdem/CELLECT/gwas/BIG-S2_rs-fMRI/ukb_phase1to3_fmri_node_dec21_2019_pheno9.sumstats.gz  /home/eerdem/CELLECT/gwas/BIG-S2_DTI2020_munged/ukb_phase1to3_fapcs_dec21_2019_pheno44.sumstats.gz  0.0336  0.0675  0.498  0.6185  0.1775     0.0203  1.0045     0.0074    0.0183       0.0049

Analysis finished at Tue Dec  8 16:27:04 2020
Total time elapsed: 22.33s
