*********************************************************************
* LD Score Regression (LDSC)
* Version 1.0.0
* (C) 2014-2015 Brendan Bulik-Sullivan and Hilary Finucane
* Broad Institute of MIT and Harvard / MIT Department of Mathematics
* GNU General Public License v3
*********************************************************************
Call: 
./ldsc.py \
--ref-ld-chr eur_w_ld_chr/ \
--out /home/eerdem/notebooks/CELLECT-Analyser/out/genetic_correlation/gc/Net25_Node7_Net100_Pair19_36 \
--rg /home/eerdem/CELLECT/gwas/BIG-S2_rs-fMRI/ukb_phase1to3_fmri_node_dec21_2019_pheno7.sumstats.gz,/home/eerdem/CELLECT/gwas/BIG-S2_rs-fMRI/ukb_phase1to3_fmri_edge_dec21_2019_pheno824.sumstats.gz \
--w-ld-chr eur_w_ld_chr/ 

Beginning analysis at Tue Dec  8 15:15:42 2020
Reading summary statistics from /home/eerdem/CELLECT/gwas/BIG-S2_rs-fMRI/ukb_phase1to3_fmri_node_dec21_2019_pheno7.sumstats.gz ...
Read summary statistics for 1149479 SNPs.
Reading reference panel LD Score from eur_w_ld_chr/[1-22] ...
Read reference panel LD Scores for 1290028 SNPs.
Removing partitioned LD Scores with zero variance.
Reading regression weight LD Score from eur_w_ld_chr/[1-22] ...
Read regression weight LD Scores for 1290028 SNPs.
After merging with reference panel LD, 1142539 SNPs remain.
After merging with regression SNP LD, 1142539 SNPs remain.
Computing rg for phenotype 2/2
Reading summary statistics from /home/eerdem/CELLECT/gwas/BIG-S2_rs-fMRI/ukb_phase1to3_fmri_edge_dec21_2019_pheno824.sumstats.gz ...
Read summary statistics for 1149479 SNPs.
After merging with summary statistics, 1142539 SNPs remain.
1142539 SNPs with valid alleles.

Heritability of phenotype 1
---------------------------
Total Observed scale h2: 0.1567 (0.021)
Lambda GC: 1.0853
Mean Chi^2: 1.1083
Intercept: 1.0056 (0.0085)
Ratio: 0.0514 (0.0785)

Heritability of phenotype 2/2
-----------------------------
Total Observed scale h2: 0.1799 (0.0204)
Lambda GC: 1.0994
Mean Chi^2: 1.1184
Intercept: 0.9995 (0.0073)
Ratio < 0 (usually indicates GC correction).

Genetic Covariance
------------------
Total Observed scale gencov: -0.0135 (0.0152)
Mean z1*z2: 0.0165
Intercept: 0.0227 (0.006)

Genetic Correlation
-------------------
Genetic Correlation: -0.0804 (0.0947)
Z-score: -0.8486
P: 0.3961


Summary of Genetic Correlation Results
p1                                                                                                p2      rg      se       z       p  h2_obs  h2_obs_se  h2_int  h2_int_se  gcov_int  gcov_int_se
/home/eerdem/CELLECT/gwas/BIG-S2_rs-fMRI/ukb_phase1to3_fmri_node_dec21_2019_pheno7.sumstats.gz  /home/eerdem/CELLECT/gwas/BIG-S2_rs-fMRI/ukb_phase1to3_fmri_edge_dec21_2019_pheno824.sumstats.gz -0.0804  0.0947 -0.8486  0.3961  0.1799     0.0204  0.9995     0.0073    0.0227        0.006

Analysis finished at Tue Dec  8 15:16:04 2020
Total time elapsed: 22.0s
