*********************************************************************
* LD Score Regression (LDSC)
* Version 1.0.0
* (C) 2014-2015 Brendan Bulik-Sullivan and Hilary Finucane
* Broad Institute of MIT and Harvard / MIT Department of Mathematics
* GNU General Public License v3
*********************************************************************
Call: 
./ldsc.py \
--ref-ld-chr eur_w_ld_chr/ \
--out /home/eerdem/notebooks/CELLECT-Analyser/out/genetic_correlation/gc/Net25_Node7_Net25_Node1 \
--rg /home/eerdem/CELLECT/gwas/BIG-S2_rs-fMRI/ukb_phase1to3_fmri_node_dec21_2019_pheno7.sumstats.gz,/home/eerdem/CELLECT/gwas/BIG-S2_rs-fMRI/ukb_phase1to3_fmri_node_dec21_2019_pheno1.sumstats.gz \
--w-ld-chr eur_w_ld_chr/ 

Beginning analysis at Tue Dec  8 19:48:12 2020
Reading summary statistics from /home/eerdem/CELLECT/gwas/BIG-S2_rs-fMRI/ukb_phase1to3_fmri_node_dec21_2019_pheno7.sumstats.gz ...
Read summary statistics for 1149479 SNPs.
Reading reference panel LD Score from eur_w_ld_chr/[1-22] ...
Read reference panel LD Scores for 1290028 SNPs.
Removing partitioned LD Scores with zero variance.
Reading regression weight LD Score from eur_w_ld_chr/[1-22] ...
Read regression weight LD Scores for 1290028 SNPs.
After merging with reference panel LD, 1142539 SNPs remain.
After merging with regression SNP LD, 1142539 SNPs remain.
Computing rg for phenotype 2/2
Reading summary statistics from /home/eerdem/CELLECT/gwas/BIG-S2_rs-fMRI/ukb_phase1to3_fmri_node_dec21_2019_pheno1.sumstats.gz ...
Read summary statistics for 1149479 SNPs.
After merging with summary statistics, 1142539 SNPs remain.
1142539 SNPs with valid alleles.

Heritability of phenotype 1
---------------------------
Total Observed scale h2: 0.1567 (0.021)
Lambda GC: 1.0853
Mean Chi^2: 1.1083
Intercept: 1.0056 (0.0085)
Ratio: 0.0514 (0.0785)

Heritability of phenotype 2/2
-----------------------------
Total Observed scale h2: 0.1964 (0.0235)
Lambda GC: 1.1066
Mean Chi^2: 1.1343
Intercept: 1.0066 (0.0087)
Ratio: 0.0494 (0.0647)

Genetic Covariance
------------------
Total Observed scale gencov: 0.1529 (0.0195)
Mean z1*z2: 0.624
Intercept: 0.5238 (0.007)

Genetic Correlation
-------------------
Genetic Correlation: 0.8717 (0.0386)
Z-score: 22.6064
P: 3.7489e-113


Summary of Genetic Correlation Results
p1                                                                                              p2      rg      se        z            p  h2_obs  h2_obs_se  h2_int  h2_int_se  gcov_int  gcov_int_se
/home/eerdem/CELLECT/gwas/BIG-S2_rs-fMRI/ukb_phase1to3_fmri_node_dec21_2019_pheno7.sumstats.gz  /home/eerdem/CELLECT/gwas/BIG-S2_rs-fMRI/ukb_phase1to3_fmri_node_dec21_2019_pheno1.sumstats.gz  0.8717  0.0386  22.6064  3.7489e-113  0.1964     0.0235  1.0066     0.0087    0.5238        0.007

Analysis finished at Tue Dec  8 19:48:35 2020
Total time elapsed: 22.78s
