*********************************************************************
* LD Score Regression (LDSC)
* Version 1.0.0
* (C) 2014-2015 Brendan Bulik-Sullivan and Hilary Finucane
* Broad Institute of MIT and Harvard / MIT Department of Mathematics
* GNU General Public License v3
*********************************************************************
Call: 
./ldsc.py \
--ref-ld-chr eur_w_ld_chr/ \
--out /home/eerdem/notebooks/CELLECT-Analyser/out/genetic_correlation/gc/Net25_Node9_ukb_phase1to3_dti441_dec21_2019_pheno427 \
--rg /home/eerdem/CELLECT/gwas/BIG-S2_rs-fMRI/ukb_phase1to3_fmri_node_dec21_2019_pheno9.sumstats.gz,/home/eerdem/CELLECT/gwas/BIG-S2_DTI2020_munged/ukb_phase1to3_dti441_dec21_2019_pheno427.sumstats.gz \
--w-ld-chr eur_w_ld_chr/ 

Beginning analysis at Tue Dec  8 18:19:12 2020
Reading summary statistics from /home/eerdem/CELLECT/gwas/BIG-S2_rs-fMRI/ukb_phase1to3_fmri_node_dec21_2019_pheno9.sumstats.gz ...
Read summary statistics for 1149479 SNPs.
Reading reference panel LD Score from eur_w_ld_chr/[1-22] ...
Read reference panel LD Scores for 1290028 SNPs.
Removing partitioned LD Scores with zero variance.
Reading regression weight LD Score from eur_w_ld_chr/[1-22] ...
Read regression weight LD Scores for 1290028 SNPs.
After merging with reference panel LD, 1142539 SNPs remain.
After merging with regression SNP LD, 1142539 SNPs remain.
Computing rg for phenotype 2/2
Reading summary statistics from /home/eerdem/CELLECT/gwas/BIG-S2_DTI2020_munged/ukb_phase1to3_dti441_dec21_2019_pheno427.sumstats.gz ...
Read summary statistics for 1149073 SNPs.
After merging with summary statistics, 1141610 SNPs remain.
1141610 SNPs with valid alleles.

Heritability of phenotype 1
---------------------------
Total Observed scale h2: 0.1963 (0.0234)
Lambda GC: 1.1066
Mean Chi^2: 1.1328
Intercept: 1.0024 (0.0092)
Ratio: 0.0183 (0.0691)

Heritability of phenotype 2/2
-----------------------------
Total Observed scale h2: 0.27 (0.0273)
Lambda GC: 1.1334
Mean Chi^2: 1.1846
Intercept: 1.0172 (0.0083)
Ratio: 0.093 (0.0451)

Genetic Covariance
------------------
Total Observed scale gencov: -0.0117 (0.0138)
Mean z1*z2: -0.0694
Intercept: -0.0645 (0.0051)

Genetic Correlation
-------------------
Genetic Correlation: -0.051 (0.0601)
Z-score: -0.848
P: 0.3965


Summary of Genetic Correlation Results
p1                                                                                                    p2     rg      se      z       p  h2_obs  h2_obs_se  h2_int  h2_int_se  gcov_int  gcov_int_se
/home/eerdem/CELLECT/gwas/BIG-S2_rs-fMRI/ukb_phase1to3_fmri_node_dec21_2019_pheno9.sumstats.gz  /home/eerdem/CELLECT/gwas/BIG-S2_DTI2020_munged/ukb_phase1to3_dti441_dec21_2019_pheno427.sumstats.gz -0.051  0.0601 -0.848  0.3965    0.27     0.0273  1.0172     0.0083   -0.0645       0.0051

Analysis finished at Tue Dec  8 18:19:37 2020
Total time elapsed: 24.93s
