*********************************************************************
* LD Score Regression (LDSC)
* Version 1.0.0
* (C) 2014-2015 Brendan Bulik-Sullivan and Hilary Finucane
* Broad Institute of MIT and Harvard / MIT Department of Mathematics
* GNU General Public License v3
*********************************************************************
Call: 
./ldsc.py \
--ref-ld-chr eur_w_ld_chr/ \
--out /home/eerdem/notebooks/CELLECT-Analyser/out/genetic_correlation/gc/Net25_Pair15_18_ukb_phase1to3_fapcs_dec21_2019_pheno97 \
--rg /home/eerdem/CELLECT/gwas/BIG-S2_rs-fMRI/ukb_phase1to3_fmri_edge_dec21_2019_pheno151.sumstats.gz,/home/eerdem/CELLECT/gwas/BIG-S2_DTI2020_munged/ukb_phase1to3_fapcs_dec21_2019_pheno97.sumstats.gz \
--w-ld-chr eur_w_ld_chr/ 

Beginning analysis at Tue Dec  8 16:07:27 2020
Reading summary statistics from /home/eerdem/CELLECT/gwas/BIG-S2_rs-fMRI/ukb_phase1to3_fmri_edge_dec21_2019_pheno151.sumstats.gz ...
Read summary statistics for 1149479 SNPs.
Reading reference panel LD Score from eur_w_ld_chr/[1-22] ...
Read reference panel LD Scores for 1290028 SNPs.
Removing partitioned LD Scores with zero variance.
Reading regression weight LD Score from eur_w_ld_chr/[1-22] ...
Read regression weight LD Scores for 1290028 SNPs.
After merging with reference panel LD, 1142539 SNPs remain.
After merging with regression SNP LD, 1142539 SNPs remain.
Computing rg for phenotype 2/2
Reading summary statistics from /home/eerdem/CELLECT/gwas/BIG-S2_DTI2020_munged/ukb_phase1to3_fapcs_dec21_2019_pheno97.sumstats.gz ...
Read summary statistics for 1149074 SNPs.
After merging with summary statistics, 1141611 SNPs remain.
1141611 SNPs with valid alleles.

Heritability of phenotype 1
---------------------------
Total Observed scale h2: 0.053 (0.0161)
Lambda GC: 1.0351
Mean Chi^2: 1.04
Intercept: 1.0052 (0.0072)
Ratio: 0.1299 (0.1792)

Heritability of phenotype 2/2
-----------------------------
Total Observed scale h2: 0.275 (0.0217)
Lambda GC: 1.1493
Mean Chi^2: 1.1837
Intercept: 1.0081 (0.0079)
Ratio: 0.0443 (0.043)

Genetic Covariance
------------------
Total Observed scale gencov: -0.0225 (0.0131)
Mean z1*z2: -0.0213
Intercept: -0.0074 (0.0052)

Genetic Correlation
-------------------
Genetic Correlation: -0.1866 (0.122)
Z-score: -1.53
P: 0.126


Summary of Genetic Correlation Results
p1                                                                                                  p2      rg     se     z      p  h2_obs  h2_obs_se  h2_int  h2_int_se  gcov_int  gcov_int_se
/home/eerdem/CELLECT/gwas/BIG-S2_rs-fMRI/ukb_phase1to3_fmri_edge_dec21_2019_pheno151.sumstats.gz  /home/eerdem/CELLECT/gwas/BIG-S2_DTI2020_munged/ukb_phase1to3_fapcs_dec21_2019_pheno97.sumstats.gz -0.1866  0.122 -1.53  0.126   0.275     0.0217  1.0081     0.0079   -0.0074       0.0052

Analysis finished at Tue Dec  8 16:07:49 2020
Total time elapsed: 22.07s
