*********************************************************************
* LD Score Regression (LDSC)
* Version 1.0.0
* (C) 2014-2015 Brendan Bulik-Sullivan and Hilary Finucane
* Broad Institute of MIT and Harvard / MIT Department of Mathematics
* GNU General Public License v3
*********************************************************************
Call: 
./ldsc.py \
--ref-ld-chr eur_w_ld_chr/ \
--out /home/eerdem/notebooks/CELLECT-Analyser/out/genetic_correlation/gc/Net25_Node7_Net25_Node6 \
--rg /home/eerdem/CELLECT/gwas/BIG-S2_rs-fMRI/ukb_phase1to3_fmri_node_dec21_2019_pheno7.sumstats.gz,/home/eerdem/CELLECT/gwas/BIG-S2_rs-fMRI/ukb_phase1to3_fmri_node_dec21_2019_pheno6.sumstats.gz \
--w-ld-chr eur_w_ld_chr/ 

Beginning analysis at Tue Dec  8 18:50:27 2020
Reading summary statistics from /home/eerdem/CELLECT/gwas/BIG-S2_rs-fMRI/ukb_phase1to3_fmri_node_dec21_2019_pheno7.sumstats.gz ...
Read summary statistics for 1149479 SNPs.
Reading reference panel LD Score from eur_w_ld_chr/[1-22] ...
Read reference panel LD Scores for 1290028 SNPs.
Removing partitioned LD Scores with zero variance.
Reading regression weight LD Score from eur_w_ld_chr/[1-22] ...
Read regression weight LD Scores for 1290028 SNPs.
After merging with reference panel LD, 1142539 SNPs remain.
After merging with regression SNP LD, 1142539 SNPs remain.
Computing rg for phenotype 2/2
Reading summary statistics from /home/eerdem/CELLECT/gwas/BIG-S2_rs-fMRI/ukb_phase1to3_fmri_node_dec21_2019_pheno6.sumstats.gz ...
Read summary statistics for 1149479 SNPs.
After merging with summary statistics, 1142539 SNPs remain.
1142539 SNPs with valid alleles.

Heritability of phenotype 1
---------------------------
Total Observed scale h2: 0.1567 (0.021)
Lambda GC: 1.0853
Mean Chi^2: 1.1083
Intercept: 1.0056 (0.0085)
Ratio: 0.0514 (0.0785)

Heritability of phenotype 2/2
-----------------------------
Total Observed scale h2: 0.2116 (0.0222)
Lambda GC: 1.1053
Mean Chi^2: 1.1375
Intercept: 1.001 (0.0096)
Ratio: 0.0074 (0.07)

Genetic Covariance
------------------
Total Observed scale gencov: 0.1494 (0.0197)
Mean z1*z2: 0.5984
Intercept: 0.5003 (0.0083)

Genetic Correlation
-------------------
Genetic Correlation: 0.8207 (0.0425)
Z-score: 19.3058
P: 4.8034e-83


Summary of Genetic Correlation Results
p1                                                                                              p2      rg      se        z           p  h2_obs  h2_obs_se  h2_int  h2_int_se  gcov_int  gcov_int_se
/home/eerdem/CELLECT/gwas/BIG-S2_rs-fMRI/ukb_phase1to3_fmri_node_dec21_2019_pheno7.sumstats.gz  /home/eerdem/CELLECT/gwas/BIG-S2_rs-fMRI/ukb_phase1to3_fmri_node_dec21_2019_pheno6.sumstats.gz  0.8207  0.0425  19.3058  4.8034e-83  0.2116     0.0222   1.001     0.0096    0.5003       0.0083

Analysis finished at Tue Dec  8 18:50:52 2020
Total time elapsed: 24.88s
