*********************************************************************
* LD Score Regression (LDSC)
* Version 1.0.0
* (C) 2014-2015 Brendan Bulik-Sullivan and Hilary Finucane
* Broad Institute of MIT and Harvard / MIT Department of Mathematics
* GNU General Public License v3
*********************************************************************
Call: 
./ldsc.py \
--ref-ld-chr eur_w_ld_chr/ \
--out /home/eerdem/notebooks/CELLECT-Analyser/out/genetic_correlation/gc/Net25_Node8_Net100_Node42 \
--rg /home/eerdem/CELLECT/gwas/BIG-S2_rs-fMRI/ukb_phase1to3_fmri_node_dec21_2019_pheno8.sumstats.gz,/home/eerdem/CELLECT/gwas/BIG-S2_rs-fMRI/ukb_phase1to3_fmri_node_dec21_2019_pheno63.sumstats.gz \
--w-ld-chr eur_w_ld_chr/ 

Beginning analysis at Tue Dec  8 16:18:27 2020
Reading summary statistics from /home/eerdem/CELLECT/gwas/BIG-S2_rs-fMRI/ukb_phase1to3_fmri_node_dec21_2019_pheno8.sumstats.gz ...
Read summary statistics for 1149479 SNPs.
Reading reference panel LD Score from eur_w_ld_chr/[1-22] ...
Read reference panel LD Scores for 1290028 SNPs.
Removing partitioned LD Scores with zero variance.
Reading regression weight LD Score from eur_w_ld_chr/[1-22] ...
Read regression weight LD Scores for 1290028 SNPs.
After merging with reference panel LD, 1142539 SNPs remain.
After merging with regression SNP LD, 1142539 SNPs remain.
Computing rg for phenotype 2/2
Reading summary statistics from /home/eerdem/CELLECT/gwas/BIG-S2_rs-fMRI/ukb_phase1to3_fmri_node_dec21_2019_pheno63.sumstats.gz ...
Read summary statistics for 1149479 SNPs.
After merging with summary statistics, 1142539 SNPs remain.
1142539 SNPs with valid alleles.

Heritability of phenotype 1
---------------------------
Total Observed scale h2: 0.0919 (0.0151)
Lambda GC: 1.0549
Mean Chi^2: 1.0671
Intercept: 1.0072 (0.0069)
Ratio: 0.1071 (0.103)

Heritability of phenotype 2/2
-----------------------------
Total Observed scale h2: 0.1165 (0.0183)
Lambda GC: 1.067
Mean Chi^2: 1.0911
Intercept: 1.0146 (0.0082)
Ratio: 0.1607 (0.0895)

Genetic Covariance
------------------
Total Observed scale gencov: 0.0661 (0.0138)
Mean z1*z2: 0.4917
Intercept: 0.4486 (0.0058)

Genetic Correlation
-------------------
Genetic Correlation: 0.6392 (0.0768)
Z-score: 8.32
P: 8.7988e-17


Summary of Genetic Correlation Results
p1                                                                                               p2      rg      se     z           p  h2_obs  h2_obs_se  h2_int  h2_int_se  gcov_int  gcov_int_se
/home/eerdem/CELLECT/gwas/BIG-S2_rs-fMRI/ukb_phase1to3_fmri_node_dec21_2019_pheno8.sumstats.gz  /home/eerdem/CELLECT/gwas/BIG-S2_rs-fMRI/ukb_phase1to3_fmri_node_dec21_2019_pheno63.sumstats.gz  0.6392  0.0768  8.32  8.7988e-17  0.1165     0.0183  1.0146     0.0082    0.4486       0.0058

Analysis finished at Tue Dec  8 16:18:52 2020
Total time elapsed: 24.63s
