*********************************************************************
* LD Score Regression (LDSC)
* Version 1.0.0
* (C) 2014-2015 Brendan Bulik-Sullivan and Hilary Finucane
* Broad Institute of MIT and Harvard / MIT Department of Mathematics
* GNU General Public License v3
*********************************************************************
Call: 
./ldsc.py \
--ref-ld-chr eur_w_ld_chr/ \
--out /home/eerdem/notebooks/CELLECT-Analyser/out/genetic_correlation/gc/Net25_Node20_Net25_Pair10_15 \
--rg /home/eerdem/CELLECT/gwas/BIG-S2_rs-fMRI/ukb_phase1to3_fmri_node_dec21_2019_pheno20.sumstats.gz,/home/eerdem/CELLECT/gwas/BIG-S2_rs-fMRI/ukb_phase1to3_fmri_edge_dec21_2019_pheno101.sumstats.gz \
--w-ld-chr eur_w_ld_chr/ 

Beginning analysis at Tue Dec  8 14:58:42 2020
Reading summary statistics from /home/eerdem/CELLECT/gwas/BIG-S2_rs-fMRI/ukb_phase1to3_fmri_node_dec21_2019_pheno20.sumstats.gz ...
Read summary statistics for 1149479 SNPs.
Reading reference panel LD Score from eur_w_ld_chr/[1-22] ...
Read reference panel LD Scores for 1290028 SNPs.
Removing partitioned LD Scores with zero variance.
Reading regression weight LD Score from eur_w_ld_chr/[1-22] ...
Read regression weight LD Scores for 1290028 SNPs.
After merging with reference panel LD, 1142539 SNPs remain.
After merging with regression SNP LD, 1142539 SNPs remain.
Computing rg for phenotype 2/2
Reading summary statistics from /home/eerdem/CELLECT/gwas/BIG-S2_rs-fMRI/ukb_phase1to3_fmri_edge_dec21_2019_pheno101.sumstats.gz ...
Read summary statistics for 1149479 SNPs.
After merging with summary statistics, 1142539 SNPs remain.
1142539 SNPs with valid alleles.

Heritability of phenotype 1
---------------------------
Total Observed scale h2: 0.169 (0.0227)
Lambda GC: 1.0795
Mean Chi^2: 1.1119
Intercept: 1.0007 (0.0098)
Ratio: 0.0064 (0.0875)

Heritability of phenotype 2/2
-----------------------------
Total Observed scale h2: 0.0602 (0.0157)
Lambda GC: 1.0452
Mean Chi^2: 1.0496
Intercept: 1.011 (0.0075)
Ratio: 0.2223 (0.1507)

Genetic Covariance
------------------
Total Observed scale gencov: -0.012 (0.0122)
Mean z1*z2: -0.218
Intercept: -0.2106 (0.0053)

Genetic Correlation
-------------------
Genetic Correlation: -0.1194 (0.117)
Z-score: -1.02
P: 0.3077


Summary of Genetic Correlation Results
p1                                                                                                p2      rg     se     z       p  h2_obs  h2_obs_se  h2_int  h2_int_se  gcov_int  gcov_int_se
/home/eerdem/CELLECT/gwas/BIG-S2_rs-fMRI/ukb_phase1to3_fmri_node_dec21_2019_pheno20.sumstats.gz  /home/eerdem/CELLECT/gwas/BIG-S2_rs-fMRI/ukb_phase1to3_fmri_edge_dec21_2019_pheno101.sumstats.gz -0.1194  0.117 -1.02  0.3077  0.0602     0.0157   1.011     0.0075   -0.2106       0.0053

Analysis finished at Tue Dec  8 14:59:06 2020
Total time elapsed: 23.71s
