*********************************************************************
* LD Score Regression (LDSC)
* Version 1.0.0
* (C) 2014-2015 Brendan Bulik-Sullivan and Hilary Finucane
* Broad Institute of MIT and Harvard / MIT Department of Mathematics
* GNU General Public License v3
*********************************************************************
Call: 
./ldsc.py \
--ref-ld-chr eur_w_ld_chr/ \
--out /home/eerdem/notebooks/CELLECT-Analyser/out/genetic_correlation/gc/Net25_Pair12_15_ukb_phase1to3_dti441_dec21_2019_pheno42 \
--rg /home/eerdem/CELLECT/gwas/BIG-S2_rs-fMRI/ukb_phase1to3_fmri_edge_dec21_2019_pheno103.sumstats.gz,/home/eerdem/CELLECT/gwas/BIG-S2_DTI2020_munged/ukb_phase1to3_dti441_dec21_2019_pheno42.sumstats.gz \
--w-ld-chr eur_w_ld_chr/ 

Beginning analysis at Tue Dec  8 15:45:42 2020
Reading summary statistics from /home/eerdem/CELLECT/gwas/BIG-S2_rs-fMRI/ukb_phase1to3_fmri_edge_dec21_2019_pheno103.sumstats.gz ...
Read summary statistics for 1149479 SNPs.
Reading reference panel LD Score from eur_w_ld_chr/[1-22] ...
Read reference panel LD Scores for 1290028 SNPs.
Removing partitioned LD Scores with zero variance.
Reading regression weight LD Score from eur_w_ld_chr/[1-22] ...
Read regression weight LD Scores for 1290028 SNPs.
After merging with reference panel LD, 1142539 SNPs remain.
After merging with regression SNP LD, 1142539 SNPs remain.
Computing rg for phenotype 2/2
Reading summary statistics from /home/eerdem/CELLECT/gwas/BIG-S2_DTI2020_munged/ukb_phase1to3_dti441_dec21_2019_pheno42.sumstats.gz ...
Read summary statistics for 1149074 SNPs.
After merging with summary statistics, 1141611 SNPs remain.
1141611 SNPs with valid alleles.

Heritability of phenotype 1
---------------------------
Total Observed scale h2: 0.082 (0.0145)
Lambda GC: 1.0622
Mean Chi^2: 1.0649
Intercept: 1.0118 (0.0064)
Ratio: 0.1821 (0.0983)

Heritability of phenotype 2/2
-----------------------------
Total Observed scale h2: 0.2751 (0.0258)
Lambda GC: 1.153
Mean Chi^2: 1.193
Intercept: 1.0196 (0.0077)
Ratio: 0.1016 (0.0399)

Genetic Covariance
------------------
Total Observed scale gencov: -0.0035 (0.0114)
Mean z1*z2: 0.042
Intercept: 0.0461 (0.0044)

Genetic Correlation
-------------------
Genetic Correlation: -0.023 (0.0765)
Z-score: -0.3006
P: 0.7637


Summary of Genetic Correlation Results
p1                                                                                                   p2     rg      se       z       p  h2_obs  h2_obs_se  h2_int  h2_int_se  gcov_int  gcov_int_se
/home/eerdem/CELLECT/gwas/BIG-S2_rs-fMRI/ukb_phase1to3_fmri_edge_dec21_2019_pheno103.sumstats.gz  /home/eerdem/CELLECT/gwas/BIG-S2_DTI2020_munged/ukb_phase1to3_dti441_dec21_2019_pheno42.sumstats.gz -0.023  0.0765 -0.3006  0.7637  0.2751     0.0258  1.0196     0.0077    0.0461       0.0044

Analysis finished at Tue Dec  8 15:46:09 2020
Total time elapsed: 26.35s
