*********************************************************************
* LD Score Regression (LDSC)
* Version 1.0.0
* (C) 2014-2015 Brendan Bulik-Sullivan and Hilary Finucane
* Broad Institute of MIT and Harvard / MIT Department of Mathematics
* GNU General Public License v3
*********************************************************************
Call: 
./ldsc.py \
--ref-ld-chr eur_w_ld_chr/ \
--out /home/eerdem/notebooks/CELLECT-Analyser/out/genetic_correlation/gc/Net_Edge_ICA2_Net100_Pair29_31 \
--rg /home/eerdem/CELLECT/gwas/BIG-S2_rs-fMRI/ukb_phase1to3_fmri_edge_dec21_2019_pheno1697.sumstats.gz,/home/eerdem/CELLECT/gwas/BIG-S2_rs-fMRI/ukb_phase1to3_fmri_edge_dec21_2019_pheno674.sumstats.gz \
--w-ld-chr eur_w_ld_chr/ 

Beginning analysis at Tue Dec  8 17:19:42 2020
Reading summary statistics from /home/eerdem/CELLECT/gwas/BIG-S2_rs-fMRI/ukb_phase1to3_fmri_edge_dec21_2019_pheno1697.sumstats.gz ...
Read summary statistics for 1149479 SNPs.
Reading reference panel LD Score from eur_w_ld_chr/[1-22] ...
Read reference panel LD Scores for 1290028 SNPs.
Removing partitioned LD Scores with zero variance.
Reading regression weight LD Score from eur_w_ld_chr/[1-22] ...
Read regression weight LD Scores for 1290028 SNPs.
After merging with reference panel LD, 1142539 SNPs remain.
After merging with regression SNP LD, 1142539 SNPs remain.
Computing rg for phenotype 2/2
Reading summary statistics from /home/eerdem/CELLECT/gwas/BIG-S2_rs-fMRI/ukb_phase1to3_fmri_edge_dec21_2019_pheno674.sumstats.gz ...
Read summary statistics for 1149479 SNPs.
After merging with summary statistics, 1142539 SNPs remain.
1142539 SNPs with valid alleles.

Heritability of phenotype 1
---------------------------
Total Observed scale h2: 0.3078 (0.0296)
Lambda GC: 1.1611
Mean Chi^2: 1.2214
Intercept: 1.0204 (0.0087)
Ratio: 0.0921 (0.0393)

Heritability of phenotype 2/2
-----------------------------
Total Observed scale h2: 0.0999 (0.02)
Lambda GC: 1.0628
Mean Chi^2: 1.0655
Intercept: 1.0008 (0.0082)
Ratio: 0.0124 (0.1246)

Genetic Covariance
------------------
Total Observed scale gencov: -0.0096 (0.0128)
Mean z1*z2: -0.054
Intercept: -0.0482 (0.0051)

Genetic Correlation
-------------------
Genetic Correlation: -0.055 (0.072)
Z-score: -0.7633
P: 0.4453


Summary of Genetic Correlation Results
p1                                                                                                p2     rg     se       z       p  h2_obs  h2_obs_se  h2_int  h2_int_se  gcov_int  gcov_int_se
/home/eerdem/CELLECT/gwas/BIG-S2_rs-fMRI/ukb_phase1to3_fmri_edge_dec21_2019_pheno1697.sumstats.gz  /home/eerdem/CELLECT/gwas/BIG-S2_rs-fMRI/ukb_phase1to3_fmri_edge_dec21_2019_pheno674.sumstats.gz -0.055  0.072 -0.7633  0.4453  0.0999       0.02  1.0008     0.0082   -0.0482       0.0051

Analysis finished at Tue Dec  8 17:20:05 2020
Total time elapsed: 22.44s
