*********************************************************************
* LD Score Regression (LDSC)
* Version 1.0.0
* (C) 2014-2015 Brendan Bulik-Sullivan and Hilary Finucane
* Broad Institute of MIT and Harvard / MIT Department of Mathematics
* GNU General Public License v3
*********************************************************************
Call: 
./ldsc.py \
--ref-ld-chr eur_w_ld_chr/ \
--out /home/eerdem/notebooks/CELLECT-Analyser/out/genetic_correlation/gc/PGC_depression2019_ukb_phase1to3_dti441_dec21_2019_pheno400 \
--rg /home/eerdem/CELLECT/gwas/PGC_depression2019/PGC_UKB_depression2019.sumstats.gz,/home/eerdem/CELLECT/gwas/BIG-S2_DTI2020_munged/ukb_phase1to3_dti441_dec21_2019_pheno400.sumstats.gz \
--w-ld-chr eur_w_ld_chr/ 

Beginning analysis at Tue Dec  8 19:24:12 2020
Reading summary statistics from /home/eerdem/CELLECT/gwas/PGC_depression2019/PGC_UKB_depression2019.sumstats.gz ...
Read summary statistics for 1163585 SNPs.
Reading reference panel LD Score from eur_w_ld_chr/[1-22] ...
Read reference panel LD Scores for 1290028 SNPs.
Removing partitioned LD Scores with zero variance.
Reading regression weight LD Score from eur_w_ld_chr/[1-22] ...
Read regression weight LD Scores for 1290028 SNPs.
After merging with reference panel LD, 1156949 SNPs remain.
After merging with regression SNP LD, 1156949 SNPs remain.
Computing rg for phenotype 2/2
Reading summary statistics from /home/eerdem/CELLECT/gwas/BIG-S2_DTI2020_munged/ukb_phase1to3_dti441_dec21_2019_pheno400.sumstats.gz ...
Read summary statistics for 1149074 SNPs.
After merging with summary statistics, 1135184 SNPs remain.
1135184 SNPs with valid alleles.

Heritability of phenotype 1
---------------------------
Total Observed scale h2: 0.0611 (0.0025)
Lambda GC: 1.4594
Mean Chi^2: 1.5984
Intercept: 0.9981 (0.0102)
Ratio < 0 (usually indicates GC correction).

Heritability of phenotype 2/2
-----------------------------
Total Observed scale h2: 0.228 (0.0245)
Lambda GC: 1.1172
Mean Chi^2: 1.1513
Intercept: 1.0069 (0.0088)
Ratio: 0.0458 (0.0584)

Genetic Covariance
------------------
Total Observed scale gencov: 0.0102 (0.0039)
Mean z1*z2: 0.0297
Intercept: 0.0059 (0.0053)

Genetic Correlation
-------------------
Genetic Correlation: 0.0862 (0.0334)
Z-score: 2.5831
P: 0.0098


Summary of Genetic Correlation Results
p1                                                                                                    p2      rg      se       z       p  h2_obs  h2_obs_se  h2_int  h2_int_se  gcov_int  gcov_int_se
/home/eerdem/CELLECT/gwas/PGC_depression2019/PGC_UKB_depression2019.sumstats.gz  /home/eerdem/CELLECT/gwas/BIG-S2_DTI2020_munged/ukb_phase1to3_dti441_dec21_2019_pheno400.sumstats.gz  0.0862  0.0334  2.5831  0.0098   0.228     0.0245  1.0069     0.0088    0.0059       0.0053

Analysis finished at Tue Dec  8 19:24:38 2020
Total time elapsed: 25.72s
