*********************************************************************
* LD Score Regression (LDSC)
* Version 1.0.0
* (C) 2014-2015 Brendan Bulik-Sullivan and Hilary Finucane
* Broad Institute of MIT and Harvard / MIT Department of Mathematics
* GNU General Public License v3
*********************************************************************
Call: 
./ldsc.py \
--ref-ld-chr eur_w_ld_chr/ \
--out /home/eerdem/notebooks/CELLECT-Analyser/out/genetic_correlation/gc/PGC_depression2019_Net25_Pair15_17 \
--rg /home/eerdem/CELLECT/gwas/PGC_depression2019/PGC_UKB_depression2019.sumstats.gz,/home/eerdem/CELLECT/gwas/BIG-S2_rs-fMRI/ukb_phase1to3_fmri_edge_dec21_2019_pheno135.sumstats.gz \
--w-ld-chr eur_w_ld_chr/ 

Beginning analysis at Tue Dec  8 18:20:27 2020
Reading summary statistics from /home/eerdem/CELLECT/gwas/PGC_depression2019/PGC_UKB_depression2019.sumstats.gz ...
Read summary statistics for 1163585 SNPs.
Reading reference panel LD Score from eur_w_ld_chr/[1-22] ...
Read reference panel LD Scores for 1290028 SNPs.
Removing partitioned LD Scores with zero variance.
Reading regression weight LD Score from eur_w_ld_chr/[1-22] ...
Read regression weight LD Scores for 1290028 SNPs.
After merging with reference panel LD, 1156949 SNPs remain.
After merging with regression SNP LD, 1156949 SNPs remain.
Computing rg for phenotype 2/2
Reading summary statistics from /home/eerdem/CELLECT/gwas/BIG-S2_rs-fMRI/ukb_phase1to3_fmri_edge_dec21_2019_pheno135.sumstats.gz ...
Read summary statistics for 1149479 SNPs.
After merging with summary statistics, 1135663 SNPs remain.
1135663 SNPs with valid alleles.

Heritability of phenotype 1
---------------------------
Total Observed scale h2: 0.0611 (0.0025)
Lambda GC: 1.4594
Mean Chi^2: 1.5983
Intercept: 0.9982 (0.0102)
Ratio < 0 (usually indicates GC correction).

Heritability of phenotype 2/2
-----------------------------
Total Observed scale h2: 0.0585 (0.0154)
Lambda GC: 1.0405
Mean Chi^2: 1.0388
Intercept: 1.0009 (0.0073)
Ratio: 0.0223 (0.1877)

Genetic Covariance
------------------
Total Observed scale gencov: 0.0027 (0.0039)
Mean z1*z2: 0.0096
Intercept: 0.0023 (0.0059)

Genetic Correlation
-------------------
Genetic Correlation: 0.0449 (0.0661)
Z-score: 0.6789
P: 0.4972


Summary of Genetic Correlation Results
p1                                                                                                p2      rg      se       z       p  h2_obs  h2_obs_se  h2_int  h2_int_se  gcov_int  gcov_int_se
/home/eerdem/CELLECT/gwas/PGC_depression2019/PGC_UKB_depression2019.sumstats.gz  /home/eerdem/CELLECT/gwas/BIG-S2_rs-fMRI/ukb_phase1to3_fmri_edge_dec21_2019_pheno135.sumstats.gz  0.0449  0.0661  0.6789  0.4972  0.0585     0.0154  1.0009     0.0073    0.0023       0.0059

Analysis finished at Tue Dec  8 18:20:50 2020
Total time elapsed: 23.31s
