*********************************************************************
* LD Score Regression (LDSC)
* Version 1.0.0
* (C) 2014-2015 Brendan Bulik-Sullivan and Hilary Finucane
* Broad Institute of MIT and Harvard / MIT Department of Mathematics
* GNU General Public License v3
*********************************************************************
Call: 
./ldsc.py \
--ref-ld-chr eur_w_ld_chr/ \
--out /home/eerdem/notebooks/CELLECT-Analyser/out/genetic_correlation/gc/SCZ_PGC3_2020_ukb_phase1to3_fapcs_dec21_2019_pheno33 \
--rg /home/eerdem/CELLECT-revised/gwas/SCZ_PGC3_2020/SCZ_PGC3_2020.sumstats.gz,/home/eerdem/CELLECT/gwas/BIG-S2_DTI2020_munged/ukb_phase1to3_fapcs_dec21_2019_pheno33.sumstats.gz \
--w-ld-chr eur_w_ld_chr/ 

Beginning analysis at Tue Dec  8 20:05:12 2020
Reading summary statistics from /home/eerdem/CELLECT-revised/gwas/SCZ_PGC3_2020/SCZ_PGC3_2020.sumstats.gz ...
Read summary statistics for 1105201 SNPs.
Reading reference panel LD Score from eur_w_ld_chr/[1-22] ...
Read reference panel LD Scores for 1290028 SNPs.
Removing partitioned LD Scores with zero variance.
Reading regression weight LD Score from eur_w_ld_chr/[1-22] ...
Read regression weight LD Scores for 1290028 SNPs.
After merging with reference panel LD, 1100111 SNPs remain.
After merging with regression SNP LD, 1100111 SNPs remain.
Computing rg for phenotype 2/2
Reading summary statistics from /home/eerdem/CELLECT/gwas/BIG-S2_DTI2020_munged/ukb_phase1to3_fapcs_dec21_2019_pheno33.sumstats.gz ...
Read summary statistics for 1149074 SNPs.
After merging with summary statistics, 1075718 SNPs remain.
1075718 SNPs with valid alleles.

Heritability of phenotype 1
---------------------------
Total Observed scale h2: 0.3322 (0.0126)
Lambda GC: 1.8442
Mean Chi^2: 2.1857
Intercept: 1.0814 (0.017)
Ratio: 0.0686 (0.0143)

Heritability of phenotype 2/2
-----------------------------
Total Observed scale h2: 0.2892 (0.0318)
Lambda GC: 1.1498
Mean Chi^2: 1.2061
Intercept: 1.0121 (0.011)
Ratio: 0.0585 (0.0534)

Genetic Covariance
------------------
Total Observed scale gencov: -0.01 (0.0097)
Mean z1*z2: -0.0205
Intercept: 0.0022 (0.0075)

Genetic Correlation
-------------------
Genetic Correlation: -0.0323 (0.0308)
Z-score: -1.0482
P: 0.2946


Summary of Genetic Correlation Results
p1                                                                                                  p2      rg      se       z       p  h2_obs  h2_obs_se  h2_int  h2_int_se  gcov_int  gcov_int_se
/home/eerdem/CELLECT-revised/gwas/SCZ_PGC3_2020/SCZ_PGC3_2020.sumstats.gz  /home/eerdem/CELLECT/gwas/BIG-S2_DTI2020_munged/ukb_phase1to3_fapcs_dec21_2019_pheno33.sumstats.gz -0.0323  0.0308 -1.0482  0.2946  0.2892     0.0318  1.0121      0.011    0.0022       0.0075

Analysis finished at Tue Dec  8 20:05:34 2020
Total time elapsed: 21.54s
