*********************************************************************
* LD Score Regression (LDSC)
* Version 1.0.0
* (C) 2014-2015 Brendan Bulik-Sullivan and Hilary Finucane
* Broad Institute of MIT and Harvard / MIT Department of Mathematics
* GNU General Public License v3
*********************************************************************
Call: 
./ldsc.py \
--ref-ld-chr eur_w_ld_chr/ \
--out /home/eerdem/notebooks/CELLECT-Analyser/out/genetic_correlation/gc/SCZ_2016_Net100_Pair6_23 \
--rg /home/eerdem/CELLECT/gwas/SCZ_2016/SCZ_clozuk_pgc2.meta.sumstats.gz,/home/eerdem/CELLECT/gwas/BIG-S2_rs-fMRI/ukb_phase1to3_fmri_edge_dec21_2019_pheno447.sumstats.gz \
--w-ld-chr eur_w_ld_chr/ 

Beginning analysis at Tue Dec  8 15:44:57 2020
Reading summary statistics from /home/eerdem/CELLECT/gwas/SCZ_2016/SCZ_clozuk_pgc2.meta.sumstats.gz ...
Read summary statistics for 990444 SNPs.
Reading reference panel LD Score from eur_w_ld_chr/[1-22] ...
Read reference panel LD Scores for 1290028 SNPs.
Removing partitioned LD Scores with zero variance.
Reading regression weight LD Score from eur_w_ld_chr/[1-22] ...
Read regression weight LD Scores for 1290028 SNPs.
After merging with reference panel LD, 985750 SNPs remain.
After merging with regression SNP LD, 985750 SNPs remain.
Computing rg for phenotype 2/2
Reading summary statistics from /home/eerdem/CELLECT/gwas/BIG-S2_rs-fMRI/ukb_phase1to3_fmri_edge_dec21_2019_pheno447.sumstats.gz ...
Read summary statistics for 1149479 SNPs.
After merging with summary statistics, 967681 SNPs remain.
967681 SNPs with valid alleles.

Heritability of phenotype 1
---------------------------
Total Observed scale h2: 0.4192 (0.0152)
Lambda GC: 1.7476
Mean Chi^2: 2.0138
Intercept: 1.0642 (0.016)
Ratio: 0.0634 (0.0157)

Heritability of phenotype 2/2
-----------------------------
Total Observed scale h2: 0.0318 (0.0154)
Lambda GC: 1.026
Mean Chi^2: 1.0312
Intercept: 1.0088 (0.008)
Ratio: 0.2803 (0.2574)

Genetic Covariance
------------------
Total Observed scale gencov: 0.0206 (0.0093)
Mean z1*z2: 0.0284
Intercept: 0.0017 (0.0075)

Genetic Correlation
-------------------
Genetic Correlation: 0.1781 (0.0869)
Z-score: 2.0493
P: 0.0404


Summary of Genetic Correlation Results
p1                                                                                                p2      rg      se       z       p  h2_obs  h2_obs_se  h2_int  h2_int_se  gcov_int  gcov_int_se
/home/eerdem/CELLECT/gwas/SCZ_2016/SCZ_clozuk_pgc2.meta.sumstats.gz  /home/eerdem/CELLECT/gwas/BIG-S2_rs-fMRI/ukb_phase1to3_fmri_edge_dec21_2019_pheno447.sumstats.gz  0.1781  0.0869  2.0493  0.0404  0.0318     0.0154  1.0088      0.008    0.0017       0.0075

Analysis finished at Tue Dec  8 15:45:20 2020
Total time elapsed: 22.9s
