*********************************************************************
* LD Score Regression (LDSC)
* Version 1.0.0
* (C) 2014-2015 Brendan Bulik-Sullivan and Hilary Finucane
* Broad Institute of MIT and Harvard / MIT Department of Mathematics
* GNU General Public License v3
*********************************************************************
Call: 
./ldsc.py \
--ref-ld-chr eur_w_ld_chr/ \
--out /home/eerdem/notebooks/CELLECT-Analyser/out/genetic_correlation/gc/SCZ_2014_Net100_Pair21_29 \
--rg /home/eerdem/CELLECT/example/SCZ_2014.sumstats.gz,/home/eerdem/CELLECT/gwas/BIG-S2_rs-fMRI/ukb_phase1to3_fmri_edge_dec21_2019_pheno609.sumstats.gz \
--w-ld-chr eur_w_ld_chr/ 

Beginning analysis at Tue Dec  8 19:05:57 2020
Reading summary statistics from /home/eerdem/CELLECT/example/SCZ_2014.sumstats.gz ...
Read summary statistics for 5621268 SNPs.
Reading reference panel LD Score from eur_w_ld_chr/[1-22] ...
Read reference panel LD Scores for 1290028 SNPs.
Removing partitioned LD Scores with zero variance.
Reading regression weight LD Score from eur_w_ld_chr/[1-22] ...
Read regression weight LD Scores for 1290028 SNPs.
After merging with reference panel LD, 1116681 SNPs remain.
After merging with regression SNP LD, 1116681 SNPs remain.
Computing rg for phenotype 2/2
Reading summary statistics from /home/eerdem/CELLECT/gwas/BIG-S2_rs-fMRI/ukb_phase1to3_fmri_edge_dec21_2019_pheno609.sumstats.gz ...
Read summary statistics for 1149479 SNPs.
After merging with summary statistics, 1088483 SNPs remain.
1088483 SNPs with valid alleles.

Heritability of phenotype 1
---------------------------
Total Observed scale h2: 0.4454 (0.0183)
Lambda GC: 1.5992
Mean Chi^2: 1.793
Intercept: 1.0388 (0.0125)
Ratio: 0.0489 (0.0157)

Heritability of phenotype 2/2
-----------------------------
Total Observed scale h2: 0.156 (0.0216)
Lambda GC: 1.0921
Mean Chi^2: 1.1067
Intercept: 0.9995 (0.0091)
Ratio < 0 (usually indicates GC correction).

Genetic Covariance
------------------
Total Observed scale gencov: 0.0028 (0.0112)
Mean z1*z2: 0.0037
Intercept: 5.9085e-05 (0.0063)

Genetic Correlation
-------------------
Genetic Correlation: 0.0107 (0.0425)
Z-score: 0.2519
P: 0.8011


Summary of Genetic Correlation Results
p1                                                                                                p2      rg      se       z       p  h2_obs  h2_obs_se  h2_int  h2_int_se    gcov_int  gcov_int_se
/home/eerdem/CELLECT/example/SCZ_2014.sumstats.gz  /home/eerdem/CELLECT/gwas/BIG-S2_rs-fMRI/ukb_phase1to3_fmri_edge_dec21_2019_pheno609.sumstats.gz  0.0107  0.0425  0.2519  0.8011   0.156     0.0216  0.9995     0.0091  5.9085e-05       0.0063

Analysis finished at Tue Dec  8 19:06:38 2020
Total time elapsed: 40.35s
