*********************************************************************
* LD Score Regression (LDSC)
* Version 1.0.0
* (C) 2014-2015 Brendan Bulik-Sullivan and Hilary Finucane
* Broad Institute of MIT and Harvard / MIT Department of Mathematics
* GNU General Public License v3
*********************************************************************
Call: 
./ldsc.py \
--ref-ld-chr eur_w_ld_chr/ \
--out /home/eerdem/notebooks/CELLECT-Analyser/out/genetic_correlation/gc/SCZ_PGC3_2020_Net100_Pair29_44 \
--rg /home/eerdem/CELLECT-revised/gwas/SCZ_PGC3_2020/SCZ_PGC3_2020.sumstats.gz,/home/eerdem/CELLECT/gwas/BIG-S2_rs-fMRI/ukb_phase1to3_fmri_edge_dec21_2019_pheno1142.sumstats.gz \
--w-ld-chr eur_w_ld_chr/ 

Beginning analysis at Tue Dec  8 15:54:27 2020
Reading summary statistics from /home/eerdem/CELLECT-revised/gwas/SCZ_PGC3_2020/SCZ_PGC3_2020.sumstats.gz ...
Read summary statistics for 1105201 SNPs.
Reading reference panel LD Score from eur_w_ld_chr/[1-22] ...
Read reference panel LD Scores for 1290028 SNPs.
Removing partitioned LD Scores with zero variance.
Reading regression weight LD Score from eur_w_ld_chr/[1-22] ...
Read regression weight LD Scores for 1290028 SNPs.
After merging with reference panel LD, 1100111 SNPs remain.
After merging with regression SNP LD, 1100111 SNPs remain.
Computing rg for phenotype 2/2
Reading summary statistics from /home/eerdem/CELLECT/gwas/BIG-S2_rs-fMRI/ukb_phase1to3_fmri_edge_dec21_2019_pheno1142.sumstats.gz ...
Read summary statistics for 1149479 SNPs.
After merging with summary statistics, 1076139 SNPs remain.
1076139 SNPs with valid alleles.

Heritability of phenotype 1
---------------------------
Total Observed scale h2: 0.3322 (0.0127)
Lambda GC: 1.8442
Mean Chi^2: 2.1855
Intercept: 1.0814 (0.0171)
Ratio: 0.0687 (0.0144)

Heritability of phenotype 2/2
-----------------------------
Total Observed scale h2: 0.1509 (0.0205)
Lambda GC: 1.0847
Mean Chi^2: 1.11
Intercept: 1.0068 (0.0086)
Ratio: 0.0616 (0.0778)

Genetic Covariance
------------------
Total Observed scale gencov: -0.0031 (0.0095)
Mean z1*z2: -0.01
Intercept: -0.0072 (0.0074)

Genetic Correlation
-------------------
Genetic Correlation: -0.0139 (0.0427)
Z-score: -0.325
P: 0.7452


Summary of Genetic Correlation Results
p1                                                                                                 p2      rg      se      z       p  h2_obs  h2_obs_se  h2_int  h2_int_se  gcov_int  gcov_int_se
/home/eerdem/CELLECT-revised/gwas/SCZ_PGC3_2020/SCZ_PGC3_2020.sumstats.gz  /home/eerdem/CELLECT/gwas/BIG-S2_rs-fMRI/ukb_phase1to3_fmri_edge_dec21_2019_pheno1142.sumstats.gz -0.0139  0.0427 -0.325  0.7452  0.1509     0.0205  1.0068     0.0086   -0.0072       0.0074

Analysis finished at Tue Dec  8 15:54:52 2020
Total time elapsed: 24.48s
