*********************************************************************
* LD Score Regression (LDSC)
* Version 1.0.0
* (C) 2014-2015 Brendan Bulik-Sullivan and Hilary Finucane
* Broad Institute of MIT and Harvard / MIT Department of Mathematics
* GNU General Public License v3
*********************************************************************
Call: 
./ldsc.py \
--ref-ld-chr eur_w_ld_chr/ \
--out /home/eerdem/notebooks/CELLECT-Analyser/out/genetic_correlation/gc/SCZ_2014_ukb_phase1to3_dti441_dec21_2019_pheno76 \
--rg /home/eerdem/CELLECT/example/SCZ_2014.sumstats.gz,/home/eerdem/CELLECT/gwas/BIG-S2_DTI2020_munged/ukb_phase1to3_dti441_dec21_2019_pheno76.sumstats.gz \
--w-ld-chr eur_w_ld_chr/ 

Beginning analysis at Tue Dec  8 15:48:57 2020
Reading summary statistics from /home/eerdem/CELLECT/example/SCZ_2014.sumstats.gz ...
Read summary statistics for 5621268 SNPs.
Reading reference panel LD Score from eur_w_ld_chr/[1-22] ...
Read reference panel LD Scores for 1290028 SNPs.
Removing partitioned LD Scores with zero variance.
Reading regression weight LD Score from eur_w_ld_chr/[1-22] ...
Read regression weight LD Scores for 1290028 SNPs.
After merging with reference panel LD, 1116681 SNPs remain.
After merging with regression SNP LD, 1116681 SNPs remain.
Computing rg for phenotype 2/2
Reading summary statistics from /home/eerdem/CELLECT/gwas/BIG-S2_DTI2020_munged/ukb_phase1to3_dti441_dec21_2019_pheno76.sumstats.gz ...
Read summary statistics for 1149074 SNPs.
After merging with summary statistics, 1088062 SNPs remain.
1088062 SNPs with valid alleles.

Heritability of phenotype 1
---------------------------
Total Observed scale h2: 0.4455 (0.0183)
Lambda GC: 1.5992
Mean Chi^2: 1.7932
Intercept: 1.0386 (0.0125)
Ratio: 0.0487 (0.0157)

Heritability of phenotype 2/2
-----------------------------
Total Observed scale h2: 0.1911 (0.0224)
Lambda GC: 1.1023
Mean Chi^2: 1.1333
Intercept: 1.0094 (0.0097)
Ratio: 0.0702 (0.0725)

Genetic Covariance
------------------
Total Observed scale gencov: 0.0019 (0.0121)
Mean z1*z2: 0.0015
Intercept: -0.0006 (0.0068)

Genetic Correlation
-------------------
Genetic Correlation: 0.0066 (0.0415)
Z-score: 0.1596
P: 0.8732


Summary of Genetic Correlation Results
p1                                                                                                   p2      rg      se       z       p  h2_obs  h2_obs_se  h2_int  h2_int_se  gcov_int  gcov_int_se
/home/eerdem/CELLECT/example/SCZ_2014.sumstats.gz  /home/eerdem/CELLECT/gwas/BIG-S2_DTI2020_munged/ukb_phase1to3_dti441_dec21_2019_pheno76.sumstats.gz  0.0066  0.0415  0.1596  0.8732  0.1911     0.0224  1.0094     0.0097   -0.0006       0.0068

Analysis finished at Tue Dec  8 15:49:34 2020
Total time elapsed: 36.82s
