*********************************************************************
* LD Score Regression (LDSC)
* Version 1.0.0
* (C) 2014-2015 Brendan Bulik-Sullivan and Hilary Finucane
* Broad Institute of MIT and Harvard / MIT Department of Mathematics
* GNU General Public License v3
*********************************************************************
Call: 
./ldsc.py \
--ref-ld-chr eur_w_ld_chr/ \
--out /home/eerdem/notebooks/CELLECT-Analyser/out/genetic_correlation/gc/SCZ_2016_Net100_Pair33_45 \
--rg /home/eerdem/CELLECT/gwas/SCZ_2016/SCZ_clozuk_pgc2.meta.sumstats.gz,/home/eerdem/CELLECT/gwas/BIG-S2_rs-fMRI/ukb_phase1to3_fmri_edge_dec21_2019_pheno1189.sumstats.gz \
--w-ld-chr eur_w_ld_chr/ 

Beginning analysis at Tue Dec  8 20:09:42 2020
Reading summary statistics from /home/eerdem/CELLECT/gwas/SCZ_2016/SCZ_clozuk_pgc2.meta.sumstats.gz ...
Read summary statistics for 990444 SNPs.
Reading reference panel LD Score from eur_w_ld_chr/[1-22] ...
Read reference panel LD Scores for 1290028 SNPs.
Removing partitioned LD Scores with zero variance.
Reading regression weight LD Score from eur_w_ld_chr/[1-22] ...
Read regression weight LD Scores for 1290028 SNPs.
After merging with reference panel LD, 985750 SNPs remain.
After merging with regression SNP LD, 985750 SNPs remain.
Computing rg for phenotype 2/2
Reading summary statistics from /home/eerdem/CELLECT/gwas/BIG-S2_rs-fMRI/ukb_phase1to3_fmri_edge_dec21_2019_pheno1189.sumstats.gz ...
Read summary statistics for 1149479 SNPs.
After merging with summary statistics, 967681 SNPs remain.
967681 SNPs with valid alleles.

Heritability of phenotype 1
---------------------------
Total Observed scale h2: 0.4192 (0.0152)
Lambda GC: 1.7476
Mean Chi^2: 2.0138
Intercept: 1.0642 (0.016)
Ratio: 0.0634 (0.0157)

Heritability of phenotype 2/2
-----------------------------
Total Observed scale h2: 0.0989 (0.0174)
Lambda GC: 1.0612
Mean Chi^2: 1.0752
Intercept: 1.0057 (0.008)
Ratio: 0.0756 (0.1058)

Genetic Covariance
------------------
Total Observed scale gencov: -0.0149 (0.0118)
Mean z1*z2: -0.0144
Intercept: 0.0033 (0.0077)

Genetic Correlation
-------------------
Genetic Correlation: -0.0729 (0.0583)
Z-score: -1.2512
P: 0.2108


Summary of Genetic Correlation Results
p1                                                                                                 p2      rg      se       z       p  h2_obs  h2_obs_se  h2_int  h2_int_se  gcov_int  gcov_int_se
/home/eerdem/CELLECT/gwas/SCZ_2016/SCZ_clozuk_pgc2.meta.sumstats.gz  /home/eerdem/CELLECT/gwas/BIG-S2_rs-fMRI/ukb_phase1to3_fmri_edge_dec21_2019_pheno1189.sumstats.gz -0.0729  0.0583 -1.2512  0.2108  0.0989     0.0174  1.0057      0.008    0.0033       0.0077

Analysis finished at Tue Dec  8 20:10:02 2020
Total time elapsed: 19.59s
