*********************************************************************
* LD Score Regression (LDSC)
* Version 1.0.0
* (C) 2014-2015 Brendan Bulik-Sullivan and Hilary Finucane
* Broad Institute of MIT and Harvard / MIT Department of Mathematics
* GNU General Public License v3
*********************************************************************
Call: 
./ldsc.py \
--ref-ld-chr eur_w_ld_chr/ \
--out /home/eerdem/notebooks/CELLECT-Analyser/out/genetic_correlation/gc/SCZ_PGC3_2020_Net100_Pair20_32 \
--rg /home/eerdem/CELLECT-revised/gwas/SCZ_PGC3_2020/SCZ_PGC3_2020.sumstats.gz,/home/eerdem/CELLECT/gwas/BIG-S2_rs-fMRI/ukb_phase1to3_fmri_edge_dec21_2019_pheno695.sumstats.gz \
--w-ld-chr eur_w_ld_chr/ 

Beginning analysis at Tue Dec  8 18:34:12 2020
Reading summary statistics from /home/eerdem/CELLECT-revised/gwas/SCZ_PGC3_2020/SCZ_PGC3_2020.sumstats.gz ...
Read summary statistics for 1105201 SNPs.
Reading reference panel LD Score from eur_w_ld_chr/[1-22] ...
Read reference panel LD Scores for 1290028 SNPs.
Removing partitioned LD Scores with zero variance.
Reading regression weight LD Score from eur_w_ld_chr/[1-22] ...
Read regression weight LD Scores for 1290028 SNPs.
After merging with reference panel LD, 1100111 SNPs remain.
After merging with regression SNP LD, 1100111 SNPs remain.
Computing rg for phenotype 2/2
Reading summary statistics from /home/eerdem/CELLECT/gwas/BIG-S2_rs-fMRI/ukb_phase1to3_fmri_edge_dec21_2019_pheno695.sumstats.gz ...
Read summary statistics for 1149479 SNPs.
After merging with summary statistics, 1076139 SNPs remain.
1076139 SNPs with valid alleles.

Heritability of phenotype 1
---------------------------
Total Observed scale h2: 0.3322 (0.0127)
Lambda GC: 1.8442
Mean Chi^2: 2.1855
Intercept: 1.0814 (0.0171)
Ratio: 0.0687 (0.0144)

Heritability of phenotype 2/2
-----------------------------
Total Observed scale h2: 0.0602 (0.0131)
Lambda GC: 1.0429
Mean Chi^2: 1.0454
Intercept: 1.0048 (0.0065)
Ratio: 0.1067 (0.144)

Genetic Covariance
------------------
Total Observed scale gencov: 5.8583e-05 (0.0082)
Mean z1*z2: 0.0011
Intercept: -0.0021 (0.0075)

Genetic Correlation
-------------------
Genetic Correlation: 0.0004 (0.0584)
Z-score: 0.0071
P: 0.9943


Summary of Genetic Correlation Results
p1                                                                                                p2      rg      se       z       p  h2_obs  h2_obs_se  h2_int  h2_int_se  gcov_int  gcov_int_se
/home/eerdem/CELLECT-revised/gwas/SCZ_PGC3_2020/SCZ_PGC3_2020.sumstats.gz  /home/eerdem/CELLECT/gwas/BIG-S2_rs-fMRI/ukb_phase1to3_fmri_edge_dec21_2019_pheno695.sumstats.gz  0.0004  0.0584  0.0071  0.9943  0.0602     0.0131  1.0048     0.0065   -0.0021       0.0075

Analysis finished at Tue Dec  8 18:34:37 2020
Total time elapsed: 24.46s
