*********************************************************************
* LD Score Regression (LDSC)
* Version 1.0.0
* (C) 2014-2015 Brendan Bulik-Sullivan and Hilary Finucane
* Broad Institute of MIT and Harvard / MIT Department of Mathematics
* GNU General Public License v3
*********************************************************************
Call: 
./ldsc.py \
--ref-ld-chr eur_w_ld_chr/ \
--out /home/eerdem/notebooks/CELLECT-Analyser/out/genetic_correlation/gc/SCZ_2014_model1a_temporalpole \
--rg /home/eerdem/CELLECT/example/SCZ_2014.sumstats.gz,/home/eerdem/CELLECT/cortical_ROI_CHARGE2020/model1a_temporalpole_SAMPLESIZE.sumstats.gz \
--w-ld-chr eur_w_ld_chr/ 

Beginning analysis at Tue Dec  8 18:50:12 2020
Reading summary statistics from /home/eerdem/CELLECT/example/SCZ_2014.sumstats.gz ...
Read summary statistics for 5621268 SNPs.
Reading reference panel LD Score from eur_w_ld_chr/[1-22] ...
Read reference panel LD Scores for 1290028 SNPs.
Removing partitioned LD Scores with zero variance.
Reading regression weight LD Score from eur_w_ld_chr/[1-22] ...
Read regression weight LD Scores for 1290028 SNPs.
After merging with reference panel LD, 1116681 SNPs remain.
After merging with regression SNP LD, 1116681 SNPs remain.
Computing rg for phenotype 2/2
Reading summary statistics from /home/eerdem/CELLECT/cortical_ROI_CHARGE2020/model1a_temporalpole_SAMPLESIZE.sumstats.gz ...
Read summary statistics for 1191328 SNPs.
After merging with summary statistics, 1111839 SNPs remain.
1111839 SNPs with valid alleles.

Heritability of phenotype 1
---------------------------
Total Observed scale h2: 0.4416 (0.018)
Lambda GC: 1.5918
Mean Chi^2: 1.7829
Intercept: 1.0384 (0.013)
Ratio: 0.049 (0.0166)

Heritability of phenotype 2/2
-----------------------------
Total Observed scale h2: 0.1244 (0.0253)
Lambda GC: 1.0384
Mean Chi^2: 1.0386
Intercept: 0.9921 (0.0068)
Ratio < 0 (usually indicates GC correction).

Genetic Covariance
------------------
Total Observed scale gencov: -0.0141 (0.0137)
Mean z1*z2: -0.0107
Intercept: -0.001 (0.0062)

Genetic Correlation
-------------------
Genetic Correlation: -0.0604 (0.0583)
Z-score: -1.0357
P: 0.3004


Summary of Genetic Correlation Results
p1                                                                                        p2      rg      se       z       p  h2_obs  h2_obs_se  h2_int  h2_int_se  gcov_int  gcov_int_se
/home/eerdem/CELLECT/example/SCZ_2014.sumstats.gz  /home/eerdem/CELLECT/cortical_ROI_CHARGE2020/model1a_temporalpole_SAMPLESIZE.sumstats.gz -0.0604  0.0583 -1.0357  0.3004  0.1244     0.0253  0.9921     0.0068    -0.001       0.0062

Analysis finished at Tue Dec  8 18:50:51 2020
Total time elapsed: 38.68s
