*********************************************************************
* LD Score Regression (LDSC)
* Version 1.0.0
* (C) 2014-2015 Brendan Bulik-Sullivan and Hilary Finucane
* Broad Institute of MIT and Harvard / MIT Department of Mathematics
* GNU General Public License v3
*********************************************************************
Call: 
./ldsc.py \
--ref-ld-chr eur_w_ld_chr/ \
--out /home/eerdem/notebooks/CELLECT-Analyser/out/genetic_correlation/gc/ukb_phase1to3_dti441_dec21_2019_pheno414_ukb_phase1to3_fapcs_dec21_2019_pheno31 \
--rg /home/eerdem/CELLECT/gwas/BIG-S2_DTI2020_munged/ukb_phase1to3_dti441_dec21_2019_pheno414.sumstats.gz,/home/eerdem/CELLECT/gwas/BIG-S2_DTI2020_munged/ukb_phase1to3_fapcs_dec21_2019_pheno31.sumstats.gz \
--w-ld-chr eur_w_ld_chr/ 

Beginning analysis at Tue Dec  8 19:31:57 2020
Reading summary statistics from /home/eerdem/CELLECT/gwas/BIG-S2_DTI2020_munged/ukb_phase1to3_dti441_dec21_2019_pheno414.sumstats.gz ...
Read summary statistics for 1149073 SNPs.
Reading reference panel LD Score from eur_w_ld_chr/[1-22] ...
Read reference panel LD Scores for 1290028 SNPs.
Removing partitioned LD Scores with zero variance.
Reading regression weight LD Score from eur_w_ld_chr/[1-22] ...
Read regression weight LD Scores for 1290028 SNPs.
After merging with reference panel LD, 1142096 SNPs remain.
After merging with regression SNP LD, 1142096 SNPs remain.
Computing rg for phenotype 2/2
Reading summary statistics from /home/eerdem/CELLECT/gwas/BIG-S2_DTI2020_munged/ukb_phase1to3_fapcs_dec21_2019_pheno31.sumstats.gz ...
Read summary statistics for 1149074 SNPs.
After merging with summary statistics, 1142096 SNPs remain.
1142096 SNPs with valid alleles.

Heritability of phenotype 1
---------------------------
Total Observed scale h2: 0.2844 (0.0288)
Lambda GC: 1.1332
Mean Chi^2: 1.1865
Intercept: 1.0129 (0.0084)
Ratio: 0.0692 (0.0449)

Heritability of phenotype 2/2
-----------------------------
Total Observed scale h2: 0.295 (0.0297)
Lambda GC: 1.1412
Mean Chi^2: 1.1996
Intercept: 1.0087 (0.0096)
Ratio: 0.0438 (0.048)

Genetic Covariance
------------------
Total Observed scale gencov: 0.1361 (0.0196)
Mean z1*z2: 0.5079
Intercept: 0.4239 (0.0063)

Genetic Correlation
-------------------
Genetic Correlation: 0.4699 (0.0458)
Z-score: 10.2597
P: 1.0704e-24


Summary of Genetic Correlation Results
p1                                                                                                  p2      rg      se        z           p  h2_obs  h2_obs_se  h2_int  h2_int_se  gcov_int  gcov_int_se
/home/eerdem/CELLECT/gwas/BIG-S2_DTI2020_munged/ukb_phase1to3_dti441_dec21_2019_pheno414.sumstats.gz  /home/eerdem/CELLECT/gwas/BIG-S2_DTI2020_munged/ukb_phase1to3_fapcs_dec21_2019_pheno31.sumstats.gz  0.4699  0.0458  10.2597  1.0704e-24   0.295     0.0297  1.0087     0.0096    0.4239       0.0063

Analysis finished at Tue Dec  8 19:32:20 2020
Total time elapsed: 22.73s
