*********************************************************************
* LD Score Regression (LDSC)
* Version 1.0.0
* (C) 2014-2015 Brendan Bulik-Sullivan and Hilary Finucane
* Broad Institute of MIT and Harvard / MIT Department of Mathematics
* GNU General Public License v3
*********************************************************************
Call: 
./ldsc.py \
--ref-ld-chr eur_w_ld_chr/ \
--out /home/eerdem/notebooks/CELLECT-Analyser/out/genetic_correlation/gc/ukb_phase1to3_dti441_dec21_2019_pheno364_ukb_phase1to3_dti441_dec21_2019_pheno262 \
--rg /home/eerdem/CELLECT/gwas/BIG-S2_DTI2020_munged/ukb_phase1to3_dti441_dec21_2019_pheno364.sumstats.gz,/home/eerdem/CELLECT/gwas/BIG-S2_DTI2020_munged/ukb_phase1to3_dti441_dec21_2019_pheno262.sumstats.gz \
--w-ld-chr eur_w_ld_chr/ 

Beginning analysis at Tue Dec  8 17:54:27 2020
Reading summary statistics from /home/eerdem/CELLECT/gwas/BIG-S2_DTI2020_munged/ukb_phase1to3_dti441_dec21_2019_pheno364.sumstats.gz ...
Read summary statistics for 1149074 SNPs.
Reading reference panel LD Score from eur_w_ld_chr/[1-22] ...
Read reference panel LD Scores for 1290028 SNPs.
Removing partitioned LD Scores with zero variance.
Reading regression weight LD Score from eur_w_ld_chr/[1-22] ...
Read regression weight LD Scores for 1290028 SNPs.
After merging with reference panel LD, 1142097 SNPs remain.
After merging with regression SNP LD, 1142097 SNPs remain.
Computing rg for phenotype 2/2
Reading summary statistics from /home/eerdem/CELLECT/gwas/BIG-S2_DTI2020_munged/ukb_phase1to3_dti441_dec21_2019_pheno262.sumstats.gz ...
Read summary statistics for 1149074 SNPs.
After merging with summary statistics, 1142097 SNPs remain.
1142097 SNPs with valid alleles.

Heritability of phenotype 1
---------------------------
Total Observed scale h2: 0.3147 (0.0285)
Lambda GC: 1.1485
Mean Chi^2: 1.2073
Intercept: 1.0117 (0.0086)
Ratio: 0.0565 (0.0416)

Heritability of phenotype 2/2
-----------------------------
Total Observed scale h2: 0.2286 (0.0262)
Lambda GC: 1.1
Mean Chi^2: 1.1545
Intercept: 1.014 (0.008)
Ratio: 0.0903 (0.0517)

Genetic Covariance
------------------
Total Observed scale gencov: -0.0147 (0.0149)
Mean z1*z2: -0.0256
Intercept: -0.0162 (0.0059)

Genetic Correlation
-------------------
Genetic Correlation: -0.0547 (0.0554)
Z-score: -0.9883
P: 0.323


Summary of Genetic Correlation Results
p1                                                                                                    p2      rg      se       z      p  h2_obs  h2_obs_se  h2_int  h2_int_se  gcov_int  gcov_int_se
/home/eerdem/CELLECT/gwas/BIG-S2_DTI2020_munged/ukb_phase1to3_dti441_dec21_2019_pheno364.sumstats.gz  /home/eerdem/CELLECT/gwas/BIG-S2_DTI2020_munged/ukb_phase1to3_dti441_dec21_2019_pheno262.sumstats.gz -0.0547  0.0554 -0.9883  0.323  0.2286     0.0262   1.014      0.008   -0.0162       0.0059

Analysis finished at Tue Dec  8 17:54:48 2020
Total time elapsed: 20.99s
