*********************************************************************
* LD Score Regression (LDSC)
* Version 1.0.0
* (C) 2014-2015 Brendan Bulik-Sullivan and Hilary Finucane
* Broad Institute of MIT and Harvard / MIT Department of Mathematics
* GNU General Public License v3
*********************************************************************
Call: 
./ldsc.py \
--ref-ld-chr eur_w_ld_chr/ \
--out /home/eerdem/notebooks/CELLECT-Analyser/out/genetic_correlation/gc/ukb_phase1to3_fapcs_dec21_2019_pheno17_ukb_phase1to3_dti441_dec21_2019_pheno351 \
--rg /home/eerdem/CELLECT/gwas/BIG-S2_DTI2020_munged/ukb_phase1to3_fapcs_dec21_2019_pheno17.sumstats.gz,/home/eerdem/CELLECT/gwas/BIG-S2_DTI2020_munged/ukb_phase1to3_dti441_dec21_2019_pheno351.sumstats.gz \
--w-ld-chr eur_w_ld_chr/ 

Beginning analysis at Tue Dec  8 20:09:12 2020
Reading summary statistics from /home/eerdem/CELLECT/gwas/BIG-S2_DTI2020_munged/ukb_phase1to3_fapcs_dec21_2019_pheno17.sumstats.gz ...
Read summary statistics for 1149074 SNPs.
Reading reference panel LD Score from eur_w_ld_chr/[1-22] ...
Read reference panel LD Scores for 1290028 SNPs.
Removing partitioned LD Scores with zero variance.
Reading regression weight LD Score from eur_w_ld_chr/[1-22] ...
Read regression weight LD Scores for 1290028 SNPs.
After merging with reference panel LD, 1142097 SNPs remain.
After merging with regression SNP LD, 1142097 SNPs remain.
Computing rg for phenotype 2/2
Reading summary statistics from /home/eerdem/CELLECT/gwas/BIG-S2_DTI2020_munged/ukb_phase1to3_dti441_dec21_2019_pheno351.sumstats.gz ...
Read summary statistics for 1149074 SNPs.
After merging with summary statistics, 1142097 SNPs remain.
1142097 SNPs with valid alleles.

Heritability of phenotype 1
---------------------------
Total Observed scale h2: 0.2078 (0.0221)
Lambda GC: 1.1155
Mean Chi^2: 1.1476
Intercept: 1.0166 (0.0075)
Ratio: 0.1124 (0.0508)

Heritability of phenotype 2/2
-----------------------------
Total Observed scale h2: 0.2719 (0.0219)
Lambda GC: 1.1378
Mean Chi^2: 1.1788
Intercept: 1.0097 (0.0081)
Ratio: 0.0543 (0.0454)

Genetic Covariance
------------------
Total Observed scale gencov: 0.0079 (0.0152)
Mean z1*z2: -0.071
Intercept: -0.0784 (0.0053)

Genetic Correlation
-------------------
Genetic Correlation: 0.0331 (0.0648)
Z-score: 0.5102
P: 0.6099


Summary of Genetic Correlation Results
p1                                                                                                    p2      rg      se       z       p  h2_obs  h2_obs_se  h2_int  h2_int_se  gcov_int  gcov_int_se
/home/eerdem/CELLECT/gwas/BIG-S2_DTI2020_munged/ukb_phase1to3_fapcs_dec21_2019_pheno17.sumstats.gz  /home/eerdem/CELLECT/gwas/BIG-S2_DTI2020_munged/ukb_phase1to3_dti441_dec21_2019_pheno351.sumstats.gz  0.0331  0.0648  0.5102  0.6099  0.2719     0.0219  1.0097     0.0081   -0.0784       0.0053

Analysis finished at Tue Dec  8 20:09:35 2020
Total time elapsed: 22.92s
