*********************************************************************
* LD Score Regression (LDSC)
* Version 1.0.0
* (C) 2014-2015 Brendan Bulik-Sullivan and Hilary Finucane
* Broad Institute of MIT and Harvard / MIT Department of Mathematics
* GNU General Public License v3
*********************************************************************
Call: 
./ldsc.py \
--ref-ld-chr eur_w_ld_chr/ \
--out /home/eerdem/notebooks/CELLECT-Analyser/out/genetic_correlation/gc/ukb_phase1to3_dti441_dec21_2019_pheno411_ukb_phase1to3_dti441_dec21_2019_pheno85 \
--rg /home/eerdem/CELLECT/gwas/BIG-S2_DTI2020_munged/ukb_phase1to3_dti441_dec21_2019_pheno411.sumstats.gz,/home/eerdem/CELLECT/gwas/BIG-S2_DTI2020_munged/ukb_phase1to3_dti441_dec21_2019_pheno85.sumstats.gz \
--w-ld-chr eur_w_ld_chr/ 

Beginning analysis at Tue Dec  8 19:52:57 2020
Reading summary statistics from /home/eerdem/CELLECT/gwas/BIG-S2_DTI2020_munged/ukb_phase1to3_dti441_dec21_2019_pheno411.sumstats.gz ...
Read summary statistics for 1149074 SNPs.
Reading reference panel LD Score from eur_w_ld_chr/[1-22] ...
Read reference panel LD Scores for 1290028 SNPs.
Removing partitioned LD Scores with zero variance.
Reading regression weight LD Score from eur_w_ld_chr/[1-22] ...
Read regression weight LD Scores for 1290028 SNPs.
After merging with reference panel LD, 1142097 SNPs remain.
After merging with regression SNP LD, 1142097 SNPs remain.
Computing rg for phenotype 2/2
Reading summary statistics from /home/eerdem/CELLECT/gwas/BIG-S2_DTI2020_munged/ukb_phase1to3_dti441_dec21_2019_pheno85.sumstats.gz ...
Read summary statistics for 1149074 SNPs.
After merging with summary statistics, 1142097 SNPs remain.
1142097 SNPs with valid alleles.

Heritability of phenotype 1
---------------------------
Total Observed scale h2: 0.2566 (0.0266)
Lambda GC: 1.1393
Mean Chi^2: 1.1741
Intercept: 1.0066 (0.0092)
Ratio: 0.0379 (0.0531)

Heritability of phenotype 2/2
-----------------------------
Total Observed scale h2: 0.2326 (0.0233)
Lambda GC: 1.1263
Mean Chi^2: 1.1534
Intercept: 1.0079 (0.0074)
Ratio: 0.0517 (0.0483)

Genetic Covariance
------------------
Total Observed scale gencov: 0.0205 (0.0165)
Mean z1*z2: 0.2695
Intercept: 0.2544 (0.006)

Genetic Correlation
-------------------
Genetic Correlation: 0.0841 (0.0657)
Z-score: 1.279
P: 0.2009


Summary of Genetic Correlation Results
p1                                                                                                   p2      rg      se      z       p  h2_obs  h2_obs_se  h2_int  h2_int_se  gcov_int  gcov_int_se
/home/eerdem/CELLECT/gwas/BIG-S2_DTI2020_munged/ukb_phase1to3_dti441_dec21_2019_pheno411.sumstats.gz  /home/eerdem/CELLECT/gwas/BIG-S2_DTI2020_munged/ukb_phase1to3_dti441_dec21_2019_pheno85.sumstats.gz  0.0841  0.0657  1.279  0.2009  0.2326     0.0233  1.0079     0.0074    0.2544        0.006

Analysis finished at Tue Dec  8 19:53:20 2020
Total time elapsed: 22.77s
