*********************************************************************
* LD Score Regression (LDSC)
* Version 1.0.0
* (C) 2014-2015 Brendan Bulik-Sullivan and Hilary Finucane
* Broad Institute of MIT and Harvard / MIT Department of Mathematics
* GNU General Public License v3
*********************************************************************
Call: 
./ldsc.py \
--ref-ld-chr eur_w_ld_chr/ \
--out /home/eerdem/notebooks/CELLECT-Analyser/out/genetic_correlation/gc/ukb_phase1to3_dti441_dec21_2019_pheno7_ukb_phase1to3_dti441_dec21_2019_pheno28 \
--rg /home/eerdem/CELLECT/gwas/BIG-S2_DTI2020_munged/ukb_phase1to3_dti441_dec21_2019_pheno7.sumstats.gz,/home/eerdem/CELLECT/gwas/BIG-S2_DTI2020_munged/ukb_phase1to3_dti441_dec21_2019_pheno28.sumstats.gz \
--w-ld-chr eur_w_ld_chr/ 

Beginning analysis at Tue Dec  8 20:20:27 2020
Reading summary statistics from /home/eerdem/CELLECT/gwas/BIG-S2_DTI2020_munged/ukb_phase1to3_dti441_dec21_2019_pheno7.sumstats.gz ...
Read summary statistics for 1149074 SNPs.
Reading reference panel LD Score from eur_w_ld_chr/[1-22] ...
Read reference panel LD Scores for 1290028 SNPs.
Removing partitioned LD Scores with zero variance.
Reading regression weight LD Score from eur_w_ld_chr/[1-22] ...
Read regression weight LD Scores for 1290028 SNPs.
After merging with reference panel LD, 1142097 SNPs remain.
After merging with regression SNP LD, 1142097 SNPs remain.
Computing rg for phenotype 2/2
Reading summary statistics from /home/eerdem/CELLECT/gwas/BIG-S2_DTI2020_munged/ukb_phase1to3_dti441_dec21_2019_pheno28.sumstats.gz ...
Read summary statistics for 1149074 SNPs.
After merging with summary statistics, 1142097 SNPs remain.
1142097 SNPs with valid alleles.

Heritability of phenotype 1
---------------------------
Total Observed scale h2: 0.327 (0.029)
Lambda GC: 1.1673
Mean Chi^2: 1.2231
Intercept: 1.0185 (0.009)
Ratio: 0.083 (0.0402)

Heritability of phenotype 2/2
-----------------------------
Total Observed scale h2: 0.2781 (0.0261)
Lambda GC: 1.1468
Mean Chi^2: 1.1885
Intercept: 1.0114 (0.0087)
Ratio: 0.0607 (0.0461)

Genetic Covariance
------------------
Total Observed scale gencov: 0.1381 (0.0196)
Mean z1*z2: 0.5531
Intercept: 0.4654 (0.0064)

Genetic Correlation
-------------------
Genetic Correlation: 0.458 (0.041)
Z-score: 11.1717
P: 5.6125e-29


Summary of Genetic Correlation Results
p1                                                                                                   p2     rg     se        z           p  h2_obs  h2_obs_se  h2_int  h2_int_se  gcov_int  gcov_int_se
/home/eerdem/CELLECT/gwas/BIG-S2_DTI2020_munged/ukb_phase1to3_dti441_dec21_2019_pheno7.sumstats.gz  /home/eerdem/CELLECT/gwas/BIG-S2_DTI2020_munged/ukb_phase1to3_dti441_dec21_2019_pheno28.sumstats.gz  0.458  0.041  11.1717  5.6125e-29  0.2781     0.0261  1.0114     0.0087    0.4654       0.0064

Analysis finished at Tue Dec  8 20:20:49 2020
Total time elapsed: 21.8s
