*********************************************************************
* LD Score Regression (LDSC)
* Version 1.0.0
* (C) 2014-2015 Brendan Bulik-Sullivan and Hilary Finucane
* Broad Institute of MIT and Harvard / MIT Department of Mathematics
* GNU General Public License v3
*********************************************************************
Call: 
./ldsc.py \
--ref-ld-chr eur_w_ld_chr/ \
--out /home/eerdem/notebooks/CELLECT-Analyser/out/genetic_correlation/gc/ukb_phase1to3_dti441_dec21_2019_pheno76_ukb_phase1to3_dti441_dec21_2019_pheno348 \
--rg /home/eerdem/CELLECT/gwas/BIG-S2_DTI2020_munged/ukb_phase1to3_dti441_dec21_2019_pheno76.sumstats.gz,/home/eerdem/CELLECT/gwas/BIG-S2_DTI2020_munged/ukb_phase1to3_dti441_dec21_2019_pheno348.sumstats.gz \
--w-ld-chr eur_w_ld_chr/ 

Beginning analysis at Tue Dec  8 16:29:12 2020
Reading summary statistics from /home/eerdem/CELLECT/gwas/BIG-S2_DTI2020_munged/ukb_phase1to3_dti441_dec21_2019_pheno76.sumstats.gz ...
Read summary statistics for 1149074 SNPs.
Reading reference panel LD Score from eur_w_ld_chr/[1-22] ...
Read reference panel LD Scores for 1290028 SNPs.
Removing partitioned LD Scores with zero variance.
Reading regression weight LD Score from eur_w_ld_chr/[1-22] ...
Read regression weight LD Scores for 1290028 SNPs.
After merging with reference panel LD, 1142097 SNPs remain.
After merging with regression SNP LD, 1142097 SNPs remain.
Computing rg for phenotype 2/2
Reading summary statistics from /home/eerdem/CELLECT/gwas/BIG-S2_DTI2020_munged/ukb_phase1to3_dti441_dec21_2019_pheno348.sumstats.gz ...
Read summary statistics for 1149074 SNPs.
After merging with summary statistics, 1142097 SNPs remain.
1142097 SNPs with valid alleles.

Heritability of phenotype 1
---------------------------
Total Observed scale h2: 0.1861 (0.0215)
Lambda GC: 1.0999
Mean Chi^2: 1.1302
Intercept: 1.0132 (0.0085)
Ratio: 0.1014 (0.0655)

Heritability of phenotype 2/2
-----------------------------
Total Observed scale h2: 0.2378 (0.0229)
Lambda GC: 1.1379
Mean Chi^2: 1.1593
Intercept: 1.0083 (0.008)
Ratio: 0.0521 (0.0505)

Genetic Covariance
------------------
Total Observed scale gencov: 0.0076 (0.0176)
Mean z1*z2: 0.0714
Intercept: 0.0682 (0.0061)

Genetic Correlation
-------------------
Genetic Correlation: 0.036 (0.0845)
Z-score: 0.4262
P: 0.67


Summary of Genetic Correlation Results
p1                                                                                                    p2     rg      se       z     p  h2_obs  h2_obs_se  h2_int  h2_int_se  gcov_int  gcov_int_se
/home/eerdem/CELLECT/gwas/BIG-S2_DTI2020_munged/ukb_phase1to3_dti441_dec21_2019_pheno76.sumstats.gz  /home/eerdem/CELLECT/gwas/BIG-S2_DTI2020_munged/ukb_phase1to3_dti441_dec21_2019_pheno348.sumstats.gz  0.036  0.0845  0.4262  0.67  0.2378     0.0229  1.0083      0.008    0.0682       0.0061

Analysis finished at Tue Dec  8 16:29:36 2020
Total time elapsed: 23.76s
