*********************************************************************
* LD Score Regression (LDSC)
* Version 1.0.0
* (C) 2014-2015 Brendan Bulik-Sullivan and Hilary Finucane
* Broad Institute of MIT and Harvard / MIT Department of Mathematics
* GNU General Public License v3
*********************************************************************
Call: 
./ldsc.py \
--ref-ld-chr eur_w_ld_chr/ \
--out /home/eerdem/notebooks/CELLECT-Analyser/out/genetic_correlation/gc/ukb_phase1to3_fapcs_dec21_2019_pheno81_ukb_phase1to3_dti441_dec21_2019_pheno76 \
--rg /home/eerdem/CELLECT/gwas/BIG-S2_DTI2020_munged/ukb_phase1to3_fapcs_dec21_2019_pheno81.sumstats.gz,/home/eerdem/CELLECT/gwas/BIG-S2_DTI2020_munged/ukb_phase1to3_dti441_dec21_2019_pheno76.sumstats.gz \
--w-ld-chr eur_w_ld_chr/ 

Beginning analysis at Tue Dec  8 15:57:12 2020
Reading summary statistics from /home/eerdem/CELLECT/gwas/BIG-S2_DTI2020_munged/ukb_phase1to3_fapcs_dec21_2019_pheno81.sumstats.gz ...
Read summary statistics for 1149074 SNPs.
Reading reference panel LD Score from eur_w_ld_chr/[1-22] ...
Read reference panel LD Scores for 1290028 SNPs.
Removing partitioned LD Scores with zero variance.
Reading regression weight LD Score from eur_w_ld_chr/[1-22] ...
Read regression weight LD Scores for 1290028 SNPs.
After merging with reference panel LD, 1142097 SNPs remain.
After merging with regression SNP LD, 1142097 SNPs remain.
Computing rg for phenotype 2/2
Reading summary statistics from /home/eerdem/CELLECT/gwas/BIG-S2_DTI2020_munged/ukb_phase1to3_dti441_dec21_2019_pheno76.sumstats.gz ...
Read summary statistics for 1149074 SNPs.
After merging with summary statistics, 1142097 SNPs remain.
1142097 SNPs with valid alleles.

Heritability of phenotype 1
---------------------------
Total Observed scale h2: 0.2803 (0.0264)
Lambda GC: 1.1462
Mean Chi^2: 1.1972
Intercept: 1.0203 (0.0088)
Ratio: 0.1028 (0.0447)

Heritability of phenotype 2/2
-----------------------------
Total Observed scale h2: 0.1861 (0.0215)
Lambda GC: 1.0999
Mean Chi^2: 1.1302
Intercept: 1.0132 (0.0085)
Ratio: 0.1014 (0.0655)

Genetic Covariance
------------------
Total Observed scale gencov: 0.0409 (0.0141)
Mean z1*z2: 0.0792
Intercept: 0.0551 (0.0055)

Genetic Correlation
-------------------
Genetic Correlation: 0.179 (0.0603)
Z-score: 2.9704
P: 0.003


Summary of Genetic Correlation Results
p1                                                                                                   p2     rg      se       z      p  h2_obs  h2_obs_se  h2_int  h2_int_se  gcov_int  gcov_int_se
/home/eerdem/CELLECT/gwas/BIG-S2_DTI2020_munged/ukb_phase1to3_fapcs_dec21_2019_pheno81.sumstats.gz  /home/eerdem/CELLECT/gwas/BIG-S2_DTI2020_munged/ukb_phase1to3_dti441_dec21_2019_pheno76.sumstats.gz  0.179  0.0603  2.9704  0.003  0.1861     0.0215  1.0132     0.0085    0.0551       0.0055

Analysis finished at Tue Dec  8 15:57:35 2020
Total time elapsed: 22.89s
