*********************************************************************
* LD Score Regression (LDSC)
* Version 1.0.0
* (C) 2014-2015 Brendan Bulik-Sullivan and Hilary Finucane
* Broad Institute of MIT and Harvard / MIT Department of Mathematics
* GNU General Public License v3
*********************************************************************
Call: 
./ldsc.py \
--ref-ld-chr eur_w_ld_chr/ \
--out /home/eerdem/notebooks/CELLECT-Analyser/out/genetic_correlation/gc/ukb_phase1to3_dti441_dec21_2019_pheno344_ukb_phase1to3_dti441_dec21_2019_pheno328 \
--rg /home/eerdem/CELLECT/gwas/BIG-S2_DTI2020_munged/ukb_phase1to3_dti441_dec21_2019_pheno344.sumstats.gz,/home/eerdem/CELLECT/gwas/BIG-S2_DTI2020_munged/ukb_phase1to3_dti441_dec21_2019_pheno328.sumstats.gz \
--w-ld-chr eur_w_ld_chr/ 

Beginning analysis at Tue Dec  8 17:05:42 2020
Reading summary statistics from /home/eerdem/CELLECT/gwas/BIG-S2_DTI2020_munged/ukb_phase1to3_dti441_dec21_2019_pheno344.sumstats.gz ...
Read summary statistics for 1149074 SNPs.
Reading reference panel LD Score from eur_w_ld_chr/[1-22] ...
Read reference panel LD Scores for 1290028 SNPs.
Removing partitioned LD Scores with zero variance.
Reading regression weight LD Score from eur_w_ld_chr/[1-22] ...
Read regression weight LD Scores for 1290028 SNPs.
After merging with reference panel LD, 1142097 SNPs remain.
After merging with regression SNP LD, 1142097 SNPs remain.
Computing rg for phenotype 2/2
Reading summary statistics from /home/eerdem/CELLECT/gwas/BIG-S2_DTI2020_munged/ukb_phase1to3_dti441_dec21_2019_pheno328.sumstats.gz ...
Read summary statistics for 1149074 SNPs.
After merging with summary statistics, 1142097 SNPs remain.
1142097 SNPs with valid alleles.

Heritability of phenotype 1
---------------------------
Total Observed scale h2: 0.1707 (0.02)
Lambda GC: 1.0971
Mean Chi^2: 1.1223
Intercept: 1.0167 (0.0077)
Ratio: 0.1367 (0.0632)

Heritability of phenotype 2/2
-----------------------------
Total Observed scale h2: 0.1823 (0.0201)
Lambda GC: 1.0986
Mean Chi^2: 1.1176
Intercept: 1.0028 (0.0073)
Ratio: 0.0242 (0.0618)

Genetic Covariance
------------------
Total Observed scale gencov: 0.0157 (0.0137)
Mean z1*z2: 0.1012
Intercept: 0.0907 (0.005)

Genetic Correlation
-------------------
Genetic Correlation: 0.089 (0.0762)
Z-score: 1.1675
P: 0.243


Summary of Genetic Correlation Results
p1                                                                                                    p2     rg      se       z      p  h2_obs  h2_obs_se  h2_int  h2_int_se  gcov_int  gcov_int_se
/home/eerdem/CELLECT/gwas/BIG-S2_DTI2020_munged/ukb_phase1to3_dti441_dec21_2019_pheno344.sumstats.gz  /home/eerdem/CELLECT/gwas/BIG-S2_DTI2020_munged/ukb_phase1to3_dti441_dec21_2019_pheno328.sumstats.gz  0.089  0.0762  1.1675  0.243  0.1823     0.0201  1.0028     0.0073    0.0907        0.005

Analysis finished at Tue Dec  8 17:06:06 2020
Total time elapsed: 23.34s
