*********************************************************************
* LD Score Regression (LDSC)
* Version 1.0.0
* (C) 2014-2015 Brendan Bulik-Sullivan and Hilary Finucane
* Broad Institute of MIT and Harvard / MIT Department of Mathematics
* GNU General Public License v3
*********************************************************************
Call: 
./ldsc.py \
--ref-ld-chr eur_w_ld_chr/ \
--out /home/eerdem/notebooks/CELLECT-Analyser/out/genetic_correlation/gc/ukb_phase1to3_fapcs_dec21_2019_pheno6_ukb_phase1to3_fapcs_dec21_2019_pheno11 \
--rg /home/eerdem/CELLECT/gwas/BIG-S2_DTI2020_munged/ukb_phase1to3_fapcs_dec21_2019_pheno6.sumstats.gz,/home/eerdem/CELLECT/gwas/BIG-S2_DTI2020_munged/ukb_phase1to3_fapcs_dec21_2019_pheno11.sumstats.gz \
--w-ld-chr eur_w_ld_chr/ 

Beginning analysis at Tue Dec  8 17:42:12 2020
Reading summary statistics from /home/eerdem/CELLECT/gwas/BIG-S2_DTI2020_munged/ukb_phase1to3_fapcs_dec21_2019_pheno6.sumstats.gz ...
Read summary statistics for 1149074 SNPs.
Reading reference panel LD Score from eur_w_ld_chr/[1-22] ...
Read reference panel LD Scores for 1290028 SNPs.
Removing partitioned LD Scores with zero variance.
Reading regression weight LD Score from eur_w_ld_chr/[1-22] ...
Read regression weight LD Scores for 1290028 SNPs.
After merging with reference panel LD, 1142097 SNPs remain.
After merging with regression SNP LD, 1142097 SNPs remain.
Computing rg for phenotype 2/2
Reading summary statistics from /home/eerdem/CELLECT/gwas/BIG-S2_DTI2020_munged/ukb_phase1to3_fapcs_dec21_2019_pheno11.sumstats.gz ...
Read summary statistics for 1149074 SNPs.
After merging with summary statistics, 1142097 SNPs remain.
1142097 SNPs with valid alleles.

Heritability of phenotype 1
---------------------------
Total Observed scale h2: 0.2811 (0.023)
Lambda GC: 1.1476
Mean Chi^2: 1.1931
Intercept: 1.017 (0.0072)
Ratio: 0.0883 (0.0375)

Heritability of phenotype 2/2
-----------------------------
Total Observed scale h2: 0.3076 (0.0288)
Lambda GC: 1.1515
Mean Chi^2: 1.1997
Intercept: 1.0053 (0.0084)
Ratio: 0.0265 (0.042)

Genetic Covariance
------------------
Total Observed scale gencov: 0.1532 (0.019)
Mean z1*z2: 0.5004
Intercept: 0.4038 (0.0059)

Genetic Correlation
-------------------
Genetic Correlation: 0.5211 (0.0408)
Z-score: 12.7724
P: 2.3389e-37


Summary of Genetic Correlation Results
p1                                                                                                  p2      rg      se        z           p  h2_obs  h2_obs_se  h2_int  h2_int_se  gcov_int  gcov_int_se
/home/eerdem/CELLECT/gwas/BIG-S2_DTI2020_munged/ukb_phase1to3_fapcs_dec21_2019_pheno6.sumstats.gz  /home/eerdem/CELLECT/gwas/BIG-S2_DTI2020_munged/ukb_phase1to3_fapcs_dec21_2019_pheno11.sumstats.gz  0.5211  0.0408  12.7724  2.3389e-37  0.3076     0.0288  1.0053     0.0084    0.4038       0.0059

Analysis finished at Tue Dec  8 17:42:36 2020
Total time elapsed: 24.24s
