*********************************************************************
* LD Score Regression (LDSC)
* Version 1.0.0
* (C) 2014-2015 Brendan Bulik-Sullivan and Hilary Finucane
* Broad Institute of MIT and Harvard / MIT Department of Mathematics
* GNU General Public License v3
*********************************************************************
Call: 
./ldsc.py \
--ref-ld-chr eur_w_ld_chr/ \
--out /home/eerdem/notebooks/CELLECT-Analyser/out/genetic_correlation/gc/ukb_phase1to3_dti441_dec21_2019_pheno430_ukb_phase1to3_dti441_dec21_2019_pheno28 \
--rg /home/eerdem/CELLECT/gwas/BIG-S2_DTI2020_munged/ukb_phase1to3_dti441_dec21_2019_pheno430.sumstats.gz,/home/eerdem/CELLECT/gwas/BIG-S2_DTI2020_munged/ukb_phase1to3_dti441_dec21_2019_pheno28.sumstats.gz \
--w-ld-chr eur_w_ld_chr/ 

Beginning analysis at Tue Dec  8 17:57:42 2020
Reading summary statistics from /home/eerdem/CELLECT/gwas/BIG-S2_DTI2020_munged/ukb_phase1to3_dti441_dec21_2019_pheno430.sumstats.gz ...
Read summary statistics for 1149074 SNPs.
Reading reference panel LD Score from eur_w_ld_chr/[1-22] ...
Read reference panel LD Scores for 1290028 SNPs.
Removing partitioned LD Scores with zero variance.
Reading regression weight LD Score from eur_w_ld_chr/[1-22] ...
Read regression weight LD Scores for 1290028 SNPs.
After merging with reference panel LD, 1142097 SNPs remain.
After merging with regression SNP LD, 1142097 SNPs remain.
Computing rg for phenotype 2/2
Reading summary statistics from /home/eerdem/CELLECT/gwas/BIG-S2_DTI2020_munged/ukb_phase1to3_dti441_dec21_2019_pheno28.sumstats.gz ...
Read summary statistics for 1149074 SNPs.
After merging with summary statistics, 1142097 SNPs remain.
1142097 SNPs with valid alleles.

Heritability of phenotype 1
---------------------------
Total Observed scale h2: 0.2226 (0.0228)
Lambda GC: 1.1176
Mean Chi^2: 1.1433
Intercept: 1.0039 (0.0071)
Ratio: 0.0271 (0.0493)

Heritability of phenotype 2/2
-----------------------------
Total Observed scale h2: 0.2781 (0.0261)
Lambda GC: 1.1468
Mean Chi^2: 1.1885
Intercept: 1.0114 (0.0087)
Ratio: 0.0607 (0.0461)

Genetic Covariance
------------------
Total Observed scale gencov: -0.0998 (0.017)
Mean z1*z2: -0.3368
Intercept: -0.2734 (0.0054)

Genetic Correlation
-------------------
Genetic Correlation: -0.4011 (0.0538)
Z-score: -7.449
P: 9.4062e-14


Summary of Genetic Correlation Results
p1                                                                                                   p2      rg      se      z           p  h2_obs  h2_obs_se  h2_int  h2_int_se  gcov_int  gcov_int_se
/home/eerdem/CELLECT/gwas/BIG-S2_DTI2020_munged/ukb_phase1to3_dti441_dec21_2019_pheno430.sumstats.gz  /home/eerdem/CELLECT/gwas/BIG-S2_DTI2020_munged/ukb_phase1to3_dti441_dec21_2019_pheno28.sumstats.gz -0.4011  0.0538 -7.449  9.4062e-14  0.2781     0.0261  1.0114     0.0087   -0.2734       0.0054

Analysis finished at Tue Dec  8 17:58:07 2020
Total time elapsed: 25.18s
