*********************************************************************
* LD Score Regression (LDSC)
* Version 1.0.0
* (C) 2014-2015 Brendan Bulik-Sullivan and Hilary Finucane
* Broad Institute of MIT and Harvard / MIT Department of Mathematics
* GNU General Public License v3
*********************************************************************
Call: 
./ldsc.py \
--ref-ld-chr eur_w_ld_chr/ \
--out /home/eerdem/notebooks/CELLECT-Analyser/out/genetic_correlation/gc/ukb_phase1to3_dti441_dec21_2019_pheno115_ukb_phase1to3_fapcs_dec21_2019_pheno86 \
--rg /home/eerdem/CELLECT/gwas/BIG-S2_DTI2020_munged/ukb_phase1to3_dti441_dec21_2019_pheno115.sumstats.gz,/home/eerdem/CELLECT/gwas/BIG-S2_DTI2020_munged/ukb_phase1to3_fapcs_dec21_2019_pheno86.sumstats.gz \
--w-ld-chr eur_w_ld_chr/ 

Beginning analysis at Tue Dec  8 16:40:57 2020
Reading summary statistics from /home/eerdem/CELLECT/gwas/BIG-S2_DTI2020_munged/ukb_phase1to3_dti441_dec21_2019_pheno115.sumstats.gz ...
Read summary statistics for 1149073 SNPs.
Reading reference panel LD Score from eur_w_ld_chr/[1-22] ...
Read reference panel LD Scores for 1290028 SNPs.
Removing partitioned LD Scores with zero variance.
Reading regression weight LD Score from eur_w_ld_chr/[1-22] ...
Read regression weight LD Scores for 1290028 SNPs.
After merging with reference panel LD, 1142096 SNPs remain.
After merging with regression SNP LD, 1142096 SNPs remain.
Computing rg for phenotype 2/2
Reading summary statistics from /home/eerdem/CELLECT/gwas/BIG-S2_DTI2020_munged/ukb_phase1to3_fapcs_dec21_2019_pheno86.sumstats.gz ...
Read summary statistics for 1149074 SNPs.
After merging with summary statistics, 1142096 SNPs remain.
1142096 SNPs with valid alleles.

Heritability of phenotype 1
---------------------------
Total Observed scale h2: 0.1853 (0.0195)
Lambda GC: 1.0985
Mean Chi^2: 1.1229
Intercept: 1.0087 (0.007)
Ratio: 0.0709 (0.057)

Heritability of phenotype 2/2
-----------------------------
Total Observed scale h2: 0.2382 (0.024)
Lambda GC: 1.1229
Mean Chi^2: 1.1664
Intercept: 1.014 (0.0081)
Ratio: 0.0842 (0.0489)

Genetic Covariance
------------------
Total Observed scale gencov: -0.0515 (0.0154)
Mean z1*z2: -0.1624
Intercept: -0.1293 (0.0051)

Genetic Correlation
-------------------
Genetic Correlation: -0.245 (0.0698)
Z-score: -3.51
P: 0.0004


Summary of Genetic Correlation Results
p1                                                                                                  p2     rg      se     z       p  h2_obs  h2_obs_se  h2_int  h2_int_se  gcov_int  gcov_int_se
/home/eerdem/CELLECT/gwas/BIG-S2_DTI2020_munged/ukb_phase1to3_dti441_dec21_2019_pheno115.sumstats.gz  /home/eerdem/CELLECT/gwas/BIG-S2_DTI2020_munged/ukb_phase1to3_fapcs_dec21_2019_pheno86.sumstats.gz -0.245  0.0698 -3.51  0.0004  0.2382      0.024   1.014     0.0081   -0.1293       0.0051

Analysis finished at Tue Dec  8 16:41:18 2020
Total time elapsed: 21.05s
