*********************************************************************
* LD Score Regression (LDSC)
* Version 1.0.0
* (C) 2014-2015 Brendan Bulik-Sullivan and Hilary Finucane
* Broad Institute of MIT and Harvard / MIT Department of Mathematics
* GNU General Public License v3
*********************************************************************
Call: 
./ldsc.py \
--ref-ld-chr eur_w_ld_chr/ \
--out /home/eerdem/notebooks/CELLECT-Analyser/out/genetic_correlation/gc/ukb_phase1to3_dti441_dec21_2019_pheno360_ukb_phase1to3_dti441_dec21_2019_pheno262 \
--rg /home/eerdem/CELLECT/gwas/BIG-S2_DTI2020_munged/ukb_phase1to3_dti441_dec21_2019_pheno360.sumstats.gz,/home/eerdem/CELLECT/gwas/BIG-S2_DTI2020_munged/ukb_phase1to3_dti441_dec21_2019_pheno262.sumstats.gz \
--w-ld-chr eur_w_ld_chr/ 

Beginning analysis at Tue Dec  8 16:17:27 2020
Reading summary statistics from /home/eerdem/CELLECT/gwas/BIG-S2_DTI2020_munged/ukb_phase1to3_dti441_dec21_2019_pheno360.sumstats.gz ...
Read summary statistics for 1149074 SNPs.
Reading reference panel LD Score from eur_w_ld_chr/[1-22] ...
Read reference panel LD Scores for 1290028 SNPs.
Removing partitioned LD Scores with zero variance.
Reading regression weight LD Score from eur_w_ld_chr/[1-22] ...
Read regression weight LD Scores for 1290028 SNPs.
After merging with reference panel LD, 1142097 SNPs remain.
After merging with regression SNP LD, 1142097 SNPs remain.
Computing rg for phenotype 2/2
Reading summary statistics from /home/eerdem/CELLECT/gwas/BIG-S2_DTI2020_munged/ukb_phase1to3_dti441_dec21_2019_pheno262.sumstats.gz ...
Read summary statistics for 1149074 SNPs.
After merging with summary statistics, 1142097 SNPs remain.
1142097 SNPs with valid alleles.

Heritability of phenotype 1
---------------------------
Total Observed scale h2: 0.2738 (0.0245)
Lambda GC: 1.1453
Mean Chi^2: 1.1842
Intercept: 1.0143 (0.0082)
Ratio: 0.0777 (0.0444)

Heritability of phenotype 2/2
-----------------------------
Total Observed scale h2: 0.2286 (0.0262)
Lambda GC: 1.1
Mean Chi^2: 1.1545
Intercept: 1.014 (0.008)
Ratio: 0.0903 (0.0517)

Genetic Covariance
------------------
Total Observed scale gencov: 0.0092 (0.0148)
Mean z1*z2: -0.0393
Intercept: -0.0451 (0.0052)

Genetic Correlation
-------------------
Genetic Correlation: 0.0366 (0.0597)
Z-score: 0.6136
P: 0.5395


Summary of Genetic Correlation Results
p1                                                                                                    p2      rg      se       z       p  h2_obs  h2_obs_se  h2_int  h2_int_se  gcov_int  gcov_int_se
/home/eerdem/CELLECT/gwas/BIG-S2_DTI2020_munged/ukb_phase1to3_dti441_dec21_2019_pheno360.sumstats.gz  /home/eerdem/CELLECT/gwas/BIG-S2_DTI2020_munged/ukb_phase1to3_dti441_dec21_2019_pheno262.sumstats.gz  0.0366  0.0597  0.6136  0.5395  0.2286     0.0262   1.014      0.008   -0.0451       0.0052

Analysis finished at Tue Dec  8 16:17:52 2020
Total time elapsed: 25.11s
