*********************************************************************
* LD Score Regression (LDSC)
* Version 1.0.0
* (C) 2014-2015 Brendan Bulik-Sullivan and Hilary Finucane
* Broad Institute of MIT and Harvard / MIT Department of Mathematics
* GNU General Public License v3
*********************************************************************
Call: 
./ldsc.py \
--ref-ld-chr eur_w_ld_chr/ \
--out /home/eerdem/notebooks/CELLECT-Analyser/out/genetic_correlation/gc/ukb_phase1to3_fapcs_dec21_2019_pheno41_ukb_phase1to3_dti441_dec21_2019_pheno4 \
--rg /home/eerdem/CELLECT/gwas/BIG-S2_DTI2020_munged/ukb_phase1to3_fapcs_dec21_2019_pheno41.sumstats.gz,/home/eerdem/CELLECT/gwas/BIG-S2_DTI2020_munged/ukb_phase1to3_dti441_dec21_2019_pheno4.sumstats.gz \
--w-ld-chr eur_w_ld_chr/ 

Beginning analysis at Tue Dec  8 18:51:42 2020
Reading summary statistics from /home/eerdem/CELLECT/gwas/BIG-S2_DTI2020_munged/ukb_phase1to3_fapcs_dec21_2019_pheno41.sumstats.gz ...
Read summary statistics for 1149074 SNPs.
Reading reference panel LD Score from eur_w_ld_chr/[1-22] ...
Read reference panel LD Scores for 1290028 SNPs.
Removing partitioned LD Scores with zero variance.
Reading regression weight LD Score from eur_w_ld_chr/[1-22] ...
Read regression weight LD Scores for 1290028 SNPs.
After merging with reference panel LD, 1142097 SNPs remain.
After merging with regression SNP LD, 1142097 SNPs remain.
Computing rg for phenotype 2/2
Reading summary statistics from /home/eerdem/CELLECT/gwas/BIG-S2_DTI2020_munged/ukb_phase1to3_dti441_dec21_2019_pheno4.sumstats.gz ...
Read summary statistics for 1149074 SNPs.
After merging with summary statistics, 1142097 SNPs remain.
1142097 SNPs with valid alleles.

Heritability of phenotype 1
---------------------------
Total Observed scale h2: 0.2801 (0.0257)
Lambda GC: 1.1451
Mean Chi^2: 1.188
Intercept: 1.0101 (0.0085)
Ratio: 0.0536 (0.0455)

Heritability of phenotype 2/2
-----------------------------
Total Observed scale h2: 0.277 (0.0228)
Lambda GC: 1.1427
Mean Chi^2: 1.1888
Intercept: 1.0157 (0.0072)
Ratio: 0.0833 (0.038)

Genetic Covariance
------------------
Total Observed scale gencov: -0.0854 (0.0167)
Mean z1*z2: -0.3421
Intercept: -0.2882 (0.0053)

Genetic Correlation
-------------------
Genetic Correlation: -0.3065 (0.0499)
Z-score: -6.1386
P: 8.3272e-10


Summary of Genetic Correlation Results
p1                                                                                                  p2      rg      se       z           p  h2_obs  h2_obs_se  h2_int  h2_int_se  gcov_int  gcov_int_se
/home/eerdem/CELLECT/gwas/BIG-S2_DTI2020_munged/ukb_phase1to3_fapcs_dec21_2019_pheno41.sumstats.gz  /home/eerdem/CELLECT/gwas/BIG-S2_DTI2020_munged/ukb_phase1to3_dti441_dec21_2019_pheno4.sumstats.gz -0.3065  0.0499 -6.1386  8.3272e-10   0.277     0.0228  1.0157     0.0072   -0.2882       0.0053

Analysis finished at Tue Dec  8 18:52:07 2020
Total time elapsed: 24.36s
