*********************************************************************
* LD Score Regression (LDSC)
* Version 1.0.0
* (C) 2014-2015 Brendan Bulik-Sullivan and Hilary Finucane
* Broad Institute of MIT and Harvard / MIT Department of Mathematics
* GNU General Public License v3
*********************************************************************
Call: 
./ldsc.py \
--ref-ld-chr eur_w_ld_chr/ \
--out /home/eerdem/notebooks/CELLECT-Analyser/out/genetic_correlation/gc/ukb_phase1to3_dti441_dec21_2019_pheno426_ukb_phase1to3_dti441_dec21_2019_pheno301 \
--rg /home/eerdem/CELLECT/gwas/BIG-S2_DTI2020_munged/ukb_phase1to3_dti441_dec21_2019_pheno426.sumstats.gz,/home/eerdem/CELLECT/gwas/BIG-S2_DTI2020_munged/ukb_phase1to3_dti441_dec21_2019_pheno301.sumstats.gz \
--w-ld-chr eur_w_ld_chr/ 

Beginning analysis at Tue Dec  8 16:05:42 2020
Reading summary statistics from /home/eerdem/CELLECT/gwas/BIG-S2_DTI2020_munged/ukb_phase1to3_dti441_dec21_2019_pheno426.sumstats.gz ...
Read summary statistics for 1149073 SNPs.
Reading reference panel LD Score from eur_w_ld_chr/[1-22] ...
Read reference panel LD Scores for 1290028 SNPs.
Removing partitioned LD Scores with zero variance.
Reading regression weight LD Score from eur_w_ld_chr/[1-22] ...
Read regression weight LD Scores for 1290028 SNPs.
After merging with reference panel LD, 1142096 SNPs remain.
After merging with regression SNP LD, 1142096 SNPs remain.
Computing rg for phenotype 2/2
Reading summary statistics from /home/eerdem/CELLECT/gwas/BIG-S2_DTI2020_munged/ukb_phase1to3_dti441_dec21_2019_pheno301.sumstats.gz ...
Read summary statistics for 1149073 SNPs.
After merging with summary statistics, 1142096 SNPs remain.
1142096 SNPs with valid alleles.

Heritability of phenotype 1
---------------------------
Total Observed scale h2: 0.255 (0.0292)
Lambda GC: 1.1315
Mean Chi^2: 1.1676
Intercept: 1.0118 (0.0088)
Ratio: 0.0702 (0.0526)

Heritability of phenotype 2/2
-----------------------------
Total Observed scale h2: 0.2607 (0.0297)
Lambda GC: 1.1372
Mean Chi^2: 1.1774
Intercept: 1.0187 (0.0083)
Ratio: 0.1052 (0.0465)

Genetic Covariance
------------------
Total Observed scale gencov: 0.1832 (0.0238)
Mean z1*z2: 0.7279
Intercept: 0.617 (0.007)

Genetic Correlation
-------------------
Genetic Correlation: 0.7105 (0.0305)
Z-score: 23.2787
P: 7.2830e-120


Summary of Genetic Correlation Results
p1                                                                                                    p2      rg      se        z            p  h2_obs  h2_obs_se  h2_int  h2_int_se  gcov_int  gcov_int_se
/home/eerdem/CELLECT/gwas/BIG-S2_DTI2020_munged/ukb_phase1to3_dti441_dec21_2019_pheno426.sumstats.gz  /home/eerdem/CELLECT/gwas/BIG-S2_DTI2020_munged/ukb_phase1to3_dti441_dec21_2019_pheno301.sumstats.gz  0.7105  0.0305  23.2787  7.2830e-120  0.2607     0.0297  1.0187     0.0083     0.617        0.007

Analysis finished at Tue Dec  8 16:06:05 2020
Total time elapsed: 22.38s
