*********************************************************************
* LD Score Regression (LDSC)
* Version 1.0.0
* (C) 2014-2015 Brendan Bulik-Sullivan and Hilary Finucane
* Broad Institute of MIT and Harvard / MIT Department of Mathematics
* GNU General Public License v3
*********************************************************************
Call: 
./ldsc.py \
--ref-ld-chr eur_w_ld_chr/ \
--out /home/eerdem/notebooks/CELLECT-Analyser/out/genetic_correlation/gc/ukb_phase1to3_dti441_dec21_2019_pheno364_ukb_phase1to3_fapcs_dec21_2019_pheno71 \
--rg /home/eerdem/CELLECT/gwas/BIG-S2_DTI2020_munged/ukb_phase1to3_dti441_dec21_2019_pheno364.sumstats.gz,/home/eerdem/CELLECT/gwas/BIG-S2_DTI2020_munged/ukb_phase1to3_fapcs_dec21_2019_pheno71.sumstats.gz \
--w-ld-chr eur_w_ld_chr/ 

Beginning analysis at Tue Dec  8 15:42:12 2020
Reading summary statistics from /home/eerdem/CELLECT/gwas/BIG-S2_DTI2020_munged/ukb_phase1to3_dti441_dec21_2019_pheno364.sumstats.gz ...
Read summary statistics for 1149074 SNPs.
Reading reference panel LD Score from eur_w_ld_chr/[1-22] ...
Read reference panel LD Scores for 1290028 SNPs.
Removing partitioned LD Scores with zero variance.
Reading regression weight LD Score from eur_w_ld_chr/[1-22] ...
Read regression weight LD Scores for 1290028 SNPs.
After merging with reference panel LD, 1142097 SNPs remain.
After merging with regression SNP LD, 1142097 SNPs remain.
Computing rg for phenotype 2/2
Reading summary statistics from /home/eerdem/CELLECT/gwas/BIG-S2_DTI2020_munged/ukb_phase1to3_fapcs_dec21_2019_pheno71.sumstats.gz ...
Read summary statistics for 1149074 SNPs.
After merging with summary statistics, 1142097 SNPs remain.
1142097 SNPs with valid alleles.

Heritability of phenotype 1
---------------------------
Total Observed scale h2: 0.3147 (0.0285)
Lambda GC: 1.1485
Mean Chi^2: 1.2073
Intercept: 1.0117 (0.0086)
Ratio: 0.0565 (0.0416)

Heritability of phenotype 2/2
-----------------------------
Total Observed scale h2: 0.2829 (0.0264)
Lambda GC: 1.1476
Mean Chi^2: 1.1935
Intercept: 1.0143 (0.009)
Ratio: 0.0741 (0.0466)

Genetic Covariance
------------------
Total Observed scale gencov: -0.1208 (0.019)
Mean z1*z2: -0.474
Intercept: -0.397 (0.0065)

Genetic Correlation
-------------------
Genetic Correlation: -0.4048 (0.0472)
Z-score: -8.574
P: 9.9960e-18


Summary of Genetic Correlation Results
p1                                                                                                  p2      rg      se      z           p  h2_obs  h2_obs_se  h2_int  h2_int_se  gcov_int  gcov_int_se
/home/eerdem/CELLECT/gwas/BIG-S2_DTI2020_munged/ukb_phase1to3_dti441_dec21_2019_pheno364.sumstats.gz  /home/eerdem/CELLECT/gwas/BIG-S2_DTI2020_munged/ukb_phase1to3_fapcs_dec21_2019_pheno71.sumstats.gz -0.4048  0.0472 -8.574  9.9960e-18  0.2829     0.0264  1.0143      0.009    -0.397       0.0065

Analysis finished at Tue Dec  8 15:42:32 2020
Total time elapsed: 19.98s
