*********************************************************************
* LD Score Regression (LDSC)
* Version 1.0.0
* (C) 2014-2015 Brendan Bulik-Sullivan and Hilary Finucane
* Broad Institute of MIT and Harvard / MIT Department of Mathematics
* GNU General Public License v3
*********************************************************************
Call: 
./ldsc.py \
--ref-ld-chr eur_w_ld_chr/ \
--out /home/eerdem/notebooks/CELLECT-Analyser/out/genetic_correlation/gc/ukb_phase1to3_fapcs_dec21_2019_pheno91_ukb_phase1to3_dti441_dec21_2019_pheno423 \
--rg /home/eerdem/CELLECT/gwas/BIG-S2_DTI2020_munged/ukb_phase1to3_fapcs_dec21_2019_pheno91.sumstats.gz,/home/eerdem/CELLECT/gwas/BIG-S2_DTI2020_munged/ukb_phase1to3_dti441_dec21_2019_pheno423.sumstats.gz \
--w-ld-chr eur_w_ld_chr/ 

Beginning analysis at Tue Dec  8 15:32:42 2020
Reading summary statistics from /home/eerdem/CELLECT/gwas/BIG-S2_DTI2020_munged/ukb_phase1to3_fapcs_dec21_2019_pheno91.sumstats.gz ...
Read summary statistics for 1149074 SNPs.
Reading reference panel LD Score from eur_w_ld_chr/[1-22] ...
Read reference panel LD Scores for 1290028 SNPs.
Removing partitioned LD Scores with zero variance.
Reading regression weight LD Score from eur_w_ld_chr/[1-22] ...
Read regression weight LD Scores for 1290028 SNPs.
After merging with reference panel LD, 1142097 SNPs remain.
After merging with regression SNP LD, 1142097 SNPs remain.
Computing rg for phenotype 2/2
Reading summary statistics from /home/eerdem/CELLECT/gwas/BIG-S2_DTI2020_munged/ukb_phase1to3_dti441_dec21_2019_pheno423.sumstats.gz ...
Read summary statistics for 1149074 SNPs.
After merging with summary statistics, 1142097 SNPs remain.
1142097 SNPs with valid alleles.

Heritability of phenotype 1
---------------------------
Total Observed scale h2: 0.3542 (0.0259)
Lambda GC: 1.1897
Mean Chi^2: 1.2416
Intercept: 1.02 (0.0088)
Ratio: 0.0828 (0.0364)

Heritability of phenotype 2/2
-----------------------------
Total Observed scale h2: 0.2569 (0.0264)
Lambda GC: 1.1331
Mean Chi^2: 1.174
Intercept: 1.0141 (0.0088)
Ratio: 0.0812 (0.0507)

Genetic Covariance
------------------
Total Observed scale gencov: 0.1999 (0.0222)
Mean z1*z2: 0.7297
Intercept: 0.6052 (0.0067)

Genetic Correlation
-------------------
Genetic Correlation: 0.6627 (0.0326)
Z-score: 20.3214
P: 8.3187e-92


Summary of Genetic Correlation Results
p1                                                                                                    p2      rg      se        z           p  h2_obs  h2_obs_se  h2_int  h2_int_se  gcov_int  gcov_int_se
/home/eerdem/CELLECT/gwas/BIG-S2_DTI2020_munged/ukb_phase1to3_fapcs_dec21_2019_pheno91.sumstats.gz  /home/eerdem/CELLECT/gwas/BIG-S2_DTI2020_munged/ukb_phase1to3_dti441_dec21_2019_pheno423.sumstats.gz  0.6627  0.0326  20.3214  8.3187e-92  0.2569     0.0264  1.0141     0.0088    0.6052       0.0067

Analysis finished at Tue Dec  8 15:33:04 2020
Total time elapsed: 21.36s
