*********************************************************************
* LD Score Regression (LDSC)
* Version 1.0.0
* (C) 2014-2015 Brendan Bulik-Sullivan and Hilary Finucane
* Broad Institute of MIT and Harvard / MIT Department of Mathematics
* GNU General Public License v3
*********************************************************************
Call: 
./ldsc.py \
--ref-ld-chr eur_w_ld_chr/ \
--out /home/eerdem/notebooks/CELLECT-Analyser/out/genetic_correlation/gc/ukb_phase1to3_dti441_dec21_2019_pheno291_ukb_phase1to3_dti441_dec21_2019_pheno274 \
--rg /home/eerdem/CELLECT/gwas/BIG-S2_DTI2020_munged/ukb_phase1to3_dti441_dec21_2019_pheno291.sumstats.gz,/home/eerdem/CELLECT/gwas/BIG-S2_DTI2020_munged/ukb_phase1to3_dti441_dec21_2019_pheno274.sumstats.gz \
--w-ld-chr eur_w_ld_chr/ 

Beginning analysis at Tue Dec  8 18:26:57 2020
Reading summary statistics from /home/eerdem/CELLECT/gwas/BIG-S2_DTI2020_munged/ukb_phase1to3_dti441_dec21_2019_pheno291.sumstats.gz ...
Read summary statistics for 1149074 SNPs.
Reading reference panel LD Score from eur_w_ld_chr/[1-22] ...
Read reference panel LD Scores for 1290028 SNPs.
Removing partitioned LD Scores with zero variance.
Reading regression weight LD Score from eur_w_ld_chr/[1-22] ...
Read regression weight LD Scores for 1290028 SNPs.
After merging with reference panel LD, 1142097 SNPs remain.
After merging with regression SNP LD, 1142097 SNPs remain.
Computing rg for phenotype 2/2
Reading summary statistics from /home/eerdem/CELLECT/gwas/BIG-S2_DTI2020_munged/ukb_phase1to3_dti441_dec21_2019_pheno274.sumstats.gz ...
Read summary statistics for 1149074 SNPs.
After merging with summary statistics, 1142097 SNPs remain.
1142097 SNPs with valid alleles.

Heritability of phenotype 1
---------------------------
Total Observed scale h2: 0.1682 (0.021)
Lambda GC: 1.0804
Mean Chi^2: 1.1086
Intercept: 1.0037 (0.0071)
Ratio: 0.0342 (0.065)

Heritability of phenotype 2/2
-----------------------------
Total Observed scale h2: 0.2089 (0.0246)
Lambda GC: 1.1062
Mean Chi^2: 1.1362
Intercept: 1.0048 (0.0084)
Ratio: 0.0351 (0.0615)

Genetic Covariance
------------------
Total Observed scale gencov: 0.1194 (0.0176)
Mean z1*z2: 0.6859
Intercept: 0.6115 (0.0061)

Genetic Correlation
-------------------
Genetic Correlation: 0.6368 (0.0432)
Z-score: 14.734
P: 3.8992e-49


Summary of Genetic Correlation Results
p1                                                                                                    p2      rg      se       z           p  h2_obs  h2_obs_se  h2_int  h2_int_se  gcov_int  gcov_int_se
/home/eerdem/CELLECT/gwas/BIG-S2_DTI2020_munged/ukb_phase1to3_dti441_dec21_2019_pheno291.sumstats.gz  /home/eerdem/CELLECT/gwas/BIG-S2_DTI2020_munged/ukb_phase1to3_dti441_dec21_2019_pheno274.sumstats.gz  0.6368  0.0432  14.734  3.8992e-49  0.2089     0.0246  1.0048     0.0084    0.6115       0.0061

Analysis finished at Tue Dec  8 18:27:21 2020
Total time elapsed: 24.1s
