*********************************************************************
* LD Score Regression (LDSC)
* Version 1.0.0
* (C) 2014-2015 Brendan Bulik-Sullivan and Hilary Finucane
* Broad Institute of MIT and Harvard / MIT Department of Mathematics
* GNU General Public License v3
*********************************************************************
Call: 
./ldsc.py \
--ref-ld-chr eur_w_ld_chr/ \
--out /home/eerdem/notebooks/CELLECT-Analyser/out/genetic_correlation/gc/ukb_phase1to3_dti441_dec21_2019_pheno414_ukb_phase1to3_dti441_dec21_2019_pheno301 \
--rg /home/eerdem/CELLECT/gwas/BIG-S2_DTI2020_munged/ukb_phase1to3_dti441_dec21_2019_pheno414.sumstats.gz,/home/eerdem/CELLECT/gwas/BIG-S2_DTI2020_munged/ukb_phase1to3_dti441_dec21_2019_pheno301.sumstats.gz \
--w-ld-chr eur_w_ld_chr/ 

Beginning analysis at Tue Dec  8 16:44:42 2020
Reading summary statistics from /home/eerdem/CELLECT/gwas/BIG-S2_DTI2020_munged/ukb_phase1to3_dti441_dec21_2019_pheno414.sumstats.gz ...
Read summary statistics for 1149073 SNPs.
Reading reference panel LD Score from eur_w_ld_chr/[1-22] ...
Read reference panel LD Scores for 1290028 SNPs.
Removing partitioned LD Scores with zero variance.
Reading regression weight LD Score from eur_w_ld_chr/[1-22] ...
Read regression weight LD Scores for 1290028 SNPs.
After merging with reference panel LD, 1142096 SNPs remain.
After merging with regression SNP LD, 1142096 SNPs remain.
Computing rg for phenotype 2/2
Reading summary statistics from /home/eerdem/CELLECT/gwas/BIG-S2_DTI2020_munged/ukb_phase1to3_dti441_dec21_2019_pheno301.sumstats.gz ...
Read summary statistics for 1149073 SNPs.
After merging with summary statistics, 1142095 SNPs remain.
1142095 SNPs with valid alleles.

Heritability of phenotype 1
---------------------------
Total Observed scale h2: 0.2844 (0.0288)
Lambda GC: 1.1332
Mean Chi^2: 1.1865
Intercept: 1.0129 (0.0084)
Ratio: 0.0692 (0.0449)

Heritability of phenotype 2/2
-----------------------------
Total Observed scale h2: 0.2607 (0.0297)
Lambda GC: 1.1372
Mean Chi^2: 1.1774
Intercept: 1.0187 (0.0083)
Ratio: 0.1052 (0.0465)

Genetic Covariance
------------------
Total Observed scale gencov: 0.2234 (0.0264)
Mean z1*z2: 0.9029
Intercept: 0.7672 (0.0073)

Genetic Correlation
-------------------
Genetic Correlation: 0.8204 (0.0204)
Z-score: 40.2011
P: 0.


Summary of Genetic Correlation Results
p1                                                                                                    p2      rg      se        z    p  h2_obs  h2_obs_se  h2_int  h2_int_se  gcov_int  gcov_int_se
/home/eerdem/CELLECT/gwas/BIG-S2_DTI2020_munged/ukb_phase1to3_dti441_dec21_2019_pheno414.sumstats.gz  /home/eerdem/CELLECT/gwas/BIG-S2_DTI2020_munged/ukb_phase1to3_dti441_dec21_2019_pheno301.sumstats.gz  0.8204  0.0204  40.2011  0.0  0.2607     0.0297  1.0187     0.0083    0.7672       0.0073

Analysis finished at Tue Dec  8 16:45:06 2020
Total time elapsed: 23.75s
