*********************************************************************
* LD Score Regression (LDSC)
* Version 1.0.0
* (C) 2014-2015 Brendan Bulik-Sullivan and Hilary Finucane
* Broad Institute of MIT and Harvard / MIT Department of Mathematics
* GNU General Public License v3
*********************************************************************
Call: 
./ldsc.py \
--ref-ld-chr eur_w_ld_chr/ \
--out /home/eerdem/notebooks/CELLECT-Analyser/out/genetic_correlation/gc/ukb_phase1to3_dti441_dec21_2019_pheno307_ukb_phase1to3_dti441_dec21_2019_pheno73 \
--rg /home/eerdem/CELLECT/gwas/BIG-S2_DTI2020_munged/ukb_phase1to3_dti441_dec21_2019_pheno307.sumstats.gz,/home/eerdem/CELLECT/gwas/BIG-S2_DTI2020_munged/ukb_phase1to3_dti441_dec21_2019_pheno73.sumstats.gz \
--w-ld-chr eur_w_ld_chr/ 

Beginning analysis at Tue Dec  8 20:13:12 2020
Reading summary statistics from /home/eerdem/CELLECT/gwas/BIG-S2_DTI2020_munged/ukb_phase1to3_dti441_dec21_2019_pheno307.sumstats.gz ...
Read summary statistics for 1149073 SNPs.
Reading reference panel LD Score from eur_w_ld_chr/[1-22] ...
Read reference panel LD Scores for 1290028 SNPs.
Removing partitioned LD Scores with zero variance.
Reading regression weight LD Score from eur_w_ld_chr/[1-22] ...
Read regression weight LD Scores for 1290028 SNPs.
After merging with reference panel LD, 1142096 SNPs remain.
After merging with regression SNP LD, 1142096 SNPs remain.
Computing rg for phenotype 2/2
Reading summary statistics from /home/eerdem/CELLECT/gwas/BIG-S2_DTI2020_munged/ukb_phase1to3_dti441_dec21_2019_pheno73.sumstats.gz ...
Read summary statistics for 1149074 SNPs.
After merging with summary statistics, 1142096 SNPs remain.
1142096 SNPs with valid alleles.

Heritability of phenotype 1
---------------------------
Total Observed scale h2: 0.3277 (0.0316)
Lambda GC: 1.1418
Mean Chi^2: 1.2122
Intercept: 1.0115 (0.0082)
Ratio: 0.0544 (0.0387)

Heritability of phenotype 2/2
-----------------------------
Total Observed scale h2: 0.2533 (0.0249)
Lambda GC: 1.1486
Mean Chi^2: 1.1819
Intercept: 1.0209 (0.0085)
Ratio: 0.1151 (0.047)

Genetic Covariance
------------------
Total Observed scale gencov: 0.0653 (0.0163)
Mean z1*z2: 0.3304
Intercept: 0.2914 (0.0057)

Genetic Correlation
-------------------
Genetic Correlation: 0.2268 (0.0479)
Z-score: 4.7327
P: 2.2151e-06


Summary of Genetic Correlation Results
p1                                                                                                   p2      rg      se       z           p  h2_obs  h2_obs_se  h2_int  h2_int_se  gcov_int  gcov_int_se
/home/eerdem/CELLECT/gwas/BIG-S2_DTI2020_munged/ukb_phase1to3_dti441_dec21_2019_pheno307.sumstats.gz  /home/eerdem/CELLECT/gwas/BIG-S2_DTI2020_munged/ukb_phase1to3_dti441_dec21_2019_pheno73.sumstats.gz  0.2268  0.0479  4.7327  2.2151e-06  0.2533     0.0249  1.0209     0.0085    0.2914       0.0057

Analysis finished at Tue Dec  8 20:13:35 2020
Total time elapsed: 23.27s
