*********************************************************************
* LD Score Regression (LDSC)
* Version 1.0.0
* (C) 2014-2015 Brendan Bulik-Sullivan and Hilary Finucane
* Broad Institute of MIT and Harvard / MIT Department of Mathematics
* GNU General Public License v3
*********************************************************************
Call: 
./ldsc.py \
--ref-ld-chr eur_w_ld_chr/ \
--out /home/eerdem/notebooks/CELLECT-Analyser/out/genetic_correlation/gc/ukb_phase1to3_dti441_dec21_2019_pheno343_ukb_phase1to3_dti441_dec21_2019_pheno373 \
--rg /home/eerdem/CELLECT/gwas/BIG-S2_DTI2020_munged/ukb_phase1to3_dti441_dec21_2019_pheno343.sumstats.gz,/home/eerdem/CELLECT/gwas/BIG-S2_DTI2020_munged/ukb_phase1to3_dti441_dec21_2019_pheno373.sumstats.gz \
--w-ld-chr eur_w_ld_chr/ 

Beginning analysis at Tue Dec  8 15:37:12 2020
Reading summary statistics from /home/eerdem/CELLECT/gwas/BIG-S2_DTI2020_munged/ukb_phase1to3_dti441_dec21_2019_pheno343.sumstats.gz ...
Read summary statistics for 1149074 SNPs.
Reading reference panel LD Score from eur_w_ld_chr/[1-22] ...
Read reference panel LD Scores for 1290028 SNPs.
Removing partitioned LD Scores with zero variance.
Reading regression weight LD Score from eur_w_ld_chr/[1-22] ...
Read regression weight LD Scores for 1290028 SNPs.
After merging with reference panel LD, 1142097 SNPs remain.
After merging with regression SNP LD, 1142097 SNPs remain.
Computing rg for phenotype 2/2
Reading summary statistics from /home/eerdem/CELLECT/gwas/BIG-S2_DTI2020_munged/ukb_phase1to3_dti441_dec21_2019_pheno373.sumstats.gz ...
Read summary statistics for 1149074 SNPs.
After merging with summary statistics, 1142097 SNPs remain.
1142097 SNPs with valid alleles.

Heritability of phenotype 1
---------------------------
Total Observed scale h2: 0.2362 (0.0234)
Lambda GC: 1.1304
Mean Chi^2: 1.1547
Intercept: 1.0072 (0.0083)
Ratio: 0.0467 (0.0534)

Heritability of phenotype 2/2
-----------------------------
Total Observed scale h2: 0.2205 (0.0202)
Lambda GC: 1.1163
Mean Chi^2: 1.1399
Intercept: 1.0026 (0.0071)
Ratio: 0.0183 (0.0509)

Genetic Covariance
------------------
Total Observed scale gencov: 0.0534 (0.0157)
Mean z1*z2: 0.2017
Intercept: 0.1666 (0.0057)

Genetic Correlation
-------------------
Genetic Correlation: 0.2338 (0.0616)
Z-score: 3.796
P: 0.0001


Summary of Genetic Correlation Results
p1                                                                                                    p2      rg      se      z       p  h2_obs  h2_obs_se  h2_int  h2_int_se  gcov_int  gcov_int_se
/home/eerdem/CELLECT/gwas/BIG-S2_DTI2020_munged/ukb_phase1to3_dti441_dec21_2019_pheno343.sumstats.gz  /home/eerdem/CELLECT/gwas/BIG-S2_DTI2020_munged/ukb_phase1to3_dti441_dec21_2019_pheno373.sumstats.gz  0.2338  0.0616  3.796  0.0001  0.2205     0.0202  1.0026     0.0071    0.1666       0.0057

Analysis finished at Tue Dec  8 15:37:35 2020
Total time elapsed: 22.84s
