*********************************************************************
* LD Score Regression (LDSC)
* Version 1.0.0
* (C) 2014-2015 Brendan Bulik-Sullivan and Hilary Finucane
* Broad Institute of MIT and Harvard / MIT Department of Mathematics
* GNU General Public License v3
*********************************************************************
Call: 
./ldsc.py \
--ref-ld-chr eur_w_ld_chr/ \
--out /home/eerdem/notebooks/CELLECT-Analyser/out/genetic_correlation/gc/ukb_phase1to3_dti441_dec21_2019_pheno22_ukb_phase1to3_dti441_dec21_2019_pheno253 \
--rg /home/eerdem/CELLECT/gwas/BIG-S2_DTI2020_munged/ukb_phase1to3_dti441_dec21_2019_pheno22.sumstats.gz,/home/eerdem/CELLECT/gwas/BIG-S2_DTI2020_munged/ukb_phase1to3_dti441_dec21_2019_pheno253.sumstats.gz \
--w-ld-chr eur_w_ld_chr/ 

Beginning analysis at Tue Dec  8 19:52:27 2020
Reading summary statistics from /home/eerdem/CELLECT/gwas/BIG-S2_DTI2020_munged/ukb_phase1to3_dti441_dec21_2019_pheno22.sumstats.gz ...
Read summary statistics for 1149074 SNPs.
Reading reference panel LD Score from eur_w_ld_chr/[1-22] ...
Read reference panel LD Scores for 1290028 SNPs.
Removing partitioned LD Scores with zero variance.
Reading regression weight LD Score from eur_w_ld_chr/[1-22] ...
Read regression weight LD Scores for 1290028 SNPs.
After merging with reference panel LD, 1142097 SNPs remain.
After merging with regression SNP LD, 1142097 SNPs remain.
Computing rg for phenotype 2/2
Reading summary statistics from /home/eerdem/CELLECT/gwas/BIG-S2_DTI2020_munged/ukb_phase1to3_dti441_dec21_2019_pheno253.sumstats.gz ...
Read summary statistics for 1149073 SNPs.
After merging with summary statistics, 1142096 SNPs remain.
1142096 SNPs with valid alleles.

Heritability of phenotype 1
---------------------------
Total Observed scale h2: 0.2927 (0.0294)
Lambda GC: 1.1392
Mean Chi^2: 1.198
Intercept: 1.0087 (0.0096)
Ratio: 0.0439 (0.0486)

Heritability of phenotype 2/2
-----------------------------
Total Observed scale h2: 0.315 (0.0339)
Lambda GC: 1.1401
Mean Chi^2: 1.2063
Intercept: 1.0151 (0.0085)
Ratio: 0.0734 (0.0413)

Genetic Covariance
------------------
Total Observed scale gencov: -0.1516 (0.0192)
Mean z1*z2: -0.616
Intercept: -0.5217 (0.0062)

Genetic Correlation
-------------------
Genetic Correlation: -0.4994 (0.0345)
Z-score: -14.4815
P: 1.5857e-47


Summary of Genetic Correlation Results
p1                                                                                                    p2      rg      se        z           p  h2_obs  h2_obs_se  h2_int  h2_int_se  gcov_int  gcov_int_se
/home/eerdem/CELLECT/gwas/BIG-S2_DTI2020_munged/ukb_phase1to3_dti441_dec21_2019_pheno22.sumstats.gz  /home/eerdem/CELLECT/gwas/BIG-S2_DTI2020_munged/ukb_phase1to3_dti441_dec21_2019_pheno253.sumstats.gz -0.4994  0.0345 -14.4815  1.5857e-47   0.315     0.0339  1.0151     0.0085   -0.5217       0.0062

Analysis finished at Tue Dec  8 19:52:47 2020
Total time elapsed: 19.72s
