*********************************************************************
* LD Score Regression (LDSC)
* Version 1.0.0
* (C) 2014-2015 Brendan Bulik-Sullivan and Hilary Finucane
* Broad Institute of MIT and Harvard / MIT Department of Mathematics
* GNU General Public License v3
*********************************************************************
Call: 
./ldsc.py \
--ref-ld-chr eur_w_ld_chr/ \
--out /home/eerdem/notebooks/CELLECT-Analyser/out/genetic_correlation/gc/ukb_phase1to3_dti441_dec21_2019_pheno360_ukb_phase1to3_dti441_dec21_2019_pheno297 \
--rg /home/eerdem/CELLECT/gwas/BIG-S2_DTI2020_munged/ukb_phase1to3_dti441_dec21_2019_pheno360.sumstats.gz,/home/eerdem/CELLECT/gwas/BIG-S2_DTI2020_munged/ukb_phase1to3_dti441_dec21_2019_pheno297.sumstats.gz \
--w-ld-chr eur_w_ld_chr/ 

Beginning analysis at Tue Dec  8 18:06:12 2020
Reading summary statistics from /home/eerdem/CELLECT/gwas/BIG-S2_DTI2020_munged/ukb_phase1to3_dti441_dec21_2019_pheno360.sumstats.gz ...
Read summary statistics for 1149074 SNPs.
Reading reference panel LD Score from eur_w_ld_chr/[1-22] ...
Read reference panel LD Scores for 1290028 SNPs.
Removing partitioned LD Scores with zero variance.
Reading regression weight LD Score from eur_w_ld_chr/[1-22] ...
Read regression weight LD Scores for 1290028 SNPs.
After merging with reference panel LD, 1142097 SNPs remain.
After merging with regression SNP LD, 1142097 SNPs remain.
Computing rg for phenotype 2/2
Reading summary statistics from /home/eerdem/CELLECT/gwas/BIG-S2_DTI2020_munged/ukb_phase1to3_dti441_dec21_2019_pheno297.sumstats.gz ...
Read summary statistics for 1149074 SNPs.
After merging with summary statistics, 1142097 SNPs remain.
1142097 SNPs with valid alleles.

Heritability of phenotype 1
---------------------------
Total Observed scale h2: 0.2738 (0.0245)
Lambda GC: 1.1453
Mean Chi^2: 1.1842
Intercept: 1.0143 (0.0082)
Ratio: 0.0777 (0.0444)

Heritability of phenotype 2/2
-----------------------------
Total Observed scale h2: 0.2355 (0.0255)
Lambda GC: 1.1174
Mean Chi^2: 1.1561
Intercept: 1.0106 (0.0085)
Ratio: 0.0678 (0.0544)

Genetic Covariance
------------------
Total Observed scale gencov: 0.0262 (0.0148)
Mean z1*z2: 0.0839
Intercept: 0.0688 (0.0054)

Genetic Correlation
-------------------
Genetic Correlation: 0.103 (0.0592)
Z-score: 1.7387
P: 0.0821


Summary of Genetic Correlation Results
p1                                                                                                    p2     rg      se       z       p  h2_obs  h2_obs_se  h2_int  h2_int_se  gcov_int  gcov_int_se
/home/eerdem/CELLECT/gwas/BIG-S2_DTI2020_munged/ukb_phase1to3_dti441_dec21_2019_pheno360.sumstats.gz  /home/eerdem/CELLECT/gwas/BIG-S2_DTI2020_munged/ukb_phase1to3_dti441_dec21_2019_pheno297.sumstats.gz  0.103  0.0592  1.7387  0.0821  0.2355     0.0255  1.0106     0.0085    0.0688       0.0054

Analysis finished at Tue Dec  8 18:06:34 2020
Total time elapsed: 21.87s
