*********************************************************************
* LD Score Regression (LDSC)
* Version 1.0.0
* (C) 2014-2015 Brendan Bulik-Sullivan and Hilary Finucane
* Broad Institute of MIT and Harvard / MIT Department of Mathematics
* GNU General Public License v3
*********************************************************************
Call: 
./ldsc.py \
--ref-ld-chr eur_w_ld_chr/ \
--out /home/eerdem/notebooks/CELLECT-Analyser/out/genetic_correlation/gc/ukb_phase1to3_dti441_dec21_2019_pheno334_ukb_phase1to3_dti441_dec21_2019_pheno108 \
--rg /home/eerdem/CELLECT/gwas/BIG-S2_DTI2020_munged/ukb_phase1to3_dti441_dec21_2019_pheno334.sumstats.gz,/home/eerdem/CELLECT/gwas/BIG-S2_DTI2020_munged/ukb_phase1to3_dti441_dec21_2019_pheno108.sumstats.gz \
--w-ld-chr eur_w_ld_chr/ 

Beginning analysis at Tue Dec  8 19:54:12 2020
Reading summary statistics from /home/eerdem/CELLECT/gwas/BIG-S2_DTI2020_munged/ukb_phase1to3_dti441_dec21_2019_pheno334.sumstats.gz ...
Read summary statistics for 1149074 SNPs.
Reading reference panel LD Score from eur_w_ld_chr/[1-22] ...
Read reference panel LD Scores for 1290028 SNPs.
Removing partitioned LD Scores with zero variance.
Reading regression weight LD Score from eur_w_ld_chr/[1-22] ...
Read regression weight LD Scores for 1290028 SNPs.
After merging with reference panel LD, 1142097 SNPs remain.
After merging with regression SNP LD, 1142097 SNPs remain.
Computing rg for phenotype 2/2
Reading summary statistics from /home/eerdem/CELLECT/gwas/BIG-S2_DTI2020_munged/ukb_phase1to3_dti441_dec21_2019_pheno108.sumstats.gz ...
Read summary statistics for 1149074 SNPs.
After merging with summary statistics, 1142097 SNPs remain.
1142097 SNPs with valid alleles.

Heritability of phenotype 1
---------------------------
Total Observed scale h2: 0.1403 (0.0211)
Lambda GC: 1.0734
Mean Chi^2: 1.0935
Intercept: 1.0043 (0.0078)
Ratio: 0.0461 (0.0831)

Heritability of phenotype 2/2
-----------------------------
Total Observed scale h2: 0.2404 (0.0211)
Lambda GC: 1.1336
Mean Chi^2: 1.1595
Intercept: 1.0112 (0.0078)
Ratio: 0.0703 (0.0488)

Genetic Covariance
------------------
Total Observed scale gencov: 0.0165 (0.0139)
Mean z1*z2: 0.1529
Intercept: 0.1429 (0.0057)

Genetic Correlation
-------------------
Genetic Correlation: 0.09 (0.0748)
Z-score: 1.2028
P: 0.229


Summary of Genetic Correlation Results
p1                                                                                                    p2    rg      se       z      p  h2_obs  h2_obs_se  h2_int  h2_int_se  gcov_int  gcov_int_se
/home/eerdem/CELLECT/gwas/BIG-S2_DTI2020_munged/ukb_phase1to3_dti441_dec21_2019_pheno334.sumstats.gz  /home/eerdem/CELLECT/gwas/BIG-S2_DTI2020_munged/ukb_phase1to3_dti441_dec21_2019_pheno108.sumstats.gz  0.09  0.0748  1.2028  0.229  0.2404     0.0211  1.0112     0.0078    0.1429       0.0057

Analysis finished at Tue Dec  8 19:54:33 2020
Total time elapsed: 20.86s
