*********************************************************************
* LD Score Regression (LDSC)
* Version 1.0.0
* (C) 2014-2015 Brendan Bulik-Sullivan and Hilary Finucane
* Broad Institute of MIT and Harvard / MIT Department of Mathematics
* GNU General Public License v3
*********************************************************************
Call: 
./ldsc.py \
--ref-ld-chr eur_w_ld_chr/ \
--out /home/eerdem/notebooks/CELLECT-Analyser/out/genetic_correlation/gc/ukb_phase1to3_fapcs_dec21_2019_pheno27_ukb_phase1to3_dti441_dec21_2019_pheno348 \
--rg /home/eerdem/CELLECT/gwas/BIG-S2_DTI2020_munged/ukb_phase1to3_fapcs_dec21_2019_pheno27.sumstats.gz,/home/eerdem/CELLECT/gwas/BIG-S2_DTI2020_munged/ukb_phase1to3_dti441_dec21_2019_pheno348.sumstats.gz \
--w-ld-chr eur_w_ld_chr/ 

Beginning analysis at Tue Dec  8 20:21:27 2020
Reading summary statistics from /home/eerdem/CELLECT/gwas/BIG-S2_DTI2020_munged/ukb_phase1to3_fapcs_dec21_2019_pheno27.sumstats.gz ...
Read summary statistics for 1149074 SNPs.
Reading reference panel LD Score from eur_w_ld_chr/[1-22] ...
Read reference panel LD Scores for 1290028 SNPs.
Removing partitioned LD Scores with zero variance.
Reading regression weight LD Score from eur_w_ld_chr/[1-22] ...
Read regression weight LD Scores for 1290028 SNPs.
After merging with reference panel LD, 1142097 SNPs remain.
After merging with regression SNP LD, 1142097 SNPs remain.
Computing rg for phenotype 2/2
Reading summary statistics from /home/eerdem/CELLECT/gwas/BIG-S2_DTI2020_munged/ukb_phase1to3_dti441_dec21_2019_pheno348.sumstats.gz ...
Read summary statistics for 1149074 SNPs.
After merging with summary statistics, 1142097 SNPs remain.
1142097 SNPs with valid alleles.

Heritability of phenotype 1
---------------------------
Total Observed scale h2: 0.1025 (0.0166)
Lambda GC: 1.0716
Mean Chi^2: 1.0727
Intercept: 1.0082 (0.0064)
Ratio: 0.1135 (0.0886)

Heritability of phenotype 2/2
-----------------------------
Total Observed scale h2: 0.2378 (0.0229)
Lambda GC: 1.1379
Mean Chi^2: 1.1593
Intercept: 1.0083 (0.008)
Ratio: 0.0521 (0.0505)

Genetic Covariance
------------------
Total Observed scale gencov: -0.0067 (0.0124)
Mean z1*z2: -0.0321
Intercept: -0.0287 (0.0047)

Genetic Correlation
-------------------
Genetic Correlation: -0.043 (0.0793)
Z-score: -0.5427
P: 0.5874


Summary of Genetic Correlation Results
p1                                                                                                    p2     rg      se       z       p  h2_obs  h2_obs_se  h2_int  h2_int_se  gcov_int  gcov_int_se
/home/eerdem/CELLECT/gwas/BIG-S2_DTI2020_munged/ukb_phase1to3_fapcs_dec21_2019_pheno27.sumstats.gz  /home/eerdem/CELLECT/gwas/BIG-S2_DTI2020_munged/ukb_phase1to3_dti441_dec21_2019_pheno348.sumstats.gz -0.043  0.0793 -0.5427  0.5874  0.2378     0.0229  1.0083      0.008   -0.0287       0.0047

Analysis finished at Tue Dec  8 20:21:50 2020
Total time elapsed: 22.49s
