*********************************************************************
* LD Score Regression (LDSC)
* Version 1.0.0
* (C) 2014-2015 Brendan Bulik-Sullivan and Hilary Finucane
* Broad Institute of MIT and Harvard / MIT Department of Mathematics
* GNU General Public License v3
*********************************************************************
Call: 
./ldsc.py \
--ref-ld-chr eur_w_ld_chr/ \
--out /home/eerdem/notebooks/CELLECT-Analyser/out/genetic_correlation/gc/ukb_phase1to3_dti441_dec21_2019_pheno316_ukb_phase1to3_dti441_dec21_2019_pheno88 \
--rg /home/eerdem/CELLECT/gwas/BIG-S2_DTI2020_munged/ukb_phase1to3_dti441_dec21_2019_pheno316.sumstats.gz,/home/eerdem/CELLECT/gwas/BIG-S2_DTI2020_munged/ukb_phase1to3_dti441_dec21_2019_pheno88.sumstats.gz \
--w-ld-chr eur_w_ld_chr/ 

Beginning analysis at Tue Dec  8 15:48:27 2020
Reading summary statistics from /home/eerdem/CELLECT/gwas/BIG-S2_DTI2020_munged/ukb_phase1to3_dti441_dec21_2019_pheno316.sumstats.gz ...
Read summary statistics for 1149074 SNPs.
Reading reference panel LD Score from eur_w_ld_chr/[1-22] ...
Read reference panel LD Scores for 1290028 SNPs.
Removing partitioned LD Scores with zero variance.
Reading regression weight LD Score from eur_w_ld_chr/[1-22] ...
Read regression weight LD Scores for 1290028 SNPs.
After merging with reference panel LD, 1142097 SNPs remain.
After merging with regression SNP LD, 1142097 SNPs remain.
Computing rg for phenotype 2/2
Reading summary statistics from /home/eerdem/CELLECT/gwas/BIG-S2_DTI2020_munged/ukb_phase1to3_dti441_dec21_2019_pheno88.sumstats.gz ...
Read summary statistics for 1149074 SNPs.
After merging with summary statistics, 1142097 SNPs remain.
1142097 SNPs with valid alleles.

Heritability of phenotype 1
---------------------------
Total Observed scale h2: 0.2453 (0.0203)
Lambda GC: 1.1387
Mean Chi^2: 1.1575
Intercept: 1.0062 (0.0077)
Ratio: 0.0392 (0.0489)

Heritability of phenotype 2/2
-----------------------------
Total Observed scale h2: 0.2782 (0.0252)
Lambda GC: 1.1411
Mean Chi^2: 1.1881
Intercept: 1.014 (0.0095)
Ratio: 0.0743 (0.0504)

Genetic Covariance
------------------
Total Observed scale gencov: -0.0548 (0.0147)
Mean z1*z2: -0.1879
Intercept: -0.1546 (0.0057)

Genetic Correlation
-------------------
Genetic Correlation: -0.2096 (0.0534)
Z-score: -3.9268
P: 8.6089e-05


Summary of Genetic Correlation Results
p1                                                                                                   p2      rg      se       z           p  h2_obs  h2_obs_se  h2_int  h2_int_se  gcov_int  gcov_int_se
/home/eerdem/CELLECT/gwas/BIG-S2_DTI2020_munged/ukb_phase1to3_dti441_dec21_2019_pheno316.sumstats.gz  /home/eerdem/CELLECT/gwas/BIG-S2_DTI2020_munged/ukb_phase1to3_dti441_dec21_2019_pheno88.sumstats.gz -0.2096  0.0534 -3.9268  8.6089e-05  0.2782     0.0252   1.014     0.0095   -0.1546       0.0057

Analysis finished at Tue Dec  8 15:48:49 2020
Total time elapsed: 21.81s
