*********************************************************************
* LD Score Regression (LDSC)
* Version 1.0.0
* (C) 2014-2015 Brendan Bulik-Sullivan and Hilary Finucane
* Broad Institute of MIT and Harvard / MIT Department of Mathematics
* GNU General Public License v3
*********************************************************************
Call: 
./ldsc.py \
--ref-ld-chr eur_w_ld_chr/ \
--out /home/eerdem/notebooks/CELLECT-Analyser/out/genetic_correlation/gc/ukb_phase1to3_dti441_dec21_2019_pheno10_ukb_phase1to3_dti441_dec21_2019_pheno436 \
--rg /home/eerdem/CELLECT/gwas/BIG-S2_DTI2020_munged/ukb_phase1to3_dti441_dec21_2019_pheno10.sumstats.gz,/home/eerdem/CELLECT/gwas/BIG-S2_DTI2020_munged/ukb_phase1to3_dti441_dec21_2019_pheno436.sumstats.gz \
--w-ld-chr eur_w_ld_chr/ 

Beginning analysis at Tue Dec  8 18:30:57 2020
Reading summary statistics from /home/eerdem/CELLECT/gwas/BIG-S2_DTI2020_munged/ukb_phase1to3_dti441_dec21_2019_pheno10.sumstats.gz ...
Read summary statistics for 1149074 SNPs.
Reading reference panel LD Score from eur_w_ld_chr/[1-22] ...
Read reference panel LD Scores for 1290028 SNPs.
Removing partitioned LD Scores with zero variance.
Reading regression weight LD Score from eur_w_ld_chr/[1-22] ...
Read regression weight LD Scores for 1290028 SNPs.
After merging with reference panel LD, 1142097 SNPs remain.
After merging with regression SNP LD, 1142097 SNPs remain.
Computing rg for phenotype 2/2
Reading summary statistics from /home/eerdem/CELLECT/gwas/BIG-S2_DTI2020_munged/ukb_phase1to3_dti441_dec21_2019_pheno436.sumstats.gz ...
Read summary statistics for 1149074 SNPs.
After merging with summary statistics, 1142097 SNPs remain.
1142097 SNPs with valid alleles.

Heritability of phenotype 1
---------------------------
Total Observed scale h2: 0.3586 (0.0275)
Lambda GC: 1.1712
Mean Chi^2: 1.2412
Intercept: 1.0144 (0.0086)
Ratio: 0.0596 (0.0357)

Heritability of phenotype 2/2
-----------------------------
Total Observed scale h2: 0.2627 (0.0286)
Lambda GC: 1.1355
Mean Chi^2: 1.1857
Intercept: 1.0238 (0.0082)
Ratio: 0.128 (0.0444)

Genetic Covariance
------------------
Total Observed scale gencov: -0.1513 (0.0201)
Mean z1*z2: -0.5057
Intercept: -0.4117 (0.0062)

Genetic Correlation
-------------------
Genetic Correlation: -0.493 (0.0396)
Z-score: -12.4495
P: 1.4080e-35


Summary of Genetic Correlation Results
p1                                                                                                    p2     rg      se        z           p  h2_obs  h2_obs_se  h2_int  h2_int_se  gcov_int  gcov_int_se
/home/eerdem/CELLECT/gwas/BIG-S2_DTI2020_munged/ukb_phase1to3_dti441_dec21_2019_pheno10.sumstats.gz  /home/eerdem/CELLECT/gwas/BIG-S2_DTI2020_munged/ukb_phase1to3_dti441_dec21_2019_pheno436.sumstats.gz -0.493  0.0396 -12.4495  1.4080e-35  0.2627     0.0286  1.0238     0.0082   -0.4117       0.0062

Analysis finished at Tue Dec  8 18:31:19 2020
Total time elapsed: 21.56s
