*********************************************************************
* LD Score Regression (LDSC)
* Version 1.0.0
* (C) 2014-2015 Brendan Bulik-Sullivan and Hilary Finucane
* Broad Institute of MIT and Harvard / MIT Department of Mathematics
* GNU General Public License v3
*********************************************************************
Call: 
./ldsc.py \
--ref-ld-chr eur_w_ld_chr/ \
--out /home/eerdem/notebooks/CELLECT-Analyser/out/genetic_correlation/gc/ukb_phase1to3_dti441_dec21_2019_pheno400_ukb_phase1to3_dti441_dec21_2019_pheno307 \
--rg /home/eerdem/CELLECT/gwas/BIG-S2_DTI2020_munged/ukb_phase1to3_dti441_dec21_2019_pheno400.sumstats.gz,/home/eerdem/CELLECT/gwas/BIG-S2_DTI2020_munged/ukb_phase1to3_dti441_dec21_2019_pheno307.sumstats.gz \
--w-ld-chr eur_w_ld_chr/ 

Beginning analysis at Tue Dec  8 19:58:42 2020
Reading summary statistics from /home/eerdem/CELLECT/gwas/BIG-S2_DTI2020_munged/ukb_phase1to3_dti441_dec21_2019_pheno400.sumstats.gz ...
Read summary statistics for 1149074 SNPs.
Reading reference panel LD Score from eur_w_ld_chr/[1-22] ...
Read reference panel LD Scores for 1290028 SNPs.
Removing partitioned LD Scores with zero variance.
Reading regression weight LD Score from eur_w_ld_chr/[1-22] ...
Read regression weight LD Scores for 1290028 SNPs.
After merging with reference panel LD, 1142097 SNPs remain.
After merging with regression SNP LD, 1142097 SNPs remain.
Computing rg for phenotype 2/2
Reading summary statistics from /home/eerdem/CELLECT/gwas/BIG-S2_DTI2020_munged/ukb_phase1to3_dti441_dec21_2019_pheno307.sumstats.gz ...
Read summary statistics for 1149073 SNPs.
After merging with summary statistics, 1142096 SNPs remain.
1142096 SNPs with valid alleles.

Heritability of phenotype 1
---------------------------
Total Observed scale h2: 0.2288 (0.0251)
Lambda GC: 1.117
Mean Chi^2: 1.151
Intercept: 1.0064 (0.0087)
Ratio: 0.0427 (0.0579)

Heritability of phenotype 2/2
-----------------------------
Total Observed scale h2: 0.3277 (0.0316)
Lambda GC: 1.1418
Mean Chi^2: 1.2122
Intercept: 1.0115 (0.0082)
Ratio: 0.0544 (0.0387)

Genetic Covariance
------------------
Total Observed scale gencov: 0.1992 (0.0221)
Mean z1*z2: 0.7538
Intercept: 0.6306 (0.0069)

Genetic Correlation
-------------------
Genetic Correlation: 0.7274 (0.027)
Z-score: 26.9556
P: 4.9070e-160


Summary of Genetic Correlation Results
p1                                                                                                    p2      rg     se        z            p  h2_obs  h2_obs_se  h2_int  h2_int_se  gcov_int  gcov_int_se
/home/eerdem/CELLECT/gwas/BIG-S2_DTI2020_munged/ukb_phase1to3_dti441_dec21_2019_pheno400.sumstats.gz  /home/eerdem/CELLECT/gwas/BIG-S2_DTI2020_munged/ukb_phase1to3_dti441_dec21_2019_pheno307.sumstats.gz  0.7274  0.027  26.9556  4.9070e-160  0.3277     0.0316  1.0115     0.0082    0.6306       0.0069

Analysis finished at Tue Dec  8 19:59:02 2020
Total time elapsed: 19.87s
