*********************************************************************
* LD Score Regression (LDSC)
* Version 1.0.0
* (C) 2014-2015 Brendan Bulik-Sullivan and Hilary Finucane
* Broad Institute of MIT and Harvard / MIT Department of Mathematics
* GNU General Public License v3
*********************************************************************
Call: 
./ldsc.py \
--ref-ld-chr eur_w_ld_chr/ \
--out /home/eerdem/notebooks/CELLECT-Analyser/out/genetic_correlation/gc/ukb_phase1to3_dti441_dec21_2019_pheno36_ukb_phase1to3_dti441_dec21_2019_pheno260 \
--rg /home/eerdem/CELLECT/gwas/BIG-S2_DTI2020_munged/ukb_phase1to3_dti441_dec21_2019_pheno36.sumstats.gz,/home/eerdem/CELLECT/gwas/BIG-S2_DTI2020_munged/ukb_phase1to3_dti441_dec21_2019_pheno260.sumstats.gz \
--w-ld-chr eur_w_ld_chr/ 

Beginning analysis at Tue Dec  8 18:57:12 2020
Reading summary statistics from /home/eerdem/CELLECT/gwas/BIG-S2_DTI2020_munged/ukb_phase1to3_dti441_dec21_2019_pheno36.sumstats.gz ...
Read summary statistics for 1149074 SNPs.
Reading reference panel LD Score from eur_w_ld_chr/[1-22] ...
Read reference panel LD Scores for 1290028 SNPs.
Removing partitioned LD Scores with zero variance.
Reading regression weight LD Score from eur_w_ld_chr/[1-22] ...
Read regression weight LD Scores for 1290028 SNPs.
After merging with reference panel LD, 1142097 SNPs remain.
After merging with regression SNP LD, 1142097 SNPs remain.
Computing rg for phenotype 2/2
Reading summary statistics from /home/eerdem/CELLECT/gwas/BIG-S2_DTI2020_munged/ukb_phase1to3_dti441_dec21_2019_pheno260.sumstats.gz ...
Read summary statistics for 1149074 SNPs.
After merging with summary statistics, 1142097 SNPs remain.
1142097 SNPs with valid alleles.

Heritability of phenotype 1
---------------------------
Total Observed scale h2: 0.2932 (0.0247)
Lambda GC: 1.1487
Mean Chi^2: 1.1953
Intercept: 1.0094 (0.008)
Ratio: 0.0484 (0.0411)

Heritability of phenotype 2/2
-----------------------------
Total Observed scale h2: 0.3029 (0.0272)
Lambda GC: 1.1437
Mean Chi^2: 1.1885
Intercept: 1.0008 (0.0079)
Ratio: 0.0045 (0.0421)

Genetic Covariance
------------------
Total Observed scale gencov: -0.1473 (0.0204)
Mean z1*z2: -0.5107
Intercept: -0.422 (0.0063)

Genetic Correlation
-------------------
Genetic Correlation: -0.4942 (0.048)
Z-score: -10.3046
P: 6.7162e-25


Summary of Genetic Correlation Results
p1                                                                                                    p2      rg     se        z           p  h2_obs  h2_obs_se  h2_int  h2_int_se  gcov_int  gcov_int_se
/home/eerdem/CELLECT/gwas/BIG-S2_DTI2020_munged/ukb_phase1to3_dti441_dec21_2019_pheno36.sumstats.gz  /home/eerdem/CELLECT/gwas/BIG-S2_DTI2020_munged/ukb_phase1to3_dti441_dec21_2019_pheno260.sumstats.gz -0.4942  0.048 -10.3046  6.7162e-25  0.3029     0.0272  1.0008     0.0079    -0.422       0.0063

Analysis finished at Tue Dec  8 18:57:35 2020
Total time elapsed: 23.28s
