*********************************************************************
* LD Score Regression (LDSC)
* Version 1.0.0
* (C) 2014-2015 Brendan Bulik-Sullivan and Hilary Finucane
* Broad Institute of MIT and Harvard / MIT Department of Mathematics
* GNU General Public License v3
*********************************************************************
Call: 
./ldsc.py \
--ref-ld-chr eur_w_ld_chr/ \
--out /home/eerdem/notebooks/CELLECT-Analyser/out/genetic_correlation/gc/ukb_phase1to3_fapcs_dec21_2019_pheno101_ukb_phase1to3_dti441_dec21_2019_pheno310 \
--rg /home/eerdem/CELLECT/gwas/BIG-S2_DTI2020_munged/ukb_phase1to3_fapcs_dec21_2019_pheno101.sumstats.gz,/home/eerdem/CELLECT/gwas/BIG-S2_DTI2020_munged/ukb_phase1to3_dti441_dec21_2019_pheno310.sumstats.gz \
--w-ld-chr eur_w_ld_chr/ 

Beginning analysis at Tue Dec  8 15:43:27 2020
Reading summary statistics from /home/eerdem/CELLECT/gwas/BIG-S2_DTI2020_munged/ukb_phase1to3_fapcs_dec21_2019_pheno101.sumstats.gz ...
Read summary statistics for 1149074 SNPs.
Reading reference panel LD Score from eur_w_ld_chr/[1-22] ...
Read reference panel LD Scores for 1290028 SNPs.
Removing partitioned LD Scores with zero variance.
Reading regression weight LD Score from eur_w_ld_chr/[1-22] ...
Read regression weight LD Scores for 1290028 SNPs.
After merging with reference panel LD, 1142097 SNPs remain.
After merging with regression SNP LD, 1142097 SNPs remain.
Computing rg for phenotype 2/2
Reading summary statistics from /home/eerdem/CELLECT/gwas/BIG-S2_DTI2020_munged/ukb_phase1to3_dti441_dec21_2019_pheno310.sumstats.gz ...
Read summary statistics for 1149074 SNPs.
After merging with summary statistics, 1142097 SNPs remain.
1142097 SNPs with valid alleles.

Heritability of phenotype 1
---------------------------
Total Observed scale h2: 0.2644 (0.0261)
Lambda GC: 1.1368
Mean Chi^2: 1.173
Intercept: 1.0055 (0.0084)
Ratio: 0.032 (0.0485)

Heritability of phenotype 2/2
-----------------------------
Total Observed scale h2: 0.2364 (0.0276)
Lambda GC: 1.1187
Mean Chi^2: 1.1689
Intercept: 1.0249 (0.0086)
Ratio: 0.1474 (0.0508)

Genetic Covariance
------------------
Total Observed scale gencov: 0.1358 (0.0208)
Mean z1*z2: 0.6005
Intercept: 0.5178 (0.0064)

Genetic Correlation
-------------------
Genetic Correlation: 0.5433 (0.0489)
Z-score: 11.1029
P: 1.2143e-28


Summary of Genetic Correlation Results
p1                                                                                                    p2      rg      se        z           p  h2_obs  h2_obs_se  h2_int  h2_int_se  gcov_int  gcov_int_se
/home/eerdem/CELLECT/gwas/BIG-S2_DTI2020_munged/ukb_phase1to3_fapcs_dec21_2019_pheno101.sumstats.gz  /home/eerdem/CELLECT/gwas/BIG-S2_DTI2020_munged/ukb_phase1to3_dti441_dec21_2019_pheno310.sumstats.gz  0.5433  0.0489  11.1029  1.2143e-28  0.2364     0.0276  1.0249     0.0086    0.5178       0.0064

Analysis finished at Tue Dec  8 15:43:52 2020
Total time elapsed: 24.52s
