*********************************************************************
* LD Score Regression (LDSC)
* Version 1.0.0
* (C) 2014-2015 Brendan Bulik-Sullivan and Hilary Finucane
* Broad Institute of MIT and Harvard / MIT Department of Mathematics
* GNU General Public License v3
*********************************************************************
Call: 
./ldsc.py \
--ref-ld-chr eur_w_ld_chr/ \
--out /home/eerdem/notebooks/CELLECT-Analyser/out/genetic_correlation/gc/ukb_phase1to3_fapcs_dec21_2019_pheno87_ukb_phase1to3_dti441_dec21_2019_pheno388 \
--rg /home/eerdem/CELLECT/gwas/BIG-S2_DTI2020_munged/ukb_phase1to3_fapcs_dec21_2019_pheno87.sumstats.gz,/home/eerdem/CELLECT/gwas/BIG-S2_DTI2020_munged/ukb_phase1to3_dti441_dec21_2019_pheno388.sumstats.gz \
--w-ld-chr eur_w_ld_chr/ 

Beginning analysis at Tue Dec  8 16:57:42 2020
Reading summary statistics from /home/eerdem/CELLECT/gwas/BIG-S2_DTI2020_munged/ukb_phase1to3_fapcs_dec21_2019_pheno87.sumstats.gz ...
Read summary statistics for 1149074 SNPs.
Reading reference panel LD Score from eur_w_ld_chr/[1-22] ...
Read reference panel LD Scores for 1290028 SNPs.
Removing partitioned LD Scores with zero variance.
Reading regression weight LD Score from eur_w_ld_chr/[1-22] ...
Read regression weight LD Scores for 1290028 SNPs.
After merging with reference panel LD, 1142097 SNPs remain.
After merging with regression SNP LD, 1142097 SNPs remain.
Computing rg for phenotype 2/2
Reading summary statistics from /home/eerdem/CELLECT/gwas/BIG-S2_DTI2020_munged/ukb_phase1to3_dti441_dec21_2019_pheno388.sumstats.gz ...
Read summary statistics for 1149074 SNPs.
After merging with summary statistics, 1142097 SNPs remain.
1142097 SNPs with valid alleles.

Heritability of phenotype 1
---------------------------
Total Observed scale h2: 0.0263 (0.0146)
Lambda GC: 1.0289
Mean Chi^2: 1.0297
Intercept: 1.0133 (0.0064)
Ratio: 0.446 (0.2135)

Heritability of phenotype 2/2
-----------------------------
Total Observed scale h2: 0.3244 (0.0277)
Lambda GC: 1.1552
Mean Chi^2: 1.2101
Intercept: 1.0077 (0.0084)
Ratio: 0.0365 (0.0399)

Genetic Covariance
------------------
Total Observed scale gencov: 0.0036 (0.0136)
Mean z1*z2: 0.0807
Intercept: 0.0791 (0.0045)

Genetic Correlation
-------------------
Genetic Correlation: 0.0389 (0.1484)
Z-score: 0.262
P: 0.7933


Summary of Genetic Correlation Results
p1                                                                                                    p2      rg      se      z       p  h2_obs  h2_obs_se  h2_int  h2_int_se  gcov_int  gcov_int_se
/home/eerdem/CELLECT/gwas/BIG-S2_DTI2020_munged/ukb_phase1to3_fapcs_dec21_2019_pheno87.sumstats.gz  /home/eerdem/CELLECT/gwas/BIG-S2_DTI2020_munged/ukb_phase1to3_dti441_dec21_2019_pheno388.sumstats.gz  0.0389  0.1484  0.262  0.7933  0.3244     0.0277  1.0077     0.0084    0.0791       0.0045

Analysis finished at Tue Dec  8 16:58:08 2020
Total time elapsed: 25.74s
