*********************************************************************
* LD Score Regression (LDSC)
* Version 1.0.0
* (C) 2014-2015 Brendan Bulik-Sullivan and Hilary Finucane
* Broad Institute of MIT and Harvard / MIT Department of Mathematics
* GNU General Public License v3
*********************************************************************
Call: 
./ldsc.py \
--ref-ld-chr eur_w_ld_chr/ \
--out /home/eerdem/notebooks/CELLECT-Analyser/out/genetic_correlation/gc/ukb_phase1to3_fapcs_dec21_2019_pheno68_ukb_phase1to3_fapcs_dec21_2019_pheno76 \
--rg /home/eerdem/CELLECT/gwas/BIG-S2_DTI2020_munged/ukb_phase1to3_fapcs_dec21_2019_pheno68.sumstats.gz,/home/eerdem/CELLECT/gwas/BIG-S2_DTI2020_munged/ukb_phase1to3_fapcs_dec21_2019_pheno76.sumstats.gz \
--w-ld-chr eur_w_ld_chr/ 

Beginning analysis at Tue Dec  8 17:20:12 2020
Reading summary statistics from /home/eerdem/CELLECT/gwas/BIG-S2_DTI2020_munged/ukb_phase1to3_fapcs_dec21_2019_pheno68.sumstats.gz ...
Read summary statistics for 1149074 SNPs.
Reading reference panel LD Score from eur_w_ld_chr/[1-22] ...
Read reference panel LD Scores for 1290028 SNPs.
Removing partitioned LD Scores with zero variance.
Reading regression weight LD Score from eur_w_ld_chr/[1-22] ...
Read regression weight LD Scores for 1290028 SNPs.
After merging with reference panel LD, 1142097 SNPs remain.
After merging with regression SNP LD, 1142097 SNPs remain.
Computing rg for phenotype 2/2
Reading summary statistics from /home/eerdem/CELLECT/gwas/BIG-S2_DTI2020_munged/ukb_phase1to3_fapcs_dec21_2019_pheno76.sumstats.gz ...
Read summary statistics for 1149074 SNPs.
After merging with summary statistics, 1142097 SNPs remain.
1142097 SNPs with valid alleles.

Heritability of phenotype 1
---------------------------
Total Observed scale h2: 0.2909 (0.0228)
Lambda GC: 1.1538
Mean Chi^2: 1.1888
Intercept: 1.0048 (0.0072)
Ratio: 0.0255 (0.0384)

Heritability of phenotype 2/2
-----------------------------
Total Observed scale h2: 0.263 (0.029)
Lambda GC: 1.1354
Mean Chi^2: 1.1751
Intercept: 1.0113 (0.009)
Ratio: 0.0645 (0.0516)

Genetic Covariance
------------------
Total Observed scale gencov: -0.0326 (0.015)
Mean z1*z2: -0.1276
Intercept: -0.1099 (0.0051)

Genetic Correlation
-------------------
Genetic Correlation: -0.118 (0.0539)
Z-score: -2.191
P: 0.0285


Summary of Genetic Correlation Results
p1                                                                                                  p2     rg      se      z       p  h2_obs  h2_obs_se  h2_int  h2_int_se  gcov_int  gcov_int_se
/home/eerdem/CELLECT/gwas/BIG-S2_DTI2020_munged/ukb_phase1to3_fapcs_dec21_2019_pheno68.sumstats.gz  /home/eerdem/CELLECT/gwas/BIG-S2_DTI2020_munged/ukb_phase1to3_fapcs_dec21_2019_pheno76.sumstats.gz -0.118  0.0539 -2.191  0.0285   0.263      0.029  1.0113      0.009   -0.1099       0.0051

Analysis finished at Tue Dec  8 17:20:35 2020
Total time elapsed: 22.63s
