*********************************************************************
* LD Score Regression (LDSC)
* Version 1.0.0
* (C) 2014-2015 Brendan Bulik-Sullivan and Hilary Finucane
* Broad Institute of MIT and Harvard / MIT Department of Mathematics
* GNU General Public License v3
*********************************************************************
Call: 
./ldsc.py \
--ref-ld-chr eur_w_ld_chr/ \
--out /home/eerdem/notebooks/CELLECT-Analyser/out/genetic_correlation/gc/ukb_phase1to3_dti441_dec21_2019_pheno379_ukb_phase1to3_dti441_dec21_2019_pheno112 \
--rg /home/eerdem/CELLECT/gwas/BIG-S2_DTI2020_munged/ukb_phase1to3_dti441_dec21_2019_pheno379.sumstats.gz,/home/eerdem/CELLECT/gwas/BIG-S2_DTI2020_munged/ukb_phase1to3_dti441_dec21_2019_pheno112.sumstats.gz \
--w-ld-chr eur_w_ld_chr/ 

Beginning analysis at Tue Dec  8 19:33:42 2020
Reading summary statistics from /home/eerdem/CELLECT/gwas/BIG-S2_DTI2020_munged/ukb_phase1to3_dti441_dec21_2019_pheno379.sumstats.gz ...
Read summary statistics for 1149073 SNPs.
Reading reference panel LD Score from eur_w_ld_chr/[1-22] ...
Read reference panel LD Scores for 1290028 SNPs.
Removing partitioned LD Scores with zero variance.
Reading regression weight LD Score from eur_w_ld_chr/[1-22] ...
Read regression weight LD Scores for 1290028 SNPs.
After merging with reference panel LD, 1142096 SNPs remain.
After merging with regression SNP LD, 1142096 SNPs remain.
Computing rg for phenotype 2/2
Reading summary statistics from /home/eerdem/CELLECT/gwas/BIG-S2_DTI2020_munged/ukb_phase1to3_dti441_dec21_2019_pheno112.sumstats.gz ...
Read summary statistics for 1149073 SNPs.
After merging with summary statistics, 1142096 SNPs remain.
1142096 SNPs with valid alleles.

Heritability of phenotype 1
---------------------------
Total Observed scale h2: 0.3353 (0.0321)
Lambda GC: 1.1602
Mean Chi^2: 1.2187
Intercept: 1.0146 (0.0083)
Ratio: 0.0665 (0.0379)

Heritability of phenotype 2/2
-----------------------------
Total Observed scale h2: 0.2553 (0.0245)
Lambda GC: 1.1433
Mean Chi^2: 1.182
Intercept: 1.0253 (0.0077)
Ratio: 0.1393 (0.0425)

Genetic Covariance
------------------
Total Observed scale gencov: 0.149 (0.0205)
Mean z1*z2: 0.5796
Intercept: 0.4908 (0.0059)

Genetic Correlation
-------------------
Genetic Correlation: 0.5093 (0.0376)
Z-score: 13.5444
P: 8.5459e-42


Summary of Genetic Correlation Results
p1                                                                                                    p2      rg      se        z           p  h2_obs  h2_obs_se  h2_int  h2_int_se  gcov_int  gcov_int_se
/home/eerdem/CELLECT/gwas/BIG-S2_DTI2020_munged/ukb_phase1to3_dti441_dec21_2019_pheno379.sumstats.gz  /home/eerdem/CELLECT/gwas/BIG-S2_DTI2020_munged/ukb_phase1to3_dti441_dec21_2019_pheno112.sumstats.gz  0.5093  0.0376  13.5444  8.5459e-42  0.2553     0.0245  1.0253     0.0077    0.4908       0.0059

Analysis finished at Tue Dec  8 19:34:03 2020
Total time elapsed: 20.81s
