*********************************************************************
* LD Score Regression (LDSC)
* Version 1.0.0
* (C) 2014-2015 Brendan Bulik-Sullivan and Hilary Finucane
* Broad Institute of MIT and Harvard / MIT Department of Mathematics
* GNU General Public License v3
*********************************************************************
Call: 
./ldsc.py \
--ref-ld-chr eur_w_ld_chr/ \
--out /home/eerdem/notebooks/CELLECT-Analyser/out/genetic_correlation/gc/ukb_phase1to3_dti441_dec21_2019_pheno288_ukb_phase1to3_dti441_dec21_2019_pheno36 \
--rg /home/eerdem/CELLECT/gwas/BIG-S2_DTI2020_munged/ukb_phase1to3_dti441_dec21_2019_pheno288.sumstats.gz,/home/eerdem/CELLECT/gwas/BIG-S2_DTI2020_munged/ukb_phase1to3_dti441_dec21_2019_pheno36.sumstats.gz \
--w-ld-chr eur_w_ld_chr/ 

Beginning analysis at Tue Dec  8 19:33:57 2020
Reading summary statistics from /home/eerdem/CELLECT/gwas/BIG-S2_DTI2020_munged/ukb_phase1to3_dti441_dec21_2019_pheno288.sumstats.gz ...
Read summary statistics for 1149073 SNPs.
Reading reference panel LD Score from eur_w_ld_chr/[1-22] ...
Read reference panel LD Scores for 1290028 SNPs.
Removing partitioned LD Scores with zero variance.
Reading regression weight LD Score from eur_w_ld_chr/[1-22] ...
Read regression weight LD Scores for 1290028 SNPs.
After merging with reference panel LD, 1142096 SNPs remain.
After merging with regression SNP LD, 1142096 SNPs remain.
Computing rg for phenotype 2/2
Reading summary statistics from /home/eerdem/CELLECT/gwas/BIG-S2_DTI2020_munged/ukb_phase1to3_dti441_dec21_2019_pheno36.sumstats.gz ...
Read summary statistics for 1149074 SNPs.
After merging with summary statistics, 1142096 SNPs remain.
1142096 SNPs with valid alleles.

Heritability of phenotype 1
---------------------------
Total Observed scale h2: 0.2638 (0.0294)
Lambda GC: 1.124
Mean Chi^2: 1.1763
Intercept: 1.0177 (0.0081)
Ratio: 0.1003 (0.0461)

Heritability of phenotype 2/2
-----------------------------
Total Observed scale h2: 0.2932 (0.0247)
Lambda GC: 1.1487
Mean Chi^2: 1.1953
Intercept: 1.0094 (0.008)
Ratio: 0.0484 (0.0411)

Genetic Covariance
------------------
Total Observed scale gencov: -0.1992 (0.0232)
Mean z1*z2: -0.7444
Intercept: -0.6225 (0.0071)

Genetic Correlation
-------------------
Genetic Correlation: -0.7162 (0.0309)
Z-score: -23.1487
P: 1.4967e-118


Summary of Genetic Correlation Results
p1                                                                                                   p2      rg      se        z            p  h2_obs  h2_obs_se  h2_int  h2_int_se  gcov_int  gcov_int_se
/home/eerdem/CELLECT/gwas/BIG-S2_DTI2020_munged/ukb_phase1to3_dti441_dec21_2019_pheno288.sumstats.gz  /home/eerdem/CELLECT/gwas/BIG-S2_DTI2020_munged/ukb_phase1to3_dti441_dec21_2019_pheno36.sumstats.gz -0.7162  0.0309 -23.1487  1.4967e-118  0.2932     0.0247  1.0094      0.008   -0.6225       0.0071

Analysis finished at Tue Dec  8 19:34:18 2020
Total time elapsed: 21.14s
