*********************************************************************
* LD Score Regression (LDSC)
* Version 1.0.0
* (C) 2014-2015 Brendan Bulik-Sullivan and Hilary Finucane
* Broad Institute of MIT and Harvard / MIT Department of Mathematics
* GNU General Public License v3
*********************************************************************
Call: 
./ldsc.py \
--ref-ld-chr eur_w_ld_chr/ \
--out /home/eerdem/notebooks/CELLECT-Analyser/out/genetic_correlation/gc/ukb_phase1to3_dti441_dec21_2019_pheno363_ukb_phase1to3_dti441_dec21_2019_pheno4 \
--rg /home/eerdem/CELLECT/gwas/BIG-S2_DTI2020_munged/ukb_phase1to3_dti441_dec21_2019_pheno363.sumstats.gz,/home/eerdem/CELLECT/gwas/BIG-S2_DTI2020_munged/ukb_phase1to3_dti441_dec21_2019_pheno4.sumstats.gz \
--w-ld-chr eur_w_ld_chr/ 

Beginning analysis at Tue Dec  8 20:23:12 2020
Reading summary statistics from /home/eerdem/CELLECT/gwas/BIG-S2_DTI2020_munged/ukb_phase1to3_dti441_dec21_2019_pheno363.sumstats.gz ...
Read summary statistics for 1149074 SNPs.
Reading reference panel LD Score from eur_w_ld_chr/[1-22] ...
Read reference panel LD Scores for 1290028 SNPs.
Removing partitioned LD Scores with zero variance.
Reading regression weight LD Score from eur_w_ld_chr/[1-22] ...
Read regression weight LD Scores for 1290028 SNPs.
After merging with reference panel LD, 1142097 SNPs remain.
After merging with regression SNP LD, 1142097 SNPs remain.
Computing rg for phenotype 2/2
Reading summary statistics from /home/eerdem/CELLECT/gwas/BIG-S2_DTI2020_munged/ukb_phase1to3_dti441_dec21_2019_pheno4.sumstats.gz ...
Read summary statistics for 1149074 SNPs.
After merging with summary statistics, 1142097 SNPs remain.
1142097 SNPs with valid alleles.

Heritability of phenotype 1
---------------------------
Total Observed scale h2: 0.2735 (0.0213)
Lambda GC: 1.1487
Mean Chi^2: 1.1784
Intercept: 1.0048 (0.0079)
Ratio: 0.0271 (0.0441)

Heritability of phenotype 2/2
-----------------------------
Total Observed scale h2: 0.277 (0.0228)
Lambda GC: 1.1427
Mean Chi^2: 1.1888
Intercept: 1.0157 (0.0072)
Ratio: 0.0833 (0.038)

Genetic Covariance
------------------
Total Observed scale gencov: 0.0363 (0.0153)
Mean z1*z2: 0.1482
Intercept: 0.1214 (0.0054)

Genetic Correlation
-------------------
Genetic Correlation: 0.1318 (0.0534)
Z-score: 2.4696
P: 0.0135


Summary of Genetic Correlation Results
p1                                                                                                  p2      rg      se       z       p  h2_obs  h2_obs_se  h2_int  h2_int_se  gcov_int  gcov_int_se
/home/eerdem/CELLECT/gwas/BIG-S2_DTI2020_munged/ukb_phase1to3_dti441_dec21_2019_pheno363.sumstats.gz  /home/eerdem/CELLECT/gwas/BIG-S2_DTI2020_munged/ukb_phase1to3_dti441_dec21_2019_pheno4.sumstats.gz  0.1318  0.0534  2.4696  0.0135   0.277     0.0228  1.0157     0.0072    0.1214       0.0054

Analysis finished at Tue Dec  8 20:23:36 2020
Total time elapsed: 23.41s
