*********************************************************************
* LD Score Regression (LDSC)
* Version 1.0.0
* (C) 2014-2015 Brendan Bulik-Sullivan and Hilary Finucane
* Broad Institute of MIT and Harvard / MIT Department of Mathematics
* GNU General Public License v3
*********************************************************************
Call: 
./ldsc.py \
--ref-ld-chr eur_w_ld_chr/ \
--out /home/eerdem/notebooks/CELLECT-Analyser/out/genetic_correlation/gc/ukb_phase1to3_fapcs_dec21_2019_pheno6_ukb_phase1to3_dti441_dec21_2019_pheno39 \
--rg /home/eerdem/CELLECT/gwas/BIG-S2_DTI2020_munged/ukb_phase1to3_fapcs_dec21_2019_pheno6.sumstats.gz,/home/eerdem/CELLECT/gwas/BIG-S2_DTI2020_munged/ukb_phase1to3_dti441_dec21_2019_pheno39.sumstats.gz \
--w-ld-chr eur_w_ld_chr/ 

Beginning analysis at Tue Dec  8 19:42:12 2020
Reading summary statistics from /home/eerdem/CELLECT/gwas/BIG-S2_DTI2020_munged/ukb_phase1to3_fapcs_dec21_2019_pheno6.sumstats.gz ...
Read summary statistics for 1149074 SNPs.
Reading reference panel LD Score from eur_w_ld_chr/[1-22] ...
Read reference panel LD Scores for 1290028 SNPs.
Removing partitioned LD Scores with zero variance.
Reading regression weight LD Score from eur_w_ld_chr/[1-22] ...
Read regression weight LD Scores for 1290028 SNPs.
After merging with reference panel LD, 1142097 SNPs remain.
After merging with regression SNP LD, 1142097 SNPs remain.
Computing rg for phenotype 2/2
Reading summary statistics from /home/eerdem/CELLECT/gwas/BIG-S2_DTI2020_munged/ukb_phase1to3_dti441_dec21_2019_pheno39.sumstats.gz ...
Read summary statistics for 1149074 SNPs.
After merging with summary statistics, 1142097 SNPs remain.
1142097 SNPs with valid alleles.

Heritability of phenotype 1
---------------------------
Total Observed scale h2: 0.2811 (0.023)
Lambda GC: 1.1476
Mean Chi^2: 1.1931
Intercept: 1.017 (0.0072)
Ratio: 0.0883 (0.0375)

Heritability of phenotype 2/2
-----------------------------
Total Observed scale h2: 0.2905 (0.0253)
Lambda GC: 1.1589
Mean Chi^2: 1.2074
Intercept: 1.0249 (0.0092)
Ratio: 0.1201 (0.0445)

Genetic Covariance
------------------
Total Observed scale gencov: -0.1565 (0.0175)
Mean z1*z2: -0.6892
Intercept: -0.59 (0.0062)

Genetic Correlation
-------------------
Genetic Correlation: -0.5479 (0.0314)
Z-score: -17.4599
P: 2.8940e-68


Summary of Genetic Correlation Results
p1                                                                                                   p2      rg      se        z           p  h2_obs  h2_obs_se  h2_int  h2_int_se  gcov_int  gcov_int_se
/home/eerdem/CELLECT/gwas/BIG-S2_DTI2020_munged/ukb_phase1to3_fapcs_dec21_2019_pheno6.sumstats.gz  /home/eerdem/CELLECT/gwas/BIG-S2_DTI2020_munged/ukb_phase1to3_dti441_dec21_2019_pheno39.sumstats.gz -0.5479  0.0314 -17.4599  2.8940e-68  0.2905     0.0253  1.0249     0.0092     -0.59       0.0062

Analysis finished at Tue Dec  8 19:42:35 2020
Total time elapsed: 22.56s
