*********************************************************************
* LD Score Regression (LDSC)
* Version 1.0.0
* (C) 2014-2015 Brendan Bulik-Sullivan and Hilary Finucane
* Broad Institute of MIT and Harvard / MIT Department of Mathematics
* GNU General Public License v3
*********************************************************************
Call: 
./ldsc.py \
--ref-ld-chr eur_w_ld_chr/ \
--out /home/eerdem/notebooks/CELLECT-Analyser/out/genetic_correlation/gc/ukb_phase1to3_dti441_dec21_2019_pheno48_ukb_phase1to3_fapcs_dec21_2019_pheno64 \
--rg /home/eerdem/CELLECT/gwas/BIG-S2_DTI2020_munged/ukb_phase1to3_dti441_dec21_2019_pheno48.sumstats.gz,/home/eerdem/CELLECT/gwas/BIG-S2_DTI2020_munged/ukb_phase1to3_fapcs_dec21_2019_pheno64.sumstats.gz \
--w-ld-chr eur_w_ld_chr/ 

Beginning analysis at Tue Dec  8 19:48:12 2020
Reading summary statistics from /home/eerdem/CELLECT/gwas/BIG-S2_DTI2020_munged/ukb_phase1to3_dti441_dec21_2019_pheno48.sumstats.gz ...
Read summary statistics for 1149074 SNPs.
Reading reference panel LD Score from eur_w_ld_chr/[1-22] ...
Read reference panel LD Scores for 1290028 SNPs.
Removing partitioned LD Scores with zero variance.
Reading regression weight LD Score from eur_w_ld_chr/[1-22] ...
Read regression weight LD Scores for 1290028 SNPs.
After merging with reference panel LD, 1142097 SNPs remain.
After merging with regression SNP LD, 1142097 SNPs remain.
Computing rg for phenotype 2/2
Reading summary statistics from /home/eerdem/CELLECT/gwas/BIG-S2_DTI2020_munged/ukb_phase1to3_fapcs_dec21_2019_pheno64.sumstats.gz ...
Read summary statistics for 1149074 SNPs.
After merging with summary statistics, 1142097 SNPs remain.
1142097 SNPs with valid alleles.

Heritability of phenotype 1
---------------------------
Total Observed scale h2: 0.2613 (0.0291)
Lambda GC: 1.1359
Mean Chi^2: 1.1744
Intercept: 1.0116 (0.0091)
Ratio: 0.0664 (0.0524)

Heritability of phenotype 2/2
-----------------------------
Total Observed scale h2: 0.0416 (0.0143)
Lambda GC: 1.0342
Mean Chi^2: 1.0356
Intercept: 1.0097 (0.0063)
Ratio: 0.2717 (0.177)

Genetic Covariance
------------------
Total Observed scale gencov: -0.013 (0.0116)
Mean z1*z2: 0.0411
Intercept: 0.0492 (0.0049)

Genetic Correlation
-------------------
Genetic Correlation: -0.125 (0.115)
Z-score: -1.0871
P: 0.277


Summary of Genetic Correlation Results
p1                                                                                                  p2     rg     se       z      p  h2_obs  h2_obs_se  h2_int  h2_int_se  gcov_int  gcov_int_se
/home/eerdem/CELLECT/gwas/BIG-S2_DTI2020_munged/ukb_phase1to3_dti441_dec21_2019_pheno48.sumstats.gz  /home/eerdem/CELLECT/gwas/BIG-S2_DTI2020_munged/ukb_phase1to3_fapcs_dec21_2019_pheno64.sumstats.gz -0.125  0.115 -1.0871  0.277  0.0416     0.0143  1.0097     0.0063    0.0492       0.0049

Analysis finished at Tue Dec  8 19:48:34 2020
Total time elapsed: 22.16s
