*********************************************************************
* LD Score Regression (LDSC)
* Version 1.0.0
* (C) 2014-2015 Brendan Bulik-Sullivan and Hilary Finucane
* Broad Institute of MIT and Harvard / MIT Department of Mathematics
* GNU General Public License v3
*********************************************************************
Call: 
./ldsc.py \
--ref-ld-chr eur_w_ld_chr/ \
--out /home/eerdem/notebooks/CELLECT-Analyser/out/genetic_correlation/gc/ukb_phase1to3_dti441_dec21_2019_pheno105_ukb_phase1to3_dti441_dec21_2019_pheno58 \
--rg /home/eerdem/CELLECT/gwas/BIG-S2_DTI2020_munged/ukb_phase1to3_dti441_dec21_2019_pheno105.sumstats.gz,/home/eerdem/CELLECT/gwas/BIG-S2_DTI2020_munged/ukb_phase1to3_dti441_dec21_2019_pheno58.sumstats.gz \
--w-ld-chr eur_w_ld_chr/ 

Beginning analysis at Tue Dec  8 17:57:57 2020
Reading summary statistics from /home/eerdem/CELLECT/gwas/BIG-S2_DTI2020_munged/ukb_phase1to3_dti441_dec21_2019_pheno105.sumstats.gz ...
Read summary statistics for 1149074 SNPs.
Reading reference panel LD Score from eur_w_ld_chr/[1-22] ...
Read reference panel LD Scores for 1290028 SNPs.
Removing partitioned LD Scores with zero variance.
Reading regression weight LD Score from eur_w_ld_chr/[1-22] ...
Read regression weight LD Scores for 1290028 SNPs.
After merging with reference panel LD, 1142097 SNPs remain.
After merging with regression SNP LD, 1142097 SNPs remain.
Computing rg for phenotype 2/2
Reading summary statistics from /home/eerdem/CELLECT/gwas/BIG-S2_DTI2020_munged/ukb_phase1to3_dti441_dec21_2019_pheno58.sumstats.gz ...
Read summary statistics for 1149074 SNPs.
After merging with summary statistics, 1142097 SNPs remain.
1142097 SNPs with valid alleles.

Heritability of phenotype 1
---------------------------
Total Observed scale h2: 0.2415 (0.0262)
Lambda GC: 1.1235
Mean Chi^2: 1.1596
Intercept: 1.01 (0.0079)
Ratio: 0.0626 (0.0493)

Heritability of phenotype 2/2
-----------------------------
Total Observed scale h2: 0.287 (0.0283)
Lambda GC: 1.147
Mean Chi^2: 1.2004
Intercept: 1.0194 (0.0083)
Ratio: 0.0968 (0.0415)

Genetic Covariance
------------------
Total Observed scale gencov: -0.0677 (0.0188)
Mean z1*z2: -0.3114
Intercept: -0.2701 (0.006)

Genetic Correlation
-------------------
Genetic Correlation: -0.2571 (0.0612)
Z-score: -4.2038
P: 2.6241e-05


Summary of Genetic Correlation Results
p1                                                                                                   p2      rg      se       z           p  h2_obs  h2_obs_se  h2_int  h2_int_se  gcov_int  gcov_int_se
/home/eerdem/CELLECT/gwas/BIG-S2_DTI2020_munged/ukb_phase1to3_dti441_dec21_2019_pheno105.sumstats.gz  /home/eerdem/CELLECT/gwas/BIG-S2_DTI2020_munged/ukb_phase1to3_dti441_dec21_2019_pheno58.sumstats.gz -0.2571  0.0612 -4.2038  2.6241e-05   0.287     0.0283  1.0194     0.0083   -0.2701        0.006

Analysis finished at Tue Dec  8 17:58:20 2020
Total time elapsed: 22.38s
