*********************************************************************
* LD Score Regression (LDSC)
* Version 1.0.0
* (C) 2014-2015 Brendan Bulik-Sullivan and Hilary Finucane
* Broad Institute of MIT and Harvard / MIT Department of Mathematics
* GNU General Public License v3
*********************************************************************
Call: 
./ldsc.py \
--ref-ld-chr eur_w_ld_chr/ \
--out /home/eerdem/notebooks/CELLECT-Analyser/out/genetic_correlation/gc/ukb_phase1to3_dti441_dec21_2019_pheno7_ukb_phase1to3_dti441_dec21_2019_pheno285 \
--rg /home/eerdem/CELLECT/gwas/BIG-S2_DTI2020_munged/ukb_phase1to3_dti441_dec21_2019_pheno7.sumstats.gz,/home/eerdem/CELLECT/gwas/BIG-S2_DTI2020_munged/ukb_phase1to3_dti441_dec21_2019_pheno285.sumstats.gz \
--w-ld-chr eur_w_ld_chr/ 

Beginning analysis at Tue Dec  8 18:31:57 2020
Reading summary statistics from /home/eerdem/CELLECT/gwas/BIG-S2_DTI2020_munged/ukb_phase1to3_dti441_dec21_2019_pheno7.sumstats.gz ...
Read summary statistics for 1149074 SNPs.
Reading reference panel LD Score from eur_w_ld_chr/[1-22] ...
Read reference panel LD Scores for 1290028 SNPs.
Removing partitioned LD Scores with zero variance.
Reading regression weight LD Score from eur_w_ld_chr/[1-22] ...
Read regression weight LD Scores for 1290028 SNPs.
After merging with reference panel LD, 1142097 SNPs remain.
After merging with regression SNP LD, 1142097 SNPs remain.
Computing rg for phenotype 2/2
Reading summary statistics from /home/eerdem/CELLECT/gwas/BIG-S2_DTI2020_munged/ukb_phase1to3_dti441_dec21_2019_pheno285.sumstats.gz ...
Read summary statistics for 1149074 SNPs.
After merging with summary statistics, 1142097 SNPs remain.
1142097 SNPs with valid alleles.

Heritability of phenotype 1
---------------------------
Total Observed scale h2: 0.327 (0.029)
Lambda GC: 1.1673
Mean Chi^2: 1.2231
Intercept: 1.0185 (0.009)
Ratio: 0.083 (0.0402)

Heritability of phenotype 2/2
-----------------------------
Total Observed scale h2: 0.1241 (0.0185)
Lambda GC: 1.08
Mean Chi^2: 1.0955
Intercept: 1.0168 (0.0079)
Ratio: 0.1762 (0.0822)

Genetic Covariance
------------------
Total Observed scale gencov: -0.1356 (0.0178)
Mean z1*z2: -0.5387
Intercept: -0.4522 (0.0071)

Genetic Correlation
-------------------
Genetic Correlation: -0.6733 (0.0495)
Z-score: -13.6005
P: 3.9764e-42


Summary of Genetic Correlation Results
p1                                                                                                    p2      rg      se        z           p  h2_obs  h2_obs_se  h2_int  h2_int_se  gcov_int  gcov_int_se
/home/eerdem/CELLECT/gwas/BIG-S2_DTI2020_munged/ukb_phase1to3_dti441_dec21_2019_pheno7.sumstats.gz  /home/eerdem/CELLECT/gwas/BIG-S2_DTI2020_munged/ukb_phase1to3_dti441_dec21_2019_pheno285.sumstats.gz -0.6733  0.0495 -13.6005  3.9764e-42  0.1241     0.0185  1.0168     0.0079   -0.4522       0.0071

Analysis finished at Tue Dec  8 18:32:22 2020
Total time elapsed: 24.86s
