*********************************************************************
* LD Score Regression (LDSC)
* Version 1.0.0
* (C) 2014-2015 Brendan Bulik-Sullivan and Hilary Finucane
* Broad Institute of MIT and Harvard / MIT Department of Mathematics
* GNU General Public License v3
*********************************************************************
Call: 
./ldsc.py \
--ref-ld-chr eur_w_ld_chr/ \
--out /home/eerdem/notebooks/CELLECT-Analyser/out/genetic_correlation/gc/ukb_phase1to3_fapcs_dec21_2019_pheno41_ukb_phase1to3_fapcs_dec21_2019_pheno69 \
--rg /home/eerdem/CELLECT/gwas/BIG-S2_DTI2020_munged/ukb_phase1to3_fapcs_dec21_2019_pheno41.sumstats.gz,/home/eerdem/CELLECT/gwas/BIG-S2_DTI2020_munged/ukb_phase1to3_fapcs_dec21_2019_pheno69.sumstats.gz \
--w-ld-chr eur_w_ld_chr/ 

Beginning analysis at Tue Dec  8 16:40:12 2020
Reading summary statistics from /home/eerdem/CELLECT/gwas/BIG-S2_DTI2020_munged/ukb_phase1to3_fapcs_dec21_2019_pheno41.sumstats.gz ...
Read summary statistics for 1149074 SNPs.
Reading reference panel LD Score from eur_w_ld_chr/[1-22] ...
Read reference panel LD Scores for 1290028 SNPs.
Removing partitioned LD Scores with zero variance.
Reading regression weight LD Score from eur_w_ld_chr/[1-22] ...
Read regression weight LD Scores for 1290028 SNPs.
After merging with reference panel LD, 1142097 SNPs remain.
After merging with regression SNP LD, 1142097 SNPs remain.
Computing rg for phenotype 2/2
Reading summary statistics from /home/eerdem/CELLECT/gwas/BIG-S2_DTI2020_munged/ukb_phase1to3_fapcs_dec21_2019_pheno69.sumstats.gz ...
Read summary statistics for 1149074 SNPs.
After merging with summary statistics, 1142097 SNPs remain.
1142097 SNPs with valid alleles.

Heritability of phenotype 1
---------------------------
Total Observed scale h2: 0.2801 (0.0257)
Lambda GC: 1.1451
Mean Chi^2: 1.188
Intercept: 1.0101 (0.0085)
Ratio: 0.0536 (0.0455)

Heritability of phenotype 2/2
-----------------------------
Total Observed scale h2: 0.0973 (0.0146)
Lambda GC: 1.0543
Mean Chi^2: 1.0636
Intercept: 1.0037 (0.0063)
Ratio: 0.0575 (0.0991)

Genetic Covariance
------------------
Total Observed scale gencov: 0.0257 (0.0122)
Mean z1*z2: 0.0037
Intercept: -0.0131 (0.0047)

Genetic Correlation
-------------------
Genetic Correlation: 0.1559 (0.0736)
Z-score: 2.1177
P: 0.0342


Summary of Genetic Correlation Results
p1                                                                                                  p2      rg      se       z       p  h2_obs  h2_obs_se  h2_int  h2_int_se  gcov_int  gcov_int_se
/home/eerdem/CELLECT/gwas/BIG-S2_DTI2020_munged/ukb_phase1to3_fapcs_dec21_2019_pheno41.sumstats.gz  /home/eerdem/CELLECT/gwas/BIG-S2_DTI2020_munged/ukb_phase1to3_fapcs_dec21_2019_pheno69.sumstats.gz  0.1559  0.0736  2.1177  0.0342  0.0973     0.0146  1.0037     0.0063   -0.0131       0.0047

Analysis finished at Tue Dec  8 16:40:37 2020
Total time elapsed: 24.93s
