*********************************************************************
* LD Score Regression (LDSC)
* Version 1.0.0
* (C) 2014-2015 Brendan Bulik-Sullivan and Hilary Finucane
* Broad Institute of MIT and Harvard / MIT Department of Mathematics
* GNU General Public License v3
*********************************************************************
Call: 
./ldsc.py \
--ref-ld-chr eur_w_ld_chr/ \
--out /home/eerdem/notebooks/CELLECT-Analyser/out/genetic_correlation/gc/ukb_phase1to3_fapcs_dec21_2019_pheno103_ukb_phase1to3_fapcs_dec21_2019_pheno8 \
--rg /home/eerdem/CELLECT/gwas/BIG-S2_DTI2020_munged/ukb_phase1to3_fapcs_dec21_2019_pheno103.sumstats.gz,/home/eerdem/CELLECT/gwas/BIG-S2_DTI2020_munged/ukb_phase1to3_fapcs_dec21_2019_pheno8.sumstats.gz \
--w-ld-chr eur_w_ld_chr/ 

Beginning analysis at Tue Dec  8 18:21:42 2020
Reading summary statistics from /home/eerdem/CELLECT/gwas/BIG-S2_DTI2020_munged/ukb_phase1to3_fapcs_dec21_2019_pheno103.sumstats.gz ...
Read summary statistics for 1149074 SNPs.
Reading reference panel LD Score from eur_w_ld_chr/[1-22] ...
Read reference panel LD Scores for 1290028 SNPs.
Removing partitioned LD Scores with zero variance.
Reading regression weight LD Score from eur_w_ld_chr/[1-22] ...
Read regression weight LD Scores for 1290028 SNPs.
After merging with reference panel LD, 1142097 SNPs remain.
After merging with regression SNP LD, 1142097 SNPs remain.
Computing rg for phenotype 2/2
Reading summary statistics from /home/eerdem/CELLECT/gwas/BIG-S2_DTI2020_munged/ukb_phase1to3_fapcs_dec21_2019_pheno8.sumstats.gz ...
Read summary statistics for 1149074 SNPs.
After merging with summary statistics, 1142097 SNPs remain.
1142097 SNPs with valid alleles.

Heritability of phenotype 1
---------------------------
Total Observed scale h2: 0.1869 (0.0204)
Lambda GC: 1.1109
Mean Chi^2: 1.1295
Intercept: 1.0108 (0.0075)
Ratio: 0.0831 (0.0581)

Heritability of phenotype 2/2
-----------------------------
Total Observed scale h2: 0.2072 (0.0211)
Lambda GC: 1.1026
Mean Chi^2: 1.1322
Intercept: 1.0027 (0.0076)
Ratio: 0.0205 (0.0574)

Genetic Covariance
------------------
Total Observed scale gencov: 0.0114 (0.0123)
Mean z1*z2: 0.0454
Intercept: 0.0381 (0.0046)

Genetic Correlation
-------------------
Genetic Correlation: 0.0578 (0.063)
Z-score: 0.9184
P: 0.3584


Summary of Genetic Correlation Results
p1                                                                                                 p2      rg     se       z       p  h2_obs  h2_obs_se  h2_int  h2_int_se  gcov_int  gcov_int_se
/home/eerdem/CELLECT/gwas/BIG-S2_DTI2020_munged/ukb_phase1to3_fapcs_dec21_2019_pheno103.sumstats.gz  /home/eerdem/CELLECT/gwas/BIG-S2_DTI2020_munged/ukb_phase1to3_fapcs_dec21_2019_pheno8.sumstats.gz  0.0578  0.063  0.9184  0.3584  0.2072     0.0211  1.0027     0.0076    0.0381       0.0046

Analysis finished at Tue Dec  8 18:22:06 2020
Total time elapsed: 23.61s
