*********************************************************************
* LD Score Regression (LDSC)
* Version 1.0.0
* (C) 2014-2015 Brendan Bulik-Sullivan and Hilary Finucane
* Broad Institute of MIT and Harvard / MIT Department of Mathematics
* GNU General Public License v3
*********************************************************************
Call: 
./ldsc.py \
--ref-ld-chr eur_w_ld_chr/ \
--out /home/eerdem/notebooks/CELLECT-Analyser/out/genetic_correlation/gc/ukb_phase1to3_fapcs_dec21_2019_pheno17_ukb_phase1to3_fapcs_dec21_2019_pheno13 \
--rg /home/eerdem/CELLECT/gwas/BIG-S2_DTI2020_munged/ukb_phase1to3_fapcs_dec21_2019_pheno17.sumstats.gz,/home/eerdem/CELLECT/gwas/BIG-S2_DTI2020_munged/ukb_phase1to3_fapcs_dec21_2019_pheno13.sumstats.gz \
--w-ld-chr eur_w_ld_chr/ 

Beginning analysis at Tue Dec  8 18:38:57 2020
Reading summary statistics from /home/eerdem/CELLECT/gwas/BIG-S2_DTI2020_munged/ukb_phase1to3_fapcs_dec21_2019_pheno17.sumstats.gz ...
Read summary statistics for 1149074 SNPs.
Reading reference panel LD Score from eur_w_ld_chr/[1-22] ...
Read reference panel LD Scores for 1290028 SNPs.
Removing partitioned LD Scores with zero variance.
Reading regression weight LD Score from eur_w_ld_chr/[1-22] ...
Read regression weight LD Scores for 1290028 SNPs.
After merging with reference panel LD, 1142097 SNPs remain.
After merging with regression SNP LD, 1142097 SNPs remain.
Computing rg for phenotype 2/2
Reading summary statistics from /home/eerdem/CELLECT/gwas/BIG-S2_DTI2020_munged/ukb_phase1to3_fapcs_dec21_2019_pheno13.sumstats.gz ...
Read summary statistics for 1149074 SNPs.
After merging with summary statistics, 1142097 SNPs remain.
1142097 SNPs with valid alleles.

Heritability of phenotype 1
---------------------------
Total Observed scale h2: 0.2078 (0.0221)
Lambda GC: 1.1155
Mean Chi^2: 1.1476
Intercept: 1.0166 (0.0075)
Ratio: 0.1124 (0.0508)

Heritability of phenotype 2/2
-----------------------------
Total Observed scale h2: 0.2016 (0.0208)
Lambda GC: 1.1125
Mean Chi^2: 1.128
Intercept: 1.0038 (0.0074)
Ratio: 0.03 (0.0576)

Genetic Covariance
------------------
Total Observed scale gencov: 0.0877 (0.0162)
Mean z1*z2: 0.4308
Intercept: 0.3773 (0.006)

Genetic Correlation
-------------------
Genetic Correlation: 0.4284 (0.0576)
Z-score: 7.4351
P: 1.0452e-13


Summary of Genetic Correlation Results
p1                                                                                                  p2      rg      se       z           p  h2_obs  h2_obs_se  h2_int  h2_int_se  gcov_int  gcov_int_se
/home/eerdem/CELLECT/gwas/BIG-S2_DTI2020_munged/ukb_phase1to3_fapcs_dec21_2019_pheno17.sumstats.gz  /home/eerdem/CELLECT/gwas/BIG-S2_DTI2020_munged/ukb_phase1to3_fapcs_dec21_2019_pheno13.sumstats.gz  0.4284  0.0576  7.4351  1.0452e-13  0.2016     0.0208  1.0038     0.0074    0.3773        0.006

Analysis finished at Tue Dec  8 18:39:23 2020
Total time elapsed: 25.49s
